#
# There is insufficient memory for the Java Runtime Environment to continue.
# Native memory allocation (mmap) failed to map 56623104 bytes for G1 virtual space
# Possible reasons:
#   The system is out of physical RAM or swap space
#   The process is running with CompressedOops enabled, and the Java Heap may be blocking the growth of the native heap
# Possible solutions:
#   Reduce memory load on the system
#   Increase physical memory or swap space
#   Check if swap backing store is full
#   Decrease Java heap size (-Xmx/-Xms)
#   Decrease number of Java threads
#   Decrease Java thread stack sizes (-Xss)
#   Set larger code cache with -XX:ReservedCodeCacheSize=
#   JVM is running with Unscaled Compressed Oops mode in which the Java heap is
#     placed in the first 4GB address space. The Java Heap base address is the
#     maximum limit for the native heap growth. Please use -XX:HeapBaseMinAddress
#     to set the Java Heap base and to place the Java Heap above 4GB virtual address.
# This output file may be truncated or incomplete.
#
#  Out of Memory Error (os_windows.cpp:3769), pid=47560, tid=9004
#
# JRE version: OpenJDK Runtime Environment (17.0.6) (build 17.0.6+0-b2043.56-9586694)
# Java VM: OpenJDK 64-Bit Server VM (17.0.6+0-b2043.56-9586694, mixed mode, tiered, compressed oops, compressed class ptrs, g1 gc, windows-amd64)
# No core dump will be written. Minidumps are not enabled by default on client versions of Windows
#

---------------  S U M M A R Y ------------

Command Line: --add-opens=java.base/java.util=ALL-UNNAMED --add-opens=java.base/java.lang=ALL-UNNAMED --add-opens=java.base/java.lang.invoke=ALL-UNNAMED --add-opens=java.prefs/java.util.prefs=ALL-UNNAMED --add-opens=java.base/java.nio.charset=ALL-UNNAMED --add-opens=java.base/java.net=ALL-UNNAMED --add-opens=java.base/java.util.concurrent.atomic=ALL-UNNAMED -Xmx2048m -Dfile.encoding=UTF-8 -Duser.country=IN -Duser.language=en -Duser.variant org.gradle.launcher.daemon.bootstrap.GradleDaemon 8.0

Host: AMD Ryzen 5 3450U with Radeon Vega Mobile Gfx  , 8 cores, 5G,  Windows 11 , 64 bit Build 22621 (10.0.22621.1245)
Time: Mon Jun 12 17:15:29 2023 India Standard Time elapsed time: 32.678431 seconds (0d 0h 0m 32s)

---------------  T H R E A D  ---------------

Current thread (0x00000267ff6199f0):  VMThread "VM Thread" [stack: 0x0000008734a00000,0x0000008734b00000] [id=9004]

Stack: [0x0000008734a00000,0x0000008734b00000]
Native frames: (J=compiled Java code, j=interpreted, Vv=VM code, C=native code)
V  [jvm.dll+0x683b4a]
V  [jvm.dll+0x842654]
V  [jvm.dll+0x843dfe]
V  [jvm.dll+0x844463]
V  [jvm.dll+0x249b75]
V  [jvm.dll+0x680a19]
V  [jvm.dll+0x674f0a]
V  [jvm.dll+0x309acb]
V  [jvm.dll+0x310f86]
V  [jvm.dll+0x3608ee]
V  [jvm.dll+0x360b1f]
V  [jvm.dll+0x2dfbf8]
V  [jvm.dll+0x2ddec4]
V  [jvm.dll+0x2dd4cc]
V  [jvm.dll+0x3317ac]
V  [jvm.dll+0x84893b]
V  [jvm.dll+0x849674]
V  [jvm.dll+0x849b8d]
V  [jvm.dll+0x849f64]
V  [jvm.dll+0x84a030]
V  [jvm.dll+0x7f25fa]
V  [jvm.dll+0x682985]
C  [ucrtbase.dll+0x29363]
C  [KERNEL32.DLL+0x126bd]
C  [ntdll.dll+0x5dfb8]

VM_Operation (0x00000087391f8d40): CollectForMetadataAllocation, mode: safepoint, requested by thread 0x0000026785344b60


---------------  P R O C E S S  ---------------

Threads class SMR info:
_java_thread_list=0x0000026783bd8570, length=144, elements={
0x00000267e5829f40, 0x0000026782814270, 0x0000026782814e20, 0x00000267ff6340d0,
0x00000267ff634a80, 0x0000026782837080, 0x0000026782838250, 0x000002678282ed40,
0x0000026782846ae0, 0x00000267828496f0, 0x00000267829c4340, 0x00000267829e4c30,
0x00000267841593f0, 0x0000026783624a80, 0x0000026785051a00, 0x00000267851f9e40,
0x00000267853249f0, 0x0000026785343820, 0x0000026785345030, 0x0000026785342e80,
0x0000026785343cf0, 0x0000026785343350, 0x0000026785344690, 0x000002678548c790,
0x0000026785486c20, 0x0000026785489c40, 0x0000026785485410, 0x00000267854875c0,
0x000002678548b920, 0x0000026787795570, 0x0000026787799da0, 0x00000267877963e0,
0x0000026787797250, 0x0000026787794bd0, 0x00000267877968b0, 0x000002678779ba80,
0x000002678779a740, 0x0000026787794230, 0x000002678779b0e0, 0x0000026787794700,
0x0000026787798a60, 0x00000267877950a0, 0x0000026787795f10, 0x0000026787796d80,
0x0000026787797720, 0x00000267877980c0, 0x0000026787798590, 0x000002678779b5b0,
0x0000026787798f30, 0x0000026787799400, 0x000002678779a270, 0x000002678548c2c0,
0x0000026785486280, 0x00000267854870f0, 0x000002678548cc60, 0x00000267854892a0,
0x0000026785487f60, 0x0000026785485db0, 0x0000026785486750, 0x000002678548a5e0,
0x0000026785487a90, 0x0000026785488430, 0x0000026785489770, 0x000002678548aab0,
0x000002678548b450, 0x0000026785488900, 0x00000267853459d0, 0x0000026785344b60,
0x00000267853441c0, 0x0000026785345500, 0x0000026785345ea0, 0x0000026785346370,
0x00000267853429b0, 0x00000267859f9ae0, 0x00000267859fa480, 0x00000267859f7e00,
0x00000267859f65f0, 0x00000267859fcb00, 0x00000267859f6f90, 0x00000267859fa950,
0x00000267859f5780, 0x00000267859f5c50, 0x00000267859f8c70, 0x00000267859f7460,
0x00000267859f52b0, 0x00000267859f6ac0, 0x00000267859f6120, 0x00000267859fbc90,
0x00000267859f82d0, 0x00000267859f9610, 0x00000267859f87a0, 0x00000267859f9fb0,
0x00000267859f9140, 0x00000267859f7930, 0x00000267859fae20, 0x00000267859fb2f0,
0x00000267859fb7c0, 0x00000267859fc160, 0x00000267859fc630, 0x0000026785941aa0,
0x000002678593ea80, 0x000002678593fdc0, 0x000002678593f8f0, 0x0000026785943780,
0x000002678593f420, 0x0000026785940290, 0x0000026785941f70, 0x000002678593e5b0,
0x000002678593bf30, 0x0000026785940760, 0x000002678593d740, 0x00000267859415d0,
0x000002678593e0e0, 0x0000026785940c30, 0x0000026785941100, 0x0000026785942440,
0x000002678593dc10, 0x000002678593ef50, 0x0000026785942910, 0x0000026785942de0,
0x00000267859432b0, 0x000002678593c400, 0x000002678593c8d0, 0x000002678593cda0,
0x000002678593d270, 0x000002678a724760, 0x000002678a726de0, 0x000002678a722a80,
0x000002678a721740, 0x000002678a7238f0, 0x000002678a722f50, 0x000002678a721c10,
0x000002678a725f70, 0x000002678a727c50, 0x000002678a723420, 0x000002678a724290,
0x000002678a7225b0, 0x000002678a7272b0, 0x000002678a7255d0, 0x000002678a725100,
0x000002678a727780, 0x000002678a726440, 0x000002678a726910, 0x0000026789b7c7a0
}

Java Threads: ( => current thread )
  0x00000267e5829f40 JavaThread "main" [_thread_blocked, id=21336, stack(0x0000008734400000,0x0000008734500000)]
  0x0000026782814270 JavaThread "Reference Handler" daemon [_thread_blocked, id=28908, stack(0x0000008734b00000,0x0000008734c00000)]
  0x0000026782814e20 JavaThread "Finalizer" daemon [_thread_blocked, id=43488, stack(0x0000008734c00000,0x0000008734d00000)]
  0x00000267ff6340d0 JavaThread "Signal Dispatcher" daemon [_thread_blocked, id=42412, stack(0x0000008734d00000,0x0000008734e00000)]
  0x00000267ff634a80 JavaThread "Attach Listener" daemon [_thread_blocked, id=38844, stack(0x0000008734e00000,0x0000008734f00000)]
  0x0000026782837080 JavaThread "Service Thread" daemon [_thread_blocked, id=45948, stack(0x0000008734f00000,0x0000008735000000)]
  0x0000026782838250 JavaThread "Monitor Deflation Thread" daemon [_thread_blocked, id=38536, stack(0x0000008735000000,0x0000008735100000)]
  0x000002678282ed40 JavaThread "C2 CompilerThread0" daemon [_thread_in_native, id=7532, stack(0x0000008735100000,0x0000008735200000)]
  0x0000026782846ae0 JavaThread "C1 CompilerThread0" daemon [_thread_blocked, id=15372, stack(0x0000008735200000,0x0000008735300000)]
  0x00000267828496f0 JavaThread "Sweeper thread" daemon [_thread_blocked, id=46476, stack(0x0000008735300000,0x0000008735400000)]
  0x00000267829c4340 JavaThread "Common-Cleaner" daemon [_thread_blocked, id=47288, stack(0x0000008735400000,0x0000008735500000)]
  0x00000267829e4c30 JavaThread "Notification Thread" daemon [_thread_blocked, id=24764, stack(0x0000008735500000,0x0000008735600000)]
  0x00000267841593f0 JavaThread "Daemon health stats" [_thread_blocked, id=42068, stack(0x0000008735b00000,0x0000008735c00000)]
  0x0000026783624a80 JavaThread "Incoming local TCP Connector on port 55347" [_thread_in_native, id=45740, stack(0x0000008735c00000,0x0000008735d00000)]
  0x0000026785051a00 JavaThread "Daemon periodic checks" [_thread_blocked, id=43508, stack(0x0000008735d00000,0x0000008735e00000)]
  0x00000267851f9e40 JavaThread "Daemon" [_thread_blocked, id=34944, stack(0x0000008735e00000,0x0000008735f00000)]
  0x00000267853249f0 JavaThread "Daemon worker" [_thread_blocked, id=11012, stack(0x0000008736100000,0x0000008736200000)]
  0x0000026785343820 JavaThread "Cache worker for journal cache (C:\Users\Aishwary Kumar Rai\.gradle\caches\journal-1)" [_thread_blocked, id=45492, stack(0x0000008736900000,0x0000008736a00000)]
  0x0000026785345030 JavaThread "File lock request listener" [_thread_in_native, id=18664, stack(0x0000008736a00000,0x0000008736b00000)]
  0x0000026785342e80 JavaThread "Cache worker for file hash cache (C:\Users\Aishwary Kumar Rai\.gradle\caches\8.0\fileHashes)" [_thread_blocked, id=18516, stack(0x0000008736b00000,0x0000008736c00000)]
  0x0000026785343cf0 JavaThread "File watcher server" daemon [_thread_blocked, id=13032, stack(0x0000008736c00000,0x0000008736d00000)]
  0x0000026785343350 JavaThread "File watcher consumer" daemon [_thread_blocked, id=43460, stack(0x0000008736d00000,0x0000008736e00000)]
  0x0000026785344690 JavaThread "Cache worker for file content cache (C:\Users\Aishwary Kumar Rai\.gradle\caches\8.0\fileContent)" [_thread_blocked, id=23464, stack(0x0000008737000000,0x0000008737100000)]
  0x000002678548c790 JavaThread "Cache worker for execution history cache (C:\Users\Aishwary Kumar Rai\.gradle\caches\8.0\executionHistory)" [_thread_blocked, id=17596, stack(0x0000008737300000,0x0000008737400000)]
  0x0000026785486c20 JavaThread "jar transforms" [_thread_blocked, id=552, stack(0x0000008737400000,0x0000008737500000)]
  0x0000026785489c40 JavaThread "jar transforms Thread 2" [_thread_blocked, id=33020, stack(0x0000008737500000,0x0000008737600000)]
  0x0000026785485410 JavaThread "jar transforms Thread 3" [_thread_blocked, id=22304, stack(0x0000008737600000,0x0000008737700000)]
  0x00000267854875c0 JavaThread "jar transforms Thread 4" [_thread_blocked, id=45348, stack(0x0000008737700000,0x0000008737800000)]
  0x000002678548b920 JavaThread "jar transforms Thread 5" [_thread_blocked, id=47684, stack(0x0000008737900000,0x0000008737a00000)]
  0x0000026787795570 JavaThread "jar transforms Thread 6" [_thread_blocked, id=46272, stack(0x000000873cb00000,0x000000873cc00000)]
  0x0000026787799da0 JavaThread "jar transforms Thread 7" [_thread_blocked, id=1948, stack(0x000000873cc00000,0x000000873cd00000)]
  0x00000267877963e0 JavaThread "jar transforms Thread 8" [_thread_blocked, id=28616, stack(0x000000873cd00000,0x000000873ce00000)]
  0x0000026787797250 JavaThread "Memory manager" [_thread_blocked, id=28248, stack(0x000000873cf00000,0x000000873d000000)]
  0x0000026787794bd0 JavaThread "included builds" [_thread_blocked, id=47948, stack(0x000000873d000000,0x000000873d100000)]
  0x00000267877968b0 JavaThread "Handler for socket connection from /127.0.0.1:55347 to /127.0.0.1:56229" [_thread_in_native, id=8008, stack(0x0000008735f00000,0x0000008736000000)]
  0x000002678779ba80 JavaThread "Cancel handler" [_thread_blocked, id=23728, stack(0x0000008736000000,0x0000008736100000)]
  0x000002678779a740 JavaThread "Asynchronous log dispatcher for DefaultDaemonConnection: socket connection from /127.0.0.1:55347 to /127.0.0.1:56229" [_thread_blocked, id=45132, stack(0x0000008736200000,0x0000008736300000)]
  0x0000026787794230 JavaThread "Stdin handler" [_thread_blocked, id=15596, stack(0x0000008736300000,0x0000008736400000)]
  0x000002678779b0e0 JavaThread "Daemon client event forwarder" [_thread_blocked, id=42792, stack(0x0000008736400000,0x0000008736500000)]
  0x0000026787794700 JavaThread "Cache worker for checksums cache (C:\Users\Aishwary Kumar Rai\DocuMed\.gradle\8.0\checksums)" [_thread_blocked, id=16632, stack(0x0000008736e00000,0x0000008736f00000)]
  0x0000026787798a60 JavaThread "Cache worker for cache directory md-rule (C:\Users\Aishwary Kumar Rai\.gradle\caches\8.0\md-rule)" [_thread_blocked, id=45312, stack(0x0000008736f00000,0x0000008737000000)]
  0x00000267877950a0 JavaThread "Cache worker for file hash cache (C:\Users\Aishwary Kumar Rai\DocuMed\.gradle\8.0\fileHashes)" [_thread_blocked, id=42144, stack(0x0000008737100000,0x0000008737200000)]
  0x0000026787795f10 JavaThread "Cache worker for cache directory md-supplier (C:\Users\Aishwary Kumar Rai\.gradle\caches\8.0\md-supplier)" [_thread_blocked, id=47596, stack(0x0000008737200000,0x0000008737300000)]
  0x0000026787796d80 JavaThread "Cache worker for dependencies-accessors (C:\Users\Aishwary Kumar Rai\DocuMed\.gradle\8.0\dependencies-accessors)" [_thread_blocked, id=47700, stack(0x0000008737800000,0x0000008737900000)]
  0x0000026787797720 JavaThread "Cache worker for Build Output Cleanup Cache (C:\Users\Aishwary Kumar Rai\DocuMed\.gradle\buildOutputCleanup)" [_thread_blocked, id=40052, stack(0x0000008737a00000,0x0000008737b00000)]
  0x00000267877980c0 JavaThread "Unconstrained build operations" [_thread_blocked, id=14276, stack(0x0000008737b00000,0x0000008737c00000)]
  0x0000026787798590 JavaThread "Unconstrained build operations Thread 2" [_thread_blocked, id=18940, stack(0x0000008737c00000,0x0000008737d00000)]
  0x000002678779b5b0 JavaThread "Unconstrained build operations Thread 3" [_thread_blocked, id=2704, stack(0x0000008737d00000,0x0000008737e00000)]
  0x0000026787798f30 JavaThread "Unconstrained build operations Thread 4" [_thread_blocked, id=35784, stack(0x0000008737e00000,0x0000008737f00000)]
  0x0000026787799400 JavaThread "Unconstrained build operations Thread 5" [_thread_blocked, id=40412, stack(0x0000008737f00000,0x0000008738000000)]
  0x000002678779a270 JavaThread "Unconstrained build operations Thread 6" [_thread_blocked, id=27932, stack(0x0000008738000000,0x0000008738100000)]
  0x000002678548c2c0 JavaThread "Unconstrained build operations Thread 7" [_thread_blocked, id=42248, stack(0x0000008738100000,0x0000008738200000)]
  0x0000026785486280 JavaThread "Unconstrained build operations Thread 8" [_thread_blocked, id=26132, stack(0x0000008738200000,0x0000008738300000)]
  0x00000267854870f0 JavaThread "Unconstrained build operations Thread 9" [_thread_blocked, id=33380, stack(0x0000008738300000,0x0000008738400000)]
  0x000002678548cc60 JavaThread "Unconstrained build operations Thread 10" [_thread_blocked, id=42348, stack(0x0000008738400000,0x0000008738500000)]
  0x00000267854892a0 JavaThread "Unconstrained build operations Thread 11" [_thread_blocked, id=21312, stack(0x0000008738500000,0x0000008738600000)]
  0x0000026785487f60 JavaThread "Unconstrained build operations Thread 12" [_thread_blocked, id=43992, stack(0x0000008738600000,0x0000008738700000)]
  0x0000026785485db0 JavaThread "Unconstrained build operations Thread 13" [_thread_blocked, id=29536, stack(0x0000008738700000,0x0000008738800000)]
  0x0000026785486750 JavaThread "Unconstrained build operations Thread 14" [_thread_blocked, id=21800, stack(0x0000008738800000,0x0000008738900000)]
  0x000002678548a5e0 JavaThread "Unconstrained build operations Thread 15" [_thread_blocked, id=11080, stack(0x0000008738900000,0x0000008738a00000)]
  0x0000026785487a90 JavaThread "Unconstrained build operations Thread 16" [_thread_blocked, id=46392, stack(0x0000008738a00000,0x0000008738b00000)]
  0x0000026785488430 JavaThread "Unconstrained build operations Thread 17" [_thread_blocked, id=43112, stack(0x0000008738b00000,0x0000008738c00000)]
  0x0000026785489770 JavaThread "Unconstrained build operations Thread 18" [_thread_blocked, id=9532, stack(0x0000008738c00000,0x0000008738d00000)]
  0x000002678548aab0 JavaThread "Unconstrained build operations Thread 19" [_thread_blocked, id=41552, stack(0x0000008738d00000,0x0000008738e00000)]
  0x000002678548b450 JavaThread "Unconstrained build operations Thread 20" [_thread_blocked, id=12268, stack(0x0000008738e00000,0x0000008738f00000)]
  0x0000026785488900 JavaThread "Unconstrained build operations Thread 21" [_thread_blocked, id=47176, stack(0x0000008738f00000,0x0000008739000000)]
  0x00000267853459d0 JavaThread "Unconstrained build operations Thread 22" [_thread_blocked, id=25060, stack(0x0000008739000000,0x0000008739100000)]
  0x0000026785344b60 JavaThread "Unconstrained build operations Thread 23" [_thread_blocked, id=45004, stack(0x0000008739100000,0x0000008739200000)]
  0x00000267853441c0 JavaThread "Unconstrained build operations Thread 24" [_thread_blocked, id=10340, stack(0x0000008739200000,0x0000008739300000)]
  0x0000026785345500 JavaThread "Unconstrained build operations Thread 25" [_thread_blocked, id=45816, stack(0x0000008739300000,0x0000008739400000)]
  0x0000026785345ea0 JavaThread "Unconstrained build operations Thread 26" [_thread_blocked, id=40164, stack(0x0000008739400000,0x0000008739500000)]
  0x0000026785346370 JavaThread "Unconstrained build operations Thread 27" [_thread_blocked, id=41988, stack(0x0000008739500000,0x0000008739600000)]
  0x00000267853429b0 JavaThread "Unconstrained build operations Thread 28" [_thread_blocked, id=39548, stack(0x0000008739600000,0x0000008739700000)]
  0x00000267859f9ae0 JavaThread "Unconstrained build operations Thread 29" [_thread_blocked, id=5952, stack(0x0000008739700000,0x0000008739800000)]
  0x00000267859fa480 JavaThread "Unconstrained build operations Thread 30" [_thread_blocked, id=35780, stack(0x0000008739800000,0x0000008739900000)]
  0x00000267859f7e00 JavaThread "Unconstrained build operations Thread 31" [_thread_blocked, id=14776, stack(0x0000008739900000,0x0000008739a00000)]
  0x00000267859f65f0 JavaThread "Unconstrained build operations Thread 32" [_thread_blocked, id=45208, stack(0x0000008739a00000,0x0000008739b00000)]
  0x00000267859fcb00 JavaThread "Unconstrained build operations Thread 33" [_thread_blocked, id=44480, stack(0x0000008739b00000,0x0000008739c00000)]
  0x00000267859f6f90 JavaThread "Unconstrained build operations Thread 34" [_thread_blocked, id=42480, stack(0x0000008739c00000,0x0000008739d00000)]
  0x00000267859fa950 JavaThread "Unconstrained build operations Thread 35" [_thread_blocked, id=29956, stack(0x0000008739d00000,0x0000008739e00000)]
  0x00000267859f5780 JavaThread "Unconstrained build operations Thread 36" [_thread_blocked, id=42676, stack(0x0000008739e00000,0x0000008739f00000)]
  0x00000267859f5c50 JavaThread "Unconstrained build operations Thread 37" [_thread_blocked, id=16872, stack(0x0000008739f00000,0x000000873a000000)]
  0x00000267859f8c70 JavaThread "Unconstrained build operations Thread 38" [_thread_blocked, id=34236, stack(0x000000873a000000,0x000000873a100000)]
  0x00000267859f7460 JavaThread "Unconstrained build operations Thread 39" [_thread_blocked, id=47212, stack(0x000000873a100000,0x000000873a200000)]
  0x00000267859f52b0 JavaThread "Unconstrained build operations Thread 40" [_thread_blocked, id=19688, stack(0x000000873a200000,0x000000873a300000)]
  0x00000267859f6ac0 JavaThread "Unconstrained build operations Thread 41" [_thread_blocked, id=20536, stack(0x000000873a300000,0x000000873a400000)]
  0x00000267859f6120 JavaThread "Unconstrained build operations Thread 42" [_thread_blocked, id=30580, stack(0x000000873a400000,0x000000873a500000)]
  0x00000267859fbc90 JavaThread "Unconstrained build operations Thread 43" [_thread_blocked, id=8908, stack(0x000000873a500000,0x000000873a600000)]
  0x00000267859f82d0 JavaThread "Unconstrained build operations Thread 44" [_thread_blocked, id=17680, stack(0x000000873a600000,0x000000873a700000)]
  0x00000267859f9610 JavaThread "Unconstrained build operations Thread 45" [_thread_blocked, id=46128, stack(0x000000873a700000,0x000000873a800000)]
  0x00000267859f87a0 JavaThread "Unconstrained build operations Thread 46" [_thread_blocked, id=27680, stack(0x000000873a800000,0x000000873a900000)]
  0x00000267859f9fb0 JavaThread "Unconstrained build operations Thread 47" [_thread_blocked, id=43596, stack(0x000000873a900000,0x000000873aa00000)]
  0x00000267859f9140 JavaThread "Unconstrained build operations Thread 48" [_thread_blocked, id=48160, stack(0x000000873aa00000,0x000000873ab00000)]
  0x00000267859f7930 JavaThread "Unconstrained build operations Thread 49" [_thread_blocked, id=11248, stack(0x000000873ab00000,0x000000873ac00000)]
  0x00000267859fae20 JavaThread "Unconstrained build operations Thread 50" [_thread_blocked, id=39744, stack(0x000000873ac00000,0x000000873ad00000)]
  0x00000267859fb2f0 JavaThread "Unconstrained build operations Thread 51" [_thread_blocked, id=31932, stack(0x000000873ad00000,0x000000873ae00000)]
  0x00000267859fb7c0 JavaThread "Unconstrained build operations Thread 52" [_thread_blocked, id=22768, stack(0x000000873ae00000,0x000000873af00000)]
  0x00000267859fc160 JavaThread "Unconstrained build operations Thread 53" [_thread_blocked, id=26976, stack(0x000000873af00000,0x000000873b000000)]
  0x00000267859fc630 JavaThread "Unconstrained build operations Thread 54" [_thread_blocked, id=19236, stack(0x000000873b000000,0x000000873b100000)]
  0x0000026785941aa0 JavaThread "Unconstrained build operations Thread 55" [_thread_blocked, id=37440, stack(0x000000873b100000,0x000000873b200000)]
  0x000002678593ea80 JavaThread "Unconstrained build operations Thread 56" [_thread_blocked, id=26372, stack(0x000000873b200000,0x000000873b300000)]
  0x000002678593fdc0 JavaThread "Unconstrained build operations Thread 57" [_thread_blocked, id=34524, stack(0x000000873b300000,0x000000873b400000)]
  0x000002678593f8f0 JavaThread "Unconstrained build operations Thread 58" [_thread_blocked, id=25320, stack(0x000000873b400000,0x000000873b500000)]
  0x0000026785943780 JavaThread "Unconstrained build operations Thread 59" [_thread_blocked, id=41888, stack(0x000000873b500000,0x000000873b600000)]
  0x000002678593f420 JavaThread "Unconstrained build operations Thread 60" [_thread_blocked, id=18952, stack(0x000000873b600000,0x000000873b700000)]
  0x0000026785940290 JavaThread "Unconstrained build operations Thread 61" [_thread_blocked, id=28972, stack(0x000000873b700000,0x000000873b800000)]
  0x0000026785941f70 JavaThread "Unconstrained build operations Thread 62" [_thread_blocked, id=47812, stack(0x000000873b800000,0x000000873b900000)]
  0x000002678593e5b0 JavaThread "Unconstrained build operations Thread 63" [_thread_blocked, id=48668, stack(0x000000873b900000,0x000000873ba00000)]
  0x000002678593bf30 JavaThread "Unconstrained build operations Thread 64" [_thread_blocked, id=23932, stack(0x000000873ba00000,0x000000873bb00000)]
  0x0000026785940760 JavaThread "Unconstrained build operations Thread 65" [_thread_blocked, id=15884, stack(0x000000873bb00000,0x000000873bc00000)]
  0x000002678593d740 JavaThread "Unconstrained build operations Thread 66" [_thread_blocked, id=12780, stack(0x000000873bc00000,0x000000873bd00000)]
  0x00000267859415d0 JavaThread "Unconstrained build operations Thread 67" [_thread_blocked, id=33320, stack(0x000000873bd00000,0x000000873be00000)]
  0x000002678593e0e0 JavaThread "Unconstrained build operations Thread 68" [_thread_blocked, id=32884, stack(0x000000873be00000,0x000000873bf00000)]
  0x0000026785940c30 JavaThread "Unconstrained build operations Thread 69" [_thread_blocked, id=34092, stack(0x000000873bf00000,0x000000873c000000)]
  0x0000026785941100 JavaThread "Unconstrained build operations Thread 70" [_thread_blocked, id=13128, stack(0x000000873c000000,0x000000873c100000)]
  0x0000026785942440 JavaThread "Unconstrained build operations Thread 71" [_thread_blocked, id=47076, stack(0x000000873c100000,0x000000873c200000)]
  0x000002678593dc10 JavaThread "Unconstrained build operations Thread 72" [_thread_blocked, id=13164, stack(0x000000873c200000,0x000000873c300000)]
  0x000002678593ef50 JavaThread "Unconstrained build operations Thread 73" [_thread_blocked, id=42648, stack(0x000000873c300000,0x000000873c400000)]
  0x0000026785942910 JavaThread "Unconstrained build operations Thread 74" [_thread_blocked, id=20600, stack(0x000000873c400000,0x000000873c500000)]
  0x0000026785942de0 JavaThread "Unconstrained build operations Thread 75" [_thread_blocked, id=32616, stack(0x000000873c500000,0x000000873c600000)]
  0x00000267859432b0 JavaThread "Unconstrained build operations Thread 76" [_thread_blocked, id=40688, stack(0x000000873c600000,0x000000873c700000)]
  0x000002678593c400 JavaThread "Unconstrained build operations Thread 77" [_thread_blocked, id=33216, stack(0x000000873c700000,0x000000873c800000)]
  0x000002678593c8d0 JavaThread "Unconstrained build operations Thread 78" [_thread_blocked, id=7936, stack(0x000000873c800000,0x000000873c900000)]
  0x000002678593cda0 JavaThread "Unconstrained build operations Thread 79" [_thread_blocked, id=46668, stack(0x000000873c900000,0x000000873ca00000)]
  0x000002678593d270 JavaThread "Unconstrained build operations Thread 80" [_thread_blocked, id=39536, stack(0x000000873ca00000,0x000000873cb00000)]
  0x000002678a724760 JavaThread "build event listener" [_thread_blocked, id=48516, stack(0x000000873ce00000,0x000000873cf00000)]
  0x000002678a726de0 JavaThread "included builds" [_thread_blocked, id=41252, stack(0x000000873d100000,0x000000873d200000)]
  0x000002678a722a80 JavaThread "Execution worker" [_thread_blocked, id=45536, stack(0x000000873d200000,0x000000873d300000)]
  0x000002678a721740 JavaThread "Execution worker Thread 2" [_thread_blocked, id=43500, stack(0x000000873d300000,0x000000873d400000)]
  0x000002678a7238f0 JavaThread "Execution worker Thread 3" [_thread_blocked, id=30492, stack(0x000000873d400000,0x000000873d500000)]
  0x000002678a722f50 JavaThread "Execution worker Thread 4" [_thread_blocked, id=27332, stack(0x000000873d500000,0x000000873d600000)]
  0x000002678a721c10 JavaThread "Execution worker Thread 5" [_thread_blocked, id=39676, stack(0x000000873d600000,0x000000873d700000)]
  0x000002678a725f70 JavaThread "Execution worker Thread 6" [_thread_blocked, id=41268, stack(0x000000873d700000,0x000000873d800000)]
  0x000002678a727c50 JavaThread "Execution worker Thread 7" [_thread_blocked, id=37460, stack(0x000000873d800000,0x000000873d900000)]
  0x000002678a723420 JavaThread "Cache worker for execution history cache (C:\Users\Aishwary Kumar Rai\DocuMed\.gradle\8.0\executionHistory)" [_thread_blocked, id=44624, stack(0x000000873d900000,0x000000873da00000)]
  0x000002678a724290 JavaThread "WorkerExecutor Queue" [_thread_blocked, id=16804, stack(0x000000873da00000,0x000000873db00000)]
  0x000002678a7225b0 JavaThread "WorkerExecutor Queue Thread 2" [_thread_blocked, id=49120, stack(0x000000873e000000,0x000000873e100000)]
  0x000002678a7272b0 JavaThread "WorkerExecutor Queue Thread 3" [_thread_blocked, id=49072, stack(0x000000873e100000,0x000000873e200000)]
  0x000002678a7255d0 JavaThread "WorkerExecutor Queue Thread 4" [_thread_blocked, id=45484, stack(0x000000873e200000,0x000000873e300000)]
  0x000002678a725100 JavaThread "WorkerExecutor Queue Thread 5" [_thread_blocked, id=19984, stack(0x000000873e300000,0x000000873e400000)]
  0x000002678a727780 JavaThread "WorkerExecutor Queue Thread 6" [_thread_blocked, id=7988, stack(0x000000873e400000,0x000000873e500000)]
  0x000002678a726440 JavaThread "WorkerExecutor Queue Thread 7" [_thread_blocked, id=25836, stack(0x000000873e500000,0x000000873e600000)]
  0x000002678a726910 JavaThread "WorkerExecutor Queue Thread 8" [_thread_blocked, id=39412, stack(0x000000873e600000,0x000000873e700000)]
  0x0000026789b7c7a0 JavaThread "WorkerExecutor Queue Thread 9" [_thread_blocked, id=43540, stack(0x000000873e700000,0x000000873e800000)]

Other Threads:
=>0x00000267ff6199f0 VMThread "VM Thread" [stack: 0x0000008734a00000,0x0000008734b00000] [id=9004]
  0x00000267e58a1a90 WatcherThread [stack: 0x0000008735600000,0x0000008735700000] [id=20988]
  0x00000267e5886b80 GCTaskThread "GC Thread#0" [stack: 0x0000008734500000,0x0000008734600000] [id=19224]
  0x0000026783242b10 GCTaskThread "GC Thread#1" [stack: 0x0000008735700000,0x0000008735800000] [id=44752]
  0x0000026783318ac0 GCTaskThread "GC Thread#2" [stack: 0x0000008735800000,0x0000008735900000] [id=19784]
  0x0000026783640600 GCTaskThread "GC Thread#3" [stack: 0x0000008735900000,0x0000008735a00000] [id=47732]
  0x0000026783c07e60 GCTaskThread "GC Thread#4" [stack: 0x0000008735a00000,0x0000008735b00000] [id=23412]
  0x00000267851fe620 GCTaskThread "GC Thread#5" [stack: 0x0000008736500000,0x0000008736600000] [id=27736]
  0x00000267851fdb60 GCTaskThread "GC Thread#6" [stack: 0x0000008736600000,0x0000008736700000] [id=40376]
  0x00000267851fe0c0 GCTaskThread "GC Thread#7" [stack: 0x0000008736700000,0x0000008736800000] [id=13652]
  0x00000267e5898c30 ConcurrentGCThread "G1 Main Marker" [stack: 0x0000008734600000,0x0000008734700000] [id=30024]
  0x00000267e5899de0 ConcurrentGCThread "G1 Conc#0" [stack: 0x0000008734700000,0x0000008734800000] [id=47028]
  0x00000267851fde10 ConcurrentGCThread "G1 Conc#1" [stack: 0x0000008736800000,0x0000008736900000] [id=27020]
  0x00000267e58dd350 ConcurrentGCThread "G1 Refine#0" [stack: 0x0000008734800000,0x0000008734900000] [id=39008]
  0x000002678c750890 ConcurrentGCThread "G1 Refine#1" [stack: 0x000000873db00000,0x000000873dc00000] [id=36104]
  0x00000267873ce060 ConcurrentGCThread "G1 Refine#2" [stack: 0x000000873dc00000,0x000000873dd00000] [id=17544]
  0x00000267850ee2a0 ConcurrentGCThread "G1 Refine#3" [stack: 0x000000873dd00000,0x000000873de00000] [id=9308]
  0x0000026789ddcfe0 ConcurrentGCThread "G1 Refine#4" [stack: 0x000000873de00000,0x000000873df00000] [id=41480]
  0x00000267850efb50 ConcurrentGCThread "G1 Refine#5" [stack: 0x000000873df00000,0x000000873e000000] [id=33504]
  0x00000267e58ddc10 ConcurrentGCThread "G1 Service" [stack: 0x0000008734900000,0x0000008734a00000] [id=26416]

Threads with active compile tasks:
C2 CompilerThread0    32745 15741       4       org.gradle.internal.instantiation.generator.AbstractClassGenerator::inspectType (560 bytes)

VM state: at safepoint (normal execution)

VM Mutex/Monitor currently owned by a thread:  ([mutex/lock_event])
[0x00000267e5825220] Threads_lock - owner thread: 0x00000267ff6199f0
[0x00000267e58266f0] Heap_lock - owner thread: 0x0000026785344b60

Heap address: 0x0000000080000000, size: 2048 MB, Compressed Oops mode: 32-bit

CDS archive(s) not mapped
Compressed class space mapped at: 0x0000000100000000-0x0000000140000000, reserved size: 1073741824
Narrow klass base: 0x0000000000000000, Narrow klass shift: 3, Narrow klass range: 0x140000000

GC Precious Log:
 CPUs: 8 total, 8 available
 Memory: 6020M
 Large Page Support: Disabled
 NUMA Support: Disabled
 Compressed Oops: Enabled (32-bit)
 Heap Region Size: 1M
 Heap Min Capacity: 8M
 Heap Initial Capacity: 96M
 Heap Max Capacity: 2G
 Pre-touch: Disabled
 Parallel Workers: 8
 Concurrent Workers: 2
 Concurrent Refinement Workers: 8
 Periodic GC: Disabled

Heap:
 garbage-first heap   total 274432K, used 163189K [0x0000000080000000, 0x0000000100000000)
  region size 1024K, 5 young (5120K), 5 survivors (5120K)
 Metaspace       used 110901K, committed 111680K, reserved 1146880K
  class space    used 14671K, committed 15040K, reserved 1048576K

Heap Regions: E=young(eden), S=young(survivor), O=old, HS=humongous(starts), HC=humongous(continues), CS=collection set, F=free, OA=open archive, CA=closed archive, TAMS=top-at-mark-start (previous, next)
|   0|0x0000000080000000, 0x0000000080100000, 0x0000000080100000|100%|HS|  |TAMS 0x0000000080100000, 0x0000000080100000| Complete 
|   1|0x0000000080100000, 0x0000000080200000, 0x0000000080200000|100%|HC|  |TAMS 0x0000000080200000, 0x0000000080200000| Complete 
|   2|0x0000000080200000, 0x0000000080300000, 0x0000000080300000|100%|HC|  |TAMS 0x0000000080300000, 0x0000000080300000| Complete 
|   3|0x0000000080300000, 0x0000000080400000, 0x0000000080400000|100%|HC|  |TAMS 0x0000000080400000, 0x0000000080400000| Complete 
|   4|0x0000000080400000, 0x0000000080500000, 0x0000000080500000|100%| O|  |TAMS 0x0000000080500000, 0x0000000080500000| Untracked 
|   5|0x0000000080500000, 0x0000000080600000, 0x0000000080600000|100%| O|  |TAMS 0x0000000080600000, 0x0000000080600000| Untracked 
|   6|0x0000000080600000, 0x0000000080700000, 0x0000000080700000|100%| O|  |TAMS 0x0000000080700000, 0x0000000080700000| Untracked 
|   7|0x0000000080700000, 0x0000000080800000, 0x0000000080800000|100%| O|  |TAMS 0x0000000080800000, 0x0000000080800000| Untracked 
|   8|0x0000000080800000, 0x0000000080900000, 0x0000000080900000|100%| O|  |TAMS 0x0000000080900000, 0x0000000080900000| Untracked 
|   9|0x0000000080900000, 0x0000000080a00000, 0x0000000080a00000|100%| O|  |TAMS 0x0000000080a00000, 0x0000000080a00000| Untracked 
|  10|0x0000000080a00000, 0x0000000080b00000, 0x0000000080b00000|100%| O|  |TAMS 0x0000000080b00000, 0x0000000080b00000| Untracked 
|  11|0x0000000080b00000, 0x0000000080c00000, 0x0000000080c00000|100%| O|  |TAMS 0x0000000080c00000, 0x0000000080c00000| Untracked 
|  12|0x0000000080c00000, 0x0000000080d00000, 0x0000000080d00000|100%| O|  |TAMS 0x0000000080d00000, 0x0000000080d00000| Untracked 
|  13|0x0000000080d00000, 0x0000000080e00000, 0x0000000080e00000|100%| O|  |TAMS 0x0000000080e00000, 0x0000000080e00000| Untracked 
|  14|0x0000000080e00000, 0x0000000080f00000, 0x0000000080f00000|100%| O|  |TAMS 0x0000000080e00000, 0x0000000080f00000| Untracked 
|  15|0x0000000080f00000, 0x0000000081000000, 0x0000000081000000|100%| O|  |TAMS 0x0000000081000000, 0x0000000081000000| Untracked 
|  16|0x0000000081000000, 0x0000000081100000, 0x0000000081100000|100%| O|  |TAMS 0x0000000081100000, 0x0000000081100000| Untracked 
|  17|0x0000000081100000, 0x0000000081200000, 0x0000000081200000|100%| O|  |TAMS 0x0000000081200000, 0x0000000081200000| Untracked 
|  18|0x0000000081200000, 0x0000000081300000, 0x0000000081300000|100%| O|  |TAMS 0x0000000081300000, 0x0000000081300000| Untracked 
|  19|0x0000000081300000, 0x0000000081400000, 0x0000000081400000|100%| O|  |TAMS 0x0000000081400000, 0x0000000081400000| Untracked 
|  20|0x0000000081400000, 0x0000000081500000, 0x0000000081500000|100%| O|  |TAMS 0x0000000081500000, 0x0000000081500000| Untracked 
|  21|0x0000000081500000, 0x0000000081600000, 0x0000000081600000|100%| O|  |TAMS 0x0000000081600000, 0x0000000081600000| Untracked 
|  22|0x0000000081600000, 0x0000000081700000, 0x0000000081700000|100%| O|  |TAMS 0x0000000081700000, 0x0000000081700000| Untracked 
|  23|0x0000000081700000, 0x0000000081800000, 0x0000000081800000|100%| O|  |TAMS 0x0000000081800000, 0x0000000081800000| Untracked 
|  24|0x0000000081800000, 0x0000000081900000, 0x0000000081900000|100%| O|  |TAMS 0x0000000081900000, 0x0000000081900000| Untracked 
|  25|0x0000000081900000, 0x0000000081a00000, 0x0000000081a00000|100%| O|  |TAMS 0x0000000081a00000, 0x0000000081a00000| Untracked 
|  26|0x0000000081a00000, 0x0000000081b00000, 0x0000000081b00000|100%| O|  |TAMS 0x0000000081b00000, 0x0000000081b00000| Untracked 
|  27|0x0000000081b00000, 0x0000000081c00000, 0x0000000081c00000|100%| O|  |TAMS 0x0000000081c00000, 0x0000000081c00000| Untracked 
|  28|0x0000000081c00000, 0x0000000081d00000, 0x0000000081d00000|100%| O|  |TAMS 0x0000000081d00000, 0x0000000081d00000| Untracked 
|  29|0x0000000081d00000, 0x0000000081e00000, 0x0000000081e00000|100%| O|  |TAMS 0x0000000081e00000, 0x0000000081e00000| Untracked 
|  30|0x0000000081e00000, 0x0000000081f00000, 0x0000000081f00000|100%| O|  |TAMS 0x0000000081e00000, 0x0000000081f00000| Untracked 
|  31|0x0000000081f00000, 0x0000000082000000, 0x0000000082000000|100%| O|  |TAMS 0x0000000082000000, 0x0000000082000000| Untracked 
|  32|0x0000000082000000, 0x0000000082100000, 0x0000000082100000|100%| O|  |TAMS 0x0000000082100000, 0x0000000082100000| Untracked 
|  33|0x0000000082100000, 0x0000000082200000, 0x0000000082200000|100%|HS|  |TAMS 0x0000000082200000, 0x0000000082200000| Complete 
|  34|0x0000000082200000, 0x0000000082300000, 0x0000000082300000|100%|HS|  |TAMS 0x0000000082300000, 0x0000000082300000| Complete 
|  35|0x0000000082300000, 0x0000000082400000, 0x0000000082400000|100%| O|  |TAMS 0x0000000082400000, 0x0000000082400000| Untracked 
|  36|0x0000000082400000, 0x0000000082500000, 0x0000000082500000|100%| O|  |TAMS 0x0000000082500000, 0x0000000082500000| Untracked 
|  37|0x0000000082500000, 0x0000000082600000, 0x0000000082600000|100%| O|  |TAMS 0x0000000082600000, 0x0000000082600000| Untracked 
|  38|0x0000000082600000, 0x0000000082700000, 0x0000000082700000|100%| O|  |TAMS 0x0000000082700000, 0x0000000082700000| Untracked 
|  39|0x0000000082700000, 0x0000000082800000, 0x0000000082800000|100%| O|  |TAMS 0x0000000082800000, 0x0000000082800000| Untracked 
|  40|0x0000000082800000, 0x0000000082900000, 0x0000000082900000|100%| O|  |TAMS 0x0000000082900000, 0x0000000082900000| Untracked 
|  41|0x0000000082900000, 0x0000000082a00000, 0x0000000082a00000|100%| O|  |TAMS 0x0000000082a00000, 0x0000000082a00000| Untracked 
|  42|0x0000000082a00000, 0x0000000082b00000, 0x0000000082b00000|100%| O|  |TAMS 0x0000000082b00000, 0x0000000082b00000| Untracked 
|  43|0x0000000082b00000, 0x0000000082c00000, 0x0000000082c00000|100%| O|  |TAMS 0x0000000082c00000, 0x0000000082c00000| Untracked 
|  44|0x0000000082c00000, 0x0000000082d00000, 0x0000000082d00000|100%| O|  |TAMS 0x0000000082d00000, 0x0000000082d00000| Untracked 
|  45|0x0000000082d00000, 0x0000000082e00000, 0x0000000082e00000|100%| O|  |TAMS 0x0000000082e00000, 0x0000000082e00000| Untracked 
|  46|0x0000000082e00000, 0x0000000082f00000, 0x0000000082f00000|100%| O|  |TAMS 0x0000000082f00000, 0x0000000082f00000| Untracked 
|  47|0x0000000082f00000, 0x0000000083000000, 0x0000000083000000|100%| O|  |TAMS 0x0000000083000000, 0x0000000083000000| Untracked 
|  48|0x0000000083000000, 0x0000000083100000, 0x0000000083100000|100%| O|  |TAMS 0x00000000830b8400, 0x0000000083100000| Untracked 
|  49|0x0000000083100000, 0x0000000083200000, 0x0000000083200000|100%| O|  |TAMS 0x0000000083100000, 0x0000000083200000| Untracked 
|  50|0x0000000083200000, 0x0000000083300000, 0x0000000083300000|100%| O|  |TAMS 0x0000000083200000, 0x0000000083300000| Untracked 
|  51|0x0000000083300000, 0x0000000083400000, 0x0000000083400000|100%| O|  |TAMS 0x0000000083300000, 0x0000000083400000| Untracked 
|  52|0x0000000083400000, 0x0000000083500000, 0x0000000083500000|100%| O|  |TAMS 0x0000000083500000, 0x0000000083500000| Untracked 
|  53|0x0000000083500000, 0x0000000083600000, 0x0000000083600000|100%| O|  |TAMS 0x0000000083600000, 0x0000000083600000| Untracked 
|  54|0x0000000083600000, 0x0000000083700000, 0x0000000083700000|100%| O|  |TAMS 0x0000000083600000, 0x0000000083700000| Untracked 
|  55|0x0000000083700000, 0x0000000083800000, 0x0000000083800000|100%| O|  |TAMS 0x0000000083700000, 0x0000000083800000| Untracked 
|  56|0x0000000083800000, 0x0000000083900000, 0x0000000083900000|100%| O|  |TAMS 0x0000000083800000, 0x0000000083900000| Untracked 
|  57|0x0000000083900000, 0x0000000083a00000, 0x0000000083a00000|100%| O|  |TAMS 0x0000000083900000, 0x0000000083a00000| Untracked 
|  58|0x0000000083a00000, 0x0000000083b00000, 0x0000000083b00000|100%| O|  |TAMS 0x0000000083a00000, 0x0000000083b00000| Untracked 
|  59|0x0000000083b00000, 0x0000000083c00000, 0x0000000083c00000|100%| O|  |TAMS 0x0000000083b00000, 0x0000000083c00000| Untracked 
|  60|0x0000000083c00000, 0x0000000083d00000, 0x0000000083d00000|100%| O|  |TAMS 0x0000000083c00000, 0x0000000083d00000| Untracked 
|  61|0x0000000083d00000, 0x0000000083e00000, 0x0000000083e00000|100%| O|  |TAMS 0x0000000083d00000, 0x0000000083e00000| Untracked 
|  62|0x0000000083e00000, 0x0000000083f00000, 0x0000000083f00000|100%| O|  |TAMS 0x0000000083e00000, 0x0000000083f00000| Untracked 
|  63|0x0000000083f00000, 0x0000000084000000, 0x0000000084000000|100%| O|  |TAMS 0x0000000083f00000, 0x0000000084000000| Untracked 
|  64|0x0000000084000000, 0x0000000084100000, 0x0000000084100000|100%| O|  |TAMS 0x0000000084000000, 0x0000000084100000| Untracked 
|  65|0x0000000084100000, 0x0000000084200000, 0x0000000084200000|100%| O|  |TAMS 0x0000000084100000, 0x0000000084200000| Untracked 
|  66|0x0000000084200000, 0x0000000084300000, 0x0000000084300000|100%| O|  |TAMS 0x0000000084200000, 0x0000000084300000| Untracked 
|  67|0x0000000084300000, 0x0000000084400000, 0x0000000084400000|100%| O|  |TAMS 0x0000000084300000, 0x0000000084400000| Untracked 
|  68|0x0000000084400000, 0x0000000084500000, 0x0000000084500000|100%| O|  |TAMS 0x0000000084400000, 0x0000000084500000| Untracked 
|  69|0x0000000084500000, 0x0000000084600000, 0x0000000084600000|100%| O|  |TAMS 0x0000000084500000, 0x0000000084600000| Untracked 
|  70|0x0000000084600000, 0x0000000084700000, 0x0000000084700000|100%| O|  |TAMS 0x0000000084600000, 0x0000000084700000| Untracked 
|  71|0x0000000084700000, 0x0000000084800000, 0x0000000084800000|100%| O|  |TAMS 0x0000000084700000, 0x0000000084800000| Untracked 
|  72|0x0000000084800000, 0x0000000084900000, 0x0000000084900000|100%| O|  |TAMS 0x0000000084800000, 0x0000000084900000| Untracked 
|  73|0x0000000084900000, 0x0000000084a00000, 0x0000000084a00000|100%| O|  |TAMS 0x0000000084900000, 0x0000000084a00000| Untracked 
|  74|0x0000000084a00000, 0x0000000084b00000, 0x0000000084b00000|100%| O|  |TAMS 0x0000000084a00000, 0x0000000084b00000| Untracked 
|  75|0x0000000084b00000, 0x0000000084c00000, 0x0000000084c00000|100%| O|  |TAMS 0x0000000084b00000, 0x0000000084c00000| Untracked 
|  76|0x0000000084c00000, 0x0000000084d00000, 0x0000000084d00000|100%| O|  |TAMS 0x0000000084c00000, 0x0000000084d00000| Untracked 
|  77|0x0000000084d00000, 0x0000000084e00000, 0x0000000084e00000|100%| O|  |TAMS 0x0000000084d00000, 0x0000000084e00000| Untracked 
|  78|0x0000000084e00000, 0x0000000084f00000, 0x0000000084f00000|100%| O|  |TAMS 0x0000000084e00000, 0x0000000084f00000| Untracked 
|  79|0x0000000084f00000, 0x0000000085000000, 0x0000000085000000|100%| O|  |TAMS 0x0000000084f00000, 0x0000000085000000| Untracked 
|  80|0x0000000085000000, 0x0000000085100000, 0x0000000085100000|100%| O|  |TAMS 0x0000000085000000, 0x0000000085100000| Untracked 
|  81|0x0000000085100000, 0x0000000085200000, 0x0000000085200000|100%| O|  |TAMS 0x0000000085100000, 0x0000000085200000| Untracked 
|  82|0x0000000085200000, 0x0000000085300000, 0x0000000085300000|100%| O|  |TAMS 0x0000000085200000, 0x0000000085300000| Untracked 
|  83|0x0000000085300000, 0x0000000085400000, 0x0000000085400000|100%| O|  |TAMS 0x0000000085300000, 0x0000000085400000| Untracked 
|  84|0x0000000085400000, 0x0000000085500000, 0x0000000085500000|100%| O|  |TAMS 0x0000000085400000, 0x0000000085500000| Untracked 
|  85|0x0000000085500000, 0x0000000085600000, 0x0000000085600000|100%| O|  |TAMS 0x0000000085500000, 0x0000000085600000| Untracked 
|  86|0x0000000085600000, 0x0000000085700000, 0x0000000085700000|100%| O|  |TAMS 0x0000000085600000, 0x0000000085700000| Untracked 
|  87|0x0000000085700000, 0x0000000085800000, 0x0000000085800000|100%| O|  |TAMS 0x0000000085700000, 0x0000000085800000| Untracked 
|  88|0x0000000085800000, 0x0000000085900000, 0x0000000085900000|100%| O|  |TAMS 0x0000000085800000, 0x0000000085900000| Untracked 
|  89|0x0000000085900000, 0x0000000085a00000, 0x0000000085a00000|100%| O|  |TAMS 0x0000000085900000, 0x0000000085a00000| Untracked 
|  90|0x0000000085a00000, 0x0000000085b00000, 0x0000000085b00000|100%| O|  |TAMS 0x0000000085a00000, 0x0000000085b00000| Untracked 
|  91|0x0000000085b00000, 0x0000000085c00000, 0x0000000085c00000|100%| O|  |TAMS 0x0000000085b00000, 0x0000000085c00000| Untracked 
|  92|0x0000000085c00000, 0x0000000085d00000, 0x0000000085d00000|100%|HS|  |TAMS 0x0000000085c00000, 0x0000000085d00000| Complete 
|  93|0x0000000085d00000, 0x0000000085e00000, 0x0000000085e00000|100%|HC|  |TAMS 0x0000000085d00000, 0x0000000085e00000| Complete 
|  94|0x0000000085e00000, 0x0000000085f00000, 0x0000000085f00000|100%| O|  |TAMS 0x0000000085e00000, 0x0000000085f00000| Untracked 
|  95|0x0000000085f00000, 0x0000000086000000, 0x0000000086000000|100%| O|  |TAMS 0x0000000085f00000, 0x0000000086000000| Untracked 
|  96|0x0000000086000000, 0x0000000086100000, 0x0000000086100000|100%| O|  |TAMS 0x0000000086000000, 0x0000000086100000| Untracked 
|  97|0x0000000086100000, 0x0000000086200000, 0x0000000086200000|100%| O|  |TAMS 0x0000000086100000, 0x0000000086200000| Untracked 
|  98|0x0000000086200000, 0x0000000086300000, 0x0000000086300000|100%| O|  |TAMS 0x0000000086200000, 0x0000000086300000| Untracked 
|  99|0x0000000086300000, 0x0000000086400000, 0x0000000086400000|100%| O|  |TAMS 0x0000000086300000, 0x0000000086400000| Untracked 
| 100|0x0000000086400000, 0x0000000086500000, 0x0000000086500000|100%| O|  |TAMS 0x0000000086400000, 0x0000000086500000| Untracked 
| 101|0x0000000086500000, 0x0000000086600000, 0x0000000086600000|100%| O|  |TAMS 0x0000000086500000, 0x0000000086600000| Untracked 
| 102|0x0000000086600000, 0x0000000086700000, 0x0000000086700000|100%| O|  |TAMS 0x0000000086600000, 0x0000000086700000| Untracked 
| 103|0x0000000086700000, 0x0000000086800000, 0x0000000086800000|100%| O|  |TAMS 0x0000000086700000, 0x0000000086800000| Untracked 
| 104|0x0000000086800000, 0x0000000086900000, 0x0000000086900000|100%| O|  |TAMS 0x0000000086800000, 0x0000000086900000| Untracked 
| 105|0x0000000086900000, 0x0000000086a00000, 0x0000000086a00000|100%| O|  |TAMS 0x0000000086900000, 0x0000000086a00000| Untracked 
| 106|0x0000000086a00000, 0x0000000086b00000, 0x0000000086b00000|100%| O|  |TAMS 0x0000000086a00000, 0x0000000086b00000| Untracked 
| 107|0x0000000086b00000, 0x0000000086c00000, 0x0000000086c00000|100%| O|  |TAMS 0x0000000086b00000, 0x0000000086c00000| Untracked 
| 108|0x0000000086c00000, 0x0000000086d00000, 0x0000000086d00000|100%| O|  |TAMS 0x0000000086c00000, 0x0000000086d00000| Untracked 
| 109|0x0000000086d00000, 0x0000000086e00000, 0x0000000086e00000|100%| O|  |TAMS 0x0000000086d00000, 0x0000000086e00000| Untracked 
| 110|0x0000000086e00000, 0x0000000086f00000, 0x0000000086f00000|100%| O|  |TAMS 0x0000000086e00000, 0x0000000086f00000| Untracked 
| 111|0x0000000086f00000, 0x0000000087000000, 0x0000000087000000|100%| O|  |TAMS 0x0000000086f00000, 0x0000000087000000| Untracked 
| 112|0x0000000087000000, 0x0000000087100000, 0x0000000087100000|100%| O|  |TAMS 0x0000000087000000, 0x0000000087100000| Untracked 
| 113|0x0000000087100000, 0x0000000087200000, 0x0000000087200000|100%| O|  |TAMS 0x0000000087100000, 0x0000000087200000| Untracked 
| 114|0x0000000087200000, 0x0000000087300000, 0x0000000087300000|100%| O|  |TAMS 0x0000000087200000, 0x0000000087300000| Untracked 
| 115|0x0000000087300000, 0x0000000087400000, 0x0000000087400000|100%| O|  |TAMS 0x0000000087300000, 0x0000000087400000| Untracked 
| 116|0x0000000087400000, 0x0000000087500000, 0x0000000087500000|100%| O|  |TAMS 0x0000000087400000, 0x0000000087500000| Untracked 
| 117|0x0000000087500000, 0x0000000087600000, 0x0000000087600000|100%| O|  |TAMS 0x0000000087500000, 0x0000000087600000| Untracked 
| 118|0x0000000087600000, 0x0000000087700000, 0x0000000087700000|100%| O|  |TAMS 0x0000000087600000, 0x0000000087700000| Untracked 
| 119|0x0000000087700000, 0x0000000087800000, 0x0000000087800000|100%| O|  |TAMS 0x0000000087700000, 0x0000000087800000| Untracked 
| 120|0x0000000087800000, 0x0000000087900000, 0x0000000087900000|100%| O|  |TAMS 0x0000000087800000, 0x0000000087900000| Untracked 
| 121|0x0000000087900000, 0x0000000087a00000, 0x0000000087a00000|100%| O|  |TAMS 0x0000000087900000, 0x0000000087a00000| Untracked 
| 122|0x0000000087a00000, 0x0000000087b00000, 0x0000000087b00000|100%| O|  |TAMS 0x0000000087a00000, 0x0000000087b00000| Untracked 
| 123|0x0000000087b00000, 0x0000000087c00000, 0x0000000087c00000|100%| O|  |TAMS 0x0000000087b00000, 0x0000000087c00000| Untracked 
| 124|0x0000000087c00000, 0x0000000087d00000, 0x0000000087d00000|100%| O|  |TAMS 0x0000000087c00000, 0x0000000087d00000| Untracked 
| 125|0x0000000087d00000, 0x0000000087e00000, 0x0000000087e00000|100%| O|  |TAMS 0x0000000087d00000, 0x0000000087e00000| Untracked 
| 126|0x0000000087e00000, 0x0000000087f00000, 0x0000000087f00000|100%| O|  |TAMS 0x0000000087e00000, 0x0000000087f00000| Untracked 
| 127|0x0000000087f00000, 0x0000000088000000, 0x0000000088000000|100%| O|  |TAMS 0x0000000087f00000, 0x0000000088000000| Untracked 
| 128|0x0000000088000000, 0x0000000088100000, 0x0000000088100000|100%| O|  |TAMS 0x0000000088000000, 0x0000000088100000| Untracked 
| 129|0x0000000088100000, 0x0000000088200000, 0x0000000088200000|100%| O|  |TAMS 0x0000000088100000, 0x0000000088200000| Untracked 
| 130|0x0000000088200000, 0x0000000088300000, 0x0000000088300000|100%| O|  |TAMS 0x0000000088200000, 0x0000000088300000| Untracked 
| 131|0x0000000088300000, 0x0000000088400000, 0x0000000088400000|100%| O|  |TAMS 0x0000000088300000, 0x0000000088400000| Untracked 
| 132|0x0000000088400000, 0x0000000088500000, 0x0000000088500000|100%| O|  |TAMS 0x0000000088400000, 0x0000000088500000| Untracked 
| 133|0x0000000088500000, 0x0000000088600000, 0x0000000088600000|100%| O|  |TAMS 0x0000000088500000, 0x0000000088600000| Untracked 
| 134|0x0000000088600000, 0x0000000088700000, 0x0000000088700000|100%| O|  |TAMS 0x0000000088600000, 0x0000000088700000| Untracked 
| 135|0x0000000088700000, 0x0000000088800000, 0x0000000088800000|100%| O|  |TAMS 0x0000000088700000, 0x0000000088730200| Untracked 
| 136|0x0000000088800000, 0x0000000088900000, 0x0000000088900000|100%| O|  |TAMS 0x0000000088800000, 0x0000000088800000| Untracked 
| 137|0x0000000088900000, 0x0000000088a00000, 0x0000000088a00000|100%| O|  |TAMS 0x0000000088900000, 0x0000000088900000| Untracked 
| 138|0x0000000088a00000, 0x0000000088b00000, 0x0000000088b00000|100%| O|  |TAMS 0x0000000088a00000, 0x0000000088a00000| Untracked 
| 139|0x0000000088b00000, 0x0000000088c00000, 0x0000000088c00000|100%| O|  |TAMS 0x0000000088b00000, 0x0000000088b00000| Untracked 
| 140|0x0000000088c00000, 0x0000000088d00000, 0x0000000088d00000|100%| O|  |TAMS 0x0000000088c00000, 0x0000000088c00000| Untracked 
| 141|0x0000000088d00000, 0x0000000088d69800, 0x0000000088e00000| 41%| O|  |TAMS 0x0000000088d00000, 0x0000000088d00000| Untracked 
| 142|0x0000000088e00000, 0x0000000088e00000, 0x0000000088f00000|  0%| F|  |TAMS 0x0000000088e00000, 0x0000000088e00000| Untracked 
| 143|0x0000000088f00000, 0x0000000088f00000, 0x0000000089000000|  0%| F|  |TAMS 0x0000000088f00000, 0x0000000088f00000| Untracked 
| 144|0x0000000089000000, 0x0000000089000000, 0x0000000089100000|  0%| F|  |TAMS 0x0000000089000000, 0x0000000089000000| Untracked 
| 145|0x0000000089100000, 0x0000000089100000, 0x0000000089200000|  0%| F|  |TAMS 0x0000000089100000, 0x0000000089100000| Untracked 
| 146|0x0000000089200000, 0x0000000089200000, 0x0000000089300000|  0%| F|  |TAMS 0x0000000089200000, 0x0000000089200000| Untracked 
| 147|0x0000000089300000, 0x0000000089300000, 0x0000000089400000|  0%| F|  |TAMS 0x0000000089300000, 0x0000000089300000| Untracked 
| 148|0x0000000089400000, 0x0000000089400000, 0x0000000089500000|  0%| F|  |TAMS 0x0000000089400000, 0x0000000089400000| Untracked 
| 149|0x0000000089500000, 0x0000000089500000, 0x0000000089600000|  0%| F|  |TAMS 0x0000000089500000, 0x0000000089500000| Untracked 
| 150|0x0000000089600000, 0x0000000089600000, 0x0000000089700000|  0%| F|  |TAMS 0x0000000089600000, 0x0000000089600000| Untracked 
| 151|0x0000000089700000, 0x0000000089700000, 0x0000000089800000|  0%| F|  |TAMS 0x0000000089700000, 0x0000000089700000| Untracked 
| 152|0x0000000089800000, 0x0000000089800000, 0x0000000089900000|  0%| F|  |TAMS 0x0000000089800000, 0x0000000089800000| Untracked 
| 153|0x0000000089900000, 0x0000000089900000, 0x0000000089a00000|  0%| F|  |TAMS 0x0000000089900000, 0x0000000089900000| Untracked 
| 154|0x0000000089a00000, 0x0000000089b00000, 0x0000000089b00000|100%| O|  |TAMS 0x0000000089a00000, 0x0000000089b00000| Untracked 
| 155|0x0000000089b00000, 0x0000000089c00000, 0x0000000089c00000|100%| O|  |TAMS 0x0000000089b00000, 0x0000000089c00000| Untracked 
| 156|0x0000000089c00000, 0x0000000089d00000, 0x0000000089d00000|100%| O|  |TAMS 0x0000000089c00000, 0x0000000089d00000| Untracked 
| 157|0x0000000089d00000, 0x0000000089e00000, 0x0000000089e00000|100%| O|  |TAMS 0x0000000089d00000, 0x0000000089e00000| Untracked 
| 158|0x0000000089e00000, 0x0000000089f00000, 0x0000000089f00000|100%| O|  |TAMS 0x0000000089e00000, 0x0000000089f00000| Untracked 
| 159|0x0000000089f00000, 0x000000008a000000, 0x000000008a000000|100%| O|  |TAMS 0x0000000089f00000, 0x000000008a000000| Untracked 
| 160|0x000000008a000000, 0x000000008a100000, 0x000000008a100000|100%| O|  |TAMS 0x000000008a000000, 0x000000008a100000| Untracked 
| 161|0x000000008a100000, 0x000000008a200000, 0x000000008a200000|100%| O|  |TAMS 0x000000008a100000, 0x000000008a200000| Untracked 
| 162|0x000000008a200000, 0x000000008a300000, 0x000000008a300000|100%| O|  |TAMS 0x000000008a200000, 0x000000008a300000| Untracked 
| 163|0x000000008a300000, 0x000000008a400000, 0x000000008a400000|100%| O|  |TAMS 0x000000008a300000, 0x000000008a400000| Untracked 
| 164|0x000000008a400000, 0x000000008a500000, 0x000000008a500000|100%| O|  |TAMS 0x000000008a400000, 0x000000008a500000| Untracked 
| 165|0x000000008a500000, 0x000000008a600000, 0x000000008a600000|100%| O|  |TAMS 0x000000008a500000, 0x000000008a600000| Untracked 
| 166|0x000000008a600000, 0x000000008a700000, 0x000000008a700000|100%| O|  |TAMS 0x000000008a600000, 0x000000008a700000| Untracked 
| 167|0x000000008a700000, 0x000000008a700000, 0x000000008a800000|  0%| F|  |TAMS 0x000000008a700000, 0x000000008a700000| Untracked 
| 168|0x000000008a800000, 0x000000008a800000, 0x000000008a900000|  0%| F|  |TAMS 0x000000008a800000, 0x000000008a800000| Untracked 
| 169|0x000000008a900000, 0x000000008a900000, 0x000000008aa00000|  0%| F|  |TAMS 0x000000008a900000, 0x000000008a900000| Untracked 
| 170|0x000000008aa00000, 0x000000008aa00000, 0x000000008ab00000|  0%| F|  |TAMS 0x000000008aa00000, 0x000000008aa00000| Untracked 
| 171|0x000000008ab00000, 0x000000008ab00000, 0x000000008ac00000|  0%| F|  |TAMS 0x000000008ab00000, 0x000000008ab00000| Untracked 
| 172|0x000000008ac00000, 0x000000008ac00000, 0x000000008ad00000|  0%| F|  |TAMS 0x000000008ac00000, 0x000000008ac00000| Untracked 
| 173|0x000000008ad00000, 0x000000008ad00000, 0x000000008ae00000|  0%| F|  |TAMS 0x000000008ad00000, 0x000000008ad00000| Untracked 
| 174|0x000000008ae00000, 0x000000008ae00000, 0x000000008af00000|  0%| F|  |TAMS 0x000000008ae00000, 0x000000008ae00000| Untracked 
| 175|0x000000008af00000, 0x000000008af00000, 0x000000008b000000|  0%| F|  |TAMS 0x000000008af00000, 0x000000008af00000| Untracked 
| 176|0x000000008b000000, 0x000000008b000000, 0x000000008b100000|  0%| F|  |TAMS 0x000000008b000000, 0x000000008b000000| Untracked 
| 177|0x000000008b100000, 0x000000008b100000, 0x000000008b200000|  0%| F|  |TAMS 0x000000008b100000, 0x000000008b100000| Untracked 
| 178|0x000000008b200000, 0x000000008b200000, 0x000000008b300000|  0%| F|  |TAMS 0x000000008b200000, 0x000000008b200000| Untracked 
| 179|0x000000008b300000, 0x000000008b300000, 0x000000008b400000|  0%| F|  |TAMS 0x000000008b300000, 0x000000008b300000| Untracked 
| 180|0x000000008b400000, 0x000000008b400000, 0x000000008b500000|  0%| F|  |TAMS 0x000000008b400000, 0x000000008b400000| Untracked 
| 181|0x000000008b500000, 0x000000008b500000, 0x000000008b600000|  0%| F|  |TAMS 0x000000008b500000, 0x000000008b500000| Untracked 
| 182|0x000000008b600000, 0x000000008b600000, 0x000000008b700000|  0%| F|  |TAMS 0x000000008b600000, 0x000000008b600000| Untracked 
| 183|0x000000008b700000, 0x000000008b700000, 0x000000008b800000|  0%| F|  |TAMS 0x000000008b700000, 0x000000008b700000| Untracked 
| 184|0x000000008b800000, 0x000000008b800000, 0x000000008b900000|  0%| F|  |TAMS 0x000000008b800000, 0x000000008b800000| Untracked 
| 185|0x000000008b900000, 0x000000008b900000, 0x000000008ba00000|  0%| F|  |TAMS 0x000000008b900000, 0x000000008b900000| Untracked 
| 186|0x000000008ba00000, 0x000000008ba00000, 0x000000008bb00000|  0%| F|  |TAMS 0x000000008ba00000, 0x000000008ba00000| Untracked 
| 187|0x000000008bb00000, 0x000000008bb00000, 0x000000008bc00000|  0%| F|  |TAMS 0x000000008bb00000, 0x000000008bb00000| Untracked 
| 188|0x000000008bc00000, 0x000000008bc00000, 0x000000008bd00000|  0%| F|  |TAMS 0x000000008bc00000, 0x000000008bc00000| Untracked 
| 189|0x000000008bd00000, 0x000000008bd00000, 0x000000008be00000|  0%| F|  |TAMS 0x000000008bd00000, 0x000000008bd00000| Untracked 
| 190|0x000000008be00000, 0x000000008be00000, 0x000000008bf00000|  0%| F|  |TAMS 0x000000008be00000, 0x000000008be00000| Untracked 
| 191|0x000000008bf00000, 0x000000008bf00000, 0x000000008c000000|  0%| F|  |TAMS 0x000000008bf00000, 0x000000008bf00000| Untracked 
| 192|0x000000008c000000, 0x000000008c000000, 0x000000008c100000|  0%| F|  |TAMS 0x000000008c000000, 0x000000008c000000| Untracked 
| 193|0x000000008c100000, 0x000000008c100000, 0x000000008c200000|  0%| F|  |TAMS 0x000000008c100000, 0x000000008c100000| Untracked 
| 194|0x000000008c200000, 0x000000008c200000, 0x000000008c300000|  0%| F|  |TAMS 0x000000008c200000, 0x000000008c200000| Untracked 
| 195|0x000000008c300000, 0x000000008c300000, 0x000000008c400000|  0%| F|  |TAMS 0x000000008c300000, 0x000000008c300000| Untracked 
| 196|0x000000008c400000, 0x000000008c400000, 0x000000008c500000|  0%| F|  |TAMS 0x000000008c400000, 0x000000008c400000| Untracked 
| 197|0x000000008c500000, 0x000000008c500000, 0x000000008c600000|  0%| F|  |TAMS 0x000000008c500000, 0x000000008c500000| Untracked 
| 198|0x000000008c600000, 0x000000008c600000, 0x000000008c700000|  0%| F|  |TAMS 0x000000008c600000, 0x000000008c600000| Untracked 
| 199|0x000000008c700000, 0x000000008c700000, 0x000000008c800000|  0%| F|  |TAMS 0x000000008c700000, 0x000000008c700000| Untracked 
| 200|0x000000008c800000, 0x000000008c800000, 0x000000008c900000|  0%| F|  |TAMS 0x000000008c800000, 0x000000008c800000| Untracked 
| 201|0x000000008c900000, 0x000000008c900000, 0x000000008ca00000|  0%| F|  |TAMS 0x000000008c900000, 0x000000008c900000| Untracked 
| 202|0x000000008ca00000, 0x000000008ca00000, 0x000000008cb00000|  0%| F|  |TAMS 0x000000008ca00000, 0x000000008ca00000| Untracked 
| 203|0x000000008cb00000, 0x000000008cb00000, 0x000000008cc00000|  0%| F|  |TAMS 0x000000008cb00000, 0x000000008cb00000| Untracked 
| 204|0x000000008cc00000, 0x000000008cc00000, 0x000000008cd00000|  0%| F|  |TAMS 0x000000008cc00000, 0x000000008cc00000| Untracked 
| 205|0x000000008cd00000, 0x000000008cd00000, 0x000000008ce00000|  0%| F|  |TAMS 0x000000008cd00000, 0x000000008cd00000| Untracked 
| 206|0x000000008ce00000, 0x000000008ce00000, 0x000000008cf00000|  0%| F|  |TAMS 0x000000008ce00000, 0x000000008ce00000| Untracked 
| 207|0x000000008cf00000, 0x000000008cf00000, 0x000000008d000000|  0%| F|  |TAMS 0x000000008cf00000, 0x000000008cf00000| Untracked 
| 208|0x000000008d000000, 0x000000008d000000, 0x000000008d100000|  0%| F|  |TAMS 0x000000008d000000, 0x000000008d000000| Untracked 
| 209|0x000000008d100000, 0x000000008d100000, 0x000000008d200000|  0%| F|  |TAMS 0x000000008d100000, 0x000000008d100000| Untracked 
| 210|0x000000008d200000, 0x000000008d200000, 0x000000008d300000|  0%| F|  |TAMS 0x000000008d200000, 0x000000008d200000| Untracked 
| 211|0x000000008d300000, 0x000000008d300000, 0x000000008d400000|  0%| F|  |TAMS 0x000000008d300000, 0x000000008d300000| Untracked 
| 212|0x000000008d400000, 0x000000008d400000, 0x000000008d500000|  0%| F|  |TAMS 0x000000008d400000, 0x000000008d400000| Untracked 
| 213|0x000000008d500000, 0x000000008d500000, 0x000000008d600000|  0%| F|  |TAMS 0x000000008d500000, 0x000000008d500000| Untracked 
| 214|0x000000008d600000, 0x000000008d600000, 0x000000008d700000|  0%| F|  |TAMS 0x000000008d600000, 0x000000008d600000| Untracked 
| 215|0x000000008d700000, 0x000000008d700000, 0x000000008d800000|  0%| F|  |TAMS 0x000000008d700000, 0x000000008d700000| Untracked 
| 216|0x000000008d800000, 0x000000008d800000, 0x000000008d900000|  0%| F|  |TAMS 0x000000008d800000, 0x000000008d800000| Untracked 
| 217|0x000000008d900000, 0x000000008d900000, 0x000000008da00000|  0%| F|  |TAMS 0x000000008d900000, 0x000000008d900000| Untracked 
| 218|0x000000008da00000, 0x000000008da00000, 0x000000008db00000|  0%| F|  |TAMS 0x000000008da00000, 0x000000008da00000| Untracked 
| 219|0x000000008db00000, 0x000000008db00000, 0x000000008dc00000|  0%| F|  |TAMS 0x000000008db00000, 0x000000008db00000| Untracked 
| 220|0x000000008dc00000, 0x000000008dc00000, 0x000000008dd00000|  0%| F|  |TAMS 0x000000008dc00000, 0x000000008dc00000| Untracked 
| 221|0x000000008dd00000, 0x000000008dd00000, 0x000000008de00000|  0%| F|  |TAMS 0x000000008dd00000, 0x000000008dd00000| Untracked 
| 222|0x000000008de00000, 0x000000008de00000, 0x000000008df00000|  0%| F|  |TAMS 0x000000008de00000, 0x000000008de00000| Untracked 
| 223|0x000000008df00000, 0x000000008df00000, 0x000000008e000000|  0%| F|  |TAMS 0x000000008df00000, 0x000000008df00000| Untracked 
| 224|0x000000008e000000, 0x000000008e000000, 0x000000008e100000|  0%| F|  |TAMS 0x000000008e000000, 0x000000008e000000| Untracked 
| 225|0x000000008e100000, 0x000000008e1f3ed0, 0x000000008e200000| 95%| S|CS|TAMS 0x000000008e100000, 0x000000008e100000| Complete 
| 226|0x000000008e200000, 0x000000008e300000, 0x000000008e300000|100%| S|CS|TAMS 0x000000008e200000, 0x000000008e200000| Complete 
| 227|0x000000008e300000, 0x000000008e400000, 0x000000008e400000|100%| S|CS|TAMS 0x000000008e300000, 0x000000008e300000| Complete 
| 228|0x000000008e400000, 0x000000008e500000, 0x000000008e500000|100%| S|CS|TAMS 0x000000008e400000, 0x000000008e400000| Complete 
| 229|0x000000008e500000, 0x000000008e600000, 0x000000008e600000|100%| S|CS|TAMS 0x000000008e500000, 0x000000008e500000| Complete 
| 230|0x000000008e600000, 0x000000008e600000, 0x000000008e700000|  0%| F|  |TAMS 0x000000008e600000, 0x000000008e600000| Untracked 
| 231|0x000000008e700000, 0x000000008e700000, 0x000000008e800000|  0%| F|  |TAMS 0x000000008e700000, 0x000000008e700000| Untracked 
| 232|0x000000008e800000, 0x000000008e800000, 0x000000008e900000|  0%| F|  |TAMS 0x000000008e800000, 0x000000008e800000| Untracked 
| 233|0x000000008e900000, 0x000000008e900000, 0x000000008ea00000|  0%| F|  |TAMS 0x000000008e900000, 0x000000008e900000| Untracked 
| 234|0x000000008ea00000, 0x000000008ea00000, 0x000000008eb00000|  0%| F|  |TAMS 0x000000008ea00000, 0x000000008ea00000| Untracked 
| 235|0x000000008eb00000, 0x000000008eb00000, 0x000000008ec00000|  0%| F|  |TAMS 0x000000008eb00000, 0x000000008eb00000| Untracked 
| 236|0x000000008ec00000, 0x000000008ec00000, 0x000000008ed00000|  0%| F|  |TAMS 0x000000008ec00000, 0x000000008ec00000| Untracked 
| 237|0x000000008ed00000, 0x000000008ed00000, 0x000000008ee00000|  0%| F|  |TAMS 0x000000008ed00000, 0x000000008ed00000| Untracked 
| 238|0x000000008ee00000, 0x000000008ee00000, 0x000000008ef00000|  0%| F|  |TAMS 0x000000008ee00000, 0x000000008ee00000| Untracked 
| 239|0x000000008ef00000, 0x000000008ef00000, 0x000000008f000000|  0%| F|  |TAMS 0x000000008ef00000, 0x000000008ef00000| Untracked 
| 240|0x000000008f000000, 0x000000008f000000, 0x000000008f100000|  0%| F|  |TAMS 0x000000008f000000, 0x000000008f000000| Untracked 
| 241|0x000000008f100000, 0x000000008f100000, 0x000000008f200000|  0%| F|  |TAMS 0x000000008f100000, 0x000000008f100000| Untracked 
| 242|0x000000008f200000, 0x000000008f200000, 0x000000008f300000|  0%| F|  |TAMS 0x000000008f200000, 0x000000008f200000| Untracked 
| 243|0x000000008f300000, 0x000000008f300000, 0x000000008f400000|  0%| F|  |TAMS 0x000000008f300000, 0x000000008f300000| Untracked 
| 244|0x000000008f400000, 0x000000008f400000, 0x000000008f500000|  0%| F|  |TAMS 0x000000008f400000, 0x000000008f400000| Untracked 
| 245|0x000000008f500000, 0x000000008f500000, 0x000000008f600000|  0%| F|  |TAMS 0x000000008f500000, 0x000000008f500000| Untracked 
| 246|0x000000008f600000, 0x000000008f600000, 0x000000008f700000|  0%| F|  |TAMS 0x000000008f600000, 0x000000008f600000| Untracked 
| 247|0x000000008f700000, 0x000000008f700000, 0x000000008f800000|  0%| F|  |TAMS 0x000000008f700000, 0x000000008f700000| Untracked 
| 248|0x000000008f800000, 0x000000008f800000, 0x000000008f900000|  0%| F|  |TAMS 0x000000008f800000, 0x000000008f800000| Untracked 
| 249|0x000000008f900000, 0x000000008f900000, 0x000000008fa00000|  0%| F|  |TAMS 0x000000008f900000, 0x000000008f900000| Untracked 
| 250|0x000000008fa00000, 0x000000008fa00000, 0x000000008fb00000|  0%| F|  |TAMS 0x000000008fa00000, 0x000000008fa00000| Untracked 
| 251|0x000000008fb00000, 0x000000008fb00000, 0x000000008fc00000|  0%| F|  |TAMS 0x000000008fb00000, 0x000000008fb00000| Untracked 
| 252|0x000000008fc00000, 0x000000008fc00000, 0x000000008fd00000|  0%| F|  |TAMS 0x000000008fc00000, 0x000000008fc00000| Untracked 
| 253|0x000000008fd00000, 0x000000008fd00000, 0x000000008fe00000|  0%| F|  |TAMS 0x000000008fd00000, 0x000000008fd00000| Untracked 
| 254|0x000000008fe00000, 0x000000008fe00000, 0x000000008ff00000|  0%| F|  |TAMS 0x000000008fe00000, 0x000000008fe00000| Untracked 
| 255|0x000000008ff00000, 0x000000008ff00000, 0x0000000090000000|  0%| F|  |TAMS 0x000000008ff00000, 0x000000008ff00000| Untracked 
| 256|0x0000000090000000, 0x0000000090000000, 0x0000000090100000|  0%| F|  |TAMS 0x0000000090000000, 0x0000000090000000| Untracked 
| 257|0x0000000090100000, 0x0000000090100000, 0x0000000090200000|  0%| F|  |TAMS 0x0000000090100000, 0x0000000090100000| Untracked 
| 258|0x0000000090200000, 0x0000000090200000, 0x0000000090300000|  0%| F|  |TAMS 0x0000000090200000, 0x0000000090200000| Untracked 
| 259|0x0000000090300000, 0x0000000090300000, 0x0000000090400000|  0%| F|  |TAMS 0x0000000090300000, 0x0000000090300000| Untracked 
| 260|0x0000000090400000, 0x0000000090400000, 0x0000000090500000|  0%| F|  |TAMS 0x0000000090400000, 0x0000000090400000| Untracked 
| 261|0x0000000090500000, 0x0000000090500000, 0x0000000090600000|  0%| F|  |TAMS 0x0000000090500000, 0x0000000090500000| Untracked 
| 262|0x0000000090600000, 0x0000000090600000, 0x0000000090700000|  0%| F|  |TAMS 0x0000000090600000, 0x0000000090600000| Untracked 
| 263|0x0000000090700000, 0x0000000090700000, 0x0000000090800000|  0%| F|  |TAMS 0x0000000090700000, 0x0000000090700000| Untracked 
| 264|0x0000000090800000, 0x0000000090800000, 0x0000000090900000|  0%| F|  |TAMS 0x0000000090800000, 0x0000000090800000| Untracked 
| 265|0x0000000090900000, 0x0000000090900000, 0x0000000090a00000|  0%| F|  |TAMS 0x0000000090900000, 0x0000000090900000| Untracked 
| 266|0x0000000090a00000, 0x0000000090a00000, 0x0000000090b00000|  0%| F|  |TAMS 0x0000000090a00000, 0x0000000090a00000| Untracked 
| 267|0x0000000090b00000, 0x0000000090b00000, 0x0000000090c00000|  0%| F|  |TAMS 0x0000000090b00000, 0x0000000090b00000| Untracked 

Card table byte_map: [0x00000267fa330000,0x00000267fa730000] _byte_map_base: 0x00000267f9f30000

Marking Bits (Prev, Next): (CMBitMap*) 0x00000267e58881e0, (CMBitMap*) 0x00000267e58881a0
 Prev Bits: [0x00000267fcb30000, 0x00000267feb30000)
 Next Bits: [0x00000267fab30000, 0x00000267fcb30000)

Polling page: 0x00000267e58e0000

Metaspace:

Usage:
  Non-class:     93.97 MB used.
      Class:     14.33 MB used.
       Both:    108.30 MB used.

Virtual space:
  Non-class space:       96.00 MB reserved,      94.38 MB ( 98%) committed,  12 nodes.
      Class space:        1.00 GB reserved,      14.69 MB (  1%) committed,  1 nodes.
             Both:        1.09 GB reserved,     109.06 MB ( 10%) committed. 

Chunk freelists:
   Non-Class:  1.44 MB
       Class:  1.25 MB
        Both:  2.69 MB

MaxMetaspaceSize: unlimited
CompressedClassSpaceSize: 1.00 GB
Initial GC threshold: 21.00 MB
Current GC threshold: 109.06 MB
CDS: off
MetaspaceReclaimPolicy: balanced
 - commit_granule_bytes: 65536.
 - commit_granule_words: 8192.
 - virtual_space_node_default_size: 1048576.
 - enlarge_chunks_in_place: 1.
 - new_chunks_are_fully_committed: 0.
 - uncommit_free_chunks: 1.
 - use_allocation_guard: 0.
 - handle_deallocations: 1.


Internal statistics:

num_allocs_failed_limit: 9.
num_arena_births: 1166.
num_arena_deaths: 0.
num_vsnodes_births: 13.
num_vsnodes_deaths: 0.
num_space_committed: 1744.
num_space_uncommitted: 0.
num_chunks_returned_to_freelist: 9.
num_chunks_taken_from_freelist: 5327.
num_chunk_merges: 9.
num_chunk_splits: 3537.
num_chunks_enlarged: 2354.
num_purges: 0.
num_inconsistent_stats: 0.

CodeHeap 'non-profiled nmethods': size=120000Kb used=5343Kb max_used=5405Kb free=114656Kb
 bounds [0x00000267f1f80000, 0x00000267f24e0000, 0x00000267f94b0000]
CodeHeap 'profiled nmethods': size=120000Kb used=25246Kb max_used=25565Kb free=94753Kb
 bounds [0x00000267ea4b0000, 0x00000267ebdd0000, 0x00000267f19e0000]
CodeHeap 'non-nmethods': size=5760Kb used=2416Kb max_used=2453Kb free=3344Kb
 bounds [0x00000267f19e0000, 0x00000267f1c50000, 0x00000267f1f80000]
 total_blobs=15044 nmethods=14088 adapters=868
 compilation: enabled
              stopped_count=0, restarted_count=0
 full_count=0

Compilation events (20 events):
Event: 32.590 Thread 0x0000026782846ae0 16276       3       com.google.common.collect.ImmutableSet$RegularSetBuilderImpl::insertInHashTable (125 bytes)
Event: 32.591 Thread 0x0000026782846ae0 nmethod 16276 0x00000267ea84e790 code [0x00000267ea84ea00, 0x00000267ea84f3b8]
Event: 32.595 Thread 0x0000026782846ae0 16277       2       com.google.common.io.Closer::create (11 bytes)
Event: 32.595 Thread 0x0000026782846ae0 nmethod 16277 0x00000267eb85b990 code [0x00000267eb85bb40, 0x00000267eb85bde8]
Event: 32.595 Thread 0x0000026782846ae0 16279   !   2       com.google.common.io.Closer::close (91 bytes)
Event: 32.596 Thread 0x0000026782846ae0 nmethod 16279 0x00000267ea84df10 code [0x00000267ea84e100, 0x00000267ea84e518]
Event: 32.596 Thread 0x0000026782846ae0 16280       1       com.google.common.base.Absent::isPresent (2 bytes)
Event: 32.596 Thread 0x0000026782846ae0 nmethod 16280 0x00000267f2000d90 code [0x00000267f2000f20, 0x00000267f2000ff8]
Event: 32.596 Thread 0x0000026782846ae0 16278       2       com.google.common.io.Closer::<init> (28 bytes)
Event: 32.596 Thread 0x0000026782846ae0 nmethod 16278 0x00000267ea84d810 code [0x00000267ea84d9c0, 0x00000267ea84dde8]
Event: 32.596 Thread 0x0000026782846ae0 16281 %     3       com.android.tools.build.apkzlib.zip.ZFile::directFullyRead @ 56 (111 bytes)
Event: 32.598 Thread 0x0000026782846ae0 nmethod 16281% 0x00000267eba81490 code [0x00000267eba81740, 0x00000267eba823d8]
Event: 32.607 Thread 0x0000026782846ae0 16282       3       com.android.tools.build.apkzlib.zip.ZFile::directFullyRead (111 bytes)
Event: 32.608 Thread 0x0000026782846ae0 nmethod 16282 0x00000267eba80090 code [0x00000267eba80340, 0x00000267eba80f58]
Event: 32.646 Thread 0x0000026782846ae0 16284       2       sun.security.provider.AbstractDrbg::engineNextBytes (15 bytes)
Event: 32.646 Thread 0x0000026782846ae0 nmethod 16284 0x00000267eb85b390 code [0x00000267eb85b540, 0x00000267eb85b6b8]
Event: 32.646 Thread 0x0000026782846ae0 16285       2       java.security.DrbgParameters::nextBytes (11 bytes)
Event: 32.646 Thread 0x0000026782846ae0 nmethod 16285 0x00000267eba7fc90 code [0x00000267eba7fe20, 0x00000267eba7ff88]
Event: 32.648 Thread 0x0000026782846ae0 16286       2       com.google.common.collect.ImmutableMap::values (23 bytes)
Event: 32.649 Thread 0x0000026782846ae0 nmethod 16286 0x00000267eba7f890 code [0x00000267eba7fa40, 0x00000267eba7fc08]

GC Heap History (20 events):
Event: 22.321 GC heap after
{Heap after GC invocations=32 (full 0):
 garbage-first heap   total 164864K, used 86930K [0x0000000080000000, 0x0000000100000000)
  region size 1024K, 7 young (7168K), 7 survivors (7168K)
 Metaspace       used 87832K, committed 88512K, reserved 1130496K
  class space    used 12046K, committed 12352K, reserved 1048576K
}
Event: 22.690 GC heap before
{Heap before GC invocations=32 (full 0):
 garbage-first heap   total 164864K, used 128914K [0x0000000080000000, 0x0000000100000000)
  region size 1024K, 49 young (50176K), 7 survivors (7168K)
 Metaspace       used 88083K, committed 88768K, reserved 1130496K
  class space    used 12047K, committed 12352K, reserved 1048576K
}
Event: 22.698 GC heap after
{Heap after GC invocations=33 (full 0):
 garbage-first heap   total 274432K, used 89817K [0x0000000080000000, 0x0000000100000000)
  region size 1024K, 3 young (3072K), 3 survivors (3072K)
 Metaspace       used 88083K, committed 88768K, reserved 1130496K
  class space    used 12047K, committed 12352K, reserved 1048576K
}
Event: 25.842 GC heap before
{Heap before GC invocations=33 (full 0):
 garbage-first heap   total 274432K, used 222937K [0x0000000080000000, 0x0000000100000000)
  region size 1024K, 125 young (128000K), 3 survivors (3072K)
 Metaspace       used 92012K, committed 92736K, reserved 1130496K
  class space    used 12473K, committed 12800K, reserved 1048576K
}
Event: 25.864 GC heap after
{Heap after GC invocations=34 (full 0):
 garbage-first heap   total 274432K, used 120115K [0x0000000080000000, 0x0000000100000000)
  region size 1024K, 16 young (16384K), 16 survivors (16384K)
 Metaspace       used 92012K, committed 92736K, reserved 1130496K
  class space    used 12473K, committed 12800K, reserved 1048576K
}
Event: 27.743 GC heap before
{Heap before GC invocations=34 (full 0):
 garbage-first heap   total 274432K, used 231731K [0x0000000080000000, 0x0000000100000000)
  region size 1024K, 93 young (95232K), 16 survivors (16384K)
 Metaspace       used 94907K, committed 95680K, reserved 1138688K
  class space    used 12827K, committed 13184K, reserved 1048576K
}
Event: 27.764 GC heap after
{Heap after GC invocations=35 (full 0):
 garbage-first heap   total 274432K, used 129973K [0x0000000080000000, 0x0000000100000000)
  region size 1024K, 9 young (9216K), 9 survivors (9216K)
 Metaspace       used 94907K, committed 95680K, reserved 1138688K
  class space    used 12827K, committed 13184K, reserved 1048576K
}
Event: 28.227 GC heap before
{Heap before GC invocations=35 (full 0):
 garbage-first heap   total 274432K, used 205749K [0x0000000080000000, 0x0000000100000000)
  region size 1024K, 84 young (86016K), 9 survivors (9216K)
 Metaspace       used 98222K, committed 98944K, reserved 1138688K
  class space    used 13108K, committed 13440K, reserved 1048576K
}
Event: 28.241 GC heap after
{Heap after GC invocations=36 (full 0):
 garbage-first heap   total 274432K, used 138655K [0x0000000080000000, 0x0000000100000000)
  region size 1024K, 9 young (9216K), 9 survivors (9216K)
 Metaspace       used 98222K, committed 98944K, reserved 1138688K
  class space    used 13108K, committed 13440K, reserved 1048576K
}
Event: 28.719 GC heap before
{Heap before GC invocations=36 (full 0):
 garbage-first heap   total 274432K, used 210335K [0x0000000080000000, 0x0000000100000000)
  region size 1024K, 80 young (81920K), 9 survivors (9216K)
 Metaspace       used 99365K, committed 100096K, reserved 1138688K
  class space    used 13196K, committed 13504K, reserved 1048576K
}
Event: 28.730 GC heap after
{Heap after GC invocations=37 (full 0):
 garbage-first heap   total 274432K, used 144251K [0x0000000080000000, 0x0000000100000000)
  region size 1024K, 10 young (10240K), 10 survivors (10240K)
 Metaspace       used 99365K, committed 100096K, reserved 1138688K
  class space    used 13196K, committed 13504K, reserved 1048576K
}
Event: 29.607 GC heap before
{Heap before GC invocations=37 (full 0):
 garbage-first heap   total 274432K, used 213883K [0x0000000080000000, 0x0000000100000000)
  region size 1024K, 79 young (80896K), 10 survivors (10240K)
 Metaspace       used 100669K, committed 101376K, reserved 1138688K
  class space    used 13325K, committed 13632K, reserved 1048576K
}
Event: 29.614 GC heap after
{Heap after GC invocations=38 (full 0):
 garbage-first heap   total 274432K, used 141312K [0x0000000080000000, 0x0000000100000000)
  region size 1024K, 3 young (3072K), 3 survivors (3072K)
 Metaspace       used 100669K, committed 101376K, reserved 1138688K
  class space    used 13325K, committed 13632K, reserved 1048576K
}
Event: 30.825 GC heap before
{Heap before GC invocations=38 (full 0):
 garbage-first heap   total 274432K, used 218112K [0x0000000080000000, 0x0000000100000000)
  region size 1024K, 79 young (80896K), 3 survivors (3072K)
 Metaspace       used 104177K, committed 104960K, reserved 1146880K
  class space    used 13766K, committed 14144K, reserved 1048576K
}
Event: 30.835 GC heap after
{Heap after GC invocations=39 (full 0):
 garbage-first heap   total 274432K, used 145999K [0x0000000080000000, 0x0000000100000000)
  region size 1024K, 8 young (8192K), 8 survivors (8192K)
 Metaspace       used 104177K, committed 104960K, reserved 1146880K
  class space    used 13766K, committed 14144K, reserved 1048576K
}
Event: 31.697 GC heap before
{Heap before GC invocations=39 (full 0):
 garbage-first heap   total 274432K, used 220751K [0x0000000080000000, 0x0000000100000000)
  region size 1024K, 82 young (83968K), 8 survivors (8192K)
 Metaspace       used 107902K, committed 108736K, reserved 1146880K
  class space    used 14269K, committed 14656K, reserved 1048576K
}
Event: 31.709 GC heap after
{Heap after GC invocations=40 (full 0):
 garbage-first heap   total 274432K, used 151918K [0x0000000080000000, 0x0000000100000000)
  region size 1024K, 11 young (11264K), 11 survivors (11264K)
 Metaspace       used 107902K, committed 108736K, reserved 1146880K
  class space    used 14269K, committed 14656K, reserved 1048576K
}
Event: 32.228 GC heap before
{Heap before GC invocations=40 (full 0):
 garbage-first heap   total 274432K, used 222574K [0x0000000080000000, 0x0000000100000000)
  region size 1024K, 81 young (82944K), 11 survivors (11264K)
 Metaspace       used 108753K, committed 109632K, reserved 1146880K
  class space    used 14380K, committed 14784K, reserved 1048576K
}
Event: 32.246 GC heap after
{Heap after GC invocations=41 (full 0):
 garbage-first heap   total 274432K, used 158133K [0x0000000080000000, 0x0000000100000000)
  region size 1024K, 7 young (7168K), 7 survivors (7168K)
 Metaspace       used 108753K, committed 109632K, reserved 1146880K
  class space    used 14380K, committed 14784K, reserved 1048576K
}
Event: 32.657 GC heap before
{Heap before GC invocations=41 (full 0):
 garbage-first heap   total 274432K, used 194997K [0x0000000080000000, 0x0000000100000000)
  region size 1024K, 45 young (46080K), 7 survivors (7168K)
 Metaspace       used 110901K, committed 111680K, reserved 1146880K
  class space    used 14671K, committed 15040K, reserved 1048576K
}

Dll operation events (2 events):
Event: 0.018 Loaded shared library C:\Program Files\Android\Android Studio1\jbr\bin\java.dll
Event: 0.598 Loaded shared library C:\Program Files\Android\Android Studio1\jbr\bin\verify.dll

Deoptimization events (20 events):
Event: 32.369 Thread 0x000002678a726910 Uncommon trap: trap_request=0xffffffde fr.pc=0x00000267f2079fe8 relative=0x0000000000001aa8
Event: 32.369 Thread 0x000002678a726910 Uncommon trap: reason=class_check action=maybe_recompile pc=0x00000267f2079fe8 method=java.util.zip.InflaterInputStream.read([BII)I @ 100 c2
Event: 32.369 Thread 0x000002678a726910 DEOPT PACKING pc=0x00000267f2079fe8 sp=0x000000873e6fccc0
Event: 32.369 Thread 0x000002678a726910 DEOPT UNPACKING pc=0x00000267f1a369a3 sp=0x000000873e6fcd10 mode 2
Event: 32.498 Thread 0x000002678a726910 DEOPT PACKING pc=0x00000267eaf1c7ee sp=0x000000873e6fc990
Event: 32.498 Thread 0x000002678a726910 DEOPT UNPACKING pc=0x00000267f1a37143 sp=0x000000873e6fbde8 mode 0
Event: 32.548 Thread 0x0000026785344b60 DEOPT PACKING pc=0x00000267ebcf3c12 sp=0x00000087391fa700
Event: 32.548 Thread 0x0000026785344b60 DEOPT UNPACKING pc=0x00000267f1a37143 sp=0x00000087391f9c10 mode 0
Event: 32.575 Thread 0x000002678a726910 DEOPT PACKING pc=0x00000267eaf1c7ee sp=0x000000873e6fc900
Event: 32.575 Thread 0x000002678a726910 DEOPT UNPACKING pc=0x00000267f1a37143 sp=0x000000873e6fbd58 mode 0
Event: 32.622 Thread 0x000002678a726910 DEOPT PACKING pc=0x00000267eba6af6c sp=0x000000873e6fccd0
Event: 32.622 Thread 0x000002678a726910 DEOPT UNPACKING pc=0x00000267f1a37143 sp=0x000000873e6fc228 mode 0
Event: 32.630 Thread 0x0000026785344b60 Uncommon trap: trap_request=0xffffff45 fr.pc=0x00000267f23001cc relative=0x000000000000030c
Event: 32.630 Thread 0x0000026785344b60 Uncommon trap: reason=unstable_if action=reinterpret pc=0x00000267f23001cc method=com.google.common.collect.MapMakerInternalMap$Segment.getEntry(Ljava/lang/Object;I)Lcom/google/common/collect/MapMakerInternalMap$InternalEntry; @ 63 c2
Event: 32.630 Thread 0x0000026785344b60 DEOPT PACKING pc=0x00000267f23001cc sp=0x00000087391fa6d0
Event: 32.630 Thread 0x0000026785344b60 DEOPT UNPACKING pc=0x00000267f1a369a3 sp=0x00000087391fa688 mode 2
Event: 32.630 Thread 0x0000026785344b60 Uncommon trap: trap_request=0xffffff45 fr.pc=0x00000267f2335b6c relative=0x000000000000166c
Event: 32.630 Thread 0x0000026785344b60 Uncommon trap: reason=unstable_if action=reinterpret pc=0x00000267f2335b6c method=com.google.common.collect.MapMakerInternalMap$Segment.put(Ljava/lang/Object;ILjava/lang/Object;Z)Ljava/lang/Object; @ 92 c2
Event: 32.630 Thread 0x0000026785344b60 DEOPT PACKING pc=0x00000267f2335b6c sp=0x00000087391fa790
Event: 32.630 Thread 0x0000026785344b60 DEOPT UNPACKING pc=0x00000267f1a369a3 sp=0x00000087391fa728 mode 2

Classes unloaded (0 events):
No events

Classes redefined (0 events):
No events

Internal exceptions (20 events):
Event: 31.578 Thread 0x000002678a7238f0 Exception <a 'sun/nio/fs/WindowsException'{0x000000008d48d8a0}> (0x000000008d48d8a0) 
thrown [s\src\hotspot\share\prims\jni.cpp, line 517]
Event: 31.578 Thread 0x000002678a7238f0 Exception <a 'sun/nio/fs/WindowsException'{0x000000008d48e978}> (0x000000008d48e978) 
thrown [s\src\hotspot\share\prims\jni.cpp, line 517]
Event: 31.578 Thread 0x000002678a7238f0 Exception <a 'sun/nio/fs/WindowsException'{0x000000008d48ec30}> (0x000000008d48ec30) 
thrown [s\src\hotspot\share\prims\jni.cpp, line 517]
Event: 31.578 Thread 0x000002678a7238f0 Exception <a 'sun/nio/fs/WindowsException'{0x000000008d48ef80}> (0x000000008d48ef80) 
thrown [s\src\hotspot\share\prims\jni.cpp, line 517]
Event: 31.593 Thread 0x000002678a726910 Exception <a 'sun/nio/fs/WindowsException'{0x000000008d3d9338}> (0x000000008d3d9338) 
thrown [s\src\hotspot\share\prims\jni.cpp, line 517]
Event: 31.593 Thread 0x000002678a726910 Exception <a 'sun/nio/fs/WindowsException'{0x000000008d3d9608}> (0x000000008d3d9608) 
thrown [s\src\hotspot\share\prims\jni.cpp, line 517]
Event: 31.784 Thread 0x000002678a721740 Exception <a 'sun/nio/fs/WindowsException'{0x0000000090bf5770}> (0x0000000090bf5770) 
thrown [s\src\hotspot\share\prims\jni.cpp, line 517]
Event: 31.865 Thread 0x000002678a721740 Exception <a 'sun/nio/fs/WindowsException'{0x000000008f2bb170}> (0x000000008f2bb170) 
thrown [s\src\hotspot\share\prims\jni.cpp, line 517]
Event: 31.898 Thread 0x000002678a722a80 Exception <a 'sun/nio/fs/WindowsException'{0x000000008ee0de00}> (0x000000008ee0de00) 
thrown [s\src\hotspot\share\prims\jni.cpp, line 517]
Event: 31.898 Thread 0x000002678a722a80 Exception <a 'sun/nio/fs/WindowsException'{0x000000008ee0ec88}> (0x000000008ee0ec88) 
thrown [s\src\hotspot\share\prims\jni.cpp, line 517]
Event: 31.898 Thread 0x000002678a722a80 Exception <a 'sun/nio/fs/WindowsException'{0x000000008ee0ecf8}> (0x000000008ee0ecf8) 
thrown [s\src\hotspot\share\prims\jni.cpp, line 517]
Event: 31.899 Thread 0x000002678a722a80 Exception <a 'sun/nio/fs/WindowsException'{0x000000008ee33318}> (0x000000008ee33318) 
thrown [s\src\hotspot\share\prims\jni.cpp, line 517]
Event: 31.899 Thread 0x000002678a722a80 Exception <a 'sun/nio/fs/WindowsException'{0x000000008ee35378}> (0x000000008ee35378) 
thrown [s\src\hotspot\share\prims\jni.cpp, line 517]
Event: 31.914 Thread 0x000002678a722a80 Exception <a 'sun/nio/fs/WindowsException'{0x000000008ec709e8}> (0x000000008ec709e8) 
thrown [s\src\hotspot\share\prims\jni.cpp, line 517]
Event: 31.914 Thread 0x000002678a722a80 Exception <a 'sun/nio/fs/WindowsException'{0x000000008ec71890}> (0x000000008ec71890) 
thrown [s\src\hotspot\share\prims\jni.cpp, line 517]
Event: 31.914 Thread 0x000002678a722a80 Exception <a 'sun/nio/fs/WindowsException'{0x000000008ec71900}> (0x000000008ec71900) 
thrown [s\src\hotspot\share\prims\jni.cpp, line 517]
Event: 31.915 Thread 0x000002678a722a80 Exception <a 'sun/nio/fs/WindowsException'{0x000000008ec71cf0}> (0x000000008ec71cf0) 
thrown [s\src\hotspot\share\prims\jni.cpp, line 517]
Event: 32.201 Thread 0x0000026785344b60 Exception <a 'sun/nio/fs/WindowsException'{0x000000008c802518}> (0x000000008c802518) 
thrown [s\src\hotspot\share\prims\jni.cpp, line 517]
Event: 32.201 Thread 0x0000026785344b60 Exception <a 'sun/nio/fs/WindowsException'{0x000000008c802968}> (0x000000008c802968) 
thrown [s\src\hotspot\share\prims\jni.cpp, line 517]
Event: 32.370 Thread 0x0000026785344b60 Exception <a 'sun/nio/fs/WindowsException'{0x00000000902fcaf8}> (0x00000000902fcaf8) 
thrown [s\src\hotspot\share\prims\jni.cpp, line 517]

VM Operations (20 events):
Event: 30.621 Executing VM operation: HandshakeAllThreads done
Event: 30.825 Executing VM operation: G1CollectForAllocation
Event: 30.835 Executing VM operation: G1CollectForAllocation done
Event: 31.347 Executing VM operation: HandshakeAllThreads
Event: 31.347 Executing VM operation: HandshakeAllThreads done
Event: 31.351 Executing VM operation: HandshakeAllThreads
Event: 31.351 Executing VM operation: HandshakeAllThreads done
Event: 31.382 Executing VM operation: HandshakeAllThreads
Event: 31.382 Executing VM operation: HandshakeAllThreads done
Event: 31.468 Executing VM operation: ICBufferFull
Event: 31.468 Executing VM operation: ICBufferFull done
Event: 31.697 Executing VM operation: G1CollectForAllocation
Event: 31.709 Executing VM operation: G1CollectForAllocation done
Event: 32.227 Executing VM operation: G1CollectForAllocation
Event: 32.246 Executing VM operation: G1CollectForAllocation done
Event: 32.394 Executing VM operation: HandshakeAllThreads
Event: 32.394 Executing VM operation: HandshakeAllThreads done
Event: 32.490 Executing VM operation: HandshakeAllThreads
Event: 32.491 Executing VM operation: HandshakeAllThreads done
Event: 32.657 Executing VM operation: CollectForMetadataAllocation

Events (20 events):
Event: 31.662 loading class java/util/regex/Pattern$SliceU done
Event: 31.662 loading class sun/nio/fs/WindowsFileSystem$2
Event: 31.663 loading class sun/nio/fs/WindowsFileSystem$2 done
Event: 31.744 loading class java/nio/file/TempFileHelper
Event: 31.744 loading class java/nio/file/TempFileHelper done
Event: 31.765 loading class sun/nio/cs/US_ASCII$Decoder
Event: 31.766 loading class sun/nio/cs/US_ASCII$Decoder done
Event: 31.774 Thread 0x0000026789b7c7a0 Thread added: 0x0000026789b7c7a0
Event: 31.781 loading class java/io/SequenceInputStream
Event: 31.782 loading class java/io/SequenceInputStream done
Event: 31.922 loading class jdk/internal/reflect/UnsafeQualifiedBooleanFieldAccessorImpl
Event: 31.923 loading class jdk/internal/reflect/UnsafeQualifiedBooleanFieldAccessorImpl done
Event: 32.199 loading class java/nio/file/Files$2
Event: 32.199 loading class java/nio/file/Files$2 done
Event: 32.366 loading class java/util/Vector$1
Event: 32.366 loading class java/util/Vector$1 done
Event: 32.440 loading class java/io/UTFDataFormatException
Event: 32.441 loading class java/io/UTFDataFormatException done
Event: 32.599 loading class java/util/concurrent/RejectedExecutionException
Event: 32.600 loading class java/util/concurrent/RejectedExecutionException done


Dynamic libraries:
0x00007ff6f4d40000 - 0x00007ff6f4d4a000 	C:\Program Files\Android\Android Studio1\jbr\bin\java.exe
0x00007ffe2f2b0000 - 0x00007ffe2f4c4000 	C:\WINDOWS\SYSTEM32\ntdll.dll
0x00007ffe2d380000 - 0x00007ffe2d443000 	C:\WINDOWS\System32\KERNEL32.DLL
0x00007ffe2c950000 - 0x00007ffe2ccec000 	C:\WINDOWS\System32\KERNELBASE.dll
0x00007ffe29b40000 - 0x00007ffe29bd7000 	C:\WINDOWS\SYSTEM32\apphelp.dll
0x00007ffe2c6f0000 - 0x00007ffe2c801000 	C:\WINDOWS\System32\ucrtbase.dll
0x00007ffe215e0000 - 0x00007ffe215fb000 	C:\Program Files\Android\Android Studio1\jbr\bin\VCRUNTIME140.dll
0x00007ffe21540000 - 0x00007ffe21557000 	C:\Program Files\Android\Android Studio1\jbr\bin\jli.dll
0x00007ffe2efa0000 - 0x00007ffe2f14d000 	C:\WINDOWS\System32\USER32.dll
0x00007ffe140b0000 - 0x00007ffe1433e000 	C:\WINDOWS\WinSxS\amd64_microsoft.windows.common-controls_6595b64144ccf1df_6.0.22621.436_none_a94247dbc10d8414\COMCTL32.dll
0x00007ffe2c920000 - 0x00007ffe2c946000 	C:\WINDOWS\System32\win32u.dll
0x00007ffe2eb30000 - 0x00007ffe2ebd7000 	C:\WINDOWS\System32\msvcrt.dll
0x00007ffe2e980000 - 0x00007ffe2e9a9000 	C:\WINDOWS\System32\GDI32.dll
0x00007ffe2ccf0000 - 0x00007ffe2ce02000 	C:\WINDOWS\System32\gdi32full.dll
0x00007ffe2c810000 - 0x00007ffe2c8aa000 	C:\WINDOWS\System32\msvcp_win.dll
0x00007ffe2f150000 - 0x00007ffe2f182000 	C:\WINDOWS\System32\IMM32.DLL
0x00007ffe24090000 - 0x00007ffe2409c000 	C:\Program Files\Android\Android Studio1\jbr\bin\vcruntime140_1.dll
0x00007ffe026d0000 - 0x00007ffe0275d000 	C:\Program Files\Android\Android Studio1\jbr\bin\msvcp140.dll
0x00007ffdd7dc0000 - 0x00007ffdd8a2d000 	C:\Program Files\Android\Android Studio1\jbr\bin\server\jvm.dll
0x00007ffe2e450000 - 0x00007ffe2e4fe000 	C:\WINDOWS\System32\ADVAPI32.dll
0x00007ffe2ec30000 - 0x00007ffe2ecd4000 	C:\WINDOWS\System32\sechost.dll
0x00007ffe2e9b0000 - 0x00007ffe2eac5000 	C:\WINDOWS\System32\RPCRT4.dll
0x00007ffe255e0000 - 0x00007ffe255ea000 	C:\WINDOWS\SYSTEM32\VERSION.dll
0x00007ffe25da0000 - 0x00007ffe25dd4000 	C:\WINDOWS\SYSTEM32\WINMM.dll
0x00007ffe25e60000 - 0x00007ffe25e69000 	C:\WINDOWS\SYSTEM32\WSOCK32.dll
0x00007ffe2db00000 - 0x00007ffe2db71000 	C:\WINDOWS\System32\WS2_32.dll
0x00007ffe2b740000 - 0x00007ffe2b758000 	C:\WINDOWS\SYSTEM32\kernel.appcore.dll
0x00007ffe240c0000 - 0x00007ffe240ca000 	C:\Program Files\Android\Android Studio1\jbr\bin\jimage.dll
0x00007ffe20940000 - 0x00007ffe20b6e000 	C:\WINDOWS\SYSTEM32\DBGHELP.DLL
0x00007ffe2d540000 - 0x00007ffe2d8ca000 	C:\WINDOWS\System32\combase.dll
0x00007ffe2f190000 - 0x00007ffe2f267000 	C:\WINDOWS\System32\OLEAUT32.dll
0x00007ffe1e180000 - 0x00007ffe1e1b2000 	C:\WINDOWS\SYSTEM32\dbgcore.DLL
0x00007ffe2cf80000 - 0x00007ffe2cffb000 	C:\WINDOWS\System32\bcryptPrimitives.dll
0x00007ffe0af90000 - 0x00007ffe0afb5000 	C:\Program Files\Android\Android Studio1\jbr\bin\java.dll
0x00007ffe0af70000 - 0x00007ffe0af88000 	C:\Program Files\Android\Android Studio1\jbr\bin\zip.dll
0x00007ffe2dc00000 - 0x00007ffe2e3ef000 	C:\WINDOWS\System32\SHELL32.dll
0x00007ffe2a710000 - 0x00007ffe2afdc000 	C:\WINDOWS\SYSTEM32\windows.storage.dll
0x00007ffe2a5d0000 - 0x00007ffe2a70e000 	C:\WINDOWS\SYSTEM32\wintypes.dll
0x00007ffe2ece0000 - 0x00007ffe2edd1000 	C:\WINDOWS\System32\SHCORE.dll
0x00007ffe2d450000 - 0x00007ffe2d4ae000 	C:\WINDOWS\System32\shlwapi.dll
0x00007ffe2c620000 - 0x00007ffe2c641000 	C:\WINDOWS\SYSTEM32\profapi.dll
0x00007ffe0ae60000 - 0x00007ffe0ae79000 	C:\Program Files\Android\Android Studio1\jbr\bin\net.dll
0x00007ffe265c0000 - 0x00007ffe266ef000 	C:\WINDOWS\SYSTEM32\WINHTTP.dll
0x00007ffe2bbb0000 - 0x00007ffe2bc19000 	C:\WINDOWS\system32\mswsock.dll
0x00007ffe03380000 - 0x00007ffe03396000 	C:\Program Files\Android\Android Studio1\jbr\bin\nio.dll
0x00007ffe186a0000 - 0x00007ffe186b0000 	C:\Program Files\Android\Android Studio1\jbr\bin\verify.dll
0x00007ffe0f280000 - 0x00007ffe0f2a7000 	C:\Users\Aishwary Kumar Rai\.gradle\native\68d5fa5c4cc2d200863cafc0d521ce42e7d3e7ee720ec0a83991735586a16f82\windows-amd64\native-platform.dll
0x00007ffdefc50000 - 0x00007ffdefd94000 	C:\Users\Aishwary Kumar Rai\.gradle\native\e376f236ea51e6404a007f0833ffe2c6e607c4080706a723a18a27aeea778392\windows-amd64\native-platform-file-events.dll
0x00007ffe23880000 - 0x00007ffe23889000 	C:\Program Files\Android\Android Studio1\jbr\bin\management.dll
0x00007ffe21a70000 - 0x00007ffe21a7b000 	C:\Program Files\Android\Android Studio1\jbr\bin\management_ext.dll
0x00007ffe2d8d0000 - 0x00007ffe2d8d8000 	C:\WINDOWS\System32\PSAPI.DLL
0x00007ffe2be00000 - 0x00007ffe2be1b000 	C:\WINDOWS\SYSTEM32\CRYPTSP.dll
0x00007ffe2b6b0000 - 0x00007ffe2b6e5000 	C:\WINDOWS\system32\rsaenh.dll
0x00007ffe2bca0000 - 0x00007ffe2bcc8000 	C:\WINDOWS\SYSTEM32\USERENV.dll
0x00007ffe2bfc0000 - 0x00007ffe2bfe8000 	C:\WINDOWS\SYSTEM32\bcrypt.dll
0x00007ffe2be20000 - 0x00007ffe2be2c000 	C:\WINDOWS\SYSTEM32\CRYPTBASE.dll
0x00007ffe2b270000 - 0x00007ffe2b29d000 	C:\WINDOWS\SYSTEM32\IPHLPAPI.DLL
0x00007ffe2dae0000 - 0x00007ffe2dae9000 	C:\WINDOWS\System32\NSI.dll
0x00007ffe26190000 - 0x00007ffe261a9000 	C:\WINDOWS\SYSTEM32\dhcpcsvc6.DLL
0x00007ffe25de0000 - 0x00007ffe25dff000 	C:\WINDOWS\SYSTEM32\dhcpcsvc.DLL
0x00007ffe2b2a0000 - 0x00007ffe2b393000 	C:\WINDOWS\SYSTEM32\DNSAPI.dll
0x00007ffe11920000 - 0x00007ffe11928000 	C:\WINDOWS\system32\wshunix.dll
0x00007ffe2b760000 - 0x00007ffe2b794000 	C:\WINDOWS\SYSTEM32\ntmarta.dll

dbghelp: loaded successfully - version: 4.0.5 - missing functions: none
symbol engine: initialized successfully - sym options: 0x614 - pdb path: .;C:\Program Files\Android\Android Studio1\jbr\bin;C:\WINDOWS\SYSTEM32;C:\WINDOWS\WinSxS\amd64_microsoft.windows.common-controls_6595b64144ccf1df_6.0.22621.436_none_a94247dbc10d8414;C:\Program Files\Android\Android Studio1\jbr\bin\server;C:\Users\Aishwary Kumar Rai\.gradle\native\68d5fa5c4cc2d200863cafc0d521ce42e7d3e7ee720ec0a83991735586a16f82\windows-amd64;C:\Users\Aishwary Kumar Rai\.gradle\native\e376f236ea51e6404a007f0833ffe2c6e607c4080706a723a18a27aeea778392\windows-amd64

VM Arguments:
jvm_args: --add-opens=java.base/java.util=ALL-UNNAMED --add-opens=java.base/java.lang=ALL-UNNAMED --add-opens=java.base/java.lang.invoke=ALL-UNNAMED --add-opens=java.prefs/java.util.prefs=ALL-UNNAMED --add-opens=java.base/java.nio.charset=ALL-UNNAMED --add-opens=java.base/java.net=ALL-UNNAMED --add-opens=java.base/java.util.concurrent.atomic=ALL-UNNAMED -Xmx2048m -Dfile.encoding=UTF-8 -Duser.country=IN -Duser.language=en -Duser.variant 
java_command: org.gradle.launcher.daemon.bootstrap.GradleDaemon 8.0
java_class_path (initial): C:\Users\Aishwary Kumar Rai\.gradle\wrapper\dists\gradle-8.0-bin\ca5e32bp14vu59qr306oxotwh\gradle-8.0\lib\gradle-launcher-8.0.jar
Launcher Type: SUN_STANDARD

[Global flags]
     intx CICompilerCount                          = 4                                         {product} {ergonomic}
     uint ConcGCThreads                            = 2                                         {product} {ergonomic}
     uint G1ConcRefinementThreads                  = 8                                         {product} {ergonomic}
   size_t G1HeapRegionSize                         = 1048576                                   {product} {ergonomic}
    uintx GCDrainStackTargetSize                   = 64                                        {product} {ergonomic}
   size_t InitialHeapSize                          = 100663296                                 {product} {ergonomic}
   size_t MarkStackSize                            = 4194304                                   {product} {ergonomic}
   size_t MaxHeapSize                              = 2147483648                                {product} {command line}
   size_t MaxNewSize                               = 1287651328                                {product} {ergonomic}
   size_t MinHeapDeltaBytes                        = 1048576                                   {product} {ergonomic}
   size_t MinHeapSize                              = 8388608                                   {product} {ergonomic}
    uintx NonNMethodCodeHeapSize                   = 5839372                                {pd product} {ergonomic}
    uintx NonProfiledCodeHeapSize                  = 122909434                              {pd product} {ergonomic}
    uintx ProfiledCodeHeapSize                     = 122909434                              {pd product} {ergonomic}
    uintx ReservedCodeCacheSize                    = 251658240                              {pd product} {ergonomic}
     bool SegmentedCodeCache                       = true                                      {product} {ergonomic}
   size_t SoftMaxHeapSize                          = 2147483648                             {manageable} {ergonomic}
     bool UseCompressedClassPointers               = true                           {product lp64_product} {ergonomic}
     bool UseCompressedOops                        = true                           {product lp64_product} {ergonomic}
     bool UseG1GC                                  = true                                      {product} {ergonomic}
     bool UseLargePagesIndividualAllocation        = false                                  {pd product} {ergonomic}

Logging:
Log output configuration:
 #0: stdout all=warning uptime,level,tags
 #1: stderr all=off uptime,level,tags

Environment Variables:
PATH=C:\Program Files (x86)\Common Files\Oracle\Java\javapath;C:\oraclexe\app\oracle\product\10.2.0\server\bin;C:\WINDOWS\system32;C:\WINDOWS;C:\WINDOWS\System32\Wbem;C:\WINDOWS\System32\WindowsPowerShell\v1.0\;C:\WINDOWS\System32\OpenSSH\;C:\Program Files\Java\jdk1.8.0_172\bin;C:\Program Files\Java\jdk1.8.0_321\bin;C:\Program Files\Git\cmd;C:\Program Files\Java\jdk1.8.0_172\bin;C:\Users\Aishwary Kumar Rai\AppData\Local\Programs\Microsoft VS Code\bin;C:\Users\Aishwary Kumar Rai\AppData\Local\Microsoft\WindowsApps;
USERNAME=Aishwary Kumar Rai
OS=Windows_NT
PROCESSOR_IDENTIFIER=AMD64 Family 23 Model 24 Stepping 1, AuthenticAMD
TMP=C:\Users\AISHWA~1\AppData\Local\Temp
TEMP=C:\Users\AISHWA~1\AppData\Local\Temp



---------------  S Y S T E M  ---------------

OS:
 Windows 11 , 64 bit Build 22621 (10.0.22621.1245)
OS uptime: 25 days 17:16 hours

CPU: total 8 (initial active 8) (8 cores per cpu, 2 threads per core) family 23 model 24 stepping 1 microcode 0x0, cx8, cmov, fxsr, ht, mmx, 3dnowpref, sse, sse2, sse3, ssse3, sse4a, sse4.1, sse4.2, popcnt, lzcnt, tsc, tscinvbit, avx, avx2, aes, clmul, bmi1, bmi2, adx, sha, fma, vzeroupper, clflush, clflushopt

Memory: 4k page, system-wide physical 6020M (232M free)
TotalPageFile size 24452M (AvailPageFile size 60M)
current process WorkingSet (physical memory assigned to process): 411M, peak: 458M
current process commit charge ("private bytes"): 590M, peak: 648M

vm_info: OpenJDK 64-Bit Server VM (17.0.6+0-b2043.56-9586694) for windows-amd64 JRE (17.0.6+0-b2043.56-9586694), built on Feb  9 2023 20:06:20 by "androidbuild" with MS VC++ 16.10 / 16.11 (VS2019)

END.
