#
# There is insufficient memory for the Java Runtime Environment to continue.
# Native memory allocation (mmap) failed to map 41943040 bytes for G1 virtual space
# Possible reasons:
#   The system is out of physical RAM or swap space
#   The process is running with CompressedOops enabled, and the Java Heap may be blocking the growth of the native heap
# Possible solutions:
#   Reduce memory load on the system
#   Increase physical memory or swap space
#   Check if swap backing store is full
#   Decrease Java heap size (-Xmx/-Xms)
#   Decrease number of Java threads
#   Decrease Java thread stack sizes (-Xss)
#   Set larger code cache with -XX:ReservedCodeCacheSize=
#   JVM is running with Unscaled Compressed Oops mode in which the Java heap is
#     placed in the first 4GB address space. The Java Heap base address is the
#     maximum limit for the native heap growth. Please use -XX:HeapBaseMinAddress
#     to set the Java Heap base and to place the Java Heap above 4GB virtual address.
# This output file may be truncated or incomplete.
#
#  Out of Memory Error (os_windows.cpp:3769), pid=43852, tid=43760
#
# JRE version: OpenJDK Runtime Environment (17.0.6) (build 17.0.6+0-b2043.56-9586694)
# Java VM: OpenJDK 64-Bit Server VM (17.0.6+0-b2043.56-9586694, mixed mode, tiered, compressed oops, compressed class ptrs, g1 gc, windows-amd64)
# No core dump will be written. Minidumps are not enabled by default on client versions of Windows
#

---------------  S U M M A R Y ------------

Command Line: --add-opens=java.base/java.util=ALL-UNNAMED --add-opens=java.base/java.lang=ALL-UNNAMED --add-opens=java.base/java.lang.invoke=ALL-UNNAMED --add-opens=java.prefs/java.util.prefs=ALL-UNNAMED --add-opens=java.base/java.nio.charset=ALL-UNNAMED --add-opens=java.base/java.net=ALL-UNNAMED --add-opens=java.base/java.util.concurrent.atomic=ALL-UNNAMED -Xmx2048m -Dfile.encoding=UTF-8 -Duser.country=IN -Duser.language=en -Duser.variant org.gradle.launcher.daemon.bootstrap.GradleDaemon 8.0

Host: AMD Ryzen 5 3450U with Radeon Vega Mobile Gfx  , 8 cores, 5G,  Windows 11 , 64 bit Build 22621 (10.0.22621.1245)
Time: Mon Jun 12 17:25:05 2023 India Standard Time elapsed time: 20.282396 seconds (0d 0h 0m 20s)

---------------  T H R E A D  ---------------

Current thread (0x000001f29c36a960):  VMThread "VM Thread" [stack: 0x0000003a7a300000,0x0000003a7a400000] [id=43760]

Stack: [0x0000003a7a300000,0x0000003a7a400000]
Native frames: (J=compiled Java code, j=interpreted, Vv=VM code, C=native code)
V  [jvm.dll+0x683b4a]
V  [jvm.dll+0x842654]
V  [jvm.dll+0x843dfe]
V  [jvm.dll+0x844463]
V  [jvm.dll+0x249b75]
V  [jvm.dll+0x680a19]
V  [jvm.dll+0x674f0a]
V  [jvm.dll+0x309acb]
V  [jvm.dll+0x310f86]
V  [jvm.dll+0x3608ee]
V  [jvm.dll+0x360b1f]
V  [jvm.dll+0x2dfbf8]
V  [jvm.dll+0x2e2ce6]
V  [jvm.dll+0x2ed478]
V  [jvm.dll+0x322150]
V  [jvm.dll+0x84893b]
V  [jvm.dll+0x849674]
V  [jvm.dll+0x849b8d]
V  [jvm.dll+0x849f64]
V  [jvm.dll+0x84a030]
V  [jvm.dll+0x7f25fa]
V  [jvm.dll+0x682985]
C  [ucrtbase.dll+0x29363]
C  [KERNEL32.DLL+0x126bd]
C  [ntdll.dll+0x5dfb8]

VM_Operation (0x0000003a79fff7a0): G1Concurrent, mode: safepoint, requested by thread 0x000001f282596540


---------------  P R O C E S S  ---------------

Threads class SMR info:
_java_thread_list=0x000001f2a5e8cb70, length=145, elements={
0x000001f282526e90, 0x000001f29cc13260, 0x000001f29cc13e10, 0x000001f29c37f6a0,
0x000001f29c382160, 0x000001f29c382b10, 0x000001f29c3834c0, 0x000001f29cc37850,
0x000001f29cc41170, 0x000001f29cc41a70, 0x000001f29cddc880, 0x000001f29cdda6d0,
0x000001f29cddb070, 0x000001f29cddb540, 0x000001f29cdda200, 0x000001f29cdd9390,
0x000001f29cddc3b0, 0x000001f29cddaba0, 0x000001f29cddba10, 0x000001f29cdd9860,
0x000001f29cddbee0, 0x000001f29ddc9f20, 0x000001f29ddc9580, 0x000001f29ddc5bc0,
0x000001f29ddca3f0, 0x000001f29ddc90b0, 0x000001f29ddc4880, 0x000001f29ddc5220,
0x000001f29ddc78a0, 0x000001f29ddc6090, 0x000001f29ddc3070, 0x000001f29ddc56f0,
0x000001f29ddca8c0, 0x000001f29ddc8240, 0x000001f29ddc6560, 0x000001f29ddc6a30,
0x000001f29ddc3540, 0x000001f29ddc3a10, 0x000001f29ddc3ee0, 0x000001f29ddc73d0,
0x000001f29ddc8710, 0x000001f29ddc6f00, 0x000001f29ddc4d50, 0x000001f29ddc7d70,
0x000001f2a13c1210, 0x000001f2a13c2a20, 0x000001f2a13c0870, 0x000001f2a13c5a40,
0x000001f2a13c03a0, 0x000001f2a13c50a0, 0x000001f2a13c68b0, 0x000001f2a13c5f10,
0x000001f2a13c0d40, 0x000001f2a13c3890, 0x000001f2a13bfed0, 0x000001f2a13bfa00,
0x000001f2a13c63e0, 0x000001f2a13c1bb0, 0x000001f2a13c16e0, 0x000001f2a13bf530,
0x000001f2a13c2080, 0x000001f2a13c2ef0, 0x000001f2a13c33c0, 0x000001f2a13bf060,
0x000001f2a13c2550, 0x000001f2a13c3d60, 0x000001f2a13c4230, 0x000001f2a13c4700,
0x000001f2a13c4bd0, 0x000001f2a13c5570, 0x000001f2a19830a0, 0x000001f2a1980ef0,
0x000001f2a19813c0, 0x000001f2a197ed40, 0x000001f2a1983570, 0x000001f2a1982700,
0x000001f2a1983a40, 0x000001f2a1983f10, 0x000001f2a19843e0, 0x000001f2a197f6e0,
0x000001f2a1981890, 0x000001f2a19848b0, 0x000001f2a1981d60, 0x000001f2a1984d80,
0x000001f2a197d530, 0x000001f2a197da00, 0x000001f2a1980550, 0x000001f2a1980a20,
0x000001f2a1982230, 0x000001f2a1980080, 0x000001f2a197ded0, 0x000001f2a197e3a0,
0x000001f2a197e870, 0x000001f2a1982bd0, 0x000001f2a197f210, 0x000001f2a197fbb0,
0x000001f2a18af2e0, 0x000001f2a18b0620, 0x000001f2a18b6190, 0x000001f2a18b0150,
0x000001f2a18b0af0, 0x000001f2a18b27d0, 0x000001f2a18b3170, 0x000001f2a18b3640,
0x000001f2a18b6660, 0x000001f2a18aee10, 0x000001f2a18b1e30, 0x000001f2a18b0fc0,
0x000001f2a18af7b0, 0x000001f2a18b3b10, 0x000001f2a18b1490, 0x000001f2a18b2300,
0x000001f2a18b1960, 0x000001f2a18b2ca0, 0x000001f2a18b3fe0, 0x000001f2a18afc80,
0x000001f2a18b4980, 0x000001f2a18b57f0, 0x000001f2a18b44b0, 0x000001f2a18b4e50,
0x000001f2a18b5320, 0x000001f2a18b5cc0, 0x000001f2a16908e0, 0x000001f2a1691c20,
0x000001f2a1696920, 0x000001f2a168ff40, 0x000001f2a1695ab0, 0x000001f2a1694c40,
0x000001f2a1697790, 0x000001f2a1690410, 0x000001f2a16920f0, 0x000001f2a1691280,
0x000001f2a16925c0, 0x000001f2a1692a90, 0x000001f29fc37240, 0x000001f2a47485e0,
0x000001f29cdd9d30, 0x000001f2a4749450, 0x000001f29cddcd50, 0x000001f29fbb09f0,
0x000001f29fbb0ec0, 0x000001f29fbb0520, 0x000001f2a1692f60, 0x000001f2a63ff860,
0x000001f2a63ffd30
}

Java Threads: ( => current thread )
  0x000001f282526e90 JavaThread "main" [_thread_blocked, id=5920, stack(0x0000003a79d00000,0x0000003a79e00000)]
  0x000001f29cc13260 JavaThread "Reference Handler" daemon [_thread_blocked, id=39772, stack(0x0000003a7a400000,0x0000003a7a500000)]
  0x000001f29cc13e10 JavaThread "Finalizer" daemon [_thread_blocked, id=41896, stack(0x0000003a7a500000,0x0000003a7a600000)]
  0x000001f29c37f6a0 JavaThread "Signal Dispatcher" daemon [_thread_blocked, id=34904, stack(0x0000003a7a600000,0x0000003a7a700000)]
  0x000001f29c382160 JavaThread "Attach Listener" daemon [_thread_blocked, id=48112, stack(0x0000003a7a700000,0x0000003a7a800000)]
  0x000001f29c382b10 JavaThread "Service Thread" daemon [_thread_blocked, id=4228, stack(0x0000003a7a800000,0x0000003a7a900000)]
  0x000001f29c3834c0 JavaThread "Monitor Deflation Thread" daemon [_thread_blocked, id=28928, stack(0x0000003a7a900000,0x0000003a7aa00000)]
  0x000001f29cc37850 JavaThread "C2 CompilerThread0" daemon [_thread_blocked, id=40972, stack(0x0000003a7aa00000,0x0000003a7ab00000)]
  0x000001f29cc41170 JavaThread "C1 CompilerThread0" daemon [_thread_blocked, id=28500, stack(0x0000003a7ab00000,0x0000003a7ac00000)]
  0x000001f29cc41a70 JavaThread "Sweeper thread" daemon [_thread_blocked, id=44932, stack(0x0000003a7ac00000,0x0000003a7ad00000)]
  0x000001f29cddc880 JavaThread "Common-Cleaner" daemon [_thread_blocked, id=27420, stack(0x0000003a7ad00000,0x0000003a7ae00000)]
  0x000001f29cdda6d0 JavaThread "Notification Thread" daemon [_thread_blocked, id=14132, stack(0x0000003a7ae00000,0x0000003a7af00000)]
  0x000001f29cddb070 JavaThread "Daemon health stats" [_thread_blocked, id=15372, stack(0x0000003a7b400000,0x0000003a7b500000)]
  0x000001f29cddb540 JavaThread "Incoming local TCP Connector on port 65329" [_thread_in_native, id=43956, stack(0x0000003a7b500000,0x0000003a7b600000)]
  0x000001f29cdda200 JavaThread "Daemon periodic checks" [_thread_blocked, id=34836, stack(0x0000003a7b600000,0x0000003a7b700000)]
  0x000001f29cdd9390 JavaThread "Daemon" [_thread_blocked, id=38872, stack(0x0000003a7b700000,0x0000003a7b800000)]
  0x000001f29cddc3b0 JavaThread "Handler for socket connection from /127.0.0.1:65329 to /127.0.0.1:65330" [_thread_in_native, id=39100, stack(0x0000003a7b800000,0x0000003a7b900000)]
  0x000001f29cddaba0 JavaThread "Cancel handler" [_thread_blocked, id=38612, stack(0x0000003a7b900000,0x0000003a7ba00000)]
  0x000001f29cddba10 JavaThread "Daemon worker" [_thread_blocked, id=48636, stack(0x0000003a7ba00000,0x0000003a7bb00000)]
  0x000001f29cdd9860 JavaThread "Asynchronous log dispatcher for DefaultDaemonConnection: socket connection from /127.0.0.1:65329 to /127.0.0.1:65330" [_thread_blocked, id=41380, stack(0x0000003a7bb00000,0x0000003a7bc00000)]
  0x000001f29cddbee0 JavaThread "Stdin handler" [_thread_blocked, id=5892, stack(0x0000003a7bc00000,0x0000003a7bd00000)]
  0x000001f29ddc9f20 JavaThread "Daemon client event forwarder" [_thread_blocked, id=35932, stack(0x0000003a7bd00000,0x0000003a7be00000)]
  0x000001f29ddc9580 JavaThread "Cache worker for journal cache (C:\Users\Aishwary Kumar Rai\.gradle\caches\journal-1)" [_thread_blocked, id=15864, stack(0x0000003a7c200000,0x0000003a7c300000)]
  0x000001f29ddc5bc0 JavaThread "File lock request listener" [_thread_in_native, id=6044, stack(0x0000003a7c300000,0x0000003a7c400000)]
  0x000001f29ddca3f0 JavaThread "Cache worker for file hash cache (C:\Users\Aishwary Kumar Rai\.gradle\caches\8.0\fileHashes)" [_thread_blocked, id=18240, stack(0x0000003a7c400000,0x0000003a7c500000)]
  0x000001f29ddc90b0 JavaThread "File watcher server" daemon [_thread_blocked, id=48140, stack(0x0000003a7c500000,0x0000003a7c600000)]
  0x000001f29ddc4880 JavaThread "File watcher consumer" daemon [_thread_blocked, id=39764, stack(0x0000003a7c600000,0x0000003a7c700000)]
  0x000001f29ddc5220 JavaThread "Cache worker for checksums cache (C:\Users\Aishwary Kumar Rai\DocuMed\.gradle\8.0\checksums)" [_thread_blocked, id=11356, stack(0x0000003a7c700000,0x0000003a7c800000)]
  0x000001f29ddc78a0 JavaThread "Cache worker for cache directory md-rule (C:\Users\Aishwary Kumar Rai\.gradle\caches\8.0\md-rule)" [_thread_blocked, id=47996, stack(0x0000003a7c800000,0x0000003a7c900000)]
  0x000001f29ddc6090 JavaThread "Cache worker for file content cache (C:\Users\Aishwary Kumar Rai\.gradle\caches\8.0\fileContent)" [_thread_blocked, id=26352, stack(0x0000003a7c900000,0x0000003a7ca00000)]
  0x000001f29ddc3070 JavaThread "Cache worker for file hash cache (C:\Users\Aishwary Kumar Rai\DocuMed\.gradle\8.0\fileHashes)" [_thread_blocked, id=48432, stack(0x0000003a7ca00000,0x0000003a7cb00000)]
  0x000001f29ddc56f0 JavaThread "Cache worker for cache directory md-supplier (C:\Users\Aishwary Kumar Rai\.gradle\caches\8.0\md-supplier)" [_thread_blocked, id=44232, stack(0x0000003a7cb00000,0x0000003a7cc00000)]
  0x000001f29ddca8c0 JavaThread "Cache worker for execution history cache (C:\Users\Aishwary Kumar Rai\.gradle\caches\8.0\executionHistory)" [_thread_blocked, id=36816, stack(0x0000003a7cc00000,0x0000003a7cd00000)]
  0x000001f29ddc8240 JavaThread "jar transforms" [_thread_blocked, id=48284, stack(0x0000003a7cd00000,0x0000003a7ce00000)]
  0x000001f29ddc6560 JavaThread "jar transforms Thread 2" [_thread_blocked, id=42256, stack(0x0000003a7ce00000,0x0000003a7cf00000)]
  0x000001f29ddc6a30 JavaThread "jar transforms Thread 3" [_thread_blocked, id=45164, stack(0x0000003a7cf00000,0x0000003a7d000000)]
  0x000001f29ddc3540 JavaThread "jar transforms Thread 4" [_thread_blocked, id=41644, stack(0x0000003a7d000000,0x0000003a7d100000)]
  0x000001f29ddc3a10 JavaThread "Cache worker for dependencies-accessors (C:\Users\Aishwary Kumar Rai\DocuMed\.gradle\8.0\dependencies-accessors)" [_thread_blocked, id=39056, stack(0x0000003a7d100000,0x0000003a7d200000)]
  0x000001f29ddc3ee0 JavaThread "jar transforms Thread 5" [_thread_blocked, id=34084, stack(0x0000003a7d200000,0x0000003a7d300000)]
  0x000001f29ddc73d0 JavaThread "Cache worker for Build Output Cleanup Cache (C:\Users\Aishwary Kumar Rai\DocuMed\.gradle\buildOutputCleanup)" [_thread_blocked, id=37872, stack(0x0000003a7d300000,0x0000003a7d400000)]
  0x000001f29ddc8710 JavaThread "Unconstrained build operations" [_thread_blocked, id=2260, stack(0x0000003a7d400000,0x0000003a7d500000)]
  0x000001f29ddc6f00 JavaThread "Unconstrained build operations Thread 2" [_thread_blocked, id=11764, stack(0x0000003a7d500000,0x0000003a7d600000)]
  0x000001f29ddc4d50 JavaThread "Unconstrained build operations Thread 3" [_thread_blocked, id=47136, stack(0x0000003a7d600000,0x0000003a7d700000)]
  0x000001f29ddc7d70 JavaThread "Unconstrained build operations Thread 4" [_thread_blocked, id=42844, stack(0x0000003a7d700000,0x0000003a7d800000)]
  0x000001f2a13c1210 JavaThread "Unconstrained build operations Thread 5" [_thread_blocked, id=5656, stack(0x0000003a7d800000,0x0000003a7d900000)]
  0x000001f2a13c2a20 JavaThread "Unconstrained build operations Thread 6" [_thread_blocked, id=43176, stack(0x0000003a7d900000,0x0000003a7da00000)]
  0x000001f2a13c0870 JavaThread "Unconstrained build operations Thread 7" [_thread_blocked, id=45240, stack(0x0000003a7da00000,0x0000003a7db00000)]
  0x000001f2a13c5a40 JavaThread "Unconstrained build operations Thread 8" [_thread_blocked, id=24552, stack(0x0000003a7db00000,0x0000003a7dc00000)]
  0x000001f2a13c03a0 JavaThread "Unconstrained build operations Thread 9" [_thread_blocked, id=17532, stack(0x0000003a7dc00000,0x0000003a7dd00000)]
  0x000001f2a13c50a0 JavaThread "Unconstrained build operations Thread 10" [_thread_blocked, id=27640, stack(0x0000003a7dd00000,0x0000003a7de00000)]
  0x000001f2a13c68b0 JavaThread "Unconstrained build operations Thread 11" [_thread_blocked, id=12716, stack(0x0000003a7de00000,0x0000003a7df00000)]
  0x000001f2a13c5f10 JavaThread "Unconstrained build operations Thread 12" [_thread_blocked, id=2592, stack(0x0000003a7df00000,0x0000003a7e000000)]
  0x000001f2a13c0d40 JavaThread "Unconstrained build operations Thread 13" [_thread_blocked, id=42744, stack(0x0000003a7e000000,0x0000003a7e100000)]
  0x000001f2a13c3890 JavaThread "Unconstrained build operations Thread 14" [_thread_blocked, id=42044, stack(0x0000003a7e100000,0x0000003a7e200000)]
  0x000001f2a13bfed0 JavaThread "Unconstrained build operations Thread 15" [_thread_blocked, id=33348, stack(0x0000003a7e200000,0x0000003a7e300000)]
  0x000001f2a13bfa00 JavaThread "Unconstrained build operations Thread 16" [_thread_blocked, id=32812, stack(0x0000003a7e300000,0x0000003a7e400000)]
  0x000001f2a13c63e0 JavaThread "Unconstrained build operations Thread 17" [_thread_blocked, id=32484, stack(0x0000003a7e400000,0x0000003a7e500000)]
  0x000001f2a13c1bb0 JavaThread "Unconstrained build operations Thread 18" [_thread_blocked, id=44904, stack(0x0000003a7e500000,0x0000003a7e600000)]
  0x000001f2a13c16e0 JavaThread "Unconstrained build operations Thread 19" [_thread_blocked, id=9700, stack(0x0000003a7e600000,0x0000003a7e700000)]
  0x000001f2a13bf530 JavaThread "Unconstrained build operations Thread 20" [_thread_blocked, id=34892, stack(0x0000003a7e700000,0x0000003a7e800000)]
  0x000001f2a13c2080 JavaThread "Unconstrained build operations Thread 21" [_thread_blocked, id=18284, stack(0x0000003a7e800000,0x0000003a7e900000)]
  0x000001f2a13c2ef0 JavaThread "Unconstrained build operations Thread 22" [_thread_blocked, id=32296, stack(0x0000003a7e900000,0x0000003a7ea00000)]
  0x000001f2a13c33c0 JavaThread "Unconstrained build operations Thread 23" [_thread_blocked, id=13128, stack(0x0000003a7ea00000,0x0000003a7eb00000)]
  0x000001f2a13bf060 JavaThread "Unconstrained build operations Thread 24" [_thread_blocked, id=47028, stack(0x0000003a7eb00000,0x0000003a7ec00000)]
  0x000001f2a13c2550 JavaThread "Unconstrained build operations Thread 25" [_thread_blocked, id=36276, stack(0x0000003a7ec00000,0x0000003a7ed00000)]
  0x000001f2a13c3d60 JavaThread "Unconstrained build operations Thread 26" [_thread_blocked, id=17544, stack(0x0000003a7ed00000,0x0000003a7ee00000)]
  0x000001f2a13c4230 JavaThread "Unconstrained build operations Thread 27" [_thread_blocked, id=42828, stack(0x0000003a7ee00000,0x0000003a7ef00000)]
  0x000001f2a13c4700 JavaThread "Unconstrained build operations Thread 28" [_thread_blocked, id=16804, stack(0x0000003a7ef00000,0x0000003a7f000000)]
  0x000001f2a13c4bd0 JavaThread "Unconstrained build operations Thread 29" [_thread_blocked, id=39412, stack(0x0000003a7f000000,0x0000003a7f100000)]
  0x000001f2a13c5570 JavaThread "Unconstrained build operations Thread 30" [_thread_blocked, id=36104, stack(0x0000003a7f100000,0x0000003a7f200000)]
  0x000001f2a19830a0 JavaThread "Unconstrained build operations Thread 31" [_thread_blocked, id=32084, stack(0x0000003a7f200000,0x0000003a7f300000)]
  0x000001f2a1980ef0 JavaThread "Unconstrained build operations Thread 32" [_thread_blocked, id=43968, stack(0x0000003a7f300000,0x0000003a7f400000)]
  0x000001f2a19813c0 JavaThread "Unconstrained build operations Thread 33" [_thread_blocked, id=31332, stack(0x0000003a7f400000,0x0000003a7f500000)]
  0x000001f2a197ed40 JavaThread "Unconstrained build operations Thread 34" [_thread_blocked, id=22760, stack(0x0000003a7f500000,0x0000003a7f600000)]
  0x000001f2a1983570 JavaThread "Unconstrained build operations Thread 35" [_thread_blocked, id=28060, stack(0x0000003a7f600000,0x0000003a7f700000)]
  0x000001f2a1982700 JavaThread "Unconstrained build operations Thread 36" [_thread_blocked, id=12308, stack(0x0000003a7f700000,0x0000003a7f800000)]
  0x000001f2a1983a40 JavaThread "Unconstrained build operations Thread 37" [_thread_blocked, id=4856, stack(0x0000003a7f800000,0x0000003a7f900000)]
  0x000001f2a1983f10 JavaThread "Unconstrained build operations Thread 38" [_thread_blocked, id=44624, stack(0x0000003a7f900000,0x0000003a7fa00000)]
  0x000001f2a19843e0 JavaThread "Unconstrained build operations Thread 39" [_thread_blocked, id=37544, stack(0x0000003a7fa00000,0x0000003a7fb00000)]
  0x000001f2a197f6e0 JavaThread "Unconstrained build operations Thread 40" [_thread_blocked, id=17920, stack(0x0000003a7fb00000,0x0000003a7fc00000)]
  0x000001f2a1981890 JavaThread "Unconstrained build operations Thread 41" [_thread_blocked, id=43708, stack(0x0000003a7fc00000,0x0000003a7fd00000)]
  0x000001f2a19848b0 JavaThread "Unconstrained build operations Thread 42" [_thread_blocked, id=48372, stack(0x0000003a7fd00000,0x0000003a7fe00000)]
  0x000001f2a1981d60 JavaThread "Unconstrained build operations Thread 43" [_thread_blocked, id=41480, stack(0x0000003a7fe00000,0x0000003a7ff00000)]
  0x000001f2a1984d80 JavaThread "Unconstrained build operations Thread 44" [_thread_blocked, id=25280, stack(0x0000003a7ff00000,0x0000003a80000000)]
  0x000001f2a197d530 JavaThread "Unconstrained build operations Thread 45" [_thread_blocked, id=46568, stack(0x0000003a00000000,0x0000003a00100000)]
  0x000001f2a197da00 JavaThread "Unconstrained build operations Thread 46" [_thread_blocked, id=37476, stack(0x0000003a00100000,0x0000003a00200000)]
  0x000001f2a1980550 JavaThread "Unconstrained build operations Thread 47" [_thread_blocked, id=37472, stack(0x0000003a00200000,0x0000003a00300000)]
  0x000001f2a1980a20 JavaThread "Unconstrained build operations Thread 48" [_thread_blocked, id=24180, stack(0x0000003a00300000,0x0000003a00400000)]
  0x000001f2a1982230 JavaThread "Unconstrained build operations Thread 49" [_thread_blocked, id=6344, stack(0x0000003a00400000,0x0000003a00500000)]
  0x000001f2a1980080 JavaThread "Unconstrained build operations Thread 50" [_thread_blocked, id=40132, stack(0x0000003a00500000,0x0000003a00600000)]
  0x000001f2a197ded0 JavaThread "Unconstrained build operations Thread 51" [_thread_blocked, id=292, stack(0x0000003a00600000,0x0000003a00700000)]
  0x000001f2a197e3a0 JavaThread "Unconstrained build operations Thread 52" [_thread_blocked, id=41268, stack(0x0000003a00700000,0x0000003a00800000)]
  0x000001f2a197e870 JavaThread "Unconstrained build operations Thread 53" [_thread_blocked, id=47608, stack(0x0000003a00800000,0x0000003a00900000)]
  0x000001f2a1982bd0 JavaThread "Unconstrained build operations Thread 54" [_thread_blocked, id=44132, stack(0x0000003a00900000,0x0000003a00a00000)]
  0x000001f2a197f210 JavaThread "Unconstrained build operations Thread 55" [_thread_blocked, id=37720, stack(0x0000003a00a00000,0x0000003a00b00000)]
  0x000001f2a197fbb0 JavaThread "Unconstrained build operations Thread 56" [_thread_blocked, id=17252, stack(0x0000003a00b00000,0x0000003a00c00000)]
  0x000001f2a18af2e0 JavaThread "Unconstrained build operations Thread 57" [_thread_blocked, id=38676, stack(0x0000003a00c00000,0x0000003a00d00000)]
  0x000001f2a18b0620 JavaThread "Unconstrained build operations Thread 58" [_thread_blocked, id=29420, stack(0x0000003a00d00000,0x0000003a00e00000)]
  0x000001f2a18b6190 JavaThread "Unconstrained build operations Thread 59" [_thread_blocked, id=20976, stack(0x0000003a00e00000,0x0000003a00f00000)]
  0x000001f2a18b0150 JavaThread "Unconstrained build operations Thread 60" [_thread_blocked, id=37500, stack(0x0000003a00f00000,0x0000003a01000000)]
  0x000001f2a18b0af0 JavaThread "Unconstrained build operations Thread 61" [_thread_blocked, id=45504, stack(0x0000003a01000000,0x0000003a01100000)]
  0x000001f2a18b27d0 JavaThread "Unconstrained build operations Thread 62" [_thread_blocked, id=20968, stack(0x0000003a01100000,0x0000003a01200000)]
  0x000001f2a18b3170 JavaThread "Unconstrained build operations Thread 63" [_thread_blocked, id=34168, stack(0x0000003a01200000,0x0000003a01300000)]
  0x000001f2a18b3640 JavaThread "Unconstrained build operations Thread 64" [_thread_blocked, id=44528, stack(0x0000003a01300000,0x0000003a01400000)]
  0x000001f2a18b6660 JavaThread "Unconstrained build operations Thread 65" [_thread_blocked, id=16092, stack(0x0000003a01400000,0x0000003a01500000)]
  0x000001f2a18aee10 JavaThread "Unconstrained build operations Thread 66" [_thread_blocked, id=38296, stack(0x0000003a01500000,0x0000003a01600000)]
  0x000001f2a18b1e30 JavaThread "Unconstrained build operations Thread 67" [_thread_blocked, id=37920, stack(0x0000003a01600000,0x0000003a01700000)]
  0x000001f2a18b0fc0 JavaThread "Unconstrained build operations Thread 68" [_thread_blocked, id=40216, stack(0x0000003a01700000,0x0000003a01800000)]
  0x000001f2a18af7b0 JavaThread "Unconstrained build operations Thread 69" [_thread_blocked, id=32800, stack(0x0000003a01800000,0x0000003a01900000)]
  0x000001f2a18b3b10 JavaThread "Unconstrained build operations Thread 70" [_thread_blocked, id=42872, stack(0x0000003a01900000,0x0000003a01a00000)]
  0x000001f2a18b1490 JavaThread "Unconstrained build operations Thread 71" [_thread_blocked, id=48376, stack(0x0000003a01a00000,0x0000003a01b00000)]
  0x000001f2a18b2300 JavaThread "Unconstrained build operations Thread 72" [_thread_blocked, id=41368, stack(0x0000003a01b00000,0x0000003a01c00000)]
  0x000001f2a18b1960 JavaThread "Unconstrained build operations Thread 73" [_thread_blocked, id=26588, stack(0x0000003a01c00000,0x0000003a01d00000)]
  0x000001f2a18b2ca0 JavaThread "Unconstrained build operations Thread 74" [_thread_blocked, id=16516, stack(0x0000003a01d00000,0x0000003a01e00000)]
  0x000001f2a18b3fe0 JavaThread "Unconstrained build operations Thread 75" [_thread_blocked, id=48416, stack(0x0000003a01e00000,0x0000003a01f00000)]
  0x000001f2a18afc80 JavaThread "Unconstrained build operations Thread 76" [_thread_blocked, id=39736, stack(0x0000003a01f00000,0x0000003a02000000)]
  0x000001f2a18b4980 JavaThread "Unconstrained build operations Thread 77" [_thread_blocked, id=17172, stack(0x0000003a02000000,0x0000003a02100000)]
  0x000001f2a18b57f0 JavaThread "Unconstrained build operations Thread 78" [_thread_blocked, id=35664, stack(0x0000003a02100000,0x0000003a02200000)]
  0x000001f2a18b44b0 JavaThread "Unconstrained build operations Thread 79" [_thread_blocked, id=25172, stack(0x0000003a02200000,0x0000003a02300000)]
  0x000001f2a18b4e50 JavaThread "Unconstrained build operations Thread 80" [_thread_blocked, id=40256, stack(0x0000003a02300000,0x0000003a02400000)]
  0x000001f2a18b5320 JavaThread "jar transforms Thread 6" [_thread_blocked, id=48580, stack(0x0000003a02400000,0x0000003a02500000)]
  0x000001f2a18b5cc0 JavaThread "jar transforms Thread 7" [_thread_blocked, id=46800, stack(0x0000003a02500000,0x0000003a02600000)]
  0x000001f2a16908e0 JavaThread "jar transforms Thread 8" [_thread_blocked, id=12620, stack(0x0000003a02600000,0x0000003a02700000)]
  0x000001f2a1691c20 JavaThread "build event listener" [_thread_blocked, id=40552, stack(0x0000003a02700000,0x0000003a02800000)]
  0x000001f2a1696920 JavaThread "Memory manager" [_thread_blocked, id=42716, stack(0x0000003a02800000,0x0000003a02900000)]
  0x000001f2a168ff40 JavaThread "included builds" [_thread_blocked, id=18632, stack(0x0000003a02900000,0x0000003a02a00000)]
  0x000001f2a1695ab0 JavaThread "Execution worker" [_thread_blocked, id=41872, stack(0x0000003a02a00000,0x0000003a02b00000)]
  0x000001f2a1694c40 JavaThread "Execution worker Thread 2" [_thread_blocked, id=4652, stack(0x0000003a02b00000,0x0000003a02c00000)]
  0x000001f2a1697790 JavaThread "Execution worker Thread 3" [_thread_blocked, id=12940, stack(0x0000003a02c00000,0x0000003a02d00000)]
  0x000001f2a1690410 JavaThread "Execution worker Thread 4" [_thread_blocked, id=9588, stack(0x0000003a02d00000,0x0000003a02e00000)]
  0x000001f2a16920f0 JavaThread "Execution worker Thread 5" [_thread_blocked, id=42284, stack(0x0000003a02e00000,0x0000003a02f00000)]
  0x000001f2a1691280 JavaThread "Execution worker Thread 6" [_thread_blocked, id=45932, stack(0x0000003a02f00000,0x0000003a03000000)]
  0x000001f2a16925c0 JavaThread "Execution worker Thread 7" [_thread_blocked, id=46536, stack(0x0000003a03000000,0x0000003a03100000)]
  0x000001f2a1692a90 JavaThread "Cache worker for execution history cache (C:\Users\Aishwary Kumar Rai\DocuMed\.gradle\8.0\executionHistory)" [_thread_blocked, id=47940, stack(0x0000003a03100000,0x0000003a03200000)]
  0x000001f29fc37240 JavaThread "WorkerExecutor Queue" [_thread_blocked, id=38364, stack(0x0000003a03200000,0x0000003a03300000)]
  0x000001f2a47485e0 JavaThread "WorkerExecutor Queue Thread 2" [_thread_blocked, id=45936, stack(0x0000003a03300000,0x0000003a03400000)]
  0x000001f29cdd9d30 JavaThread "WorkerExecutor Queue Thread 3" [_thread_blocked, id=33432, stack(0x0000003a03400000,0x0000003a03500000)]
  0x000001f2a4749450 JavaThread "WorkerExecutor Queue Thread 4" [_thread_blocked, id=13240, stack(0x0000003a03500000,0x0000003a03600000)]
  0x000001f29cddcd50 JavaThread "WorkerExecutor Queue Thread 5" [_thread_blocked, id=11840, stack(0x0000003a03600000,0x0000003a03700000)]
  0x000001f29fbb09f0 JavaThread "pool-3-thread-1" [_thread_blocked, id=18520, stack(0x0000003a03700000,0x0000003a03800000)]
  0x000001f29fbb0ec0 JavaThread "stderr" [_thread_in_native, id=36636, stack(0x0000003a03800000,0x0000003a03900000)]
  0x000001f29fbb0520 JavaThread "stdout" [_thread_in_native, id=39152, stack(0x0000003a03900000,0x0000003a03a00000)]
  0x000001f2a1692f60 JavaThread "WorkerExecutor Queue Thread 6" [_thread_blocked, id=35100, stack(0x0000003a03e00000,0x0000003a03f00000)]
  0x000001f2a63ff860 JavaThread "WorkerExecutor Queue Thread 7" [_thread_blocked, id=6272, stack(0x0000003a03f00000,0x0000003a04000000)]
  0x000001f2a63ffd30 JavaThread "WorkerExecutor Queue Thread 8" [_thread_blocked, id=46044, stack(0x0000003a04000000,0x0000003a04100000)]

Other Threads:
=>0x000001f29c36a960 VMThread "VM Thread" [stack: 0x0000003a7a300000,0x0000003a7a400000] [id=43760]
  0x000001f2825a3130 WatcherThread [stack: 0x0000003a7af00000,0x0000003a7b000000] [id=32348]
  0x000001f282583c80 GCTaskThread "GC Thread#0" [stack: 0x0000003a79e00000,0x0000003a79f00000] [id=43752]
  0x000001f29d3a0570 GCTaskThread "GC Thread#1" [stack: 0x0000003a7b000000,0x0000003a7b100000] [id=42612]
  0x000001f29d39f550 GCTaskThread "GC Thread#2" [stack: 0x0000003a7b100000,0x0000003a7b200000] [id=42412]
  0x000001f29d39f800 GCTaskThread "GC Thread#3" [stack: 0x0000003a7b200000,0x0000003a7b300000] [id=43508]
  0x000001f29d3a02c0 GCTaskThread "GC Thread#4" [stack: 0x0000003a7b300000,0x0000003a7b400000] [id=47176]
  0x000001f29d39fab0 GCTaskThread "GC Thread#5" [stack: 0x0000003a7be00000,0x0000003a7bf00000] [id=16032]
  0x000001f29f5dd8c0 GCTaskThread "GC Thread#6" [stack: 0x0000003a7bf00000,0x0000003a7c000000] [id=43552]
  0x000001f29f5dd610 GCTaskThread "GC Thread#7" [stack: 0x0000003a7c000000,0x0000003a7c100000] [id=31356]
  0x000001f282596540 ConcurrentGCThread "G1 Main Marker" [stack: 0x0000003a79f00000,0x0000003a7a000000] [id=31440]
  0x000001f282597f00 ConcurrentGCThread "G1 Conc#0" [stack: 0x0000003a7a000000,0x0000003a7a100000] [id=46320]
  0x000001f29f5dbb30 ConcurrentGCThread "G1 Conc#1" [stack: 0x0000003a7c100000,0x0000003a7c200000] [id=14372]
  0x000001f29c1c20c0 ConcurrentGCThread "G1 Refine#0" [stack: 0x0000003a7a100000,0x0000003a7a200000] [id=39064]
  0x000001f2a45d7360 ConcurrentGCThread "G1 Refine#1" [stack: 0x0000003a03a00000,0x0000003a03b00000] [id=44420]
  0x000001f29e3e4cf0 ConcurrentGCThread "G1 Refine#2" [stack: 0x0000003a03b00000,0x0000003a03c00000] [id=21312]
  0x000001f2a4adea50 ConcurrentGCThread "G1 Refine#3" [stack: 0x0000003a03c00000,0x0000003a03d00000] [id=14408]
  0x000001f2a45d7c00 ConcurrentGCThread "G1 Refine#4" [stack: 0x0000003a03d00000,0x0000003a03e00000] [id=34540]
  0x000001f29c1c3990 ConcurrentGCThread "G1 Service" [stack: 0x0000003a7a200000,0x0000003a7a300000] [id=40796]

Threads with active compile tasks:
C2 CompilerThread0    20336 13307   !   4       java.util.concurrent.ConcurrentHashMap::transfer (849 bytes)
C1 CompilerThread0    20336 13315       3       com.android.tools.r8.dex.B::l (2085 bytes)

VM state: at safepoint (normal execution)

VM Mutex/Monitor currently owned by a thread:  ([mutex/lock_event])
[0x000001f2825227b0] Threads_lock - owner thread: 0x000001f29c36a960
[0x000001f282523410] Heap_lock - owner thread: 0x000001f282596540

Heap address: 0x0000000080000000, size: 2048 MB, Compressed Oops mode: 32-bit

CDS archive(s) not mapped
Compressed class space mapped at: 0x0000000100000000-0x0000000140000000, reserved size: 1073741824
Narrow klass base: 0x0000000000000000, Narrow klass shift: 3, Narrow klass range: 0x140000000

GC Precious Log:
 CPUs: 8 total, 8 available
 Memory: 6020M
 Large Page Support: Disabled
 NUMA Support: Disabled
 Compressed Oops: Enabled (32-bit)
 Heap Region Size: 1M
 Heap Min Capacity: 8M
 Heap Initial Capacity: 96M
 Heap Max Capacity: 2G
 Pre-touch: Disabled
 Parallel Workers: 8
 Concurrent Workers: 2
 Concurrent Refinement Workers: 8
 Periodic GC: Disabled

Heap:
 garbage-first heap   total 252928K, used 179463K [0x0000000080000000, 0x0000000100000000)
  region size 1024K, 29 young (29696K), 10 survivors (10240K)
 Metaspace       used 102456K, committed 103232K, reserved 1138688K
  class space    used 13931K, committed 14272K, reserved 1048576K

Heap Regions: E=young(eden), S=young(survivor), O=old, HS=humongous(starts), HC=humongous(continues), CS=collection set, F=free, OA=open archive, CA=closed archive, TAMS=top-at-mark-start (previous, next)
|   0|0x0000000080000000, 0x0000000080100000, 0x0000000080100000|100%|HS|  |TAMS 0x0000000080100000, 0x0000000080000000| Complete 
|   1|0x0000000080100000, 0x0000000080200000, 0x0000000080200000|100%|HC|  |TAMS 0x0000000080200000, 0x0000000080100000| Complete 
|   2|0x0000000080200000, 0x0000000080300000, 0x0000000080300000|100%|HC|  |TAMS 0x0000000080300000, 0x0000000080200000| Complete 
|   3|0x0000000080300000, 0x0000000080400000, 0x0000000080400000|100%|HC|  |TAMS 0x0000000080400000, 0x0000000080300000| Complete 
|   4|0x0000000080400000, 0x0000000080500000, 0x0000000080500000|100%| O|  |TAMS 0x0000000080500000, 0x0000000080400000| Untracked 
|   5|0x0000000080500000, 0x0000000080600000, 0x0000000080600000|100%| O|  |TAMS 0x0000000080600000, 0x0000000080500000| Untracked 
|   6|0x0000000080600000, 0x0000000080700000, 0x0000000080700000|100%| O|  |TAMS 0x0000000080700000, 0x0000000080600000| Untracked 
|   7|0x0000000080700000, 0x0000000080800000, 0x0000000080800000|100%|HS|  |TAMS 0x0000000080800000, 0x0000000080700000| Complete 
|   8|0x0000000080800000, 0x0000000080900000, 0x0000000080900000|100%| O|  |TAMS 0x0000000080900000, 0x0000000080800000| Untracked 
|   9|0x0000000080900000, 0x0000000080a00000, 0x0000000080a00000|100%| O|  |TAMS 0x0000000080a00000, 0x0000000080900000| Untracked 
|  10|0x0000000080a00000, 0x0000000080b00000, 0x0000000080b00000|100%| O|  |TAMS 0x0000000080b00000, 0x0000000080a00000| Untracked 
|  11|0x0000000080b00000, 0x0000000080c00000, 0x0000000080c00000|100%| O|  |TAMS 0x0000000080c00000, 0x0000000080b00000| Untracked 
|  12|0x0000000080c00000, 0x0000000080d00000, 0x0000000080d00000|100%| O|  |TAMS 0x0000000080d00000, 0x0000000080c00000| Untracked 
|  13|0x0000000080d00000, 0x0000000080e00000, 0x0000000080e00000|100%| O|  |TAMS 0x0000000080e00000, 0x0000000080d00000| Untracked 
|  14|0x0000000080e00000, 0x0000000080f00000, 0x0000000080f00000|100%| O|  |TAMS 0x0000000080f00000, 0x0000000080e00000| Untracked 
|  15|0x0000000080f00000, 0x0000000081000000, 0x0000000081000000|100%| O|  |TAMS 0x0000000081000000, 0x0000000080f00000| Untracked 
|  16|0x0000000081000000, 0x0000000081100000, 0x0000000081100000|100%| O|  |TAMS 0x0000000081100000, 0x0000000081000000| Untracked 
|  17|0x0000000081100000, 0x0000000081200000, 0x0000000081200000|100%| O|  |TAMS 0x0000000081200000, 0x0000000081100000| Untracked 
|  18|0x0000000081200000, 0x0000000081300000, 0x0000000081300000|100%| O|  |TAMS 0x0000000081300000, 0x0000000081200000| Untracked 
|  19|0x0000000081300000, 0x0000000081400000, 0x0000000081400000|100%| O|  |TAMS 0x0000000081400000, 0x0000000081300000| Untracked 
|  20|0x0000000081400000, 0x0000000081500000, 0x0000000081500000|100%| O|  |TAMS 0x0000000081500000, 0x0000000081400000| Untracked 
|  21|0x0000000081500000, 0x0000000081600000, 0x0000000081600000|100%| O|  |TAMS 0x0000000081600000, 0x0000000081500000| Untracked 
|  22|0x0000000081600000, 0x0000000081700000, 0x0000000081700000|100%| O|  |TAMS 0x0000000081700000, 0x0000000081600000| Updating 
|  23|0x0000000081700000, 0x0000000081800000, 0x0000000081800000|100%| O|  |TAMS 0x0000000081800000, 0x0000000081700000| Updating 
|  24|0x0000000081800000, 0x0000000081900000, 0x0000000081900000|100%| O|  |TAMS 0x0000000081900000, 0x0000000081800000| Untracked 
|  25|0x0000000081900000, 0x0000000081a00000, 0x0000000081a00000|100%| O|  |TAMS 0x0000000081a00000, 0x0000000081900000| Untracked 
|  26|0x0000000081a00000, 0x0000000081b00000, 0x0000000081b00000|100%| O|  |TAMS 0x0000000081b00000, 0x0000000081a00000| Updating 
|  27|0x0000000081b00000, 0x0000000081c00000, 0x0000000081c00000|100%| O|  |TAMS 0x0000000081c00000, 0x0000000081b00000| Updating 
|  28|0x0000000081c00000, 0x0000000081d00000, 0x0000000081d00000|100%| O|  |TAMS 0x0000000081d00000, 0x0000000081c00000| Untracked 
|  29|0x0000000081d00000, 0x0000000081e00000, 0x0000000081e00000|100%| O|  |TAMS 0x0000000081e00000, 0x0000000081d00000| Updating 
|  30|0x0000000081e00000, 0x0000000081f00000, 0x0000000081f00000|100%| O|  |TAMS 0x0000000081f00000, 0x0000000081e00000| Untracked 
|  31|0x0000000081f00000, 0x0000000082000000, 0x0000000082000000|100%|HS|  |TAMS 0x0000000082000000, 0x0000000081f00000| Complete 
|  32|0x0000000082000000, 0x0000000082100000, 0x0000000082100000|100%| O|  |TAMS 0x0000000082100000, 0x0000000082000000| Untracked 
|  33|0x0000000082100000, 0x0000000082200000, 0x0000000082200000|100%| O|  |TAMS 0x0000000082200000, 0x0000000082100000| Untracked 
|  34|0x0000000082200000, 0x0000000082300000, 0x0000000082300000|100%| O|  |TAMS 0x0000000082300000, 0x0000000082200000| Untracked 
|  35|0x0000000082300000, 0x0000000082400000, 0x0000000082400000|100%| O|  |TAMS 0x0000000082400000, 0x0000000082300000| Untracked 
|  36|0x0000000082400000, 0x0000000082500000, 0x0000000082500000|100%| O|  |TAMS 0x0000000082500000, 0x0000000082400000| Untracked 
|  37|0x0000000082500000, 0x0000000082600000, 0x0000000082600000|100%| O|  |TAMS 0x0000000082600000, 0x0000000082500000| Updating 
|  38|0x0000000082600000, 0x0000000082700000, 0x0000000082700000|100%| O|  |TAMS 0x0000000082700000, 0x0000000082600000| Untracked 
|  39|0x0000000082700000, 0x0000000082800000, 0x0000000082800000|100%| O|  |TAMS 0x0000000082800000, 0x0000000082700000| Updating 
|  40|0x0000000082800000, 0x0000000082900000, 0x0000000082900000|100%| O|  |TAMS 0x0000000082900000, 0x0000000082800000| Untracked 
|  41|0x0000000082900000, 0x0000000082a00000, 0x0000000082a00000|100%| O|  |TAMS 0x0000000082a00000, 0x0000000082900000| Untracked 
|  42|0x0000000082a00000, 0x0000000082b00000, 0x0000000082b00000|100%| O|  |TAMS 0x0000000082b00000, 0x0000000082a00000| Untracked 
|  43|0x0000000082b00000, 0x0000000082c00000, 0x0000000082c00000|100%| O|  |TAMS 0x0000000082c00000, 0x0000000082b00000| Untracked 
|  44|0x0000000082c00000, 0x0000000082d00000, 0x0000000082d00000|100%| O|  |TAMS 0x0000000082d00000, 0x0000000082c00000| Untracked 
|  45|0x0000000082d00000, 0x0000000082e00000, 0x0000000082e00000|100%| O|  |TAMS 0x0000000082e00000, 0x0000000082d00000| Untracked 
|  46|0x0000000082e00000, 0x0000000082f00000, 0x0000000082f00000|100%| O|  |TAMS 0x0000000082f00000, 0x0000000082e00000| Untracked 
|  47|0x0000000082f00000, 0x0000000083000000, 0x0000000083000000|100%| O|  |TAMS 0x0000000083000000, 0x0000000082f00000| Untracked 
|  48|0x0000000083000000, 0x0000000083100000, 0x0000000083100000|100%| O|  |TAMS 0x0000000083100000, 0x0000000083000000| Untracked 
|  49|0x0000000083100000, 0x0000000083200000, 0x0000000083200000|100%| O|  |TAMS 0x0000000083200000, 0x0000000083100000| Untracked 
|  50|0x0000000083200000, 0x0000000083300000, 0x0000000083300000|100%| O|  |TAMS 0x0000000083300000, 0x0000000083200000| Untracked 
|  51|0x0000000083300000, 0x0000000083400000, 0x0000000083400000|100%| O|  |TAMS 0x0000000083400000, 0x0000000083300000| Untracked 
|  52|0x0000000083400000, 0x0000000083500000, 0x0000000083500000|100%| O|  |TAMS 0x0000000083500000, 0x0000000083400000| Untracked 
|  53|0x0000000083500000, 0x0000000083600000, 0x0000000083600000|100%| O|  |TAMS 0x0000000083600000, 0x0000000083500000| Untracked 
|  54|0x0000000083600000, 0x0000000083700000, 0x0000000083700000|100%| O|  |TAMS 0x0000000083700000, 0x0000000083600000| Untracked 
|  55|0x0000000083700000, 0x0000000083800000, 0x0000000083800000|100%| O|  |TAMS 0x0000000083800000, 0x0000000083700000| Untracked 
|  56|0x0000000083800000, 0x0000000083900000, 0x0000000083900000|100%| O|  |TAMS 0x0000000083900000, 0x0000000083800000| Untracked 
|  57|0x0000000083900000, 0x0000000083a00000, 0x0000000083a00000|100%| O|  |TAMS 0x0000000083a00000, 0x0000000083900000| Untracked 
|  58|0x0000000083a00000, 0x0000000083b00000, 0x0000000083b00000|100%| O|  |TAMS 0x0000000083b00000, 0x0000000083a00000| Untracked 
|  59|0x0000000083b00000, 0x0000000083c00000, 0x0000000083c00000|100%| O|  |TAMS 0x0000000083c00000, 0x0000000083b00000| Updating 
|  60|0x0000000083c00000, 0x0000000083d00000, 0x0000000083d00000|100%| O|  |TAMS 0x0000000083d00000, 0x0000000083c00000| Untracked 
|  61|0x0000000083d00000, 0x0000000083e00000, 0x0000000083e00000|100%| O|  |TAMS 0x0000000083e00000, 0x0000000083d00000| Untracked 
|  62|0x0000000083e00000, 0x0000000083f00000, 0x0000000083f00000|100%| O|  |TAMS 0x0000000083f00000, 0x0000000083e00000| Updating 
|  63|0x0000000083f00000, 0x0000000084000000, 0x0000000084000000|100%| O|  |TAMS 0x0000000084000000, 0x0000000083f00000| Untracked 
|  64|0x0000000084000000, 0x0000000084100000, 0x0000000084100000|100%| O|  |TAMS 0x0000000084100000, 0x0000000084000000| Untracked 
|  65|0x0000000084100000, 0x00000000841f6200, 0x0000000084200000| 96%| O|  |TAMS 0x00000000841f6200, 0x0000000084100000| Updating 
|  66|0x0000000084200000, 0x0000000084300000, 0x0000000084300000|100%| O|  |TAMS 0x0000000084300000, 0x0000000084200000| Untracked 
|  67|0x0000000084300000, 0x0000000084400000, 0x0000000084400000|100%| O|  |TAMS 0x0000000084400000, 0x0000000084300000| Untracked 
|  68|0x0000000084400000, 0x0000000084500000, 0x0000000084500000|100%| O|  |TAMS 0x0000000084500000, 0x0000000084400000| Untracked 
|  69|0x0000000084500000, 0x0000000084600000, 0x0000000084600000|100%| O|  |TAMS 0x0000000084600000, 0x0000000084500000| Untracked 
|  70|0x0000000084600000, 0x0000000084700000, 0x0000000084700000|100%| O|  |TAMS 0x0000000084700000, 0x0000000084600000| Untracked 
|  71|0x0000000084700000, 0x0000000084800000, 0x0000000084800000|100%| O|  |TAMS 0x0000000084800000, 0x0000000084700000| Untracked 
|  72|0x0000000084800000, 0x0000000084900000, 0x0000000084900000|100%| O|  |TAMS 0x0000000084900000, 0x0000000084800000| Untracked 
|  73|0x0000000084900000, 0x0000000084a00000, 0x0000000084a00000|100%| O|  |TAMS 0x0000000084a00000, 0x0000000084900000| Untracked 
|  74|0x0000000084a00000, 0x0000000084b00000, 0x0000000084b00000|100%| O|  |TAMS 0x0000000084b00000, 0x0000000084a00000| Untracked 
|  75|0x0000000084b00000, 0x0000000084c00000, 0x0000000084c00000|100%| O|  |TAMS 0x0000000084c00000, 0x0000000084b00000| Untracked 
|  76|0x0000000084c00000, 0x0000000084d00000, 0x0000000084d00000|100%| O|  |TAMS 0x0000000084d00000, 0x0000000084c00000| Untracked 
|  77|0x0000000084d00000, 0x0000000084e00000, 0x0000000084e00000|100%| O|  |TAMS 0x0000000084e00000, 0x0000000084d00000| Untracked 
|  78|0x0000000084e00000, 0x0000000084f00000, 0x0000000084f00000|100%| O|  |TAMS 0x0000000084f00000, 0x0000000084e00000| Untracked 
|  79|0x0000000084f00000, 0x0000000085000000, 0x0000000085000000|100%| O|  |TAMS 0x0000000085000000, 0x0000000084f00000| Untracked 
|  80|0x0000000085000000, 0x0000000085100000, 0x0000000085100000|100%| O|  |TAMS 0x0000000085100000, 0x0000000085000000| Untracked 
|  81|0x0000000085100000, 0x0000000085200000, 0x0000000085200000|100%| O|  |TAMS 0x0000000085200000, 0x0000000085100000| Untracked 
|  82|0x0000000085200000, 0x0000000085300000, 0x0000000085300000|100%| O|  |TAMS 0x0000000085300000, 0x0000000085200000| Untracked 
|  83|0x0000000085300000, 0x0000000085400000, 0x0000000085400000|100%| O|  |TAMS 0x0000000085400000, 0x0000000085300000| Untracked 
|  84|0x0000000085400000, 0x0000000085500000, 0x0000000085500000|100%| O|  |TAMS 0x0000000085500000, 0x0000000085400000| Untracked 
|  85|0x0000000085500000, 0x0000000085600000, 0x0000000085600000|100%| O|  |TAMS 0x0000000085600000, 0x0000000085500000| Untracked 
|  86|0x0000000085600000, 0x0000000085700000, 0x0000000085700000|100%| O|  |TAMS 0x0000000085700000, 0x0000000085600000| Untracked 
|  87|0x0000000085700000, 0x0000000085800000, 0x0000000085800000|100%| O|  |TAMS 0x0000000085800000, 0x0000000085700000| Untracked 
|  88|0x0000000085800000, 0x0000000085900000, 0x0000000085900000|100%| O|  |TAMS 0x0000000085900000, 0x0000000085800000| Untracked 
|  89|0x0000000085900000, 0x0000000085a00000, 0x0000000085a00000|100%| O|  |TAMS 0x0000000085a00000, 0x0000000085900000| Untracked 
|  90|0x0000000085a00000, 0x0000000085b00000, 0x0000000085b00000|100%| O|  |TAMS 0x0000000085b00000, 0x0000000085a00000| Updating 
|  91|0x0000000085b00000, 0x0000000085c00000, 0x0000000085c00000|100%| O|  |TAMS 0x0000000085c00000, 0x0000000085b00000| Untracked 
|  92|0x0000000085c00000, 0x0000000085d00000, 0x0000000085d00000|100%| O|  |TAMS 0x0000000085d00000, 0x0000000085c00000| Untracked 
|  93|0x0000000085d00000, 0x0000000085e00000, 0x0000000085e00000|100%| O|  |TAMS 0x0000000085d9fa00, 0x0000000085d00000| Updating 
|  94|0x0000000085e00000, 0x0000000085f00000, 0x0000000085f00000|100%|HS|  |TAMS 0x0000000085f00000, 0x0000000085e00000| Complete 
|  95|0x0000000085f00000, 0x0000000086000000, 0x0000000086000000|100%|HC|  |TAMS 0x0000000086000000, 0x0000000085f00000| Complete 
|  96|0x0000000086000000, 0x0000000086100000, 0x0000000086100000|100%|HS|  |TAMS 0x0000000086100000, 0x0000000086000000| Complete 
|  97|0x0000000086100000, 0x0000000086200000, 0x0000000086200000|100%|HS|  |TAMS 0x0000000086200000, 0x0000000086100000| Complete 
|  98|0x0000000086200000, 0x0000000086300000, 0x0000000086300000|100%|HS|  |TAMS 0x0000000086300000, 0x0000000086200000| Complete 
|  99|0x0000000086300000, 0x0000000086400000, 0x0000000086400000|100%|HS|  |TAMS 0x0000000086400000, 0x0000000086300000| Complete 
| 100|0x0000000086400000, 0x0000000086500000, 0x0000000086500000|100%|HC|  |TAMS 0x0000000086500000, 0x0000000086400000| Complete 
| 101|0x0000000086500000, 0x0000000086600000, 0x0000000086600000|100%|HS|  |TAMS 0x0000000086600000, 0x0000000086500000| Complete 
| 102|0x0000000086600000, 0x0000000086700000, 0x0000000086700000|100%|HC|  |TAMS 0x0000000086700000, 0x0000000086600000| Complete 
| 103|0x0000000086700000, 0x0000000086800000, 0x0000000086800000|100%|HS|  |TAMS 0x0000000086800000, 0x0000000086700000| Complete 
| 104|0x0000000086800000, 0x0000000086900000, 0x0000000086900000|100%|HC|  |TAMS 0x0000000086900000, 0x0000000086800000| Complete 
| 105|0x0000000086900000, 0x0000000086a00000, 0x0000000086a00000|100%|HC|  |TAMS 0x0000000086a00000, 0x0000000086900000| Complete 
| 106|0x0000000086a00000, 0x0000000086b00000, 0x0000000086b00000|100%|HS|  |TAMS 0x0000000086a00000, 0x0000000086a00000| Complete 
| 107|0x0000000086b00000, 0x0000000086c00000, 0x0000000086c00000|100%|HC|  |TAMS 0x0000000086b00000, 0x0000000086b00000| Complete 
| 108|0x0000000086c00000, 0x0000000086d00000, 0x0000000086d00000|100%|HS|  |TAMS 0x0000000086d00000, 0x0000000086c00000| Complete 
| 109|0x0000000086d00000, 0x0000000086e00000, 0x0000000086e00000|100%|HS|  |TAMS 0x0000000086e00000, 0x0000000086d00000| Complete 
| 110|0x0000000086e00000, 0x0000000086f00000, 0x0000000086f00000|100%|HC|  |TAMS 0x0000000086f00000, 0x0000000086e00000| Complete 
| 111|0x0000000086f00000, 0x0000000087000000, 0x0000000087000000|100%| O|  |TAMS 0x0000000086f00000, 0x0000000086f00000| Untracked 
| 112|0x0000000087000000, 0x0000000087100000, 0x0000000087100000|100%| O|  |TAMS 0x0000000087000000, 0x0000000087000000| Untracked 
| 113|0x0000000087100000, 0x0000000087200000, 0x0000000087200000|100%| O|  |TAMS 0x0000000087100000, 0x0000000087100000| Untracked 
| 114|0x0000000087200000, 0x0000000087300000, 0x0000000087300000|100%| O|  |TAMS 0x0000000087200000, 0x0000000087200000| Untracked 
| 115|0x0000000087300000, 0x0000000087400000, 0x0000000087400000|100%| O|  |TAMS 0x0000000087300000, 0x0000000087300000| Untracked 
| 116|0x0000000087400000, 0x0000000087500000, 0x0000000087500000|100%| O|  |TAMS 0x0000000087400000, 0x0000000087400000| Untracked 
| 117|0x0000000087500000, 0x0000000087600000, 0x0000000087600000|100%| O|  |TAMS 0x0000000087500000, 0x0000000087500000| Untracked 
| 118|0x0000000087600000, 0x0000000087700000, 0x0000000087700000|100%| O|  |TAMS 0x0000000087600000, 0x0000000087600000| Untracked 
| 119|0x0000000087700000, 0x0000000087800000, 0x0000000087800000|100%| O|  |TAMS 0x0000000087700000, 0x0000000087700000| Untracked 
| 120|0x0000000087800000, 0x0000000087900000, 0x0000000087900000|100%| O|  |TAMS 0x0000000087800000, 0x0000000087800000| Untracked 
| 121|0x0000000087900000, 0x0000000087a00000, 0x0000000087a00000|100%| O|  |TAMS 0x0000000087900000, 0x0000000087900000| Untracked 
| 122|0x0000000087a00000, 0x0000000087b00000, 0x0000000087b00000|100%| O|  |TAMS 0x0000000087a00000, 0x0000000087a00000| Untracked 
| 123|0x0000000087b00000, 0x0000000087b6c000, 0x0000000087c00000| 42%| O|  |TAMS 0x0000000087b00000, 0x0000000087b00000| Updating 
| 124|0x0000000087c00000, 0x0000000087d00000, 0x0000000087d00000|100%|HS|  |TAMS 0x0000000087c00000, 0x0000000087c00000| Complete 
| 125|0x0000000087d00000, 0x0000000087e00000, 0x0000000087e00000|100%|HS|  |TAMS 0x0000000087d00000, 0x0000000087d00000| Complete 
| 126|0x0000000087e00000, 0x0000000087f00000, 0x0000000087f00000|100%|HS|  |TAMS 0x0000000087e00000, 0x0000000087e00000| Complete 
| 127|0x0000000087f00000, 0x0000000088000000, 0x0000000088000000|100%|HS|  |TAMS 0x0000000087f00000, 0x0000000087f00000| Complete 
| 128|0x0000000088000000, 0x0000000088100000, 0x0000000088100000|100%|HS|  |TAMS 0x0000000088000000, 0x0000000088000000| Complete 
| 129|0x0000000088100000, 0x0000000088200000, 0x0000000088200000|100%|HS|  |TAMS 0x0000000088100000, 0x0000000088100000| Complete 
| 130|0x0000000088200000, 0x0000000088300000, 0x0000000088300000|100%|HS|  |TAMS 0x0000000088200000, 0x0000000088200000| Complete 
| 131|0x0000000088300000, 0x0000000088400000, 0x0000000088400000|100%|HS|  |TAMS 0x0000000088300000, 0x0000000088300000| Complete 
| 132|0x0000000088400000, 0x0000000088500000, 0x0000000088500000|100%|HC|  |TAMS 0x0000000088400000, 0x0000000088400000| Complete 
| 133|0x0000000088500000, 0x0000000088600000, 0x0000000088600000|100%|HS|  |TAMS 0x0000000088500000, 0x0000000088500000| Complete 
| 134|0x0000000088600000, 0x0000000088700000, 0x0000000088700000|100%|HC|  |TAMS 0x0000000088600000, 0x0000000088600000| Complete 
| 135|0x0000000088700000, 0x0000000088800000, 0x0000000088800000|100%|HS|  |TAMS 0x0000000088700000, 0x0000000088700000| Complete 
| 136|0x0000000088800000, 0x0000000088900000, 0x0000000088900000|100%|HS|  |TAMS 0x0000000088800000, 0x0000000088800000| Complete 
| 137|0x0000000088900000, 0x0000000088a00000, 0x0000000088a00000|100%|HC|  |TAMS 0x0000000088900000, 0x0000000088900000| Complete 
| 138|0x0000000088a00000, 0x0000000088b00000, 0x0000000088b00000|100%|HS|  |TAMS 0x0000000088a00000, 0x0000000088a00000| Complete 
| 139|0x0000000088b00000, 0x0000000088c00000, 0x0000000088c00000|100%|HC|  |TAMS 0x0000000088b00000, 0x0000000088b00000| Complete 
| 140|0x0000000088c00000, 0x0000000088d00000, 0x0000000088d00000|100%|HS|  |TAMS 0x0000000088c00000, 0x0000000088c00000| Complete 
| 141|0x0000000088d00000, 0x0000000088e00000, 0x0000000088e00000|100%|HS|  |TAMS 0x0000000088d00000, 0x0000000088d00000| Complete 
| 142|0x0000000088e00000, 0x0000000088f00000, 0x0000000088f00000|100%|HC|  |TAMS 0x0000000088e00000, 0x0000000088e00000| Complete 
| 143|0x0000000088f00000, 0x0000000089000000, 0x0000000089000000|100%|HS|  |TAMS 0x0000000088f00000, 0x0000000088f00000| Complete 
| 144|0x0000000089000000, 0x0000000089100000, 0x0000000089100000|100%|HC|  |TAMS 0x0000000089000000, 0x0000000089000000| Complete 
| 145|0x0000000089100000, 0x0000000089200000, 0x0000000089200000|100%|HC|  |TAMS 0x0000000089100000, 0x0000000089100000| Complete 
| 146|0x0000000089200000, 0x0000000089200000, 0x0000000089300000|  0%| F|  |TAMS 0x0000000089200000, 0x0000000089200000| Untracked 
| 147|0x0000000089300000, 0x0000000089300000, 0x0000000089400000|  0%| F|  |TAMS 0x0000000089300000, 0x0000000089300000| Untracked 
| 148|0x0000000089400000, 0x00000000894dfd40, 0x0000000089500000| 87%| S|CS|TAMS 0x0000000089400000, 0x0000000089400000| Complete 
| 149|0x0000000089500000, 0x0000000089600000, 0x0000000089600000|100%| S|CS|TAMS 0x0000000089500000, 0x0000000089500000| Complete 
| 150|0x0000000089600000, 0x0000000089700000, 0x0000000089700000|100%| S|CS|TAMS 0x0000000089600000, 0x0000000089600000| Complete 
| 151|0x0000000089700000, 0x0000000089800000, 0x0000000089800000|100%| S|CS|TAMS 0x0000000089700000, 0x0000000089700000| Complete 
| 152|0x0000000089800000, 0x0000000089900000, 0x0000000089900000|100%| S|CS|TAMS 0x0000000089800000, 0x0000000089800000| Complete 
| 153|0x0000000089900000, 0x0000000089a00000, 0x0000000089a00000|100%| S|CS|TAMS 0x0000000089900000, 0x0000000089900000| Complete 
| 154|0x0000000089a00000, 0x0000000089b00000, 0x0000000089b00000|100%| S|CS|TAMS 0x0000000089a00000, 0x0000000089a00000| Complete 
| 155|0x0000000089b00000, 0x0000000089c00000, 0x0000000089c00000|100%| S|CS|TAMS 0x0000000089b00000, 0x0000000089b00000| Complete 
| 156|0x0000000089c00000, 0x0000000089d00000, 0x0000000089d00000|100%| S|CS|TAMS 0x0000000089c00000, 0x0000000089c00000| Complete 
| 157|0x0000000089d00000, 0x0000000089e00000, 0x0000000089e00000|100%| S|CS|TAMS 0x0000000089d00000, 0x0000000089d00000| Complete 
| 158|0x0000000089e00000, 0x0000000089f00000, 0x0000000089f00000|100%|HS|  |TAMS 0x0000000089e00000, 0x0000000089e00000| Complete 
| 159|0x0000000089f00000, 0x000000008a000000, 0x000000008a000000|100%|HC|  |TAMS 0x0000000089f00000, 0x0000000089f00000| Complete 
| 160|0x000000008a000000, 0x000000008a100000, 0x000000008a100000|100%|HC|  |TAMS 0x000000008a000000, 0x000000008a000000| Complete 
| 161|0x000000008a100000, 0x000000008a100000, 0x000000008a200000|  0%| F|  |TAMS 0x000000008a100000, 0x000000008a100000| Untracked 
| 162|0x000000008a200000, 0x000000008a200000, 0x000000008a300000|  0%| F|  |TAMS 0x000000008a200000, 0x000000008a200000| Untracked 
| 163|0x000000008a300000, 0x000000008a300000, 0x000000008a400000|  0%| F|  |TAMS 0x000000008a300000, 0x000000008a300000| Untracked 
| 164|0x000000008a400000, 0x000000008a400000, 0x000000008a500000|  0%| F|  |TAMS 0x000000008a400000, 0x000000008a400000| Untracked 
| 165|0x000000008a500000, 0x000000008a500000, 0x000000008a600000|  0%| F|  |TAMS 0x000000008a500000, 0x000000008a500000| Untracked 
| 166|0x000000008a600000, 0x000000008a600000, 0x000000008a700000|  0%| F|  |TAMS 0x000000008a600000, 0x000000008a600000| Untracked 
| 167|0x000000008a700000, 0x000000008a700000, 0x000000008a800000|  0%| F|  |TAMS 0x000000008a700000, 0x000000008a700000| Untracked 
| 168|0x000000008a800000, 0x000000008a800000, 0x000000008a900000|  0%| F|  |TAMS 0x000000008a800000, 0x000000008a800000| Untracked 
| 169|0x000000008a900000, 0x000000008a900000, 0x000000008aa00000|  0%| F|  |TAMS 0x000000008a900000, 0x000000008a900000| Untracked 
| 170|0x000000008aa00000, 0x000000008aa00000, 0x000000008ab00000|  0%| F|  |TAMS 0x000000008aa00000, 0x000000008aa00000| Untracked 
| 171|0x000000008ab00000, 0x000000008ab00000, 0x000000008ac00000|  0%| F|  |TAMS 0x000000008ab00000, 0x000000008ab00000| Untracked 
| 172|0x000000008ac00000, 0x000000008ac00000, 0x000000008ad00000|  0%| F|  |TAMS 0x000000008ac00000, 0x000000008ac00000| Untracked 
| 173|0x000000008ad00000, 0x000000008ad00000, 0x000000008ae00000|  0%| F|  |TAMS 0x000000008ad00000, 0x000000008ad00000| Untracked 
| 174|0x000000008ae00000, 0x000000008ae00000, 0x000000008af00000|  0%| F|  |TAMS 0x000000008ae00000, 0x000000008ae00000| Untracked 
| 175|0x000000008af00000, 0x000000008af00000, 0x000000008b000000|  0%| F|  |TAMS 0x000000008af00000, 0x000000008af00000| Untracked 
| 176|0x000000008b000000, 0x000000008b000000, 0x000000008b100000|  0%| F|  |TAMS 0x000000008b000000, 0x000000008b000000| Untracked 
| 177|0x000000008b100000, 0x000000008b100000, 0x000000008b200000|  0%| F|  |TAMS 0x000000008b100000, 0x000000008b100000| Untracked 
| 178|0x000000008b200000, 0x000000008b200000, 0x000000008b300000|  0%| F|  |TAMS 0x000000008b200000, 0x000000008b200000| Untracked 
| 179|0x000000008b300000, 0x000000008b300000, 0x000000008b400000|  0%| F|  |TAMS 0x000000008b300000, 0x000000008b300000| Untracked 
| 180|0x000000008b400000, 0x000000008b400000, 0x000000008b500000|  0%| F|  |TAMS 0x000000008b400000, 0x000000008b400000| Untracked 
| 181|0x000000008b500000, 0x000000008b500000, 0x000000008b600000|  0%| F|  |TAMS 0x000000008b500000, 0x000000008b500000| Untracked 
| 182|0x000000008b600000, 0x000000008b600000, 0x000000008b700000|  0%| F|  |TAMS 0x000000008b600000, 0x000000008b600000| Untracked 
| 183|0x000000008b700000, 0x000000008b700000, 0x000000008b800000|  0%| F|  |TAMS 0x000000008b700000, 0x000000008b700000| Untracked 
| 184|0x000000008b800000, 0x000000008b800000, 0x000000008b900000|  0%| F|  |TAMS 0x000000008b800000, 0x000000008b800000| Untracked 
| 185|0x000000008b900000, 0x000000008b900000, 0x000000008ba00000|  0%| F|  |TAMS 0x000000008b900000, 0x000000008b900000| Untracked 
| 186|0x000000008ba00000, 0x000000008ba00000, 0x000000008bb00000|  0%| F|  |TAMS 0x000000008ba00000, 0x000000008ba00000| Untracked 
| 187|0x000000008bb00000, 0x000000008bb00000, 0x000000008bc00000|  0%| F|  |TAMS 0x000000008bb00000, 0x000000008bb00000| Untracked 
| 188|0x000000008bc00000, 0x000000008bc00000, 0x000000008bd00000|  0%| F|  |TAMS 0x000000008bc00000, 0x000000008bc00000| Untracked 
| 189|0x000000008bd00000, 0x000000008bd00000, 0x000000008be00000|  0%| F|  |TAMS 0x000000008bd00000, 0x000000008bd00000| Untracked 
| 190|0x000000008be00000, 0x000000008be00000, 0x000000008bf00000|  0%| F|  |TAMS 0x000000008be00000, 0x000000008be00000| Untracked 
| 191|0x000000008bf00000, 0x000000008bf00000, 0x000000008c000000|  0%| F|  |TAMS 0x000000008bf00000, 0x000000008bf00000| Untracked 
| 192|0x000000008c000000, 0x000000008c000000, 0x000000008c100000|  0%| F|  |TAMS 0x000000008c000000, 0x000000008c000000| Untracked 
| 193|0x000000008c100000, 0x000000008c100000, 0x000000008c200000|  0%| F|  |TAMS 0x000000008c100000, 0x000000008c100000| Untracked 
| 194|0x000000008c200000, 0x000000008c200000, 0x000000008c300000|  0%| F|  |TAMS 0x000000008c200000, 0x000000008c200000| Untracked 
| 195|0x000000008c300000, 0x000000008c300000, 0x000000008c400000|  0%| F|  |TAMS 0x000000008c300000, 0x000000008c300000| Untracked 
| 196|0x000000008c400000, 0x000000008c400000, 0x000000008c500000|  0%| F|  |TAMS 0x000000008c400000, 0x000000008c400000| Untracked 
| 197|0x000000008c500000, 0x000000008c500000, 0x000000008c600000|  0%| F|  |TAMS 0x000000008c500000, 0x000000008c500000| Untracked 
| 198|0x000000008c600000, 0x000000008c600000, 0x000000008c700000|  0%| F|  |TAMS 0x000000008c600000, 0x000000008c600000| Untracked 
| 199|0x000000008c700000, 0x000000008c700000, 0x000000008c800000|  0%| F|  |TAMS 0x000000008c700000, 0x000000008c700000| Untracked 
| 200|0x000000008c800000, 0x000000008c800000, 0x000000008c900000|  0%| F|  |TAMS 0x000000008c800000, 0x000000008c800000| Untracked 
| 201|0x000000008c900000, 0x000000008c900000, 0x000000008ca00000|  0%| F|  |TAMS 0x000000008c900000, 0x000000008c900000| Untracked 
| 202|0x000000008ca00000, 0x000000008ca00000, 0x000000008cb00000|  0%| F|  |TAMS 0x000000008ca00000, 0x000000008ca00000| Untracked 
| 203|0x000000008cb00000, 0x000000008cb00000, 0x000000008cc00000|  0%| F|  |TAMS 0x000000008cb00000, 0x000000008cb00000| Untracked 
| 204|0x000000008cc00000, 0x000000008cc00000, 0x000000008cd00000|  0%| F|  |TAMS 0x000000008cc00000, 0x000000008cc00000| Untracked 
| 205|0x000000008cd00000, 0x000000008cd00000, 0x000000008ce00000|  0%| F|  |TAMS 0x000000008cd00000, 0x000000008cd00000| Untracked 
| 206|0x000000008ce00000, 0x000000008ce00000, 0x000000008cf00000|  0%| F|  |TAMS 0x000000008ce00000, 0x000000008ce00000| Untracked 
| 207|0x000000008cf00000, 0x000000008cf00000, 0x000000008d000000|  0%| F|  |TAMS 0x000000008cf00000, 0x000000008cf00000| Untracked 
| 208|0x000000008d000000, 0x000000008d000000, 0x000000008d100000|  0%| F|  |TAMS 0x000000008d000000, 0x000000008d000000| Untracked 
| 209|0x000000008d100000, 0x000000008d100000, 0x000000008d200000|  0%| F|  |TAMS 0x000000008d100000, 0x000000008d100000| Untracked 
| 210|0x000000008d200000, 0x000000008d200000, 0x000000008d300000|  0%| F|  |TAMS 0x000000008d200000, 0x000000008d200000| Untracked 
| 211|0x000000008d300000, 0x000000008d300000, 0x000000008d400000|  0%| F|  |TAMS 0x000000008d300000, 0x000000008d300000| Untracked 
| 212|0x000000008d400000, 0x000000008d400000, 0x000000008d500000|  0%| F|  |TAMS 0x000000008d400000, 0x000000008d400000| Untracked 
| 213|0x000000008d500000, 0x000000008d500000, 0x000000008d600000|  0%| F|  |TAMS 0x000000008d500000, 0x000000008d500000| Untracked 
| 214|0x000000008d600000, 0x000000008d600000, 0x000000008d700000|  0%| F|  |TAMS 0x000000008d600000, 0x000000008d600000| Untracked 
| 215|0x000000008d700000, 0x000000008d700000, 0x000000008d800000|  0%| F|  |TAMS 0x000000008d700000, 0x000000008d700000| Untracked 
| 216|0x000000008d800000, 0x000000008d800000, 0x000000008d900000|  0%| F|  |TAMS 0x000000008d800000, 0x000000008d800000| Untracked 
| 217|0x000000008d900000, 0x000000008d900000, 0x000000008da00000|  0%| F|  |TAMS 0x000000008d900000, 0x000000008d900000| Untracked 
| 218|0x000000008da00000, 0x000000008da00000, 0x000000008db00000|  0%| F|  |TAMS 0x000000008da00000, 0x000000008da00000| Untracked 
| 219|0x000000008db00000, 0x000000008db00000, 0x000000008dc00000|  0%| F|  |TAMS 0x000000008db00000, 0x000000008db00000| Untracked 
| 220|0x000000008dc00000, 0x000000008dc00000, 0x000000008dd00000|  0%| F|  |TAMS 0x000000008dc00000, 0x000000008dc00000| Untracked 
| 221|0x000000008dd00000, 0x000000008dd00000, 0x000000008de00000|  0%| F|  |TAMS 0x000000008dd00000, 0x000000008dd00000| Untracked 
| 222|0x000000008de00000, 0x000000008de00000, 0x000000008df00000|  0%| F|  |TAMS 0x000000008de00000, 0x000000008de00000| Untracked 
| 223|0x000000008df00000, 0x000000008df00000, 0x000000008e000000|  0%| F|  |TAMS 0x000000008df00000, 0x000000008df00000| Untracked 
| 224|0x000000008e000000, 0x000000008e000000, 0x000000008e100000|  0%| F|  |TAMS 0x000000008e000000, 0x000000008e000000| Untracked 
| 225|0x000000008e100000, 0x000000008e100000, 0x000000008e200000|  0%| F|  |TAMS 0x000000008e100000, 0x000000008e100000| Untracked 
| 226|0x000000008e200000, 0x000000008e200000, 0x000000008e300000|  0%| F|  |TAMS 0x000000008e200000, 0x000000008e200000| Untracked 
| 227|0x000000008e300000, 0x000000008e300000, 0x000000008e400000|  0%| F|  |TAMS 0x000000008e300000, 0x000000008e300000| Untracked 
| 228|0x000000008e400000, 0x000000008e4d1fb0, 0x000000008e500000| 82%| E|  |TAMS 0x000000008e400000, 0x000000008e400000| Complete 
| 229|0x000000008e500000, 0x000000008e600000, 0x000000008e600000|100%| E|CS|TAMS 0x000000008e500000, 0x000000008e500000| Complete 
| 230|0x000000008e600000, 0x000000008e700000, 0x000000008e700000|100%| E|CS|TAMS 0x000000008e600000, 0x000000008e600000| Complete 
| 231|0x000000008e700000, 0x000000008e800000, 0x000000008e800000|100%| E|  |TAMS 0x000000008e700000, 0x000000008e700000| Complete 
| 232|0x000000008e800000, 0x000000008e900000, 0x000000008e900000|100%| E|CS|TAMS 0x000000008e800000, 0x000000008e800000| Complete 
| 233|0x000000008e900000, 0x000000008ea00000, 0x000000008ea00000|100%| E|CS|TAMS 0x000000008e900000, 0x000000008e900000| Complete 
| 234|0x000000008ea00000, 0x000000008eb00000, 0x000000008eb00000|100%| E|CS|TAMS 0x000000008ea00000, 0x000000008ea00000| Complete 
| 235|0x000000008eb00000, 0x000000008ec00000, 0x000000008ec00000|100%| E|CS|TAMS 0x000000008eb00000, 0x000000008eb00000| Complete 
| 236|0x000000008ec00000, 0x000000008ed00000, 0x000000008ed00000|100%| E|CS|TAMS 0x000000008ec00000, 0x000000008ec00000| Complete 
| 237|0x000000008ed00000, 0x000000008ee00000, 0x000000008ee00000|100%| E|CS|TAMS 0x000000008ed00000, 0x000000008ed00000| Complete 
| 238|0x000000008ee00000, 0x000000008ef00000, 0x000000008ef00000|100%| E|CS|TAMS 0x000000008ee00000, 0x000000008ee00000| Complete 
| 239|0x000000008ef00000, 0x000000008f000000, 0x000000008f000000|100%| E|CS|TAMS 0x000000008ef00000, 0x000000008ef00000| Complete 
| 240|0x000000008f000000, 0x000000008f100000, 0x000000008f100000|100%| E|CS|TAMS 0x000000008f000000, 0x000000008f000000| Complete 
| 241|0x000000008f100000, 0x000000008f200000, 0x000000008f200000|100%| E|CS|TAMS 0x000000008f100000, 0x000000008f100000| Complete 
| 242|0x000000008f200000, 0x000000008f300000, 0x000000008f300000|100%| E|CS|TAMS 0x000000008f200000, 0x000000008f200000| Complete 
| 283|0x0000000091b00000, 0x0000000091c00000, 0x0000000091c00000|100%| E|CS|TAMS 0x0000000091b00000, 0x0000000091b00000| Complete 
| 284|0x0000000091c00000, 0x0000000091d00000, 0x0000000091d00000|100%| E|CS|TAMS 0x0000000091c00000, 0x0000000091c00000| Complete 
| 285|0x0000000091d00000, 0x0000000091e00000, 0x0000000091e00000|100%| E|CS|TAMS 0x0000000091d00000, 0x0000000091d00000| Complete 
| 286|0x0000000091e00000, 0x0000000091f00000, 0x0000000091f00000|100%| E|CS|TAMS 0x0000000091e00000, 0x0000000091e00000| Complete 

Card table byte_map: [0x000001f295110000,0x000001f295510000] _byte_map_base: 0x000001f294d10000

Marking Bits (Prev, Next): (CMBitMap*) 0x000001f2825852a0, (CMBitMap*) 0x000001f2825852e0
 Prev Bits: [0x000001f295910000, 0x000001f297910000)
 Next Bits: [0x000001f297910000, 0x000001f299910000)

Polling page: 0x000001f2804d0000

Metaspace:

Usage:
  Non-class:     86.45 MB used.
      Class:     13.60 MB used.
       Both:    100.05 MB used.

Virtual space:
  Non-class space:       88.00 MB reserved,      86.88 MB ( 99%) committed,  11 nodes.
      Class space:        1.00 GB reserved,      13.94 MB (  1%) committed,  1 nodes.
             Both:        1.09 GB reserved,     100.81 MB (  9%) committed. 

Chunk freelists:
   Non-Class:  862.00 KB
       Class:  1.89 MB
        Both:  2.74 MB

MaxMetaspaceSize: unlimited
CompressedClassSpaceSize: 1.00 GB
Initial GC threshold: 21.00 MB
Current GC threshold: 134.50 MB
CDS: off
MetaspaceReclaimPolicy: balanced
 - commit_granule_bytes: 65536.
 - commit_granule_words: 8192.
 - virtual_space_node_default_size: 1048576.
 - enlarge_chunks_in_place: 1.
 - new_chunks_are_fully_committed: 0.
 - uncommit_free_chunks: 1.
 - use_allocation_guard: 0.
 - handle_deallocations: 1.


Internal statistics:

num_allocs_failed_limit: 14.
num_arena_births: 1070.
num_arena_deaths: 14.
num_vsnodes_births: 12.
num_vsnodes_deaths: 0.
num_space_committed: 1613.
num_space_uncommitted: 0.
num_chunks_returned_to_freelist: 32.
num_chunks_taken_from_freelist: 4925.
num_chunk_merges: 14.
num_chunk_splits: 3242.
num_chunks_enlarged: 2148.
num_purges: 2.
num_inconsistent_stats: 0.

CodeHeap 'non-profiled nmethods': size=120000Kb used=4691Kb max_used=4691Kb free=115308Kb
 bounds [0x000001f28d4b0000, 0x000001f28d950000, 0x000001f2949e0000]
CodeHeap 'profiled nmethods': size=120000Kb used=21425Kb max_used=21425Kb free=98574Kb
 bounds [0x000001f2859e0000, 0x000001f286ed0000, 0x000001f28cf10000]
CodeHeap 'non-nmethods': size=5760Kb used=2408Kb max_used=2442Kb free=3351Kb
 bounds [0x000001f28cf10000, 0x000001f28d180000, 0x000001f28d4b0000]
 total_blobs=13055 nmethods=12113 adapters=854
 compilation: enabled
              stopped_count=0, restarted_count=0
 full_count=0

Compilation events (20 events):
Event: 20.216 Thread 0x000001f29cc41170 nmethod 13304 0x000001f286ebbe10 code [0x000001f286ebc000, 0x000001f286ebc588]
Event: 20.216 Thread 0x000001f29cc41170 13305       3       com.android.tools.r8.graph.p5::f (33 bytes)
Event: 20.216 Thread 0x000001f29cc41170 nmethod 13305 0x000001f286ebc790 code [0x000001f286ebc920, 0x000001f286ebca78]
Event: 20.216 Thread 0x000001f29cc41170 13306       3       com.android.tools.r8.internal.wj::a (10 bytes)
Event: 20.216 Thread 0x000001f29cc41170 nmethod 13306 0x000001f286ebcb90 code [0x000001f286ebcd20, 0x000001f286ebce18]
Event: 20.216 Thread 0x000001f29cc41170 13308   !   3       com.android.tools.r8.graph.p2::z0 (88 bytes)
Event: 20.217 Thread 0x000001f29cc41170 nmethod 13308 0x000001f286ebce90 code [0x000001f286ebd120, 0x000001f286ebdce8]
Event: 20.217 Thread 0x000001f29cc41170 13310       3       com.android.tools.r8.graph.l1::a (31 bytes)
Event: 20.217 Thread 0x000001f29cc41170 nmethod 13310 0x000001f286ebe210 code [0x000001f286ebe3c0, 0x000001f286ebe698]
Event: 20.217 Thread 0x000001f29cc41170 13309       3       com.android.tools.r8.graph.Z1::<init> (57 bytes)
Event: 20.218 Thread 0x000001f29cc41170 nmethod 13309 0x000001f286ebe810 code [0x000001f286ebe9e0, 0x000001f286ebedb8]
Event: 20.218 Thread 0x000001f29cc41170 13311       3       com.android.tools.r8.graph.e2::<init> (45 bytes)
Event: 20.218 Thread 0x000001f29cc41170 nmethod 13311 0x000001f286ebef10 code [0x000001f286ebf100, 0x000001f286ebf528]
Event: 20.218 Thread 0x000001f29cc41170 13312       3       com.android.tools.r8.graph.e2::s0 (37 bytes)
Event: 20.218 Thread 0x000001f29cc41170 nmethod 13312 0x000001f286ebf710 code [0x000001f286ebf8e0, 0x000001f286ebfac8]
Event: 20.223 Thread 0x000001f29cc37850 nmethod 13266 0x000001f28d942990 code [0x000001f28d942bc0, 0x000001f28d944210]
Event: 20.223 Thread 0x000001f29cc37850 13307   !   4       java.util.concurrent.ConcurrentHashMap::transfer (849 bytes)
Event: 20.225 Thread 0x000001f29cc41170 13314 %     3       com.android.tools.r8.dex.B::l @ 63 (2085 bytes)
Event: 20.237 Thread 0x000001f29cc41170 nmethod 13314% 0x000001f286ebfc10 code [0x000001f286ec0800, 0x000001f286ec8948]
Event: 20.237 Thread 0x000001f29cc41170 13315       3       com.android.tools.r8.dex.B::l (2085 bytes)

GC Heap History (20 events):
Event: 11.657 GC heap before
{Heap before GC invocations=20 (full 0):
 garbage-first heap   total 131072K, used 103472K [0x0000000080000000, 0x0000000100000000)
  region size 1024K, 49 young (50176K), 4 survivors (4096K)
 Metaspace       used 71824K, committed 72384K, reserved 1114112K
  class space    used 9704K, committed 9920K, reserved 1048576K
}
Event: 11.663 GC heap after
{Heap after GC invocations=21 (full 0):
 garbage-first heap   total 131072K, used 60232K [0x0000000080000000, 0x0000000100000000)
  region size 1024K, 7 young (7168K), 7 survivors (7168K)
 Metaspace       used 71824K, committed 72384K, reserved 1114112K
  class space    used 9704K, committed 9920K, reserved 1048576K
}
Event: 12.136 GC heap before
{Heap before GC invocations=21 (full 0):
 garbage-first heap   total 131072K, used 104264K [0x0000000080000000, 0x0000000100000000)
  region size 1024K, 50 young (51200K), 7 survivors (7168K)
 Metaspace       used 74318K, committed 74880K, reserved 1114112K
  class space    used 10083K, committed 10304K, reserved 1048576K
}
Event: 12.144 GC heap after
{Heap after GC invocations=22 (full 0):
 garbage-first heap   total 131072K, used 63827K [0x0000000080000000, 0x0000000100000000)
  region size 1024K, 7 young (7168K), 7 survivors (7168K)
 Metaspace       used 74318K, committed 74880K, reserved 1114112K
  class space    used 10083K, committed 10304K, reserved 1048576K
}
Event: 12.787 GC heap before
{Heap before GC invocations=22 (full 0):
 garbage-first heap   total 131072K, used 105811K [0x0000000080000000, 0x0000000100000000)
  region size 1024K, 48 young (49152K), 7 survivors (7168K)
 Metaspace       used 77471K, committed 78080K, reserved 1122304K
  class space    used 10551K, committed 10816K, reserved 1048576K
}
Event: 12.795 GC heap after
{Heap after GC invocations=23 (full 0):
 garbage-first heap   total 131072K, used 67811K [0x0000000080000000, 0x0000000100000000)
  region size 1024K, 4 young (4096K), 4 survivors (4096K)
 Metaspace       used 77471K, committed 78080K, reserved 1122304K
  class space    used 10551K, committed 10816K, reserved 1048576K
}
Event: 13.424 GC heap before
{Heap before GC invocations=23 (full 0):
 garbage-first heap   total 131072K, used 106723K [0x0000000080000000, 0x0000000100000000)
  region size 1024K, 42 young (43008K), 4 survivors (4096K)
 Metaspace       used 81800K, committed 82368K, reserved 1122304K
  class space    used 11173K, committed 11456K, reserved 1048576K
}
Event: 13.433 GC heap after
{Heap after GC invocations=24 (full 0):
 garbage-first heap   total 293888K, used 71123K [0x0000000080000000, 0x0000000100000000)
  region size 1024K, 4 young (4096K), 4 survivors (4096K)
 Metaspace       used 81800K, committed 82368K, reserved 1122304K
  class space    used 11173K, committed 11456K, reserved 1048576K
}
Event: 15.428 GC heap before
{Heap before GC invocations=25 (full 0):
 garbage-first heap   total 252928K, used 217555K [0x0000000080000000, 0x0000000100000000)
  region size 1024K, 148 young (151552K), 4 survivors (4096K)
 Metaspace       used 85589K, committed 86272K, reserved 1130496K
  class space    used 11802K, committed 12096K, reserved 1048576K
}
Event: 15.445 GC heap after
{Heap after GC invocations=26 (full 0):
 garbage-first heap   total 252928K, used 85886K [0x0000000080000000, 0x0000000100000000)
  region size 1024K, 18 young (18432K), 18 survivors (18432K)
 Metaspace       used 85589K, committed 86272K, reserved 1130496K
  class space    used 11802K, committed 12096K, reserved 1048576K
}
Event: 15.458 GC heap before
{Heap before GC invocations=26 (full 0):
 garbage-first heap   total 252928K, used 86910K [0x0000000080000000, 0x0000000100000000)
  region size 1024K, 19 young (19456K), 18 survivors (18432K)
 Metaspace       used 85598K, committed 86272K, reserved 1130496K
  class space    used 11802K, committed 12096K, reserved 1048576K
}
Event: 15.470 GC heap after
{Heap after GC invocations=27 (full 0):
 garbage-first heap   total 252928K, used 87757K [0x0000000080000000, 0x0000000100000000)
  region size 1024K, 3 young (3072K), 3 survivors (3072K)
 Metaspace       used 85598K, committed 86272K, reserved 1130496K
  class space    used 11802K, committed 12096K, reserved 1048576K
}
Event: 16.971 GC heap before
{Heap before GC invocations=27 (full 0):
 garbage-first heap   total 252928K, used 192205K [0x0000000080000000, 0x0000000100000000)
  region size 1024K, 106 young (108544K), 3 survivors (3072K)
 Metaspace       used 90351K, committed 91072K, reserved 1130496K
  class space    used 12307K, committed 12608K, reserved 1048576K
}
Event: 16.982 GC heap after
{Heap after GC invocations=28 (full 0):
 garbage-first heap   total 252928K, used 92931K [0x0000000080000000, 0x0000000100000000)
  region size 1024K, 8 young (8192K), 8 survivors (8192K)
 Metaspace       used 90351K, committed 91072K, reserved 1130496K
  class space    used 12307K, committed 12608K, reserved 1048576K
}
Event: 18.500 GC heap before
{Heap before GC invocations=28 (full 0):
 garbage-first heap   total 252928K, used 196355K [0x0000000080000000, 0x0000000100000000)
  region size 1024K, 110 young (112640K), 8 survivors (8192K)
 Metaspace       used 97293K, committed 98048K, reserved 1138688K
  class space    used 13228K, committed 13568K, reserved 1048576K
}
Event: 18.513 GC heap after
{Heap after GC invocations=29 (full 0):
 garbage-first heap   total 252928K, used 99805K [0x0000000080000000, 0x0000000100000000)
  region size 1024K, 7 young (7168K), 7 survivors (7168K)
 Metaspace       used 97293K, committed 98048K, reserved 1138688K
  class space    used 13228K, committed 13568K, reserved 1048576K
}
Event: 19.082 GC heap before
{Heap before GC invocations=29 (full 0):
 garbage-first heap   total 252928K, used 201181K [0x0000000080000000, 0x0000000100000000)
  region size 1024K, 107 young (109568K), 7 survivors (7168K)
 Metaspace       used 98437K, committed 99136K, reserved 1138688K
  class space    used 13357K, committed 13696K, reserved 1048576K
}
Event: 19.099 GC heap after
{Heap after GC invocations=30 (full 0):
 garbage-first heap   total 252928K, used 110167K [0x0000000080000000, 0x0000000100000000)
  region size 1024K, 14 young (14336K), 14 survivors (14336K)
 Metaspace       used 98437K, committed 99136K, reserved 1138688K
  class space    used 13357K, committed 13696K, reserved 1048576K
}
Event: 20.025 GC heap before
{Heap before GC invocations=30 (full 0):
 garbage-first heap   total 252928K, used 216663K [0x0000000080000000, 0x0000000100000000)
  region size 1024K, 103 young (105472K), 14 survivors (14336K)
 Metaspace       used 102105K, committed 102784K, reserved 1138688K
  class space    used 13878K, committed 14208K, reserved 1048576K
}
Event: 20.040 GC heap after
{Heap after GC invocations=31 (full 0):
 garbage-first heap   total 252928K, used 134407K [0x0000000080000000, 0x0000000100000000)
  region size 1024K, 10 young (10240K), 10 survivors (10240K)
 Metaspace       used 102105K, committed 102784K, reserved 1138688K
  class space    used 13878K, committed 14208K, reserved 1048576K
}

Dll operation events (2 events):
Event: 0.015 Loaded shared library C:\Program Files\Android\Android Studio1\jbr\bin\java.dll
Event: 0.562 Loaded shared library C:\Program Files\Android\Android Studio1\jbr\bin\verify.dll

Deoptimization events (20 events):
Event: 20.227 Thread 0x000001f2a47485e0 DEOPT PACKING pc=0x000001f28604393e sp=0x0000003a033fd620
Event: 20.227 Thread 0x000001f2a47485e0 DEOPT UNPACKING pc=0x000001f28cf67143 sp=0x0000003a033fca98 mode 0
Event: 20.228 Thread 0x000001f2a47485e0 DEOPT PACKING pc=0x000001f28604393e sp=0x0000003a033fd620
Event: 20.229 Thread 0x000001f2a47485e0 DEOPT UNPACKING pc=0x000001f28cf67143 sp=0x0000003a033fca98 mode 0
Event: 20.230 Thread 0x000001f2a47485e0 DEOPT PACKING pc=0x000001f28604393e sp=0x0000003a033fd620
Event: 20.230 Thread 0x000001f2a47485e0 DEOPT UNPACKING pc=0x000001f28cf67143 sp=0x0000003a033fca98 mode 0
Event: 20.230 Thread 0x000001f2a47485e0 DEOPT PACKING pc=0x000001f286b09ff1 sp=0x0000003a033fd560
Event: 20.230 Thread 0x000001f2a47485e0 DEOPT UNPACKING pc=0x000001f28cf67143 sp=0x0000003a033fca70 mode 0
Event: 20.231 Thread 0x000001f2a47485e0 DEOPT PACKING pc=0x000001f28604393e sp=0x0000003a033fd620
Event: 20.231 Thread 0x000001f2a47485e0 DEOPT UNPACKING pc=0x000001f28cf67143 sp=0x0000003a033fca98 mode 0
Event: 20.233 Thread 0x000001f2a47485e0 DEOPT PACKING pc=0x000001f28604393e sp=0x0000003a033fd620
Event: 20.233 Thread 0x000001f2a47485e0 DEOPT UNPACKING pc=0x000001f28cf67143 sp=0x0000003a033fca98 mode 0
Event: 20.235 Thread 0x000001f2a47485e0 DEOPT PACKING pc=0x000001f28604393e sp=0x0000003a033fd620
Event: 20.235 Thread 0x000001f2a47485e0 DEOPT UNPACKING pc=0x000001f28cf67143 sp=0x0000003a033fca98 mode 0
Event: 20.236 Thread 0x000001f2a47485e0 DEOPT PACKING pc=0x000001f28604393e sp=0x0000003a033fd620
Event: 20.237 Thread 0x000001f2a47485e0 DEOPT UNPACKING pc=0x000001f28cf67143 sp=0x0000003a033fca98 mode 0
Event: 20.237 Thread 0x000001f2a47485e0 DEOPT PACKING pc=0x000001f28604393e sp=0x0000003a033fd460
Event: 20.237 Thread 0x000001f2a47485e0 DEOPT UNPACKING pc=0x000001f28cf67143 sp=0x0000003a033fc8d8 mode 0
Event: 20.238 Thread 0x000001f2a47485e0 DEOPT PACKING pc=0x000001f28604393e sp=0x0000003a033fd460
Event: 20.238 Thread 0x000001f2a47485e0 DEOPT UNPACKING pc=0x000001f28cf67143 sp=0x0000003a033fc8d8 mode 0

Classes unloaded (7 events):
Event: 20.239 Thread 0x000001f29c36a960 Unloading class 0x0000000100bf5c00 'java/lang/invoke/LambdaForm$DMH+0x0000000100bf5c00'
Event: 20.239 Thread 0x000001f29c36a960 Unloading class 0x0000000100bf5800 'java/lang/invoke/LambdaForm$DMH+0x0000000100bf5800'
Event: 20.239 Thread 0x000001f29c36a960 Unloading class 0x0000000100bf5400 'java/lang/invoke/LambdaForm$DMH+0x0000000100bf5400'
Event: 20.239 Thread 0x000001f29c36a960 Unloading class 0x0000000100bf5000 'java/lang/invoke/LambdaForm$DMH+0x0000000100bf5000'
Event: 20.239 Thread 0x000001f29c36a960 Unloading class 0x0000000100bf4c00 'java/lang/invoke/LambdaForm$DMH+0x0000000100bf4c00'
Event: 20.239 Thread 0x000001f29c36a960 Unloading class 0x0000000100bf4000 'java/lang/invoke/LambdaForm$DMH+0x0000000100bf4000'
Event: 20.239 Thread 0x000001f29c36a960 Unloading class 0x0000000100bf4400 'java/lang/invoke/LambdaForm$DMH+0x0000000100bf4400'

Classes redefined (0 events):
No events

Internal exceptions (20 events):
Event: 18.889 Thread 0x000001f2a1694c40 Exception <a 'sun/nio/fs/WindowsException'{0x000000008b2bee38}> (0x000000008b2bee38) 
thrown [s\src\hotspot\share\prims\jni.cpp, line 517]
Event: 18.889 Thread 0x000001f2a1694c40 Exception <a 'sun/nio/fs/WindowsException'{0x000000008b2bf220}> (0x000000008b2bf220) 
thrown [s\src\hotspot\share\prims\jni.cpp, line 517]
Event: 18.890 Thread 0x000001f2a1694c40 Exception <a 'sun/nio/fs/WindowsException'{0x000000008b2c0fd0}> (0x000000008b2c0fd0) 
thrown [s\src\hotspot\share\prims\jni.cpp, line 517]
Event: 18.890 Thread 0x000001f2a1694c40 Exception <a 'sun/nio/fs/WindowsException'{0x000000008b2c1e40}> (0x000000008b2c1e40) 
thrown [s\src\hotspot\share\prims\jni.cpp, line 517]
Event: 18.890 Thread 0x000001f2a1694c40 Exception <a 'sun/nio/fs/WindowsException'{0x000000008b2c1eb0}> (0x000000008b2c1eb0) 
thrown [s\src\hotspot\share\prims\jni.cpp, line 517]
Event: 18.890 Thread 0x000001f2a1694c40 Exception <a 'sun/nio/fs/WindowsException'{0x000000008b2c2208}> (0x000000008b2c2208) 
thrown [s\src\hotspot\share\prims\jni.cpp, line 517]
Event: 18.891 Thread 0x000001f2a1694c40 Exception <a 'sun/nio/fs/WindowsException'{0x000000008b2c3fc0}> (0x000000008b2c3fc0) 
thrown [s\src\hotspot\share\prims\jni.cpp, line 517]
Event: 18.904 Thread 0x000001f2a1694c40 Exception <a 'java/lang/NoSuchMethodError'{0x000000008b066010}: static Lcom/android/builder/internal/aapt/AaptOptions;.<clinit>()V> (0x000000008b066010) 
thrown [s\src\hotspot\share\prims\jni.cpp, line 1108]
Event: 18.906 Thread 0x000001f2a1694c40 Exception <a 'java/lang/NoSuchMethodError'{0x000000008b079548}: static Ljava/lang/Object;.<clinit>()V> (0x000000008b079548) 
thrown [s\src\hotspot\share\prims\jni.cpp, line 1108]
Event: 18.908 Thread 0x000001f2a1694c40 Exception <a 'java/lang/NoSuchMethodError'{0x000000008b0cc280}: static Lcom/android/build/api/variant/impl/VariantOutputImpl$SerializedForm;.<clinit>()V> (0x000000008b0cc280) 
thrown [s\src\hotspot\share\prims\jni.cpp, line 1108]
Event: 18.909 Thread 0x000001f2a1694c40 Exception <a 'java/lang/NoSuchMethodError'{0x000000008b0de870}: static Lcom/android/build/api/variant/impl/VariantOutputConfigurationImpl;.<clinit>()V> (0x000000008b0de870) 
thrown [s\src\hotspot\share\prims\jni.cpp, line 1108]
Event: 19.040 Thread 0x000001f2a4749450 Exception <a 'java/lang/NoSuchMethodError'{0x000000008a0d0228}: 'void java.lang.invoke.DirectMethodHandle$Holder.invokeStatic(java.lang.Object, long)'> (0x000000008a0d0228) 
thrown [s\src\hotspot\share\interpreter\linkResolver.cpp, line 771]
Event: 19.041 Thread 0x000001f2a4749450 Exception <a 'java/lang/NoSuchMethodError'{0x00000000898899d0}: 'java.lang.Object java.lang.invoke.DirectMethodHandle$Holder.newInvokeSpecial(java.lang.Object, long)'> (0x00000000898899d0) 
thrown [s\src\hotspot\share\interpreter\linkResolver.cpp, line 771]
Event: 19.047 Thread 0x000001f2a4749450 Exception <a 'java/lang/NoSuchMethodError'{0x00000000898dc8a0}: 'java.lang.Object java.lang.invoke.DirectMethodHandle$Holder.invokeStatic(java.lang.Object, java.lang.Object, long, java.lang.Object)'> (0x00000000898dc8a0) 
thrown [s\src\hotspot\share\interpreter\linkResolver.cpp, line 771]
Event: 19.048 Thread 0x000001f2a4749450 Exception <a 'java/lang/NoSuchMethodError'{0x000000008977a198}: 'java.lang.Object java.lang.invoke.DirectMethodHandle$Holder.invokeStaticInit(java.lang.Object, java.lang.Object, long, java.lang.Object)'> (0x000000008977a198) 
thrown [s\src\hotspot\share\interpreter\linkResolver.cpp, line 771]
Event: 19.612 Thread 0x000001f29fc37240 Exception <a 'java/lang/NoSuchMethodError'{0x000000008d0281a0}: 'java.lang.Object java.lang.invoke.DirectMethodHandle$Holder.invokeVirtual(java.lang.Object, java.lang.Object, int)'> (0x000000008d0281a0) 
thrown [s\src\hotspot\share\interpreter\linkResolver.cpp, line 771]
Event: 19.614 Thread 0x000001f29fc37240 Exception <a 'java/lang/NoSuchMethodError'{0x000000008d034888}: 'void java.lang.invoke.DirectMethodHandle$Holder.invokeStatic(java.lang.Object, java.lang.Object, java.lang.Object, int)'> (0x000000008d034888) 
thrown [s\src\hotspot\share\interpreter\linkResolver.cpp, line 771]
Event: 19.645 Thread 0x000001f2a4749450 Exception <a 'java/lang/NoSuchMethodError'{0x000000008ce242a0}: 'int java.lang.invoke.DirectMethodHandle$Holder.invokeSpecialIFC(java.lang.Object, java.lang.Object, java.lang.Object)'> (0x000000008ce242a0) 
thrown [s\src\hotspot\share\interpreter\linkResolver.cpp, line 771]
Event: 19.692 Thread 0x000001f2a47485e0 Exception <a 'sun/nio/fs/WindowsException'{0x000000008ca011f8}> (0x000000008ca011f8) 
thrown [s\src\hotspot\share\prims\jni.cpp, line 517]
Event: 20.013 Thread 0x000001f2a47485e0 Exception <a 'java/lang/NoSuchMethodError'{0x0000000089fb3908}: 'java.lang.Object java.lang.invoke.DirectMethodHandle$Holder.invokeStaticInit(java.lang.Object, java.lang.Object, java.lang.Object, java.lang.Object, java.lang.Object, java.lang.Object, java.lang.Object, java.lang.Object, java.lang.Object, java.lang.Object, java.lang.Object, java.lang.Object, java.lang.Object, java.lang.Object, java.lang.Object, java.lang.Object, java.lang.Object, java.lang.Object, java.lang.Object, int, java.lang.Object, java

VM Operations (20 events):
Event: 18.574 Executing VM operation: HandshakeAllThreads done
Event: 18.707 Executing VM operation: HandshakeAllThreads
Event: 18.708 Executing VM operation: HandshakeAllThreads done
Event: 18.709 Executing VM operation: HandshakeAllThreads
Event: 18.710 Executing VM operation: HandshakeAllThreads done
Event: 18.870 Executing VM operation: ICBufferFull
Event: 18.870 Executing VM operation: ICBufferFull done
Event: 19.057 Executing VM operation: HandshakeAllThreads
Event: 19.057 Executing VM operation: HandshakeAllThreads done
Event: 19.081 Executing VM operation: G1CollectForAllocation
Event: 19.099 Executing VM operation: G1CollectForAllocation done
Event: 19.704 Executing VM operation: HandshakeAllThreads
Event: 19.705 Executing VM operation: HandshakeAllThreads done
Event: 19.766 Executing VM operation: HandshakeAllThreads
Event: 19.766 Executing VM operation: HandshakeAllThreads done
Event: 19.839 Executing VM operation: HandshakeAllThreads
Event: 19.840 Executing VM operation: HandshakeAllThreads done
Event: 20.024 Executing VM operation: G1TryInitiateConcMark
Event: 20.041 Executing VM operation: G1TryInitiateConcMark done
Event: 20.238 Executing VM operation: G1Concurrent

Events (20 events):
Event: 19.053 loading class java/lang/ProcessImpl$2 done
Event: 19.053 loading class java/lang/Process$PipeInputStream
Event: 19.053 loading class java/lang/Process$PipeInputStream done
Event: 19.057 loading class jdk/internal/event/ProcessStartEvent
Event: 19.058 loading class jdk/internal/event/ProcessStartEvent done
Event: 19.061 Thread 0x000001f29fbb0ec0 Thread added: 0x000001f29fbb0ec0
Event: 19.061 Thread 0x000001f29fbb0520 Thread added: 0x000001f29fbb0520
Event: 19.300 Thread 0x000001f2a1692f60 Thread added: 0x000001f2a1692f60
Event: 19.316 loading class java/nio/file/FileTreeIterator
Event: 19.317 loading class java/nio/file/FileTreeIterator done
Event: 19.404 Thread 0x000001f2a63ff860 Thread added: 0x000001f2a63ff860
Event: 19.405 Thread 0x000001f2a63ffd30 Thread added: 0x000001f2a63ffd30
Event: 19.607 loading class java/util/stream/ReferencePipeline$15
Event: 19.607 loading class java/util/stream/ReferencePipeline$15 done
Event: 19.607 loading class java/util/stream/ReferencePipeline$15$1
Event: 19.608 loading class java/util/stream/ReferencePipeline$15$1 done
Event: 19.738 loading class java/io/UTFDataFormatException
Event: 19.738 loading class java/io/UTFDataFormatException done
Event: 19.983 loading class java/nio/BufferUnderflowException
Event: 19.983 loading class java/nio/BufferUnderflowException done


Dynamic libraries:
0x00007ff7d5e00000 - 0x00007ff7d5e0a000 	C:\Program Files\Android\Android Studio1\jbr\bin\java.exe
0x00007ffe2f2b0000 - 0x00007ffe2f4c4000 	C:\WINDOWS\SYSTEM32\ntdll.dll
0x00007ffe2d380000 - 0x00007ffe2d443000 	C:\WINDOWS\System32\KERNEL32.DLL
0x00007ffe2c950000 - 0x00007ffe2ccec000 	C:\WINDOWS\System32\KERNELBASE.dll
0x00007ffe29b40000 - 0x00007ffe29bd7000 	C:\WINDOWS\SYSTEM32\apphelp.dll
0x00007ffe2c6f0000 - 0x00007ffe2c801000 	C:\WINDOWS\System32\ucrtbase.dll
0x00007ffe215e0000 - 0x00007ffe215fb000 	C:\Program Files\Android\Android Studio1\jbr\bin\VCRUNTIME140.dll
0x00007ffe21540000 - 0x00007ffe21557000 	C:\Program Files\Android\Android Studio1\jbr\bin\jli.dll
0x00007ffe2efa0000 - 0x00007ffe2f14d000 	C:\WINDOWS\System32\USER32.dll
0x00007ffe140b0000 - 0x00007ffe1433e000 	C:\WINDOWS\WinSxS\amd64_microsoft.windows.common-controls_6595b64144ccf1df_6.0.22621.436_none_a94247dbc10d8414\COMCTL32.dll
0x00007ffe2c920000 - 0x00007ffe2c946000 	C:\WINDOWS\System32\win32u.dll
0x00007ffe2eb30000 - 0x00007ffe2ebd7000 	C:\WINDOWS\System32\msvcrt.dll
0x00007ffe2e980000 - 0x00007ffe2e9a9000 	C:\WINDOWS\System32\GDI32.dll
0x00007ffe2ccf0000 - 0x00007ffe2ce02000 	C:\WINDOWS\System32\gdi32full.dll
0x00007ffe2c810000 - 0x00007ffe2c8aa000 	C:\WINDOWS\System32\msvcp_win.dll
0x00007ffe2f150000 - 0x00007ffe2f182000 	C:\WINDOWS\System32\IMM32.DLL
0x00007ffe24090000 - 0x00007ffe2409c000 	C:\Program Files\Android\Android Studio1\jbr\bin\vcruntime140_1.dll
0x00007ffe026d0000 - 0x00007ffe0275d000 	C:\Program Files\Android\Android Studio1\jbr\bin\msvcp140.dll
0x00007ffdd7dc0000 - 0x00007ffdd8a2d000 	C:\Program Files\Android\Android Studio1\jbr\bin\server\jvm.dll
0x00007ffe2e450000 - 0x00007ffe2e4fe000 	C:\WINDOWS\System32\ADVAPI32.dll
0x00007ffe2ec30000 - 0x00007ffe2ecd4000 	C:\WINDOWS\System32\sechost.dll
0x00007ffe2e9b0000 - 0x00007ffe2eac5000 	C:\WINDOWS\System32\RPCRT4.dll
0x00007ffe255e0000 - 0x00007ffe255ea000 	C:\WINDOWS\SYSTEM32\VERSION.dll
0x00007ffe25da0000 - 0x00007ffe25dd4000 	C:\WINDOWS\SYSTEM32\WINMM.dll
0x00007ffe25e60000 - 0x00007ffe25e69000 	C:\WINDOWS\SYSTEM32\WSOCK32.dll
0x00007ffe2db00000 - 0x00007ffe2db71000 	C:\WINDOWS\System32\WS2_32.dll
0x00007ffe2b740000 - 0x00007ffe2b758000 	C:\WINDOWS\SYSTEM32\kernel.appcore.dll
0x00007ffe240c0000 - 0x00007ffe240ca000 	C:\Program Files\Android\Android Studio1\jbr\bin\jimage.dll
0x00007ffe20940000 - 0x00007ffe20b6e000 	C:\WINDOWS\SYSTEM32\DBGHELP.DLL
0x00007ffe2d540000 - 0x00007ffe2d8ca000 	C:\WINDOWS\System32\combase.dll
0x00007ffe2f190000 - 0x00007ffe2f267000 	C:\WINDOWS\System32\OLEAUT32.dll
0x00007ffe1e180000 - 0x00007ffe1e1b2000 	C:\WINDOWS\SYSTEM32\dbgcore.DLL
0x00007ffe2cf80000 - 0x00007ffe2cffb000 	C:\WINDOWS\System32\bcryptPrimitives.dll
0x00007ffe0af90000 - 0x00007ffe0afb5000 	C:\Program Files\Android\Android Studio1\jbr\bin\java.dll
0x00007ffe0af70000 - 0x00007ffe0af88000 	C:\Program Files\Android\Android Studio1\jbr\bin\zip.dll
0x00007ffe2dc00000 - 0x00007ffe2e3ef000 	C:\WINDOWS\System32\SHELL32.dll
0x00007ffe2a710000 - 0x00007ffe2afdc000 	C:\WINDOWS\SYSTEM32\windows.storage.dll
0x00007ffe2a5d0000 - 0x00007ffe2a70e000 	C:\WINDOWS\SYSTEM32\wintypes.dll
0x00007ffe2ece0000 - 0x00007ffe2edd1000 	C:\WINDOWS\System32\SHCORE.dll
0x00007ffe2d450000 - 0x00007ffe2d4ae000 	C:\WINDOWS\System32\shlwapi.dll
0x00007ffe2c620000 - 0x00007ffe2c641000 	C:\WINDOWS\SYSTEM32\profapi.dll
0x00007ffe0ae60000 - 0x00007ffe0ae79000 	C:\Program Files\Android\Android Studio1\jbr\bin\net.dll
0x00007ffe265c0000 - 0x00007ffe266ef000 	C:\WINDOWS\SYSTEM32\WINHTTP.dll
0x00007ffe2bbb0000 - 0x00007ffe2bc19000 	C:\WINDOWS\system32\mswsock.dll
0x00007ffe03380000 - 0x00007ffe03396000 	C:\Program Files\Android\Android Studio1\jbr\bin\nio.dll
0x00007ffe186a0000 - 0x00007ffe186b0000 	C:\Program Files\Android\Android Studio1\jbr\bin\verify.dll
0x00007ffe0f280000 - 0x00007ffe0f2a7000 	C:\Users\Aishwary Kumar Rai\.gradle\native\68d5fa5c4cc2d200863cafc0d521ce42e7d3e7ee720ec0a83991735586a16f82\windows-amd64\native-platform.dll
0x00007ffdf0fb0000 - 0x00007ffdf10f4000 	C:\Users\Aishwary Kumar Rai\.gradle\native\e376f236ea51e6404a007f0833ffe2c6e607c4080706a723a18a27aeea778392\windows-amd64\native-platform-file-events.dll
0x00007ffe23880000 - 0x00007ffe23889000 	C:\Program Files\Android\Android Studio1\jbr\bin\management.dll
0x00007ffe21a70000 - 0x00007ffe21a7b000 	C:\Program Files\Android\Android Studio1\jbr\bin\management_ext.dll
0x00007ffe2d8d0000 - 0x00007ffe2d8d8000 	C:\WINDOWS\System32\PSAPI.DLL
0x00007ffe2be00000 - 0x00007ffe2be1b000 	C:\WINDOWS\SYSTEM32\CRYPTSP.dll
0x00007ffe2b6b0000 - 0x00007ffe2b6e5000 	C:\WINDOWS\system32\rsaenh.dll
0x00007ffe2bca0000 - 0x00007ffe2bcc8000 	C:\WINDOWS\SYSTEM32\USERENV.dll
0x00007ffe2bfc0000 - 0x00007ffe2bfe8000 	C:\WINDOWS\SYSTEM32\bcrypt.dll
0x00007ffe2be20000 - 0x00007ffe2be2c000 	C:\WINDOWS\SYSTEM32\CRYPTBASE.dll
0x00007ffe2b270000 - 0x00007ffe2b29d000 	C:\WINDOWS\SYSTEM32\IPHLPAPI.DLL
0x00007ffe2dae0000 - 0x00007ffe2dae9000 	C:\WINDOWS\System32\NSI.dll
0x00007ffe26190000 - 0x00007ffe261a9000 	C:\WINDOWS\SYSTEM32\dhcpcsvc6.DLL
0x00007ffe25de0000 - 0x00007ffe25dff000 	C:\WINDOWS\SYSTEM32\dhcpcsvc.DLL
0x00007ffe2b2a0000 - 0x00007ffe2b393000 	C:\WINDOWS\SYSTEM32\DNSAPI.dll
0x00007ffe11920000 - 0x00007ffe11928000 	C:\WINDOWS\system32\wshunix.dll

dbghelp: loaded successfully - version: 4.0.5 - missing functions: none
symbol engine: initialized successfully - sym options: 0x614 - pdb path: .;C:\Program Files\Android\Android Studio1\jbr\bin;C:\WINDOWS\SYSTEM32;C:\WINDOWS\WinSxS\amd64_microsoft.windows.common-controls_6595b64144ccf1df_6.0.22621.436_none_a94247dbc10d8414;C:\Program Files\Android\Android Studio1\jbr\bin\server;C:\Users\Aishwary Kumar Rai\.gradle\native\68d5fa5c4cc2d200863cafc0d521ce42e7d3e7ee720ec0a83991735586a16f82\windows-amd64;C:\Users\Aishwary Kumar Rai\.gradle\native\e376f236ea51e6404a007f0833ffe2c6e607c4080706a723a18a27aeea778392\windows-amd64

VM Arguments:
jvm_args: --add-opens=java.base/java.util=ALL-UNNAMED --add-opens=java.base/java.lang=ALL-UNNAMED --add-opens=java.base/java.lang.invoke=ALL-UNNAMED --add-opens=java.prefs/java.util.prefs=ALL-UNNAMED --add-opens=java.base/java.nio.charset=ALL-UNNAMED --add-opens=java.base/java.net=ALL-UNNAMED --add-opens=java.base/java.util.concurrent.atomic=ALL-UNNAMED -Xmx2048m -Dfile.encoding=UTF-8 -Duser.country=IN -Duser.language=en -Duser.variant 
java_command: org.gradle.launcher.daemon.bootstrap.GradleDaemon 8.0
java_class_path (initial): C:\Users\Aishwary Kumar Rai\.gradle\wrapper\dists\gradle-8.0-bin\ca5e32bp14vu59qr306oxotwh\gradle-8.0\lib\gradle-launcher-8.0.jar
Launcher Type: SUN_STANDARD

[Global flags]
     intx CICompilerCount                          = 4                                         {product} {ergonomic}
     uint ConcGCThreads                            = 2                                         {product} {ergonomic}
     uint G1ConcRefinementThreads                  = 8                                         {product} {ergonomic}
   size_t G1HeapRegionSize                         = 1048576                                   {product} {ergonomic}
    uintx GCDrainStackTargetSize                   = 64                                        {product} {ergonomic}
   size_t InitialHeapSize                          = 100663296                                 {product} {ergonomic}
   size_t MarkStackSize                            = 4194304                                   {product} {ergonomic}
   size_t MaxHeapSize                              = 2147483648                                {product} {command line}
   size_t MaxNewSize                               = 1287651328                                {product} {ergonomic}
   size_t MinHeapDeltaBytes                        = 1048576                                   {product} {ergonomic}
   size_t MinHeapSize                              = 8388608                                   {product} {ergonomic}
    uintx NonNMethodCodeHeapSize                   = 5839372                                {pd product} {ergonomic}
    uintx NonProfiledCodeHeapSize                  = 122909434                              {pd product} {ergonomic}
    uintx ProfiledCodeHeapSize                     = 122909434                              {pd product} {ergonomic}
    uintx ReservedCodeCacheSize                    = 251658240                              {pd product} {ergonomic}
     bool SegmentedCodeCache                       = true                                      {product} {ergonomic}
   size_t SoftMaxHeapSize                          = 2147483648                             {manageable} {ergonomic}
     bool UseCompressedClassPointers               = true                           {product lp64_product} {ergonomic}
     bool UseCompressedOops                        = true                           {product lp64_product} {ergonomic}
     bool UseG1GC                                  = true                                      {product} {ergonomic}
     bool UseLargePagesIndividualAllocation        = false                                  {pd product} {ergonomic}

Logging:
Log output configuration:
 #0: stdout all=warning uptime,level,tags
 #1: stderr all=off uptime,level,tags

Environment Variables:
PATH=C:\Program Files (x86)\Common Files\Oracle\Java\javapath;C:\oraclexe\app\oracle\product\10.2.0\server\bin;C:\WINDOWS\system32;C:\WINDOWS;C:\WINDOWS\System32\Wbem;C:\WINDOWS\System32\WindowsPowerShell\v1.0\;C:\WINDOWS\System32\OpenSSH\;C:\Program Files\Java\jdk1.8.0_172\bin;C:\Program Files\Java\jdk1.8.0_321\bin;C:\Program Files\Git\cmd;C:\Program Files\Java\jdk1.8.0_172\bin;C:\Users\Aishwary Kumar Rai\AppData\Local\Programs\Microsoft VS Code\bin;C:\Users\Aishwary Kumar Rai\AppData\Local\Microsoft\WindowsApps;
USERNAME=Aishwary Kumar Rai
OS=Windows_NT
PROCESSOR_IDENTIFIER=AMD64 Family 23 Model 24 Stepping 1, AuthenticAMD
TMP=C:\Users\AISHWA~1\AppData\Local\Temp
TEMP=C:\Users\AISHWA~1\AppData\Local\Temp



---------------  S Y S T E M  ---------------

OS:
 Windows 11 , 64 bit Build 22621 (10.0.22621.1245)
OS uptime: 25 days 17:26 hours

CPU: total 8 (initial active 8) (8 cores per cpu, 2 threads per core) family 23 model 24 stepping 1 microcode 0x0, cx8, cmov, fxsr, ht, mmx, 3dnowpref, sse, sse2, sse3, ssse3, sse4a, sse4.1, sse4.2, popcnt, lzcnt, tsc, tscinvbit, avx, avx2, aes, clmul, bmi1, bmi2, adx, sha, fma, vzeroupper, clflush, clflushopt

Memory: 4k page, system-wide physical 6020M (283M free)
TotalPageFile size 24452M (AvailPageFile size 39M)
current process WorkingSet (physical memory assigned to process): 460M, peak: 460M
current process commit charge ("private bytes"): 542M, peak: 582M

vm_info: OpenJDK 64-Bit Server VM (17.0.6+0-b2043.56-9586694) for windows-amd64 JRE (17.0.6+0-b2043.56-9586694), built on Feb  9 2023 20:06:20 by "androidbuild" with MS VC++ 16.10 / 16.11 (VS2019)

END.
