#
# There is insufficient memory for the Java Runtime Environment to continue.
# Native memory allocation (malloc) failed to allocate 1025296 bytes for Chunk::new
# Possible reasons:
#   The system is out of physical RAM or swap space
#   The process is running with CompressedOops enabled, and the Java Heap may be blocking the growth of the native heap
# Possible solutions:
#   Reduce memory load on the system
#   Increase physical memory or swap space
#   Check if swap backing store is full
#   Decrease Java heap size (-Xmx/-Xms)
#   Decrease number of Java threads
#   Decrease Java thread stack sizes (-Xss)
#   Set larger code cache with -XX:ReservedCodeCacheSize=
#   JVM is running with Unscaled Compressed Oops mode in which the Java heap is
#     placed in the first 4GB address space. The Java Heap base address is the
#     maximum limit for the native heap growth. Please use -XX:HeapBaseMinAddress
#     to set the Java Heap base and to place the Java Heap above 4GB virtual address.
# This output file may be truncated or incomplete.
#
#  Out of Memory Error (arena.cpp:189), pid=48588, tid=48064
#
# JRE version: OpenJDK Runtime Environment (17.0.6) (build 17.0.6+0-b2043.56-9586694)
# Java VM: OpenJDK 64-Bit Server VM (17.0.6+0-b2043.56-9586694, mixed mode, tiered, compressed oops, compressed class ptrs, g1 gc, windows-amd64)
# No core dump will be written. Minidumps are not enabled by default on client versions of Windows
#

---------------  S U M M A R Y ------------

Command Line: --add-opens=java.base/java.util=ALL-UNNAMED --add-opens=java.base/java.lang=ALL-UNNAMED --add-opens=java.base/java.lang.invoke=ALL-UNNAMED --add-opens=java.prefs/java.util.prefs=ALL-UNNAMED --add-opens=java.base/java.nio.charset=ALL-UNNAMED --add-opens=java.base/java.net=ALL-UNNAMED --add-opens=java.base/java.util.concurrent.atomic=ALL-UNNAMED -Xmx2048m -Dfile.encoding=UTF-8 -Duser.country=IN -Duser.language=en -Duser.variant org.gradle.launcher.daemon.bootstrap.GradleDaemon 8.0

Host: AMD Ryzen 5 3450U with Radeon Vega Mobile Gfx  , 8 cores, 5G,  Windows 11 , 64 bit Build 22621 (10.0.22621.1245)
Time: Mon Jun 12 17:31:57 2023 India Standard Time elapsed time: 17.428066 seconds (0d 0h 0m 17s)

---------------  T H R E A D  ---------------

Current thread (0x000001b77a457fc0):  JavaThread "C2 CompilerThread0" daemon [_thread_in_native, id=48064, stack(0x00000022c4d00000,0x00000022c4e00000)]


Current CompileTask:
C2:  17428 9508   !   4       java.net.URLClassLoader::findClass (47 bytes)

Stack: [0x00000022c4d00000,0x00000022c4e00000]
Native frames: (J=compiled Java code, j=interpreted, Vv=VM code, C=native code)
V  [jvm.dll+0x683b4a]
V  [jvm.dll+0x842654]
V  [jvm.dll+0x843dfe]
V  [jvm.dll+0x844463]
V  [jvm.dll+0x249b75]
V  [jvm.dll+0xabcac]
V  [jvm.dll+0xac27c]
V  [jvm.dll+0x2b0eef]
V  [jvm.dll+0x58a207]
V  [jvm.dll+0x2243b2]
V  [jvm.dll+0x22478f]
V  [jvm.dll+0x21e055]
V  [jvm.dll+0x21b51b]
V  [jvm.dll+0x1a4fdd]
V  [jvm.dll+0x22b098]
V  [jvm.dll+0x229159]
V  [jvm.dll+0x7f809c]
V  [jvm.dll+0x7f25fa]
V  [jvm.dll+0x682985]
C  [ucrtbase.dll+0x29363]
C  [KERNEL32.DLL+0x126bd]
C  [ntdll.dll+0x5dfb8]


---------------  P R O C E S S  ---------------

Threads class SMR info:
_java_thread_list=0x000001b77f44b280, length=134, elements={
0x000001b75fc06e90, 0x000001b77a436260, 0x000001b77a436e10, 0x000001b77a422fb0,
0x000001b77a4503e0, 0x000001b77a452db0, 0x000001b77a456690, 0x000001b77a457fc0,
0x000001b77a46d8f0, 0x000001b77a470200, 0x000001b77a5f4340, 0x000001b77a5f4810,
0x000001b77b82f050, 0x000001b77ba72720, 0x000001b77c9837c0, 0x000001b77c8bd440,
0x000001b77caea390, 0x000001b77c810f50, 0x000001b77c812de0, 0x000001b77c81e130,
0x000001b77c821620, 0x000001b77c8207b0, 0x000001b77c81f940, 0x000001b77c821150,
0x000001b77c821af0, 0x000001b77c81f470, 0x000001b77c81e600, 0x000001b77c81fe10,
0x000001b77c81ead0, 0x000001b77c820c80, 0x000001b77c8202e0, 0x000001b77c81efa0,
0x000001b77e93da80, 0x000001b77e942c50, 0x000001b77e940f70, 0x000001b77e940aa0,
0x000001b77e93df50, 0x000001b77e93fc30, 0x000001b77e93f290, 0x000001b77e941440,
0x000001b77e93b8d0, 0x000001b77e93e420, 0x000001b77e93e8f0, 0x000001b77e93f760,
0x000001b77e942780, 0x000001b77e93bda0, 0x000001b77e93c270, 0x000001b77e93c740,
0x000001b77e9405d0, 0x000001b77e93cc10, 0x000001b77e93d0e0, 0x000001b77eedf570,
0x000001b77eee1720, 0x000001b77eeddd60, 0x000001b77eedd3c0, 0x000001b77eedc550,
0x000001b77eee38d0, 0x000001b77eee2a60, 0x000001b77eedca20, 0x000001b77eede230,
0x000001b77eedfa40, 0x000001b77eedebd0, 0x000001b77eedff10, 0x000001b77eee0d80,
0x000001b77eedc080, 0x000001b77eede700, 0x000001b77eedd890, 0x000001b77eedcef0,
0x000001b77eee3400, 0x000001b77eedf0a0, 0x000001b77eee1250, 0x000001b77eee08b0,
0x000001b77eee03e0, 0x000001b77eee1bf0, 0x000001b77eee20c0, 0x000001b77eee2590,
0x000001b77eee2f30, 0x000001b77f142690, 0x000001b77f1404e0, 0x000001b77f141820,
0x000001b77f140e80, 0x000001b77f13e800, 0x000001b77f144370, 0x000001b77f143ea0,
0x000001b77f1439d0, 0x000001b77f1409b0, 0x000001b77f143500, 0x000001b77f13d990,
0x000001b77f144840, 0x000001b77f140010, 0x000001b77f13cff0, 0x000001b77f142b60,
0x000001b77f143030, 0x000001b77f13fb40, 0x000001b77f13d4c0, 0x000001b77f13de60,
0x000001b77f13e330, 0x000001b77f141cf0, 0x000001b77f13ecd0, 0x000001b77f141350,
0x000001b77f13f1a0, 0x000001b77f1421c0, 0x000001b77f13f670, 0x000001b77ee2d650,
0x000001b77ee2e990, 0x000001b77ee319b0, 0x000001b77ee301a0, 0x000001b77ee2d180,
0x000001b77ee32350, 0x000001b77ee2c310, 0x000001b77ee31e80, 0x000001b77ee30670,
0x000001b77ee2dff0, 0x000001b77ee2be40, 0x000001b77ee2fcd0, 0x000001b77ee2ee60,
0x000001b77ee32820, 0x000001b77ee331c0, 0x000001b77ee2c7e0, 0x000001b77ee314e0,
0x000001b77ee2e4c0, 0x000001b77ee2f330, 0x000001b77ee31010, 0x000001b77ee32cf0,
0x000001b77ee2ccb0, 0x000001b77ee2f800, 0x000001b77ee2db20, 0x000001b77efc4240,
0x000001b77efc4be0, 0x000001b77efc5a50, 0x000001b77efbfa10, 0x000001b77efc1220,
0x000001b77efc33d0, 0x000001b77efc16f0
}

Java Threads: ( => current thread )
  0x000001b75fc06e90 JavaThread "main" [_thread_blocked, id=23060, stack(0x00000022c4000000,0x00000022c4100000)]
  0x000001b77a436260 JavaThread "Reference Handler" daemon [_thread_blocked, id=42232, stack(0x00000022c4700000,0x00000022c4800000)]
  0x000001b77a436e10 JavaThread "Finalizer" daemon [_thread_blocked, id=41376, stack(0x00000022c4800000,0x00000022c4900000)]
  0x000001b77a422fb0 JavaThread "Signal Dispatcher" daemon [_thread_blocked, id=35072, stack(0x00000022c4900000,0x00000022c4a00000)]
  0x000001b77a4503e0 JavaThread "Attach Listener" daemon [_thread_blocked, id=38900, stack(0x00000022c4a00000,0x00000022c4b00000)]
  0x000001b77a452db0 JavaThread "Service Thread" daemon [_thread_blocked, id=11060, stack(0x00000022c4b00000,0x00000022c4c00000)]
  0x000001b77a456690 JavaThread "Monitor Deflation Thread" daemon [_thread_blocked, id=3772, stack(0x00000022c4c00000,0x00000022c4d00000)]
=>0x000001b77a457fc0 JavaThread "C2 CompilerThread0" daemon [_thread_in_native, id=48064, stack(0x00000022c4d00000,0x00000022c4e00000)]
  0x000001b77a46d8f0 JavaThread "C1 CompilerThread0" daemon [_thread_blocked, id=45720, stack(0x00000022c4e00000,0x00000022c4f00000)]
  0x000001b77a470200 JavaThread "Sweeper thread" daemon [_thread_blocked, id=18008, stack(0x00000022c4f00000,0x00000022c5000000)]
  0x000001b77a5f4340 JavaThread "Common-Cleaner" daemon [_thread_blocked, id=4464, stack(0x00000022c5000000,0x00000022c5100000)]
  0x000001b77a5f4810 JavaThread "Notification Thread" daemon [_thread_blocked, id=35308, stack(0x00000022c5100000,0x00000022c5200000)]
  0x000001b77b82f050 JavaThread "Daemon health stats" [_thread_blocked, id=46700, stack(0x00000022c5700000,0x00000022c5800000)]
  0x000001b77ba72720 JavaThread "Incoming local TCP Connector on port 49509" [_thread_in_native, id=13556, stack(0x00000022c5800000,0x00000022c5900000)]
  0x000001b77c9837c0 JavaThread "Daemon periodic checks" [_thread_blocked, id=39160, stack(0x00000022c5900000,0x00000022c5a00000)]
  0x000001b77c8bd440 JavaThread "Daemon" [_thread_blocked, id=21072, stack(0x00000022c5a00000,0x00000022c5b00000)]
  0x000001b77caea390 JavaThread "Handler for socket connection from /127.0.0.1:49509 to /127.0.0.1:49510" [_thread_in_native, id=20296, stack(0x00000022c5b00000,0x00000022c5c00000)]
  0x000001b77c810f50 JavaThread "Cancel handler" [_thread_blocked, id=44424, stack(0x00000022c5c00000,0x00000022c5d00000)]
  0x000001b77c812de0 JavaThread "Daemon worker" [_thread_in_Java, id=44788, stack(0x00000022c5d00000,0x00000022c5e00000)]
  0x000001b77c81e130 JavaThread "Asynchronous log dispatcher for DefaultDaemonConnection: socket connection from /127.0.0.1:49509 to /127.0.0.1:49510" [_thread_blocked, id=24248, stack(0x00000022c5e00000,0x00000022c5f00000)]
  0x000001b77c821620 JavaThread "Stdin handler" [_thread_blocked, id=30156, stack(0x00000022c5f00000,0x00000022c6000000)]
  0x000001b77c8207b0 JavaThread "Daemon client event forwarder" [_thread_blocked, id=45952, stack(0x00000022c6000000,0x00000022c6100000)]
  0x000001b77c81f940 JavaThread "Cache worker for journal cache (C:\Users\Aishwary Kumar Rai\.gradle\caches\journal-1)" [_thread_blocked, id=42024, stack(0x00000022c6500000,0x00000022c6600000)]
  0x000001b77c821150 JavaThread "File lock request listener" [_thread_in_native, id=34500, stack(0x00000022c6600000,0x00000022c6700000)]
  0x000001b77c821af0 JavaThread "Cache worker for file hash cache (C:\Users\Aishwary Kumar Rai\.gradle\caches\8.0\fileHashes)" [_thread_blocked, id=46052, stack(0x00000022c6700000,0x00000022c6800000)]
  0x000001b77c81f470 JavaThread "File watcher server" daemon [_thread_in_native, id=40128, stack(0x00000022c6800000,0x00000022c6900000)]
  0x000001b77c81e600 JavaThread "File watcher consumer" daemon [_thread_blocked, id=45772, stack(0x00000022c6900000,0x00000022c6a00000)]
  0x000001b77c81fe10 JavaThread "jar transforms" [_thread_blocked, id=44520, stack(0x00000022c6a00000,0x00000022c6b00000)]
  0x000001b77c81ead0 JavaThread "jar transforms Thread 2" [_thread_blocked, id=30932, stack(0x00000022c6b00000,0x00000022c6c00000)]
  0x000001b77c820c80 JavaThread "jar transforms Thread 3" [_thread_blocked, id=43172, stack(0x00000022c6c00000,0x00000022c6d00000)]
  0x000001b77c8202e0 JavaThread "jar transforms Thread 4" [_thread_blocked, id=29784, stack(0x00000022c6d00000,0x00000022c6e00000)]
  0x000001b77c81efa0 JavaThread "jar transforms Thread 5" [_thread_blocked, id=28728, stack(0x00000022c6e00000,0x00000022c6f00000)]
  0x000001b77e93da80 JavaThread "jar transforms Thread 6" [_thread_blocked, id=38448, stack(0x00000022c6f00000,0x00000022c7000000)]
  0x000001b77e942c50 JavaThread "jar transforms Thread 7" [_thread_blocked, id=46356, stack(0x00000022c7000000,0x00000022c7100000)]
  0x000001b77e940f70 JavaThread "jar transforms Thread 8" [_thread_blocked, id=1744, stack(0x00000022c7100000,0x00000022c7200000)]
  0x000001b77e940aa0 JavaThread "Cache worker for checksums cache (C:\Users\Aishwary Kumar Rai\DocuMed\.gradle\8.0\checksums)" [_thread_blocked, id=23332, stack(0x00000022c7200000,0x00000022c7300000)]
  0x000001b77e93df50 JavaThread "Cache worker for cache directory md-rule (C:\Users\Aishwary Kumar Rai\.gradle\caches\8.0\md-rule)" [_thread_blocked, id=40884, stack(0x00000022c7300000,0x00000022c7400000)]
  0x000001b77e93fc30 JavaThread "Cache worker for file content cache (C:\Users\Aishwary Kumar Rai\.gradle\caches\8.0\fileContent)" [_thread_blocked, id=32592, stack(0x00000022c7400000,0x00000022c7500000)]
  0x000001b77e93f290 JavaThread "Cache worker for file hash cache (C:\Users\Aishwary Kumar Rai\DocuMed\.gradle\8.0\fileHashes)" [_thread_blocked, id=32324, stack(0x00000022c7500000,0x00000022c7600000)]
  0x000001b77e941440 JavaThread "Cache worker for cache directory md-supplier (C:\Users\Aishwary Kumar Rai\.gradle\caches\8.0\md-supplier)" [_thread_blocked, id=43516, stack(0x00000022c7600000,0x00000022c7700000)]
  0x000001b77e93b8d0 JavaThread "Cache worker for execution history cache (C:\Users\Aishwary Kumar Rai\.gradle\caches\8.0\executionHistory)" [_thread_blocked, id=18532, stack(0x00000022c7700000,0x00000022c7800000)]
  0x000001b77e93e420 JavaThread "Cache worker for dependencies-accessors (C:\Users\Aishwary Kumar Rai\DocuMed\.gradle\8.0\dependencies-accessors)" [_thread_blocked, id=32664, stack(0x00000022c7800000,0x00000022c7900000)]
  0x000001b77e93e8f0 JavaThread "Cache worker for Build Output Cleanup Cache (C:\Users\Aishwary Kumar Rai\DocuMed\.gradle\buildOutputCleanup)" [_thread_blocked, id=19180, stack(0x00000022c7900000,0x00000022c7a00000)]
  0x000001b77e93f760 JavaThread "Unconstrained build operations" [_thread_blocked, id=47480, stack(0x00000022c7a00000,0x00000022c7b00000)]
  0x000001b77e942780 JavaThread "Unconstrained build operations Thread 2" [_thread_blocked, id=33648, stack(0x00000022c7b00000,0x00000022c7c00000)]
  0x000001b77e93bda0 JavaThread "Unconstrained build operations Thread 3" [_thread_blocked, id=48700, stack(0x00000022c7c00000,0x00000022c7d00000)]
  0x000001b77e93c270 JavaThread "Unconstrained build operations Thread 4" [_thread_blocked, id=40616, stack(0x00000022c7d00000,0x00000022c7e00000)]
  0x000001b77e93c740 JavaThread "Unconstrained build operations Thread 5" [_thread_blocked, id=46020, stack(0x00000022c7e00000,0x00000022c7f00000)]
  0x000001b77e9405d0 JavaThread "Unconstrained build operations Thread 6" [_thread_blocked, id=22136, stack(0x00000022c7f00000,0x00000022c8000000)]
  0x000001b77e93cc10 JavaThread "Unconstrained build operations Thread 7" [_thread_blocked, id=1032, stack(0x00000022c8000000,0x00000022c8100000)]
  0x000001b77e93d0e0 JavaThread "Unconstrained build operations Thread 8" [_thread_blocked, id=30888, stack(0x00000022c8100000,0x00000022c8200000)]
  0x000001b77eedf570 JavaThread "Unconstrained build operations Thread 9" [_thread_blocked, id=29156, stack(0x00000022c8200000,0x00000022c8300000)]
  0x000001b77eee1720 JavaThread "Unconstrained build operations Thread 10" [_thread_blocked, id=44016, stack(0x00000022c8300000,0x00000022c8400000)]
  0x000001b77eeddd60 JavaThread "Unconstrained build operations Thread 11" [_thread_blocked, id=40072, stack(0x00000022c8400000,0x00000022c8500000)]
  0x000001b77eedd3c0 JavaThread "Unconstrained build operations Thread 12" [_thread_blocked, id=23712, stack(0x00000022c8500000,0x00000022c8600000)]
  0x000001b77eedc550 JavaThread "Unconstrained build operations Thread 13" [_thread_blocked, id=29836, stack(0x00000022c8600000,0x00000022c8700000)]
  0x000001b77eee38d0 JavaThread "Unconstrained build operations Thread 14" [_thread_blocked, id=21840, stack(0x00000022c8700000,0x00000022c8800000)]
  0x000001b77eee2a60 JavaThread "Unconstrained build operations Thread 15" [_thread_blocked, id=38184, stack(0x00000022c8800000,0x00000022c8900000)]
  0x000001b77eedca20 JavaThread "Unconstrained build operations Thread 16" [_thread_blocked, id=30568, stack(0x00000022c8900000,0x00000022c8a00000)]
  0x000001b77eede230 JavaThread "Unconstrained build operations Thread 17" [_thread_blocked, id=48752, stack(0x00000022c8a00000,0x00000022c8b00000)]
  0x000001b77eedfa40 JavaThread "Unconstrained build operations Thread 18" [_thread_blocked, id=48840, stack(0x00000022c8b00000,0x00000022c8c00000)]
  0x000001b77eedebd0 JavaThread "Unconstrained build operations Thread 19" [_thread_blocked, id=39604, stack(0x00000022c8c00000,0x00000022c8d00000)]
  0x000001b77eedff10 JavaThread "Unconstrained build operations Thread 20" [_thread_blocked, id=2700, stack(0x00000022c8d00000,0x00000022c8e00000)]
  0x000001b77eee0d80 JavaThread "Unconstrained build operations Thread 21" [_thread_blocked, id=25492, stack(0x00000022c8e00000,0x00000022c8f00000)]
  0x000001b77eedc080 JavaThread "Unconstrained build operations Thread 22" [_thread_blocked, id=33936, stack(0x00000022c8f00000,0x00000022c9000000)]
  0x000001b77eede700 JavaThread "Unconstrained build operations Thread 23" [_thread_blocked, id=32604, stack(0x00000022c9000000,0x00000022c9100000)]
  0x000001b77eedd890 JavaThread "Unconstrained build operations Thread 24" [_thread_blocked, id=16572, stack(0x00000022c9100000,0x00000022c9200000)]
  0x000001b77eedcef0 JavaThread "Unconstrained build operations Thread 25" [_thread_blocked, id=40060, stack(0x00000022c9200000,0x00000022c9300000)]
  0x000001b77eee3400 JavaThread "Unconstrained build operations Thread 26" [_thread_blocked, id=31616, stack(0x00000022c9300000,0x00000022c9400000)]
  0x000001b77eedf0a0 JavaThread "Unconstrained build operations Thread 27" [_thread_blocked, id=45408, stack(0x00000022c9400000,0x00000022c9500000)]
  0x000001b77eee1250 JavaThread "Unconstrained build operations Thread 28" [_thread_blocked, id=20240, stack(0x00000022c9500000,0x00000022c9600000)]
  0x000001b77eee08b0 JavaThread "Unconstrained build operations Thread 29" [_thread_blocked, id=38176, stack(0x00000022c9600000,0x00000022c9700000)]
  0x000001b77eee03e0 JavaThread "Unconstrained build operations Thread 30" [_thread_blocked, id=22768, stack(0x00000022c9700000,0x00000022c9800000)]
  0x000001b77eee1bf0 JavaThread "Unconstrained build operations Thread 31" [_thread_blocked, id=45096, stack(0x00000022c9800000,0x00000022c9900000)]
  0x000001b77eee20c0 JavaThread "Unconstrained build operations Thread 32" [_thread_blocked, id=43276, stack(0x00000022c9900000,0x00000022c9a00000)]
  0x000001b77eee2590 JavaThread "Unconstrained build operations Thread 33" [_thread_blocked, id=18124, stack(0x00000022c9a00000,0x00000022c9b00000)]
  0x000001b77eee2f30 JavaThread "Unconstrained build operations Thread 34" [_thread_blocked, id=38312, stack(0x00000022c9b00000,0x00000022c9c00000)]
  0x000001b77f142690 JavaThread "Unconstrained build operations Thread 35" [_thread_blocked, id=9320, stack(0x00000022c9c00000,0x00000022c9d00000)]
  0x000001b77f1404e0 JavaThread "Unconstrained build operations Thread 36" [_thread_blocked, id=47956, stack(0x00000022c9d00000,0x00000022c9e00000)]
  0x000001b77f141820 JavaThread "Unconstrained build operations Thread 37" [_thread_blocked, id=13652, stack(0x00000022c9e00000,0x00000022c9f00000)]
  0x000001b77f140e80 JavaThread "Unconstrained build operations Thread 38" [_thread_blocked, id=23464, stack(0x00000022c9f00000,0x00000022ca000000)]
  0x000001b77f13e800 JavaThread "Unconstrained build operations Thread 39" [_thread_blocked, id=38008, stack(0x00000022ca000000,0x00000022ca100000)]
  0x000001b77f144370 JavaThread "Unconstrained build operations Thread 40" [_thread_blocked, id=38524, stack(0x00000022ca100000,0x00000022ca200000)]
  0x000001b77f143ea0 JavaThread "Unconstrained build operations Thread 41" [_thread_blocked, id=39148, stack(0x00000022ca200000,0x00000022ca300000)]
  0x000001b77f1439d0 JavaThread "Unconstrained build operations Thread 42" [_thread_blocked, id=33020, stack(0x00000022ca300000,0x00000022ca400000)]
  0x000001b77f1409b0 JavaThread "Unconstrained build operations Thread 43" [_thread_blocked, id=34236, stack(0x00000022ca400000,0x00000022ca500000)]
  0x000001b77f143500 JavaThread "Unconstrained build operations Thread 44" [_thread_blocked, id=19028, stack(0x00000022ca500000,0x00000022ca600000)]
  0x000001b77f13d990 JavaThread "Unconstrained build operations Thread 45" [_thread_blocked, id=14276, stack(0x00000022ca600000,0x00000022ca700000)]
  0x000001b77f144840 JavaThread "Unconstrained build operations Thread 46" [_thread_blocked, id=43284, stack(0x00000022ca700000,0x00000022ca800000)]
  0x000001b77f140010 JavaThread "Unconstrained build operations Thread 47" [_thread_blocked, id=24764, stack(0x00000022ca800000,0x00000022ca900000)]
  0x000001b77f13cff0 JavaThread "Unconstrained build operations Thread 48" [_thread_blocked, id=45876, stack(0x00000022ca900000,0x00000022caa00000)]
  0x000001b77f142b60 JavaThread "Unconstrained build operations Thread 49" [_thread_blocked, id=47620, stack(0x00000022caa00000,0x00000022cab00000)]
  0x000001b77f143030 JavaThread "Unconstrained build operations Thread 50" [_thread_blocked, id=6844, stack(0x00000022cab00000,0x00000022cac00000)]
  0x000001b77f13fb40 JavaThread "Unconstrained build operations Thread 51" [_thread_blocked, id=35392, stack(0x00000022cac00000,0x00000022cad00000)]
  0x000001b77f13d4c0 JavaThread "Unconstrained build operations Thread 52" [_thread_blocked, id=552, stack(0x00000022cad00000,0x00000022cae00000)]
  0x000001b77f13de60 JavaThread "Unconstrained build operations Thread 53" [_thread_blocked, id=43460, stack(0x00000022cae00000,0x00000022caf00000)]
  0x000001b77f13e330 JavaThread "Unconstrained build operations Thread 54" [_thread_blocked, id=40740, stack(0x00000022caf00000,0x00000022cb000000)]
  0x000001b77f141cf0 JavaThread "Unconstrained build operations Thread 55" [_thread_blocked, id=40304, stack(0x00000022cb000000,0x00000022cb100000)]
  0x000001b77f13ecd0 JavaThread "Unconstrained build operations Thread 56" [_thread_blocked, id=26040, stack(0x00000022cb100000,0x00000022cb200000)]
  0x000001b77f141350 JavaThread "Unconstrained build operations Thread 57" [_thread_blocked, id=49120, stack(0x00000022cb200000,0x00000022cb300000)]
  0x000001b77f13f1a0 JavaThread "Unconstrained build operations Thread 58" [_thread_blocked, id=33840, stack(0x00000022cb300000,0x00000022cb400000)]
  0x000001b77f1421c0 JavaThread "Unconstrained build operations Thread 59" [_thread_blocked, id=44940, stack(0x00000022cb400000,0x00000022cb500000)]
  0x000001b77f13f670 JavaThread "Unconstrained build operations Thread 60" [_thread_blocked, id=29184, stack(0x00000022cb500000,0x00000022cb600000)]
  0x000001b77ee2d650 JavaThread "Unconstrained build operations Thread 61" [_thread_blocked, id=14112, stack(0x00000022cb600000,0x00000022cb700000)]
  0x000001b77ee2e990 JavaThread "Unconstrained build operations Thread 62" [_thread_blocked, id=43132, stack(0x00000022cb700000,0x00000022cb800000)]
  0x000001b77ee319b0 JavaThread "Unconstrained build operations Thread 63" [_thread_blocked, id=45348, stack(0x00000022cb800000,0x00000022cb900000)]
  0x000001b77ee301a0 JavaThread "Unconstrained build operations Thread 64" [_thread_blocked, id=37112, stack(0x00000022cb900000,0x00000022cba00000)]
  0x000001b77ee2d180 JavaThread "Unconstrained build operations Thread 65" [_thread_blocked, id=46396, stack(0x00000022cba00000,0x00000022cbb00000)]
  0x000001b77ee32350 JavaThread "Unconstrained build operations Thread 66" [_thread_blocked, id=48096, stack(0x00000022cbb00000,0x00000022cbc00000)]
  0x000001b77ee2c310 JavaThread "Unconstrained build operations Thread 67" [_thread_blocked, id=42792, stack(0x00000022cbc00000,0x00000022cbd00000)]
  0x000001b77ee31e80 JavaThread "Unconstrained build operations Thread 68" [_thread_blocked, id=43880, stack(0x00000022cbd00000,0x00000022cbe00000)]
  0x000001b77ee30670 JavaThread "Unconstrained build operations Thread 69" [_thread_blocked, id=736, stack(0x00000022cbe00000,0x00000022cbf00000)]
  0x000001b77ee2dff0 JavaThread "Unconstrained build operations Thread 70" [_thread_blocked, id=29824, stack(0x00000022cbf00000,0x00000022cc000000)]
  0x000001b77ee2be40 JavaThread "Unconstrained build operations Thread 71" [_thread_blocked, id=32652, stack(0x00000022cc000000,0x00000022cc100000)]
  0x000001b77ee2fcd0 JavaThread "Unconstrained build operations Thread 72" [_thread_blocked, id=17996, stack(0x00000022cc100000,0x00000022cc200000)]
  0x000001b77ee2ee60 JavaThread "Unconstrained build operations Thread 73" [_thread_blocked, id=25168, stack(0x00000022cc200000,0x00000022cc300000)]
  0x000001b77ee32820 JavaThread "Unconstrained build operations Thread 74" [_thread_blocked, id=48524, stack(0x00000022cc300000,0x00000022cc400000)]
  0x000001b77ee331c0 JavaThread "Unconstrained build operations Thread 75" [_thread_blocked, id=38944, stack(0x00000022cc400000,0x00000022cc500000)]
  0x000001b77ee2c7e0 JavaThread "Unconstrained build operations Thread 76" [_thread_blocked, id=25156, stack(0x00000022cc500000,0x00000022cc600000)]
  0x000001b77ee314e0 JavaThread "Unconstrained build operations Thread 77" [_thread_blocked, id=47044, stack(0x00000022cc600000,0x00000022cc700000)]
  0x000001b77ee2e4c0 JavaThread "Unconstrained build operations Thread 78" [_thread_blocked, id=45532, stack(0x00000022cc700000,0x00000022cc800000)]
  0x000001b77ee2f330 JavaThread "Unconstrained build operations Thread 79" [_thread_blocked, id=42296, stack(0x00000022cc800000,0x00000022cc900000)]
  0x000001b77ee31010 JavaThread "Unconstrained build operations Thread 80" [_thread_blocked, id=10704, stack(0x00000022cc900000,0x00000022cca00000)]
  0x000001b77ee32cf0 JavaThread "Memory manager" [_thread_blocked, id=22812, stack(0x00000022cca00000,0x00000022ccb00000)]
  0x000001b77ee2ccb0 JavaThread "included builds" [_thread_blocked, id=32952, stack(0x00000022ccb00000,0x00000022ccc00000)]
  0x000001b77ee2f800 JavaThread "Execution worker" [_thread_blocked, id=37712, stack(0x00000022ccc00000,0x00000022ccd00000)]
  0x000001b77ee2db20 JavaThread "Execution worker Thread 2" [_thread_blocked, id=46100, stack(0x00000022ccd00000,0x00000022cce00000)]
  0x000001b77efc4240 JavaThread "Execution worker Thread 3" [_thread_blocked, id=39876, stack(0x00000022cce00000,0x00000022ccf00000)]
  0x000001b77efc4be0 JavaThread "Execution worker Thread 4" [_thread_blocked, id=39616, stack(0x00000022ccf00000,0x00000022cd000000)]
  0x000001b77efc5a50 JavaThread "Execution worker Thread 5" [_thread_blocked, id=48256, stack(0x00000022cd000000,0x00000022cd100000)]
  0x000001b77efbfa10 JavaThread "Execution worker Thread 6" [_thread_blocked, id=48776, stack(0x00000022cd100000,0x00000022cd200000)]
  0x000001b77efc1220 JavaThread "Execution worker Thread 7" [_thread_blocked, id=46888, stack(0x00000022cd200000,0x00000022cd300000)]
  0x000001b77efc33d0 JavaThread "Cache worker for execution history cache (C:\Users\Aishwary Kumar Rai\DocuMed\.gradle\8.0\executionHistory)" [_thread_blocked, id=32452, stack(0x00000022cd300000,0x00000022cd400000)]
  0x000001b77efc16f0 JavaThread "idea-tooling-model-converter" [_thread_blocked, id=21556, stack(0x00000022cd400000,0x00000022cd500000)]

Other Threads:
  0x000001b779632d10 VMThread "VM Thread" [stack: 0x00000022c4600000,0x00000022c4700000] [id=17300]
  0x000001b75fc7d550 WatcherThread [stack: 0x00000022c5200000,0x00000022c5300000] [id=25568]
  0x000001b75fc62d40 GCTaskThread "GC Thread#0" [stack: 0x00000022c4100000,0x00000022c4200000] [id=34848]
  0x000001b77b00ab70 GCTaskThread "GC Thread#1" [stack: 0x00000022c5300000,0x00000022c5400000] [id=42832]
  0x000001b77b01fd00 GCTaskThread "GC Thread#2" [stack: 0x00000022c5400000,0x00000022c5500000] [id=6252]
  0x000001b77af667e0 GCTaskThread "GC Thread#3" [stack: 0x00000022c5500000,0x00000022c5600000] [id=24892]
  0x000001b77b3a2680 GCTaskThread "GC Thread#4" [stack: 0x00000022c5600000,0x00000022c5700000] [id=28604]
  0x000001b77c992130 GCTaskThread "GC Thread#5" [stack: 0x00000022c6100000,0x00000022c6200000] [id=37152]
  0x000001b77c858220 GCTaskThread "GC Thread#6" [stack: 0x00000022c6200000,0x00000022c6300000] [id=47644]
  0x000001b77c9be060 GCTaskThread "GC Thread#7" [stack: 0x00000022c6300000,0x00000022c6400000] [id=9776]
  0x000001b75fc74df0 ConcurrentGCThread "G1 Main Marker" [stack: 0x00000022c4200000,0x00000022c4300000] [id=30716]
  0x000001b75fc75fa0 ConcurrentGCThread "G1 Conc#0" [stack: 0x00000022c4300000,0x00000022c4400000] [id=39472]
  0x000001b77ca1ae30 ConcurrentGCThread "G1 Conc#1" [stack: 0x00000022c6400000,0x00000022c6500000] [id=46300]
  0x000001b7794a3d90 ConcurrentGCThread "G1 Refine#0" [stack: 0x00000022c4400000,0x00000022c4500000] [id=20676]
  0x000001b7794a47b0 ConcurrentGCThread "G1 Service" [stack: 0x00000022c4500000,0x00000022c4600000] [id=24772]

Threads with active compile tasks:
C2 CompilerThread0    17489 9508   !   4       java.net.URLClassLoader::findClass (47 bytes)

VM state: not at safepoint (normal execution)

VM Mutex/Monitor currently owned by a thread: None

Heap address: 0x0000000080000000, size: 2048 MB, Compressed Oops mode: 32-bit

CDS archive(s) not mapped
Compressed class space mapped at: 0x0000000100000000-0x0000000140000000, reserved size: 1073741824
Narrow klass base: 0x0000000000000000, Narrow klass shift: 3, Narrow klass range: 0x140000000

GC Precious Log:
 CPUs: 8 total, 8 available
 Memory: 6020M
 Large Page Support: Disabled
 NUMA Support: Disabled
 Compressed Oops: Enabled (32-bit)
 Heap Region Size: 1M
 Heap Min Capacity: 8M
 Heap Initial Capacity: 96M
 Heap Max Capacity: 2G
 Pre-touch: Disabled
 Parallel Workers: 8
 Concurrent Workers: 2
 Concurrent Refinement Workers: 8
 Periodic GC: Disabled

Heap:
 garbage-first heap   total 265216K, used 206914K [0x0000000080000000, 0x0000000100000000)
  region size 1024K, 36 young (36864K), 1 survivors (1024K)
 Metaspace       used 94186K, committed 94912K, reserved 1138688K
  class space    used 12859K, committed 13184K, reserved 1048576K

Heap Regions: E=young(eden), S=young(survivor), O=old, HS=humongous(starts), HC=humongous(continues), CS=collection set, F=free, OA=open archive, CA=closed archive, TAMS=top-at-mark-start (previous, next)
|   0|0x0000000080000000, 0x0000000080100000, 0x0000000080100000|100%|HS|  |TAMS 0x0000000080100000, 0x0000000080000000| Complete 
|   1|0x0000000080100000, 0x0000000080200000, 0x0000000080200000|100%|HC|  |TAMS 0x0000000080200000, 0x0000000080100000| Complete 
|   2|0x0000000080200000, 0x0000000080300000, 0x0000000080300000|100%|HC|  |TAMS 0x0000000080300000, 0x0000000080200000| Complete 
|   3|0x0000000080300000, 0x0000000080400000, 0x0000000080400000|100%|HC|  |TAMS 0x0000000080400000, 0x0000000080300000| Complete 
|   4|0x0000000080400000, 0x0000000080500000, 0x0000000080500000|100%| O|  |TAMS 0x0000000080500000, 0x0000000080400000| Untracked 
|   5|0x0000000080500000, 0x0000000080600000, 0x0000000080600000|100%| O|  |TAMS 0x0000000080600000, 0x0000000080500000| Untracked 
|   6|0x0000000080600000, 0x0000000080700000, 0x0000000080700000|100%| O|  |TAMS 0x0000000080700000, 0x0000000080600000| Untracked 
|   7|0x0000000080700000, 0x0000000080800000, 0x0000000080800000|100%| O|  |TAMS 0x0000000080800000, 0x0000000080700000| Untracked 
|   8|0x0000000080800000, 0x0000000080900000, 0x0000000080900000|100%| O|  |TAMS 0x0000000080900000, 0x0000000080800000| Untracked 
|   9|0x0000000080900000, 0x0000000080a00000, 0x0000000080a00000|100%| O|  |TAMS 0x0000000080a00000, 0x0000000080900000| Untracked 
|  10|0x0000000080a00000, 0x0000000080b00000, 0x0000000080b00000|100%| O|  |TAMS 0x0000000080b00000, 0x0000000080a00000| Untracked 
|  11|0x0000000080b00000, 0x0000000080c00000, 0x0000000080c00000|100%| O|  |TAMS 0x0000000080c00000, 0x0000000080b00000| Untracked 
|  12|0x0000000080c00000, 0x0000000080d00000, 0x0000000080d00000|100%| O|  |TAMS 0x0000000080d00000, 0x0000000080c00000| Untracked 
|  13|0x0000000080d00000, 0x0000000080e00000, 0x0000000080e00000|100%| O|  |TAMS 0x0000000080e00000, 0x0000000080d00000| Untracked 
|  14|0x0000000080e00000, 0x0000000080f00000, 0x0000000080f00000|100%| O|  |TAMS 0x0000000080f00000, 0x0000000080e00000| Untracked 
|  15|0x0000000080f00000, 0x0000000081000000, 0x0000000081000000|100%| O|  |TAMS 0x0000000081000000, 0x0000000080f00000| Untracked 
|  16|0x0000000081000000, 0x0000000081100000, 0x0000000081100000|100%| O|  |TAMS 0x0000000081100000, 0x0000000081000000| Untracked 
|  17|0x0000000081100000, 0x0000000081200000, 0x0000000081200000|100%| O|  |TAMS 0x0000000081200000, 0x0000000081100000| Untracked 
|  18|0x0000000081200000, 0x0000000081300000, 0x0000000081300000|100%| O|  |TAMS 0x0000000081300000, 0x0000000081200000| Untracked 
|  19|0x0000000081300000, 0x0000000081400000, 0x0000000081400000|100%| O|  |TAMS 0x0000000081400000, 0x0000000081300000| Untracked 
|  20|0x0000000081400000, 0x0000000081500000, 0x0000000081500000|100%| O|  |TAMS 0x0000000081500000, 0x0000000081400000| Untracked 
|  21|0x0000000081500000, 0x0000000081600000, 0x0000000081600000|100%|HS|  |TAMS 0x0000000081600000, 0x0000000081500000| Complete 
|  22|0x0000000081600000, 0x0000000081700000, 0x0000000081700000|100%|HC|  |TAMS 0x0000000081700000, 0x0000000081600000| Complete 
|  23|0x0000000081700000, 0x0000000081800000, 0x0000000081800000|100%|HS|  |TAMS 0x0000000081800000, 0x0000000081700000| Complete 
|  24|0x0000000081800000, 0x0000000081900000, 0x0000000081900000|100%|HC|  |TAMS 0x0000000081900000, 0x0000000081800000| Complete 
|  25|0x0000000081900000, 0x0000000081a00000, 0x0000000081a00000|100%|HC|  |TAMS 0x0000000081a00000, 0x0000000081900000| Complete 
|  26|0x0000000081a00000, 0x0000000081b00000, 0x0000000081b00000|100%|HS|  |TAMS 0x0000000081b00000, 0x0000000081a00000| Complete 
|  27|0x0000000081b00000, 0x0000000081c00000, 0x0000000081c00000|100%|HC|  |TAMS 0x0000000081c00000, 0x0000000081b00000| Complete 
|  28|0x0000000081c00000, 0x0000000081d00000, 0x0000000081d00000|100%|HC|  |TAMS 0x0000000081d00000, 0x0000000081c00000| Complete 
|  29|0x0000000081d00000, 0x0000000081e00000, 0x0000000081e00000|100%|HS|  |TAMS 0x0000000081e00000, 0x0000000081d00000| Complete 
|  30|0x0000000081e00000, 0x0000000081f00000, 0x0000000081f00000|100%|HC|  |TAMS 0x0000000081f00000, 0x0000000081e00000| Complete 
|  31|0x0000000081f00000, 0x0000000082000000, 0x0000000082000000|100%|HS|  |TAMS 0x0000000082000000, 0x0000000081f00000| Complete 
|  32|0x0000000082000000, 0x0000000082100000, 0x0000000082100000|100%|HC|  |TAMS 0x0000000082100000, 0x0000000082000000| Complete 
|  33|0x0000000082100000, 0x0000000082200000, 0x0000000082200000|100%|HC|  |TAMS 0x0000000082200000, 0x0000000082100000| Complete 
|  34|0x0000000082200000, 0x0000000082300000, 0x0000000082300000|100%|HC|  |TAMS 0x0000000082300000, 0x0000000082200000| Complete 
|  35|0x0000000082300000, 0x0000000082400000, 0x0000000082400000|100%|HC|  |TAMS 0x0000000082400000, 0x0000000082300000| Complete 
|  36|0x0000000082400000, 0x0000000082500000, 0x0000000082500000|100%|HC|  |TAMS 0x0000000082500000, 0x0000000082400000| Complete 
|  37|0x0000000082500000, 0x0000000082600000, 0x0000000082600000|100%|HC|  |TAMS 0x0000000082600000, 0x0000000082500000| Complete 
|  38|0x0000000082600000, 0x0000000082700000, 0x0000000082700000|100%|HC|  |TAMS 0x0000000082700000, 0x0000000082600000| Complete 
|  39|0x0000000082700000, 0x0000000082800000, 0x0000000082800000|100%|HC|  |TAMS 0x0000000082800000, 0x0000000082700000| Complete 
|  40|0x0000000082800000, 0x0000000082900000, 0x0000000082900000|100%|HC|  |TAMS 0x0000000082900000, 0x0000000082800000| Complete 
|  41|0x0000000082900000, 0x0000000082a00000, 0x0000000082a00000|100%|HS|  |TAMS 0x0000000082a00000, 0x0000000082900000| Complete 
|  42|0x0000000082a00000, 0x0000000082b00000, 0x0000000082b00000|100%| O|  |TAMS 0x0000000082b00000, 0x0000000082a00000| Untracked 
|  43|0x0000000082b00000, 0x0000000082c00000, 0x0000000082c00000|100%| O|  |TAMS 0x0000000082c00000, 0x0000000082b00000| Untracked 
|  44|0x0000000082c00000, 0x0000000082d00000, 0x0000000082d00000|100%| O|  |TAMS 0x0000000082d00000, 0x0000000082c00000| Untracked 
|  45|0x0000000082d00000, 0x0000000082e00000, 0x0000000082e00000|100%| O|  |TAMS 0x0000000082e00000, 0x0000000082d00000| Untracked 
|  46|0x0000000082e00000, 0x0000000082f00000, 0x0000000082f00000|100%|HS|  |TAMS 0x0000000082f00000, 0x0000000082e00000| Complete 
|  47|0x0000000082f00000, 0x0000000083000000, 0x0000000083000000|100%|HC|  |TAMS 0x0000000083000000, 0x0000000082f00000| Complete 
|  48|0x0000000083000000, 0x0000000083100000, 0x0000000083100000|100%|HS|  |TAMS 0x0000000083100000, 0x0000000083000000| Complete 
|  49|0x0000000083100000, 0x0000000083200000, 0x0000000083200000|100%|HC|  |TAMS 0x0000000083200000, 0x0000000083100000| Complete 
|  50|0x0000000083200000, 0x0000000083300000, 0x0000000083300000|100%|HC|  |TAMS 0x0000000083300000, 0x0000000083200000| Complete 
|  51|0x0000000083300000, 0x0000000083400000, 0x0000000083400000|100%|HC|  |TAMS 0x0000000083400000, 0x0000000083300000| Complete 
|  52|0x0000000083400000, 0x0000000083500000, 0x0000000083500000|100%|HC|  |TAMS 0x0000000083500000, 0x0000000083400000| Complete 
|  53|0x0000000083500000, 0x0000000083600000, 0x0000000083600000|100%|HC|  |TAMS 0x0000000083600000, 0x0000000083500000| Complete 
|  54|0x0000000083600000, 0x0000000083700000, 0x0000000083700000|100%|HS|  |TAMS 0x0000000083600000, 0x0000000083600000| Complete 
|  55|0x0000000083700000, 0x0000000083800000, 0x0000000083800000|100%| O|  |TAMS 0x0000000083800000, 0x0000000083700000| Untracked 
|  56|0x0000000083800000, 0x0000000083900000, 0x0000000083900000|100%| O|  |TAMS 0x0000000083900000, 0x0000000083800000| Untracked 
|  57|0x0000000083900000, 0x0000000083a00000, 0x0000000083a00000|100%| O|  |TAMS 0x0000000083a00000, 0x0000000083900000| Untracked 
|  58|0x0000000083a00000, 0x0000000083b00000, 0x0000000083b00000|100%| O|  |TAMS 0x0000000083a00000, 0x0000000083a00000| Untracked 
|  59|0x0000000083b00000, 0x0000000083c00000, 0x0000000083c00000|100%| O|  |TAMS 0x0000000083c00000, 0x0000000083b00000| Untracked 
|  60|0x0000000083c00000, 0x0000000083d00000, 0x0000000083d00000|100%| O|  |TAMS 0x0000000083d00000, 0x0000000083c00000| Untracked 
|  61|0x0000000083d00000, 0x0000000083e00000, 0x0000000083e00000|100%| O|  |TAMS 0x0000000083e00000, 0x0000000083d00000| Untracked 
|  62|0x0000000083e00000, 0x0000000083f00000, 0x0000000083f00000|100%| O|  |TAMS 0x0000000083f00000, 0x0000000083e00000| Untracked 
|  63|0x0000000083f00000, 0x0000000084000000, 0x0000000084000000|100%|HS|  |TAMS 0x0000000084000000, 0x0000000083f00000| Complete 
|  64|0x0000000084000000, 0x0000000084100000, 0x0000000084100000|100%|HS|  |TAMS 0x0000000084100000, 0x0000000084000000| Complete 
|  65|0x0000000084100000, 0x0000000084200000, 0x0000000084200000|100%|HC|  |TAMS 0x0000000084200000, 0x0000000084100000| Complete 
|  66|0x0000000084200000, 0x0000000084300000, 0x0000000084300000|100%|HC|  |TAMS 0x0000000084300000, 0x0000000084200000| Complete 
|  67|0x0000000084300000, 0x0000000084400000, 0x0000000084400000|100%|HS|  |TAMS 0x0000000084400000, 0x0000000084300000| Complete 
|  68|0x0000000084400000, 0x0000000084500000, 0x0000000084500000|100%|HC|  |TAMS 0x0000000084500000, 0x0000000084400000| Complete 
|  69|0x0000000084500000, 0x0000000084600000, 0x0000000084600000|100%|HS|  |TAMS 0x0000000084600000, 0x0000000084500000| Complete 
|  70|0x0000000084600000, 0x0000000084700000, 0x0000000084700000|100%|HC|  |TAMS 0x0000000084700000, 0x0000000084600000| Complete 
|  71|0x0000000084700000, 0x0000000084800000, 0x0000000084800000|100%|HC|  |TAMS 0x0000000084800000, 0x0000000084700000| Complete 
|  72|0x0000000084800000, 0x0000000084900000, 0x0000000084900000|100%|HC|  |TAMS 0x0000000084900000, 0x0000000084800000| Complete 
|  73|0x0000000084900000, 0x0000000084a00000, 0x0000000084a00000|100%|HC|  |TAMS 0x0000000084a00000, 0x0000000084900000| Complete 
|  74|0x0000000084a00000, 0x0000000084b00000, 0x0000000084b00000|100%|HC|  |TAMS 0x0000000084b00000, 0x0000000084a00000| Complete 
|  75|0x0000000084b00000, 0x0000000084c00000, 0x0000000084c00000|100%|HC|  |TAMS 0x0000000084c00000, 0x0000000084b00000| Complete 
|  76|0x0000000084c00000, 0x0000000084d00000, 0x0000000084d00000|100%|HC|  |TAMS 0x0000000084d00000, 0x0000000084c00000| Complete 
|  77|0x0000000084d00000, 0x0000000084e00000, 0x0000000084e00000|100%|HC|  |TAMS 0x0000000084e00000, 0x0000000084d00000| Complete 
|  78|0x0000000084e00000, 0x0000000084f00000, 0x0000000084f00000|100%|HC|  |TAMS 0x0000000084f00000, 0x0000000084e00000| Complete 
|  79|0x0000000084f00000, 0x0000000085000000, 0x0000000085000000|100%|HC|  |TAMS 0x0000000085000000, 0x0000000084f00000| Complete 
|  80|0x0000000085000000, 0x0000000085100000, 0x0000000085100000|100%|HS|  |TAMS 0x0000000085100000, 0x0000000085000000| Complete 
|  81|0x0000000085100000, 0x0000000085200000, 0x0000000085200000|100%|HC|  |TAMS 0x0000000085200000, 0x0000000085100000| Complete 
|  82|0x0000000085200000, 0x0000000085300000, 0x0000000085300000|100%|HS|  |TAMS 0x0000000085300000, 0x0000000085200000| Complete 
|  83|0x0000000085300000, 0x0000000085400000, 0x0000000085400000|100%|HC|  |TAMS 0x0000000085400000, 0x0000000085300000| Complete 
|  84|0x0000000085400000, 0x0000000085500000, 0x0000000085500000|100%|HC|  |TAMS 0x0000000085500000, 0x0000000085400000| Complete 
|  85|0x0000000085500000, 0x0000000085600000, 0x0000000085600000|100%| O|  |TAMS 0x0000000085600000, 0x0000000085500000| Untracked 
|  86|0x0000000085600000, 0x0000000085700000, 0x0000000085700000|100%| O|  |TAMS 0x0000000085700000, 0x0000000085600000| Untracked 
|  87|0x0000000085700000, 0x0000000085800000, 0x0000000085800000|100%| O|  |TAMS 0x0000000085800000, 0x0000000085700000| Untracked 
|  88|0x0000000085800000, 0x0000000085900000, 0x0000000085900000|100%| O|  |TAMS 0x0000000085900000, 0x0000000085800000| Untracked 
|  89|0x0000000085900000, 0x0000000085a00000, 0x0000000085a00000|100%| O|  |TAMS 0x0000000085a00000, 0x0000000085900000| Untracked 
|  90|0x0000000085a00000, 0x0000000085b00000, 0x0000000085b00000|100%|HS|  |TAMS 0x0000000085b00000, 0x0000000085a00000| Complete 
|  91|0x0000000085b00000, 0x0000000085c00000, 0x0000000085c00000|100%|HC|  |TAMS 0x0000000085c00000, 0x0000000085b00000| Complete 
|  92|0x0000000085c00000, 0x0000000085d00000, 0x0000000085d00000|100%|HC|  |TAMS 0x0000000085d00000, 0x0000000085c00000| Complete 
|  93|0x0000000085d00000, 0x0000000085e00000, 0x0000000085e00000|100%|HC|  |TAMS 0x0000000085e00000, 0x0000000085d00000| Complete 
|  94|0x0000000085e00000, 0x0000000085f00000, 0x0000000085f00000|100%|HC|  |TAMS 0x0000000085f00000, 0x0000000085e00000| Complete 
|  95|0x0000000085f00000, 0x0000000086000000, 0x0000000086000000|100%|HC|  |TAMS 0x0000000086000000, 0x0000000085f00000| Complete 
|  96|0x0000000086000000, 0x0000000086100000, 0x0000000086100000|100%| O|  |TAMS 0x0000000086100000, 0x0000000086000000| Untracked 
|  97|0x0000000086100000, 0x0000000086200000, 0x0000000086200000|100%| O|  |TAMS 0x0000000086200000, 0x0000000086100000| Untracked 
|  98|0x0000000086200000, 0x0000000086300000, 0x0000000086300000|100%| O|  |TAMS 0x0000000086300000, 0x0000000086200000| Untracked 
|  99|0x0000000086300000, 0x0000000086400000, 0x0000000086400000|100%| O|  |TAMS 0x0000000086400000, 0x0000000086300000| Untracked 
| 100|0x0000000086400000, 0x0000000086500000, 0x0000000086500000|100%| O|  |TAMS 0x0000000086500000, 0x0000000086400000| Untracked 
| 101|0x0000000086500000, 0x0000000086600000, 0x0000000086600000|100%|HS|  |TAMS 0x0000000086600000, 0x0000000086500000| Complete 
| 102|0x0000000086600000, 0x0000000086700000, 0x0000000086700000|100%|HS|  |TAMS 0x0000000086700000, 0x0000000086600000| Complete 
| 103|0x0000000086700000, 0x0000000086800000, 0x0000000086800000|100%| O|  |TAMS 0x0000000086800000, 0x0000000086700000| Untracked 
| 104|0x0000000086800000, 0x0000000086900000, 0x0000000086900000|100%| O|  |TAMS 0x0000000086900000, 0x0000000086800000| Untracked 
| 105|0x0000000086900000, 0x0000000086a00000, 0x0000000086a00000|100%| O|  |TAMS 0x0000000086a00000, 0x0000000086900000| Untracked 
| 106|0x0000000086a00000, 0x0000000086b00000, 0x0000000086b00000|100%| O|  |TAMS 0x0000000086b00000, 0x0000000086a00000| Untracked 
| 107|0x0000000086b00000, 0x0000000086c00000, 0x0000000086c00000|100%| O|  |TAMS 0x0000000086c00000, 0x0000000086b00000| Untracked 
| 108|0x0000000086c00000, 0x0000000086d00000, 0x0000000086d00000|100%| O|  |TAMS 0x0000000086d00000, 0x0000000086c00000| Untracked 
| 109|0x0000000086d00000, 0x0000000086e00000, 0x0000000086e00000|100%| O|  |TAMS 0x0000000086e00000, 0x0000000086d00000| Untracked 
| 110|0x0000000086e00000, 0x0000000086f00000, 0x0000000086f00000|100%| O|  |TAMS 0x0000000086f00000, 0x0000000086e00000| Untracked 
| 111|0x0000000086f00000, 0x0000000087000000, 0x0000000087000000|100%| O|  |TAMS 0x0000000087000000, 0x0000000086f00000| Untracked 
| 112|0x0000000087000000, 0x0000000087100000, 0x0000000087100000|100%| O|  |TAMS 0x0000000087100000, 0x0000000087000000| Untracked 
| 113|0x0000000087100000, 0x0000000087200000, 0x0000000087200000|100%| O|  |TAMS 0x0000000087200000, 0x0000000087100000| Untracked 
| 114|0x0000000087200000, 0x0000000087300000, 0x0000000087300000|100%| O|  |TAMS 0x0000000087300000, 0x0000000087200000| Untracked 
| 115|0x0000000087300000, 0x0000000087400000, 0x0000000087400000|100%| O|  |TAMS 0x0000000087400000, 0x0000000087300000| Untracked 
| 116|0x0000000087400000, 0x0000000087500000, 0x0000000087500000|100%| O|  |TAMS 0x0000000087500000, 0x0000000087400000| Untracked 
| 117|0x0000000087500000, 0x0000000087600000, 0x0000000087600000|100%| O|  |TAMS 0x0000000087600000, 0x0000000087500000| Untracked 
| 118|0x0000000087600000, 0x0000000087700000, 0x0000000087700000|100%| O|  |TAMS 0x0000000087700000, 0x0000000087600000| Untracked 
| 119|0x0000000087700000, 0x0000000087800000, 0x0000000087800000|100%| O|  |TAMS 0x0000000087800000, 0x0000000087700000| Untracked 
| 120|0x0000000087800000, 0x0000000087900000, 0x0000000087900000|100%| O|  |TAMS 0x0000000087900000, 0x0000000087800000| Untracked 
| 121|0x0000000087900000, 0x0000000087a00000, 0x0000000087a00000|100%| O|  |TAMS 0x0000000087a00000, 0x0000000087900000| Untracked 
| 122|0x0000000087a00000, 0x0000000087b00000, 0x0000000087b00000|100%| O|  |TAMS 0x0000000087b00000, 0x0000000087a00000| Untracked 
| 123|0x0000000087b00000, 0x0000000087c00000, 0x0000000087c00000|100%| O|  |TAMS 0x0000000087c00000, 0x0000000087b00000| Untracked 
| 124|0x0000000087c00000, 0x0000000087d00000, 0x0000000087d00000|100%| O|  |TAMS 0x0000000087d00000, 0x0000000087c00000| Untracked 
| 125|0x0000000087d00000, 0x0000000087e00000, 0x0000000087e00000|100%| O|  |TAMS 0x0000000087e00000, 0x0000000087d00000| Untracked 
| 126|0x0000000087e00000, 0x0000000087f00000, 0x0000000087f00000|100%| O|  |TAMS 0x0000000087e50600, 0x0000000087e00000| Untracked 
| 127|0x0000000087f00000, 0x0000000088000000, 0x0000000088000000|100%| O|  |TAMS 0x0000000087f00000, 0x0000000087f00000| Untracked 
| 128|0x0000000088000000, 0x0000000088100000, 0x0000000088100000|100%| O|  |TAMS 0x0000000088000000, 0x0000000088000000| Untracked 
| 129|0x0000000088100000, 0x0000000088200000, 0x0000000088200000|100%| O|  |TAMS 0x0000000088100000, 0x0000000088100000| Untracked 
| 130|0x0000000088200000, 0x0000000088300000, 0x0000000088300000|100%| O|  |TAMS 0x0000000088200000, 0x0000000088200000| Untracked 
| 131|0x0000000088300000, 0x0000000088400000, 0x0000000088400000|100%|HS|  |TAMS 0x0000000088300000, 0x0000000088300000| Complete 
| 132|0x0000000088400000, 0x0000000088500000, 0x0000000088500000|100%|HC|  |TAMS 0x0000000088400000, 0x0000000088400000| Complete 
| 133|0x0000000088500000, 0x0000000088600000, 0x0000000088600000|100%|HS|  |TAMS 0x0000000088500000, 0x0000000088500000| Complete 
| 134|0x0000000088600000, 0x0000000088700000, 0x0000000088700000|100%|HC|  |TAMS 0x0000000088600000, 0x0000000088600000| Complete 
| 135|0x0000000088700000, 0x0000000088800000, 0x0000000088800000|100%|HC|  |TAMS 0x0000000088700000, 0x0000000088700000| Complete 
| 136|0x0000000088800000, 0x0000000088900000, 0x0000000088900000|100%|HS|  |TAMS 0x0000000088800000, 0x0000000088800000| Complete 
| 137|0x0000000088900000, 0x0000000088a00000, 0x0000000088a00000|100%|HC|  |TAMS 0x0000000088900000, 0x0000000088900000| Complete 
| 138|0x0000000088a00000, 0x0000000088b00000, 0x0000000088b00000|100%|HC|  |TAMS 0x0000000088a00000, 0x0000000088a00000| Complete 
| 139|0x0000000088b00000, 0x0000000088c00000, 0x0000000088c00000|100%|HS|  |TAMS 0x0000000088b00000, 0x0000000088b00000| Complete 
| 140|0x0000000088c00000, 0x0000000088d00000, 0x0000000088d00000|100%|HC|  |TAMS 0x0000000088c00000, 0x0000000088c00000| Complete 
| 141|0x0000000088d00000, 0x0000000088e00000, 0x0000000088e00000|100%|HS|  |TAMS 0x0000000088d00000, 0x0000000088d00000| Complete 
| 142|0x0000000088e00000, 0x0000000088f00000, 0x0000000088f00000|100%|HC|  |TAMS 0x0000000088e00000, 0x0000000088e00000| Complete 
| 143|0x0000000088f00000, 0x0000000089000000, 0x0000000089000000|100%|HC|  |TAMS 0x0000000088f00000, 0x0000000088f00000| Complete 
| 144|0x0000000089000000, 0x0000000089100000, 0x0000000089100000|100%|HC|  |TAMS 0x0000000089000000, 0x0000000089000000| Complete 
| 145|0x0000000089100000, 0x0000000089200000, 0x0000000089200000|100%|HC|  |TAMS 0x0000000089100000, 0x0000000089100000| Complete 
| 146|0x0000000089200000, 0x0000000089300000, 0x0000000089300000|100%|HC|  |TAMS 0x0000000089200000, 0x0000000089200000| Complete 
| 147|0x0000000089300000, 0x0000000089400000, 0x0000000089400000|100%|HC|  |TAMS 0x0000000089300000, 0x0000000089300000| Complete 
| 148|0x0000000089400000, 0x0000000089500000, 0x0000000089500000|100%|HC|  |TAMS 0x0000000089400000, 0x0000000089400000| Complete 
| 149|0x0000000089500000, 0x0000000089600000, 0x0000000089600000|100%|HC|  |TAMS 0x0000000089500000, 0x0000000089500000| Complete 
| 150|0x0000000089600000, 0x0000000089700000, 0x0000000089700000|100%|HC|  |TAMS 0x0000000089600000, 0x0000000089600000| Complete 
| 151|0x0000000089700000, 0x0000000089800000, 0x0000000089800000|100%|HS|  |TAMS 0x0000000089700000, 0x0000000089700000| Complete 
| 152|0x0000000089800000, 0x0000000089900000, 0x0000000089900000|100%|HC|  |TAMS 0x0000000089800000, 0x0000000089800000| Complete 
| 153|0x0000000089900000, 0x0000000089a00000, 0x0000000089a00000|100%|HS|  |TAMS 0x0000000089900000, 0x0000000089900000| Complete 
| 154|0x0000000089a00000, 0x0000000089b00000, 0x0000000089b00000|100%|HC|  |TAMS 0x0000000089a00000, 0x0000000089a00000| Complete 
| 155|0x0000000089b00000, 0x0000000089c00000, 0x0000000089c00000|100%|HC|  |TAMS 0x0000000089b00000, 0x0000000089b00000| Complete 
| 156|0x0000000089c00000, 0x0000000089d00000, 0x0000000089d00000|100%|HC|  |TAMS 0x0000000089c00000, 0x0000000089c00000| Complete 
| 157|0x0000000089d00000, 0x0000000089e00000, 0x0000000089e00000|100%|HC|  |TAMS 0x0000000089d00000, 0x0000000089d00000| Complete 
| 158|0x0000000089e00000, 0x0000000089f00000, 0x0000000089f00000|100%|HC|  |TAMS 0x0000000089e00000, 0x0000000089e00000| Complete 
| 159|0x0000000089f00000, 0x000000008a000000, 0x000000008a000000|100%|HS|  |TAMS 0x0000000089f00000, 0x0000000089f00000| Complete 
| 160|0x000000008a000000, 0x000000008a100000, 0x000000008a100000|100%| O|  |TAMS 0x000000008a000000, 0x000000008a000000| Untracked 
| 161|0x000000008a100000, 0x000000008a200000, 0x000000008a200000|100%| O|  |TAMS 0x000000008a100000, 0x000000008a100000| Untracked 
| 162|0x000000008a200000, 0x000000008a300000, 0x000000008a300000|100%| O|  |TAMS 0x000000008a200000, 0x000000008a200000| Untracked 
| 163|0x000000008a300000, 0x000000008a400000, 0x000000008a400000|100%| O|  |TAMS 0x000000008a300000, 0x000000008a300000| Untracked 
| 164|0x000000008a400000, 0x000000008a500000, 0x000000008a500000|100%| O|  |TAMS 0x000000008a400000, 0x000000008a400000| Untracked 
| 165|0x000000008a500000, 0x000000008a600000, 0x000000008a600000|100%| O|  |TAMS 0x000000008a500000, 0x000000008a500000| Untracked 
| 166|0x000000008a600000, 0x000000008a700000, 0x000000008a700000|100%| O|  |TAMS 0x000000008a600000, 0x000000008a600000| Untracked 
| 167|0x000000008a700000, 0x000000008a800000, 0x000000008a800000|100%| O|  |TAMS 0x000000008a700000, 0x000000008a700000| Untracked 
| 168|0x000000008a800000, 0x000000008a861a00, 0x000000008a900000| 38%| O|  |TAMS 0x000000008a800000, 0x000000008a800000| Untracked 
| 169|0x000000008a900000, 0x000000008a900000, 0x000000008aa00000|  0%| F|  |TAMS 0x000000008a900000, 0x000000008a900000| Untracked 
| 170|0x000000008aa00000, 0x000000008aa00000, 0x000000008ab00000|  0%| F|  |TAMS 0x000000008aa00000, 0x000000008aa00000| Untracked 
| 171|0x000000008ab00000, 0x000000008ab00000, 0x000000008ac00000|  0%| F|  |TAMS 0x000000008ab00000, 0x000000008ab00000| Untracked 
| 172|0x000000008ac00000, 0x000000008ac00000, 0x000000008ad00000|  0%| F|  |TAMS 0x000000008ac00000, 0x000000008ac00000| Untracked 
| 173|0x000000008ad00000, 0x000000008ad00000, 0x000000008ae00000|  0%| F|  |TAMS 0x000000008ad00000, 0x000000008ad00000| Untracked 
| 174|0x000000008ae00000, 0x000000008ae00000, 0x000000008af00000|  0%| F|  |TAMS 0x000000008ae00000, 0x000000008ae00000| Untracked 
| 175|0x000000008af00000, 0x000000008af00000, 0x000000008b000000|  0%| F|  |TAMS 0x000000008af00000, 0x000000008af00000| Untracked 
| 176|0x000000008b000000, 0x000000008b000000, 0x000000008b100000|  0%| F|  |TAMS 0x000000008b000000, 0x000000008b000000| Untracked 
| 177|0x000000008b100000, 0x000000008b100000, 0x000000008b200000|  0%| F|  |TAMS 0x000000008b100000, 0x000000008b100000| Untracked 
| 178|0x000000008b200000, 0x000000008b200000, 0x000000008b300000|  0%| F|  |TAMS 0x000000008b200000, 0x000000008b200000| Untracked 
| 179|0x000000008b300000, 0x000000008b300000, 0x000000008b400000|  0%| F|  |TAMS 0x000000008b300000, 0x000000008b300000| Untracked 
| 180|0x000000008b400000, 0x000000008b400000, 0x000000008b500000|  0%| F|  |TAMS 0x000000008b400000, 0x000000008b400000| Untracked 
| 181|0x000000008b500000, 0x000000008b500000, 0x000000008b600000|  0%| F|  |TAMS 0x000000008b500000, 0x000000008b500000| Untracked 
| 182|0x000000008b600000, 0x000000008b600000, 0x000000008b700000|  0%| F|  |TAMS 0x000000008b600000, 0x000000008b600000| Untracked 
| 183|0x000000008b700000, 0x000000008b700000, 0x000000008b800000|  0%| F|  |TAMS 0x000000008b700000, 0x000000008b700000| Untracked 
| 184|0x000000008b800000, 0x000000008b800000, 0x000000008b900000|  0%| F|  |TAMS 0x000000008b800000, 0x000000008b800000| Untracked 
| 185|0x000000008b900000, 0x000000008b900000, 0x000000008ba00000|  0%| F|  |TAMS 0x000000008b900000, 0x000000008b900000| Untracked 
| 186|0x000000008ba00000, 0x000000008ba00000, 0x000000008bb00000|  0%| F|  |TAMS 0x000000008ba00000, 0x000000008ba00000| Untracked 
| 187|0x000000008bb00000, 0x000000008bb00000, 0x000000008bc00000|  0%| F|  |TAMS 0x000000008bb00000, 0x000000008bb00000| Untracked 
| 188|0x000000008bc00000, 0x000000008bc00000, 0x000000008bd00000|  0%| F|  |TAMS 0x000000008bc00000, 0x000000008bc00000| Untracked 
| 189|0x000000008bd00000, 0x000000008bd00000, 0x000000008be00000|  0%| F|  |TAMS 0x000000008bd00000, 0x000000008bd00000| Untracked 
| 190|0x000000008be00000, 0x000000008be00000, 0x000000008bf00000|  0%| F|  |TAMS 0x000000008be00000, 0x000000008be00000| Untracked 
| 191|0x000000008bf00000, 0x000000008bf00000, 0x000000008c000000|  0%| F|  |TAMS 0x000000008bf00000, 0x000000008bf00000| Untracked 
| 192|0x000000008c000000, 0x000000008c000000, 0x000000008c100000|  0%| F|  |TAMS 0x000000008c000000, 0x000000008c000000| Untracked 
| 193|0x000000008c100000, 0x000000008c100000, 0x000000008c200000|  0%| F|  |TAMS 0x000000008c100000, 0x000000008c100000| Untracked 
| 194|0x000000008c200000, 0x000000008c200000, 0x000000008c300000|  0%| F|  |TAMS 0x000000008c200000, 0x000000008c200000| Untracked 
| 195|0x000000008c300000, 0x000000008c300000, 0x000000008c400000|  0%| F|  |TAMS 0x000000008c300000, 0x000000008c300000| Untracked 
| 196|0x000000008c400000, 0x000000008c400000, 0x000000008c500000|  0%| F|  |TAMS 0x000000008c400000, 0x000000008c400000| Untracked 
| 197|0x000000008c500000, 0x000000008c500000, 0x000000008c600000|  0%| F|  |TAMS 0x000000008c500000, 0x000000008c500000| Untracked 
| 198|0x000000008c600000, 0x000000008c600000, 0x000000008c700000|  0%| F|  |TAMS 0x000000008c600000, 0x000000008c600000| Untracked 
| 199|0x000000008c700000, 0x000000008c700000, 0x000000008c800000|  0%| F|  |TAMS 0x000000008c700000, 0x000000008c700000| Untracked 
| 200|0x000000008c800000, 0x000000008c800000, 0x000000008c900000|  0%| F|  |TAMS 0x000000008c800000, 0x000000008c800000| Untracked 
| 201|0x000000008c900000, 0x000000008c900000, 0x000000008ca00000|  0%| F|  |TAMS 0x000000008c900000, 0x000000008c900000| Untracked 
| 202|0x000000008ca00000, 0x000000008ca00000, 0x000000008cb00000|  0%| F|  |TAMS 0x000000008ca00000, 0x000000008ca00000| Untracked 
| 203|0x000000008cb00000, 0x000000008cb00000, 0x000000008cc00000|  0%| F|  |TAMS 0x000000008cb00000, 0x000000008cb00000| Untracked 
| 204|0x000000008cc00000, 0x000000008cc00000, 0x000000008cd00000|  0%| F|  |TAMS 0x000000008cc00000, 0x000000008cc00000| Untracked 
| 205|0x000000008cd00000, 0x000000008cd00000, 0x000000008ce00000|  0%| F|  |TAMS 0x000000008cd00000, 0x000000008cd00000| Untracked 
| 206|0x000000008ce00000, 0x000000008ce00000, 0x000000008cf00000|  0%| F|  |TAMS 0x000000008ce00000, 0x000000008ce00000| Untracked 
| 207|0x000000008cf00000, 0x000000008cf00000, 0x000000008d000000|  0%| F|  |TAMS 0x000000008cf00000, 0x000000008cf00000| Untracked 
| 208|0x000000008d000000, 0x000000008d000000, 0x000000008d100000|  0%| F|  |TAMS 0x000000008d000000, 0x000000008d000000| Untracked 
| 209|0x000000008d100000, 0x000000008d100000, 0x000000008d200000|  0%| F|  |TAMS 0x000000008d100000, 0x000000008d100000| Untracked 
| 210|0x000000008d200000, 0x000000008d200000, 0x000000008d300000|  0%| F|  |TAMS 0x000000008d200000, 0x000000008d200000| Untracked 
| 211|0x000000008d300000, 0x000000008d300000, 0x000000008d400000|  0%| F|  |TAMS 0x000000008d300000, 0x000000008d300000| Untracked 
| 212|0x000000008d400000, 0x000000008d400000, 0x000000008d500000|  0%| F|  |TAMS 0x000000008d400000, 0x000000008d400000| Untracked 
| 213|0x000000008d500000, 0x000000008d500000, 0x000000008d600000|  0%| F|  |TAMS 0x000000008d500000, 0x000000008d500000| Untracked 
| 214|0x000000008d600000, 0x000000008d600000, 0x000000008d700000|  0%| F|  |TAMS 0x000000008d600000, 0x000000008d600000| Untracked 
| 215|0x000000008d700000, 0x000000008d700000, 0x000000008d800000|  0%| F|  |TAMS 0x000000008d700000, 0x000000008d700000| Untracked 
| 216|0x000000008d800000, 0x000000008d800000, 0x000000008d900000|  0%| F|  |TAMS 0x000000008d800000, 0x000000008d800000| Untracked 
| 217|0x000000008d900000, 0x000000008d900000, 0x000000008da00000|  0%| F|  |TAMS 0x000000008d900000, 0x000000008d900000| Untracked 
| 218|0x000000008da00000, 0x000000008da00000, 0x000000008db00000|  0%| F|  |TAMS 0x000000008da00000, 0x000000008da00000| Untracked 
| 219|0x000000008db00000, 0x000000008db00000, 0x000000008dc00000|  0%| F|  |TAMS 0x000000008db00000, 0x000000008db00000| Untracked 
| 220|0x000000008dc00000, 0x000000008dc00000, 0x000000008dd00000|  0%| F|  |TAMS 0x000000008dc00000, 0x000000008dc00000| Untracked 
| 221|0x000000008dd00000, 0x000000008dd00000, 0x000000008de00000|  0%| F|  |TAMS 0x000000008dd00000, 0x000000008dd00000| Untracked 
| 222|0x000000008de00000, 0x000000008de80800, 0x000000008df00000| 50%| E|  |TAMS 0x000000008de00000, 0x000000008de00000| Complete 
| 223|0x000000008df00000, 0x000000008e000000, 0x000000008e000000|100%| E|CS|TAMS 0x000000008df00000, 0x000000008df00000| Complete 
| 224|0x000000008e000000, 0x000000008e100000, 0x000000008e100000|100%| E|CS|TAMS 0x000000008e000000, 0x000000008e000000| Complete 
| 225|0x000000008e100000, 0x000000008e200000, 0x000000008e200000|100%| E|CS|TAMS 0x000000008e100000, 0x000000008e100000| Complete 
| 226|0x000000008e200000, 0x000000008e300000, 0x000000008e300000|100%| E|CS|TAMS 0x000000008e200000, 0x000000008e200000| Complete 
| 227|0x000000008e300000, 0x000000008e400000, 0x000000008e400000|100%| E|CS|TAMS 0x000000008e300000, 0x000000008e300000| Complete 
| 228|0x000000008e400000, 0x000000008e500000, 0x000000008e500000|100%| E|CS|TAMS 0x000000008e400000, 0x000000008e400000| Complete 
| 229|0x000000008e500000, 0x000000008e600000, 0x000000008e600000|100%| E|CS|TAMS 0x000000008e500000, 0x000000008e500000| Complete 
| 230|0x000000008e600000, 0x000000008e700000, 0x000000008e700000|100%| E|CS|TAMS 0x000000008e600000, 0x000000008e600000| Complete 
| 231|0x000000008e700000, 0x000000008e800000, 0x000000008e800000|100%| E|CS|TAMS 0x000000008e700000, 0x000000008e700000| Complete 
| 232|0x000000008e800000, 0x000000008e900000, 0x000000008e900000|100%| E|CS|TAMS 0x000000008e800000, 0x000000008e800000| Complete 
| 233|0x000000008e900000, 0x000000008ea00000, 0x000000008ea00000|100%| E|CS|TAMS 0x000000008e900000, 0x000000008e900000| Complete 
| 234|0x000000008ea00000, 0x000000008eb00000, 0x000000008eb00000|100%| E|CS|TAMS 0x000000008ea00000, 0x000000008ea00000| Complete 
| 235|0x000000008eb00000, 0x000000008ec00000, 0x000000008ec00000|100%| E|CS|TAMS 0x000000008eb00000, 0x000000008eb00000| Complete 
| 236|0x000000008ec00000, 0x000000008ed00000, 0x000000008ed00000|100%| E|CS|TAMS 0x000000008ec00000, 0x000000008ec00000| Complete 
| 237|0x000000008ed00000, 0x000000008ee00000, 0x000000008ee00000|100%| E|CS|TAMS 0x000000008ed00000, 0x000000008ed00000| Complete 
| 238|0x000000008ee00000, 0x000000008ef00000, 0x000000008ef00000|100%| E|CS|TAMS 0x000000008ee00000, 0x000000008ee00000| Complete 
| 239|0x000000008ef00000, 0x000000008f000000, 0x000000008f000000|100%| E|CS|TAMS 0x000000008ef00000, 0x000000008ef00000| Complete 
| 240|0x000000008f000000, 0x000000008f100000, 0x000000008f100000|100%| E|CS|TAMS 0x000000008f000000, 0x000000008f000000| Complete 
| 241|0x000000008f100000, 0x000000008f200000, 0x000000008f200000|100%| E|CS|TAMS 0x000000008f100000, 0x000000008f100000| Complete 
| 242|0x000000008f200000, 0x000000008f300000, 0x000000008f300000|100%| E|CS|TAMS 0x000000008f200000, 0x000000008f200000| Complete 
| 243|0x000000008f300000, 0x000000008f400000, 0x000000008f400000|100%| E|CS|TAMS 0x000000008f300000, 0x000000008f300000| Complete 
| 244|0x000000008f400000, 0x000000008f500000, 0x000000008f500000|100%| E|CS|TAMS 0x000000008f400000, 0x000000008f400000| Complete 
| 245|0x000000008f500000, 0x000000008f600000, 0x000000008f600000|100%| E|CS|TAMS 0x000000008f500000, 0x000000008f500000| Complete 
| 246|0x000000008f600000, 0x000000008f700000, 0x000000008f700000|100%| E|CS|TAMS 0x000000008f600000, 0x000000008f600000| Complete 
| 247|0x000000008f700000, 0x000000008f800000, 0x000000008f800000|100%| E|CS|TAMS 0x000000008f700000, 0x000000008f700000| Complete 
| 248|0x000000008f800000, 0x000000008f900000, 0x000000008f900000|100%| E|  |TAMS 0x000000008f800000, 0x000000008f800000| Complete 
| 249|0x000000008f900000, 0x000000008fa00000, 0x000000008fa00000|100%| E|CS|TAMS 0x000000008f900000, 0x000000008f900000| Complete 
| 250|0x000000008fa00000, 0x000000008fb00000, 0x000000008fb00000|100%| E|CS|TAMS 0x000000008fa00000, 0x000000008fa00000| Complete 
| 251|0x000000008fb00000, 0x000000008fc00000, 0x000000008fc00000|100%| E|CS|TAMS 0x000000008fb00000, 0x000000008fb00000| Complete 
| 252|0x000000008fc00000, 0x000000008fd00000, 0x000000008fd00000|100%| E|CS|TAMS 0x000000008fc00000, 0x000000008fc00000| Complete 
| 253|0x000000008fd00000, 0x000000008fdaf030, 0x000000008fe00000| 68%| S|CS|TAMS 0x000000008fd00000, 0x000000008fd00000| Complete 
| 254|0x000000008fe00000, 0x000000008ff00000, 0x000000008ff00000|100%| E|CS|TAMS 0x000000008fe00000, 0x000000008fe00000| Complete 
| 255|0x000000008ff00000, 0x0000000090000000, 0x0000000090000000|100%| E|CS|TAMS 0x000000008ff00000, 0x000000008ff00000| Complete 
| 256|0x0000000090000000, 0x0000000090100000, 0x0000000090100000|100%| E|CS|TAMS 0x0000000090000000, 0x0000000090000000| Complete 
| 257|0x0000000090100000, 0x0000000090200000, 0x0000000090200000|100%| E|CS|TAMS 0x0000000090100000, 0x0000000090100000| Complete 
| 258|0x0000000090200000, 0x0000000090300000, 0x0000000090300000|100%| E|CS|TAMS 0x0000000090200000, 0x0000000090200000| Complete 

Card table byte_map: [0x000001b772800000,0x000001b772c00000] _byte_map_base: 0x000001b772400000

Marking Bits (Prev, Next): (CMBitMap*) 0x000001b75fc643a0, (CMBitMap*) 0x000001b75fc64360
 Prev Bits: [0x000001b775000000, 0x000001b777000000)
 Next Bits: [0x000001b773000000, 0x000001b775000000)

Polling page: 0x000001b75dbc0000

Metaspace:

Usage:
  Non-class:     79.55 MB used.
      Class:     12.58 MB used.
       Both:     92.13 MB used.

Virtual space:
  Non-class space:       88.00 MB reserved,      79.94 MB ( 91%) committed,  11 nodes.
      Class space:        1.00 GB reserved,      12.88 MB (  1%) committed,  1 nodes.
             Both:        1.09 GB reserved,      92.81 MB (  8%) committed. 

Chunk freelists:
   Non-Class:  3.52 MB
       Class:  3.11 MB
        Both:  6.62 MB

MaxMetaspaceSize: unlimited
CompressedClassSpaceSize: 1.00 GB
Initial GC threshold: 21.00 MB
Current GC threshold: 136.88 MB
CDS: off
MetaspaceReclaimPolicy: balanced
 - commit_granule_bytes: 65536.
 - commit_granule_words: 8192.
 - virtual_space_node_default_size: 1048576.
 - enlarge_chunks_in_place: 1.
 - new_chunks_are_fully_committed: 0.
 - uncommit_free_chunks: 1.
 - use_allocation_guard: 0.
 - handle_deallocations: 1.


Internal statistics:

num_allocs_failed_limit: 3.
num_arena_births: 922.
num_arena_deaths: 4.
num_vsnodes_births: 12.
num_vsnodes_deaths: 0.
num_space_committed: 1486.
num_space_uncommitted: 0.
num_chunks_returned_to_freelist: 13.
num_chunks_taken_from_freelist: 4421.
num_chunk_merges: 4.
num_chunk_splits: 2907.
num_chunks_enlarged: 1962.
num_purges: 4.
num_inconsistent_stats: 0.

CodeHeap 'non-profiled nmethods': size=120000Kb used=3516Kb max_used=3516Kb free=116483Kb
 bounds [0x000001b76ab90000, 0x000001b76af00000, 0x000001b7720c0000]
CodeHeap 'profiled nmethods': size=120000Kb used=15481Kb max_used=15481Kb free=104518Kb
 bounds [0x000001b7630c0000, 0x000001b763fe0000, 0x000001b76a5f0000]
CodeHeap 'non-nmethods': size=5760Kb used=2389Kb max_used=2440Kb free=3370Kb
 bounds [0x000001b76a5f0000, 0x000001b76a870000, 0x000001b76ab90000]
 total_blobs=9564 nmethods=8640 adapters=835
 compilation: enabled
              stopped_count=0, restarted_count=0
 full_count=0

Compilation events (20 events):
Event: 17.418 Thread 0x000001b77a46d8f0 nmethod 9603 0x000001b763fc5690 code [0x000001b763fc5820, 0x000001b763fc5938]
Event: 17.418 Thread 0x000001b77a46d8f0 9604       2       com.sun.xml.bind.v2.model.annotation.MethodLocatable::<init> (20 bytes)
Event: 17.419 Thread 0x000001b77a46d8f0 nmethod 9604 0x000001b763fc5a10 code [0x000001b763fc5ba0, 0x000001b763fc5db8]
Event: 17.419 Thread 0x000001b77a46d8f0 9605       2       java.util.AbstractList::listIterator (15 bytes)
Event: 17.419 Thread 0x000001b77a46d8f0 nmethod 9605 0x000001b763fc5e90 code [0x000001b763fc6060, 0x000001b763fc63c8]
Event: 17.419 Thread 0x000001b77a46d8f0 9606       2       java.util.AbstractList::rangeCheckForAdd (26 bytes)
Event: 17.420 Thread 0x000001b77a46d8f0 nmethod 9606 0x000001b763fc6510 code [0x000001b763fc6720, 0x000001b763fc6aa8]
Event: 17.420 Thread 0x000001b77a46d8f0 9607       1       com.sun.xml.bind.v2.model.impl.RuntimeClassInfoImpl$RuntimePropertySeed::getAccessor (5 bytes)
Event: 17.420 Thread 0x000001b77a46d8f0 nmethod 9607 0x000001b76aefc110 code [0x000001b76aefc2a0, 0x000001b76aefc378]
Event: 17.420 Thread 0x000001b77a46d8f0 9608       2       javax.xml.namespace.QName::<init> (9 bytes)
Event: 17.420 Thread 0x000001b77a46d8f0 nmethod 9608 0x000001b763fc6d10 code [0x000001b763fc6ea0, 0x000001b763fc6fc8]
Event: 17.422 Thread 0x000001b77a46d8f0 9609       1       com.sun.xml.bind.v2.model.annotation.XmlElementQuick::annotationType (3 bytes)
Event: 17.422 Thread 0x000001b77a46d8f0 nmethod 9609 0x000001b76aefc410 code [0x000001b76aefc5a0, 0x000001b76aefc678]
Event: 17.422 Thread 0x000001b77a46d8f0 9610       2       com.sun.xml.bind.v2.model.nav.ReflectionNavigator::asDecl (9 bytes)
Event: 17.422 Thread 0x000001b77a46d8f0 nmethod 9610 0x000001b763fc7090 code [0x000001b763fc7240, 0x000001b763fc7408]
Event: 17.422 Thread 0x000001b77a46d8f0 9611       2       com.sun.xml.bind.v2.model.nav.ReflectionNavigator::asDecl (6 bytes)
Event: 17.422 Thread 0x000001b77a46d8f0 nmethod 9611 0x000001b763fc7510 code [0x000001b763fc76c0, 0x000001b763fc7828]
Event: 17.422 Thread 0x000001b77a46d8f0 9613       2       com.sun.xml.bind.v2.model.impl.PropertyInfoImpl::getIndividualType (112 bytes)
Event: 17.423 Thread 0x000001b77a46d8f0 nmethod 9613 0x000001b763fc7910 code [0x000001b763fc7b60, 0x000001b763fc8248]
Event: 17.423 Thread 0x000001b77a46d8f0 9612   !   2       jdk.proxy5.$Proxy138::annotationType (29 bytes)

GC Heap History (20 events):
Event: 11.650 GC heap before
{Heap before GC invocations=33 (full 0):
 garbage-first heap   total 194560K, used 145808K [0x0000000080000000, 0x0000000100000000)
  region size 1024K, 31 young (31744K), 3 survivors (3072K)
 Metaspace       used 68357K, committed 68992K, reserved 1114112K
  class space    used 9181K, committed 9472K, reserved 1048576K
}
Event: 11.655 GC heap after
{Heap after GC invocations=34 (full 0):
 garbage-first heap   total 233472K, used 118475K [0x0000000080000000, 0x0000000100000000)
  region size 1024K, 2 young (2048K), 2 survivors (2048K)
 Metaspace       used 68357K, committed 68992K, reserved 1114112K
  class space    used 9181K, committed 9472K, reserved 1048576K
}
Event: 12.409 GC heap before
{Heap before GC invocations=35 (full 0):
 garbage-first heap   total 233472K, used 171723K [0x0000000080000000, 0x0000000100000000)
  region size 1024K, 48 young (49152K), 2 survivors (2048K)
 Metaspace       used 72695K, committed 73280K, reserved 1114112K
  class space    used 9714K, committed 9984K, reserved 1048576K
}
Event: 12.415 GC heap after
{Heap after GC invocations=36 (full 0):
 garbage-first heap   total 233472K, used 123052K [0x0000000080000000, 0x0000000100000000)
  region size 1024K, 6 young (6144K), 6 survivors (6144K)
 Metaspace       used 72695K, committed 73280K, reserved 1114112K
  class space    used 9714K, committed 9984K, reserved 1048576K
}
Event: 12.484 GC heap before
{Heap before GC invocations=36 (full 0):
 garbage-first heap   total 233472K, used 128172K [0x0000000080000000, 0x0000000100000000)
  region size 1024K, 11 young (11264K), 6 survivors (6144K)
 Metaspace       used 73154K, committed 73728K, reserved 1114112K
  class space    used 9773K, committed 10048K, reserved 1048576K
}
Event: 12.490 GC heap after
{Heap after GC invocations=37 (full 0):
 garbage-first heap   total 233472K, used 123356K [0x0000000080000000, 0x0000000100000000)
  region size 1024K, 1 young (1024K), 1 survivors (1024K)
 Metaspace       used 73154K, committed 73728K, reserved 1114112K
  class space    used 9773K, committed 10048K, reserved 1048576K
}
Event: 13.101 GC heap before
{Heap before GC invocations=37 (full 0):
 garbage-first heap   total 233472K, used 178652K [0x0000000080000000, 0x0000000100000000)
  region size 1024K, 54 young (55296K), 1 survivors (1024K)
 Metaspace       used 75270K, committed 75904K, reserved 1122304K
  class space    used 10061K, committed 10304K, reserved 1048576K
}
Event: 13.106 GC heap after
{Heap after GC invocations=38 (full 0):
 garbage-first heap   total 233472K, used 125075K [0x0000000080000000, 0x0000000100000000)
  region size 1024K, 3 young (3072K), 3 survivors (3072K)
 Metaspace       used 75270K, committed 75904K, reserved 1122304K
  class space    used 10061K, committed 10304K, reserved 1048576K
}
Event: 13.849 GC heap before
{Heap before GC invocations=39 (full 0):
 garbage-first heap   total 233472K, used 181395K [0x0000000080000000, 0x0000000100000000)
  region size 1024K, 58 young (59392K), 3 survivors (3072K)
 Metaspace       used 79017K, committed 79680K, reserved 1122304K
  class space    used 10749K, committed 11072K, reserved 1048576K
}
Event: 13.856 GC heap after
{Heap after GC invocations=40 (full 0):
 garbage-first heap   total 233472K, used 128985K [0x0000000080000000, 0x0000000100000000)
  region size 1024K, 7 young (7168K), 7 survivors (7168K)
 Metaspace       used 79017K, committed 79680K, reserved 1122304K
  class space    used 10749K, committed 11072K, reserved 1048576K
}
Event: 13.942 GC heap before
{Heap before GC invocations=40 (full 0):
 garbage-first heap   total 233472K, used 132057K [0x0000000080000000, 0x0000000100000000)
  region size 1024K, 11 young (11264K), 7 survivors (7168K)
 Metaspace       used 79520K, committed 80128K, reserved 1122304K
  class space    used 10839K, committed 11136K, reserved 1048576K
}
Event: 13.949 GC heap after
{Heap after GC invocations=41 (full 0):
 garbage-first heap   total 233472K, used 129612K [0x0000000080000000, 0x0000000100000000)
  region size 1024K, 2 young (2048K), 2 survivors (2048K)
 Metaspace       used 79520K, committed 80128K, reserved 1122304K
  class space    used 10839K, committed 11136K, reserved 1048576K
}
Event: 14.991 GC heap before
{Heap before GC invocations=41 (full 0):
 garbage-first heap   total 233472K, used 184908K [0x0000000080000000, 0x0000000100000000)
  region size 1024K, 56 young (57344K), 2 survivors (2048K)
 Metaspace       used 82111K, committed 82880K, reserved 1122304K
  class space    used 11215K, committed 11584K, reserved 1048576K
}
Event: 14.997 GC heap after
{Heap after GC invocations=42 (full 0):
 garbage-first heap   total 233472K, used 133524K [0x0000000080000000, 0x0000000100000000)
  region size 1024K, 6 young (6144K), 6 survivors (6144K)
 Metaspace       used 82111K, committed 82880K, reserved 1122304K
  class space    used 11215K, committed 11584K, reserved 1048576K
}
Event: 15.223 GC heap before
{Heap before GC invocations=42 (full 0):
 garbage-first heap   total 233472K, used 138644K [0x0000000080000000, 0x0000000100000000)
  region size 1024K, 12 young (12288K), 6 survivors (6144K)
 Metaspace       used 83258K, committed 84096K, reserved 1122304K
  class space    used 11372K, committed 11776K, reserved 1048576K
}
Event: 15.228 GC heap after
{Heap after GC invocations=43 (full 0):
 garbage-first heap   total 233472K, used 134307K [0x0000000080000000, 0x0000000100000000)
  region size 1024K, 1 young (1024K), 1 survivors (1024K)
 Metaspace       used 83258K, committed 84096K, reserved 1122304K
  class space    used 11372K, committed 11776K, reserved 1048576K
}
Event: 16.419 GC heap before
{Heap before GC invocations=44 (full 0):
 garbage-first heap   total 265216K, used 217251K [0x0000000080000000, 0x0000000100000000)
  region size 1024K, 54 young (55296K), 1 survivors (1024K)
 Metaspace       used 87635K, committed 88384K, reserved 1130496K
  class space    used 12003K, committed 12352K, reserved 1048576K
}
Event: 16.426 GC heap after
{Heap after GC invocations=45 (full 0):
 garbage-first heap   total 265216K, used 171508K [0x0000000080000000, 0x0000000100000000)
  region size 1024K, 7 young (7168K), 7 survivors (7168K)
 Metaspace       used 87635K, committed 88384K, reserved 1130496K
  class space    used 12003K, committed 12352K, reserved 1048576K
}
Event: 16.499 GC heap before
{Heap before GC invocations=45 (full 0):
 garbage-first heap   total 265216K, used 176628K [0x0000000080000000, 0x0000000100000000)
  region size 1024K, 12 young (12288K), 7 survivors (7168K)
 Metaspace       used 87928K, committed 88704K, reserved 1130496K
  class space    used 12050K, committed 12416K, reserved 1048576K
}
Event: 16.507 GC heap after
{Heap after GC invocations=46 (full 0):
 garbage-first heap   total 265216K, used 172098K [0x0000000080000000, 0x0000000100000000)
  region size 1024K, 1 young (1024K), 1 survivors (1024K)
 Metaspace       used 87928K, committed 88704K, reserved 1130496K
  class space    used 12050K, committed 12416K, reserved 1048576K
}

Dll operation events (2 events):
Event: 0.014 Loaded shared library C:\Program Files\Android\Android Studio1\jbr\bin\java.dll
Event: 0.655 Loaded shared library C:\Program Files\Android\Android Studio1\jbr\bin\verify.dll

Deoptimization events (20 events):
Event: 16.571 Thread 0x000001b77c812de0 DEOPT PACKING pc=0x000001b76aed7e78 sp=0x00000022c5dfae50
Event: 16.571 Thread 0x000001b77c812de0 DEOPT UNPACKING pc=0x000001b76a6469a3 sp=0x00000022c5dfae50 mode 2
Event: 16.573 Thread 0x000001b77c812de0 Uncommon trap: trap_request=0xffffffde fr.pc=0x000001b76ac4a7a4 relative=0x0000000000000544
Event: 16.573 Thread 0x000001b77c812de0 Uncommon trap: reason=class_check action=maybe_recompile pc=0x000001b76ac4a7a4 method=java.util.regex.Matcher.search(I)Z @ 121 c2
Event: 16.573 Thread 0x000001b77c812de0 DEOPT PACKING pc=0x000001b76ac4a7a4 sp=0x00000022c5dfb0a0
Event: 16.573 Thread 0x000001b77c812de0 DEOPT UNPACKING pc=0x000001b76a6469a3 sp=0x00000022c5dfafe8 mode 2
Event: 16.574 Thread 0x000001b77c812de0 Uncommon trap: trap_request=0xffffffde fr.pc=0x000001b76ac4a7a4 relative=0x0000000000000544
Event: 16.574 Thread 0x000001b77c812de0 Uncommon trap: reason=class_check action=maybe_recompile pc=0x000001b76ac4a7a4 method=java.util.regex.Matcher.search(I)Z @ 121 c2
Event: 16.575 Thread 0x000001b77c812de0 DEOPT PACKING pc=0x000001b76ac4a7a4 sp=0x00000022c5dfb340
Event: 16.575 Thread 0x000001b77c812de0 DEOPT UNPACKING pc=0x000001b76a6469a3 sp=0x00000022c5dfb288 mode 2
Event: 16.576 Thread 0x000001b77c812de0 Uncommon trap: trap_request=0xffffffde fr.pc=0x000001b76ac4a7a4 relative=0x0000000000000544
Event: 16.576 Thread 0x000001b77c812de0 Uncommon trap: reason=class_check action=maybe_recompile pc=0x000001b76ac4a7a4 method=java.util.regex.Matcher.search(I)Z @ 121 c2
Event: 16.576 Thread 0x000001b77c812de0 DEOPT PACKING pc=0x000001b76ac4a7a4 sp=0x00000022c5dfb090
Event: 16.576 Thread 0x000001b77c812de0 DEOPT UNPACKING pc=0x000001b76a6469a3 sp=0x00000022c5dfafd8 mode 2
Event: 16.792 Thread 0x000001b77c812de0 Uncommon trap: trap_request=0xffffffde fr.pc=0x000001b76ac4a7a4 relative=0x0000000000000544
Event: 16.792 Thread 0x000001b77c812de0 Uncommon trap: reason=class_check action=maybe_recompile pc=0x000001b76ac4a7a4 method=java.util.regex.Matcher.search(I)Z @ 121 c2
Event: 16.792 Thread 0x000001b77c812de0 DEOPT PACKING pc=0x000001b76ac4a7a4 sp=0x00000022c5dfafb0
Event: 16.792 Thread 0x000001b77c812de0 DEOPT UNPACKING pc=0x000001b76a6469a3 sp=0x00000022c5dfaef8 mode 2
Event: 17.101 Thread 0x000001b77c812de0 DEOPT PACKING pc=0x000001b76318987a sp=0x00000022c5df7c30
Event: 17.101 Thread 0x000001b77c812de0 DEOPT UNPACKING pc=0x000001b76a647143 sp=0x00000022c5df7178 mode 0

Classes unloaded (10 events):
Event: 11.711 Thread 0x000001b779632d10 Unloading class 0x000000010082c000 '_BuildScript_$_run_closure1'
Event: 11.711 Thread 0x000001b779632d10 Unloading class 0x0000000100820800 '_BuildScript_'
Event: 15.301 Thread 0x000001b779632d10 Unloading class 0x0000000100a19860 '_BuildScript_$_run_closure2'
Event: 15.301 Thread 0x000001b779632d10 Unloading class 0x0000000100a19450 '_BuildScript_$_run_closure1$_closure6'
Event: 15.301 Thread 0x000001b779632d10 Unloading class 0x0000000100a19040 '_BuildScript_$_run_closure1$_closure5'
Event: 15.301 Thread 0x000001b779632d10 Unloading class 0x0000000100a18c30 '_BuildScript_$_run_closure1$_closure4$_closure7'
Event: 15.301 Thread 0x000001b779632d10 Unloading class 0x0000000100a18820 '_BuildScript_$_run_closure1$_closure4'
Event: 15.301 Thread 0x000001b779632d10 Unloading class 0x0000000100a18410 '_BuildScript_$_run_closure1$_closure3'
Event: 15.301 Thread 0x000001b779632d10 Unloading class 0x0000000100a18000 '_BuildScript_$_run_closure1'
Event: 15.301 Thread 0x000001b779632d10 Unloading class 0x0000000100a15000 '_BuildScript_'

Classes redefined (0 events):
No events

Internal exceptions (20 events):
Event: 16.391 Thread 0x000001b77c812de0 Exception <a 'java/lang/ClassNotFoundException'{0x000000008ce01ce8}: groovy/ant/AntBuilderBeanInfo> (0x000000008ce01ce8) 
thrown [s\src\hotspot\share\classfile\systemDictionary.cpp, line 256]
Event: 16.392 Thread 0x000001b77c812de0 Exception <a 'java/lang/ClassNotFoundException'{0x000000008ce40e90}: groovy/util/BuilderSupportBeanInfo> (0x000000008ce40e90) 
thrown [s\src\hotspot\share\classfile\systemDictionary.cpp, line 256]
Event: 16.392 Thread 0x000001b77c812de0 Exception <a 'java/lang/ClassNotFoundException'{0x000000008ce80028}: groovy/util/BuilderSupportCustomizer> (0x000000008ce80028) 
thrown [s\src\hotspot\share\classfile\systemDictionary.cpp, line 256]
Event: 16.393 Thread 0x000001b77c812de0 Exception <a 'java/lang/ClassNotFoundException'{0x000000008ce8cb08}: groovy/ant/AntBuilderCustomizer> (0x000000008ce8cb08) 
thrown [s\src\hotspot\share\classfile\systemDictionary.cpp, line 256]
Event: 16.394 Thread 0x000001b77c812de0 Exception <a 'java/lang/ClassNotFoundException'{0x000000008ce9a6b0}: org/gradle/api/AntBuilderCustomizer> (0x000000008ce9a6b0) 
thrown [s\src\hotspot\share\classfile\systemDictionary.cpp, line 256]
Event: 16.394 Thread 0x000001b77c812de0 Exception <a 'java/lang/ClassNotFoundException'{0x000000008ceaeed0}: org/gradle/api/internal/project/ant/BasicAntBuilderCustomizer> (0x000000008ceaeed0) 
thrown [s\src\hotspot\share\classfile\systemDictionary.cpp, line 256]
Event: 16.395 Thread 0x000001b77c812de0 Exception <a 'java/lang/ClassNotFoundException'{0x000000008cecaf10}: org/gradle/api/internal/project/DefaultAntBuilderCustomizer> (0x000000008cecaf10) 
thrown [s\src\hotspot\share\classfile\systemDictionary.cpp, line 256]
Event: 16.442 Thread 0x000001b77c812de0 Exception <a 'java/lang/ClassNotFoundException'{0x0000000090146be0}: java/util/CollectionBeanInfo> (0x0000000090146be0) 
thrown [s\src\hotspot\share\classfile\systemDictionary.cpp, line 256]
Event: 16.442 Thread 0x000001b77c812de0 Exception <a 'java/lang/ClassNotFoundException'{0x000000009014b138}: java/util/CollectionCustomizer> (0x000000009014b138) 
thrown [s\src\hotspot\share\classfile\systemDictionary.cpp, line 256]
Event: 16.449 Thread 0x000001b77c812de0 Exception <a 'java/lang/ClassNotFoundException'{0x0000000090196500}: org/gradle/api/tasks/SourceSetBeanInfo> (0x0000000090196500) 
thrown [s\src\hotspot\share\classfile\systemDictionary.cpp, line 256]
Event: 16.449 Thread 0x000001b77c812de0 Exception <a 'java/lang/ClassNotFoundException'{0x00000000901a0118}: org/gradle/api/tasks/SourceSetCustomizer> (0x00000000901a0118) 
thrown [s\src\hotspot\share\classfile\systemDictionary.cpp, line 256]
Event: 16.452 Thread 0x000001b77c812de0 Exception <a 'java/lang/ClassNotFoundException'{0x000000009000fbd0}: java/util/LinkedHashMapBeanInfo> (0x000000009000fbd0) 
thrown [s\src\hotspot\share\classfile\systemDictionary.cpp, line 256]
Event: 16.452 Thread 0x000001b77c812de0 Exception <a 'java/lang/ClassNotFoundException'{0x0000000090014148}: java/util/HashMapBeanInfo> (0x0000000090014148) 
thrown [s\src\hotspot\share\classfile\systemDictionary.cpp, line 256]
Event: 16.452 Thread 0x000001b77c812de0 Exception <a 'java/lang/ClassNotFoundException'{0x0000000090018c18}: java/util/AbstractMapBeanInfo> (0x0000000090018c18) 
thrown [s\src\hotspot\share\classfile\systemDictionary.cpp, line 256]
Event: 16.452 Thread 0x000001b77c812de0 Exception <a 'java/lang/ClassNotFoundException'{0x000000009001d3d8}: java/util/AbstractMapCustomizer> (0x000000009001d3d8) 
thrown [s\src\hotspot\share\classfile\systemDictionary.cpp, line 256]
Event: 16.453 Thread 0x000001b77c812de0 Exception <a 'java/lang/ClassNotFoundException'{0x000000009002bb10}: java/util/HashMapCustomizer> (0x000000009002bb10) 
thrown [s\src\hotspot\share\classfile\systemDictionary.cpp, line 256]
Event: 16.454 Thread 0x000001b77c812de0 Exception <a 'java/lang/ClassNotFoundException'{0x0000000090047500}: java/util/LinkedHashMapCustomizer> (0x0000000090047500) 
thrown [s\src\hotspot\share\classfile\systemDictionary.cpp, line 256]
Event: 16.716 Thread 0x000001b77efc16f0 Exception <a 'java/lang/NoSuchMethodError'{0x000000008f690330}: static Lorg/jetbrains/plugins/gradle/tooling/serialization/internal/adapter/kotlin/dsl/InternalKotlinDslScriptsModel;.<clinit>()V> (0x000000008f690330) 
thrown [s\src\hotspot\share\prims\jni.cpp, line 1108]
Event: 16.955 Thread 0x000001b77c812de0 Exception <a 'sun/nio/fs/WindowsException'{0x000000008f298c30}> (0x000000008f298c30) 
thrown [s\src\hotspot\share\prims\jni.cpp, line 517]
Event: 17.179 Thread 0x000001b77c812de0 Exception <a 'java/lang/NullPointerException'{0x000000008ebb66d0}> (0x000000008ebb66d0) 
thrown [s\src\hotspot\share\interpreter\linkResolver.cpp, line 1447]

VM Operations (20 events):
Event: 15.644 Executing VM operation: HandshakeAllThreads
Event: 15.644 Executing VM operation: HandshakeAllThreads done
Event: 15.646 Executing VM operation: HandshakeAllThreads
Event: 15.646 Executing VM operation: HandshakeAllThreads done
Event: 15.657 Executing VM operation: HandshakeAllThreads
Event: 15.657 Executing VM operation: HandshakeAllThreads done
Event: 15.663 Executing VM operation: HandshakeAllThreads
Event: 15.664 Executing VM operation: HandshakeAllThreads done
Event: 15.760 Executing VM operation: HandshakeAllThreads
Event: 15.761 Executing VM operation: HandshakeAllThreads done
Event: 15.762 Executing VM operation: HandshakeAllThreads
Event: 15.763 Executing VM operation: HandshakeAllThreads done
Event: 16.346 Executing VM operation: ICBufferFull
Event: 16.346 Executing VM operation: ICBufferFull done
Event: 16.419 Executing VM operation: G1CollectForAllocation
Event: 16.426 Executing VM operation: G1CollectForAllocation done
Event: 16.499 Executing VM operation: G1CollectForAllocation
Event: 16.507 Executing VM operation: G1CollectForAllocation done
Event: 17.103 Executing VM operation: HandshakeAllThreads
Event: 17.104 Executing VM operation: HandshakeAllThreads done

Events (20 events):
Event: 17.209 loading class java/awt/image/RenderedImage
Event: 17.209 loading class java/awt/image/RenderedImage done
Event: 17.212 loading class java/awt/image/BufferedImage
Event: 17.213 loading class java/awt/image/WritableRenderedImage
Event: 17.213 loading class java/awt/image/WritableRenderedImage done
Event: 17.213 loading class java/awt/image/BufferedImage done
Event: 17.215 loading class java/awt/Graphics2D
Event: 17.215 loading class java/awt/Graphics2D done
Event: 17.220 loading class java/awt/datatransfer/Transferable
Event: 17.220 loading class java/awt/datatransfer/Transferable done
Event: 17.223 loading class javax/xml/transform/Result
Event: 17.223 loading class javax/xml/transform/Result done
Event: 17.224 loading class javax/xml/datatype/XMLGregorianCalendar
Event: 17.224 loading class javax/xml/datatype/XMLGregorianCalendar done
Event: 17.233 loading class javax/xml/namespace/NamespaceContext
Event: 17.234 loading class javax/xml/namespace/NamespaceContext done
Event: 17.235 loading class javax/xml/datatype/Duration
Event: 17.235 loading class javax/xml/datatype/Duration done
Event: 17.379 loading class java/lang/Package$1PackageInfoProxy
Event: 17.380 loading class java/lang/Package$1PackageInfoProxy done


Dynamic libraries:
0x00007ff7e3740000 - 0x00007ff7e374a000 	C:\Program Files\Android\Android Studio1\jbr\bin\java.exe
0x00007ffe2f2b0000 - 0x00007ffe2f4c4000 	C:\WINDOWS\SYSTEM32\ntdll.dll
0x00007ffe2d380000 - 0x00007ffe2d443000 	C:\WINDOWS\System32\KERNEL32.DLL
0x00007ffe2c950000 - 0x00007ffe2ccec000 	C:\WINDOWS\System32\KERNELBASE.dll
0x00007ffe29b40000 - 0x00007ffe29bd7000 	C:\WINDOWS\SYSTEM32\apphelp.dll
0x00007ffe2c6f0000 - 0x00007ffe2c801000 	C:\WINDOWS\System32\ucrtbase.dll
0x00007ffe215e0000 - 0x00007ffe215fb000 	C:\Program Files\Android\Android Studio1\jbr\bin\VCRUNTIME140.dll
0x00007ffe21540000 - 0x00007ffe21557000 	C:\Program Files\Android\Android Studio1\jbr\bin\jli.dll
0x00007ffe2efa0000 - 0x00007ffe2f14d000 	C:\WINDOWS\System32\USER32.dll
0x00007ffe140b0000 - 0x00007ffe1433e000 	C:\WINDOWS\WinSxS\amd64_microsoft.windows.common-controls_6595b64144ccf1df_6.0.22621.436_none_a94247dbc10d8414\COMCTL32.dll
0x00007ffe2c920000 - 0x00007ffe2c946000 	C:\WINDOWS\System32\win32u.dll
0x00007ffe2eb30000 - 0x00007ffe2ebd7000 	C:\WINDOWS\System32\msvcrt.dll
0x00007ffe2e980000 - 0x00007ffe2e9a9000 	C:\WINDOWS\System32\GDI32.dll
0x00007ffe2ccf0000 - 0x00007ffe2ce02000 	C:\WINDOWS\System32\gdi32full.dll
0x00007ffe2c810000 - 0x00007ffe2c8aa000 	C:\WINDOWS\System32\msvcp_win.dll
0x00007ffe2f150000 - 0x00007ffe2f182000 	C:\WINDOWS\System32\IMM32.DLL
0x00007ffe25e00000 - 0x00007ffe25e0c000 	C:\Program Files\Android\Android Studio1\jbr\bin\vcruntime140_1.dll
0x00007ffe03080000 - 0x00007ffe0310d000 	C:\Program Files\Android\Android Studio1\jbr\bin\msvcp140.dll
0x00007ffdd7dc0000 - 0x00007ffdd8a2d000 	C:\Program Files\Android\Android Studio1\jbr\bin\server\jvm.dll
0x00007ffe2e450000 - 0x00007ffe2e4fe000 	C:\WINDOWS\System32\ADVAPI32.dll
0x00007ffe2ec30000 - 0x00007ffe2ecd4000 	C:\WINDOWS\System32\sechost.dll
0x00007ffe2e9b0000 - 0x00007ffe2eac5000 	C:\WINDOWS\System32\RPCRT4.dll
0x00007ffe255e0000 - 0x00007ffe255ea000 	C:\WINDOWS\SYSTEM32\VERSION.dll
0x00007ffe25e60000 - 0x00007ffe25e69000 	C:\WINDOWS\SYSTEM32\WSOCK32.dll
0x00007ffe25da0000 - 0x00007ffe25dd4000 	C:\WINDOWS\SYSTEM32\WINMM.dll
0x00007ffe2db00000 - 0x00007ffe2db71000 	C:\WINDOWS\System32\WS2_32.dll
0x00007ffe2b740000 - 0x00007ffe2b758000 	C:\WINDOWS\SYSTEM32\kernel.appcore.dll
0x00007ffe240c0000 - 0x00007ffe240ca000 	C:\Program Files\Android\Android Studio1\jbr\bin\jimage.dll
0x00007ffe20940000 - 0x00007ffe20b6e000 	C:\WINDOWS\SYSTEM32\DBGHELP.DLL
0x00007ffe2d540000 - 0x00007ffe2d8ca000 	C:\WINDOWS\System32\combase.dll
0x00007ffe2f190000 - 0x00007ffe2f267000 	C:\WINDOWS\System32\OLEAUT32.dll
0x00007ffe1e180000 - 0x00007ffe1e1b2000 	C:\WINDOWS\SYSTEM32\dbgcore.DLL
0x00007ffe2cf80000 - 0x00007ffe2cffb000 	C:\WINDOWS\System32\bcryptPrimitives.dll
0x00007ffe0af90000 - 0x00007ffe0afb5000 	C:\Program Files\Android\Android Studio1\jbr\bin\java.dll
0x00007ffe0af70000 - 0x00007ffe0af88000 	C:\Program Files\Android\Android Studio1\jbr\bin\zip.dll
0x00007ffe2dc00000 - 0x00007ffe2e3ef000 	C:\WINDOWS\System32\SHELL32.dll
0x00007ffe2a710000 - 0x00007ffe2afdc000 	C:\WINDOWS\SYSTEM32\windows.storage.dll
0x00007ffe2a5d0000 - 0x00007ffe2a70e000 	C:\WINDOWS\SYSTEM32\wintypes.dll
0x00007ffe2ece0000 - 0x00007ffe2edd1000 	C:\WINDOWS\System32\SHCORE.dll
0x00007ffe2d450000 - 0x00007ffe2d4ae000 	C:\WINDOWS\System32\shlwapi.dll
0x00007ffe2c620000 - 0x00007ffe2c641000 	C:\WINDOWS\SYSTEM32\profapi.dll
0x00007ffe0ae60000 - 0x00007ffe0ae79000 	C:\Program Files\Android\Android Studio1\jbr\bin\net.dll
0x00007ffe265c0000 - 0x00007ffe266ef000 	C:\WINDOWS\SYSTEM32\WINHTTP.dll
0x00007ffe2bbb0000 - 0x00007ffe2bc19000 	C:\WINDOWS\system32\mswsock.dll
0x00007ffe03380000 - 0x00007ffe03396000 	C:\Program Files\Android\Android Studio1\jbr\bin\nio.dll
0x00007ffe186a0000 - 0x00007ffe186b0000 	C:\Program Files\Android\Android Studio1\jbr\bin\verify.dll
0x00007ffe0f280000 - 0x00007ffe0f2a7000 	C:\Users\Aishwary Kumar Rai\.gradle\native\68d5fa5c4cc2d200863cafc0d521ce42e7d3e7ee720ec0a83991735586a16f82\windows-amd64\native-platform.dll
0x00007ffdefc50000 - 0x00007ffdefd94000 	C:\Users\Aishwary Kumar Rai\.gradle\native\e376f236ea51e6404a007f0833ffe2c6e607c4080706a723a18a27aeea778392\windows-amd64\native-platform-file-events.dll
0x00007ffe23880000 - 0x00007ffe23889000 	C:\Program Files\Android\Android Studio1\jbr\bin\management.dll
0x00007ffe21a70000 - 0x00007ffe21a7b000 	C:\Program Files\Android\Android Studio1\jbr\bin\management_ext.dll
0x00007ffe2d8d0000 - 0x00007ffe2d8d8000 	C:\WINDOWS\System32\PSAPI.DLL
0x00007ffe2be00000 - 0x00007ffe2be1b000 	C:\WINDOWS\SYSTEM32\CRYPTSP.dll
0x00007ffe2b6b0000 - 0x00007ffe2b6e5000 	C:\WINDOWS\system32\rsaenh.dll
0x00007ffe2bca0000 - 0x00007ffe2bcc8000 	C:\WINDOWS\SYSTEM32\USERENV.dll
0x00007ffe2bfc0000 - 0x00007ffe2bfe8000 	C:\WINDOWS\SYSTEM32\bcrypt.dll
0x00007ffe2be20000 - 0x00007ffe2be2c000 	C:\WINDOWS\SYSTEM32\CRYPTBASE.dll
0x00007ffe2b270000 - 0x00007ffe2b29d000 	C:\WINDOWS\SYSTEM32\IPHLPAPI.DLL
0x00007ffe2dae0000 - 0x00007ffe2dae9000 	C:\WINDOWS\System32\NSI.dll
0x00007ffe26190000 - 0x00007ffe261a9000 	C:\WINDOWS\SYSTEM32\dhcpcsvc6.DLL
0x00007ffe25de0000 - 0x00007ffe25dff000 	C:\WINDOWS\SYSTEM32\dhcpcsvc.DLL
0x00007ffe2b2a0000 - 0x00007ffe2b393000 	C:\WINDOWS\SYSTEM32\DNSAPI.dll
0x00007ffe11920000 - 0x00007ffe11928000 	C:\WINDOWS\system32\wshunix.dll

dbghelp: loaded successfully - version: 4.0.5 - missing functions: none
symbol engine: initialized successfully - sym options: 0x614 - pdb path: .;C:\Program Files\Android\Android Studio1\jbr\bin;C:\WINDOWS\SYSTEM32;C:\WINDOWS\WinSxS\amd64_microsoft.windows.common-controls_6595b64144ccf1df_6.0.22621.436_none_a94247dbc10d8414;C:\Program Files\Android\Android Studio1\jbr\bin\server;C:\Users\Aishwary Kumar Rai\.gradle\native\68d5fa5c4cc2d200863cafc0d521ce42e7d3e7ee720ec0a83991735586a16f82\windows-amd64;C:\Users\Aishwary Kumar Rai\.gradle\native\e376f236ea51e6404a007f0833ffe2c6e607c4080706a723a18a27aeea778392\windows-amd64

VM Arguments:
jvm_args: --add-opens=java.base/java.util=ALL-UNNAMED --add-opens=java.base/java.lang=ALL-UNNAMED --add-opens=java.base/java.lang.invoke=ALL-UNNAMED --add-opens=java.prefs/java.util.prefs=ALL-UNNAMED --add-opens=java.base/java.nio.charset=ALL-UNNAMED --add-opens=java.base/java.net=ALL-UNNAMED --add-opens=java.base/java.util.concurrent.atomic=ALL-UNNAMED -Xmx2048m -Dfile.encoding=UTF-8 -Duser.country=IN -Duser.language=en -Duser.variant 
java_command: org.gradle.launcher.daemon.bootstrap.GradleDaemon 8.0
java_class_path (initial): C:\Users\Aishwary Kumar Rai\.gradle\wrapper\dists\gradle-8.0-bin\ca5e32bp14vu59qr306oxotwh\gradle-8.0\lib\gradle-launcher-8.0.jar
Launcher Type: SUN_STANDARD

[Global flags]
     intx CICompilerCount                          = 4                                         {product} {ergonomic}
     uint ConcGCThreads                            = 2                                         {product} {ergonomic}
     uint G1ConcRefinementThreads                  = 8                                         {product} {ergonomic}
   size_t G1HeapRegionSize                         = 1048576                                   {product} {ergonomic}
    uintx GCDrainStackTargetSize                   = 64                                        {product} {ergonomic}
   size_t InitialHeapSize                          = 100663296                                 {product} {ergonomic}
   size_t MarkStackSize                            = 4194304                                   {product} {ergonomic}
   size_t MaxHeapSize                              = 2147483648                                {product} {command line}
   size_t MaxNewSize                               = 1287651328                                {product} {ergonomic}
   size_t MinHeapDeltaBytes                        = 1048576                                   {product} {ergonomic}
   size_t MinHeapSize                              = 8388608                                   {product} {ergonomic}
    uintx NonNMethodCodeHeapSize                   = 5839372                                {pd product} {ergonomic}
    uintx NonProfiledCodeHeapSize                  = 122909434                              {pd product} {ergonomic}
    uintx ProfiledCodeHeapSize                     = 122909434                              {pd product} {ergonomic}
    uintx ReservedCodeCacheSize                    = 251658240                              {pd product} {ergonomic}
     bool SegmentedCodeCache                       = true                                      {product} {ergonomic}
   size_t SoftMaxHeapSize                          = 2147483648                             {manageable} {ergonomic}
     bool UseCompressedClassPointers               = true                           {product lp64_product} {ergonomic}
     bool UseCompressedOops                        = true                           {product lp64_product} {ergonomic}
     bool UseG1GC                                  = true                                      {product} {ergonomic}
     bool UseLargePagesIndividualAllocation        = false                                  {pd product} {ergonomic}

Logging:
Log output configuration:
 #0: stdout all=warning uptime,level,tags
 #1: stderr all=off uptime,level,tags

Environment Variables:
PATH=C:\Program Files (x86)\Common Files\Oracle\Java\javapath;C:\oraclexe\app\oracle\product\10.2.0\server\bin;C:\WINDOWS\system32;C:\WINDOWS;C:\WINDOWS\System32\Wbem;C:\WINDOWS\System32\WindowsPowerShell\v1.0\;C:\WINDOWS\System32\OpenSSH\;C:\Program Files\Java\jdk1.8.0_172\bin;C:\Program Files\Java\jdk1.8.0_321\bin;C:\Program Files\Git\cmd;C:\Program Files\Java\jdk1.8.0_172\bin;C:\Users\Aishwary Kumar Rai\AppData\Local\Programs\Microsoft VS Code\bin;C:\Users\Aishwary Kumar Rai\AppData\Local\Microsoft\WindowsApps;
USERNAME=Aishwary Kumar Rai
OS=Windows_NT
PROCESSOR_IDENTIFIER=AMD64 Family 23 Model 24 Stepping 1, AuthenticAMD
TMP=C:\Users\AISHWA~1\AppData\Local\Temp
TEMP=C:\Users\AISHWA~1\AppData\Local\Temp



---------------  S Y S T E M  ---------------

OS:
 Windows 11 , 64 bit Build 22621 (10.0.22621.1245)
OS uptime: 25 days 17:33 hours

CPU: total 8 (initial active 8) (8 cores per cpu, 2 threads per core) family 23 model 24 stepping 1 microcode 0x0, cx8, cmov, fxsr, ht, mmx, 3dnowpref, sse, sse2, sse3, ssse3, sse4a, sse4.1, sse4.2, popcnt, lzcnt, tsc, tscinvbit, avx, avx2, aes, clmul, bmi1, bmi2, adx, sha, fma, vzeroupper, clflush, clflushopt

Memory: 4k page, system-wide physical 6020M (356M free)
TotalPageFile size 24452M (AvailPageFile size 5M)
current process WorkingSet (physical memory assigned to process): 382M, peak: 443M
current process commit charge ("private bytes"): 537M, peak: 537M

vm_info: OpenJDK 64-Bit Server VM (17.0.6+0-b2043.56-9586694) for windows-amd64 JRE (17.0.6+0-b2043.56-9586694), built on Feb  9 2023 20:06:20 by "androidbuild" with MS VC++ 16.10 / 16.11 (VS2019)

END.
