#
# There is insufficient memory for the Java Runtime Environment to continue.
# Native memory allocation (mmap) failed to map 63963136 bytes for G1 virtual space
# Possible reasons:
#   The system is out of physical RAM or swap space
#   The process is running with CompressedOops enabled, and the Java Heap may be blocking the growth of the native heap
# Possible solutions:
#   Reduce memory load on the system
#   Increase physical memory or swap space
#   Check if swap backing store is full
#   Decrease Java heap size (-Xmx/-Xms)
#   Decrease number of Java threads
#   Decrease Java thread stack sizes (-Xss)
#   Set larger code cache with -XX:ReservedCodeCacheSize=
#   JVM is running with Unscaled Compressed Oops mode in which the Java heap is
#     placed in the first 4GB address space. The Java Heap base address is the
#     maximum limit for the native heap growth. Please use -XX:HeapBaseMinAddress
#     to set the Java Heap base and to place the Java Heap above 4GB virtual address.
# This output file may be truncated or incomplete.
#
#  Out of Memory Error (os_windows.cpp:3769), pid=32056, tid=31284
#
# JRE version: OpenJDK Runtime Environment (17.0.6) (build 17.0.6+0-b2043.56-9586694)
# Java VM: OpenJDK 64-Bit Server VM (17.0.6+0-b2043.56-9586694, mixed mode, tiered, compressed oops, compressed class ptrs, g1 gc, windows-amd64)
# No core dump will be written. Minidumps are not enabled by default on client versions of Windows
#

---------------  S U M M A R Y ------------

Command Line: --add-opens=java.base/java.util=ALL-UNNAMED --add-opens=java.base/java.lang=ALL-UNNAMED --add-opens=java.base/java.lang.invoke=ALL-UNNAMED --add-opens=java.prefs/java.util.prefs=ALL-UNNAMED --add-opens=java.base/java.nio.charset=ALL-UNNAMED --add-opens=java.base/java.net=ALL-UNNAMED --add-opens=java.base/java.util.concurrent.atomic=ALL-UNNAMED -Xmx2048m -Dfile.encoding=UTF-8 -Duser.country=IN -Duser.language=en -Duser.variant org.gradle.launcher.daemon.bootstrap.GradleDaemon 8.0

Host: AMD Ryzen 5 3450U with Radeon Vega Mobile Gfx  , 8 cores, 5G,  Windows 11 , 64 bit Build 22621 (10.0.22621.1245)
Time: Mon Jun 12 17:21:38 2023 India Standard Time elapsed time: 24.736941 seconds (0d 0h 0m 24s)

---------------  T H R E A D  ---------------

Current thread (0x00000267ffe38a10):  VMThread "VM Thread" [stack: 0x000000898db00000,0x000000898dc00000] [id=31284]

Stack: [0x000000898db00000,0x000000898dc00000]
Native frames: (J=compiled Java code, j=interpreted, Vv=VM code, C=native code)
V  [jvm.dll+0x683b4a]
V  [jvm.dll+0x842654]
V  [jvm.dll+0x843dfe]
V  [jvm.dll+0x844463]
V  [jvm.dll+0x249b75]
V  [jvm.dll+0x680a19]
V  [jvm.dll+0x674f0a]
V  [jvm.dll+0x309acb]
V  [jvm.dll+0x310f86]
V  [jvm.dll+0x3608ee]
V  [jvm.dll+0x360b1f]
V  [jvm.dll+0x2dfbf8]
V  [jvm.dll+0x2e2ce6]
V  [jvm.dll+0x2ed478]
V  [jvm.dll+0x322150]
V  [jvm.dll+0x84893b]
V  [jvm.dll+0x849674]
V  [jvm.dll+0x849b8d]
V  [jvm.dll+0x849f64]
V  [jvm.dll+0x84a030]
V  [jvm.dll+0x7f25fa]
V  [jvm.dll+0x682985]
C  [ucrtbase.dll+0x29363]
C  [KERNEL32.DLL+0x126bd]
C  [ntdll.dll+0x5dfb8]

VM_Operation (0x000000898d7ffa40): G1Concurrent, mode: safepoint, requested by thread 0x00000267f9064c80


---------------  P R O C E S S  ---------------

Threads class SMR info:
_java_thread_list=0x000002679ce9f430, length=144, elements={
0x00000267f8ff6c30, 0x0000026793813260, 0x0000026793814090, 0x00000267ffe4f4c0,
0x00000267ffe4fe70, 0x00000267ffe50820, 0x0000026793833010, 0x0000026793838b50,
0x0000026793841a10, 0x000002679384de00, 0x00000267939a1280, 0x00000267939c0ab0,
0x000002679531e1f0, 0x00000267953cd4b0, 0x00000267946a6570, 0x0000026794b8bb90,
0x0000026796249010, 0x0000026795df8460, 0x0000026796002020, 0x0000026794b85700,
0x000002679453ae50, 0x000002679453c190, 0x000002679453cb30, 0x000002679453a980,
0x000002679453d000, 0x000002679453b320, 0x0000026794539fe0, 0x0000026794539b10,
0x000002679453a4b0, 0x0000026794539640, 0x000002679453b7f0, 0x000002679453bcc0,
0x000002679453c660, 0x0000026794676870, 0x0000026794675ed0, 0x00000267946763a0,
0x0000026794678550, 0x0000026794678080, 0x0000026794676d40, 0x0000026794678a20,
0x0000026794677bb0, 0x0000026797d089a0, 0x0000026797d07190, 0x0000026797d09810,
0x0000026797d084d0, 0x0000026797d08000, 0x0000026797d08e70, 0x0000026797d07b30,
0x0000026797d07660, 0x0000026797d09340, 0x0000026797d05e50, 0x0000026797d06320,
0x0000026797d067f0, 0x0000026797d06cc0, 0x0000026797f8d900, 0x0000026797f8c5c0,
0x0000026797f8a8e0, 0x0000026797f87d90, 0x0000026797f88260, 0x0000026797f88730,
0x0000026797f88c00, 0x0000026797f89f40, 0x0000026797f8ddd0, 0x0000026797f8d430,
0x0000026797f8c0f0, 0x0000026797f8e2a0, 0x0000026797f895a0, 0x0000026797f890d0,
0x0000026797f8ca90, 0x0000026797f89a70, 0x0000026797f8e770, 0x0000026797f8cf60,
0x0000026797f8a410, 0x0000026797f86f20, 0x0000026797f8b280, 0x0000026797f8b750,
0x0000026797f8adb0, 0x0000026797f8bc20, 0x0000026797f873f0, 0x0000026797f878c0,
0x0000026797f9a1e0, 0x0000026797f9cd30, 0x0000026797f9ab80, 0x0000026797f9bec0,
0x0000026797f99840, 0x0000026797f9c860, 0x0000026797f99d10, 0x0000026797f9e070,
0x0000026797f9d200, 0x0000026797f9ea10, 0x0000026797f9a6b0, 0x0000026797f9b050,
0x0000026797f989d0, 0x0000026797f9b520, 0x0000026797f98ea0, 0x0000026797f98500,
0x0000026797f9c390, 0x0000026797f9d6d0, 0x0000026797f97b60, 0x0000026797f9b9f0,
0x0000026797f9e540, 0x0000026797f9dba0, 0x0000026797f9eee0, 0x0000026797f9f3b0,
0x0000026797f98030, 0x0000026797f99370, 0x0000026794c616c0, 0x0000026794c5d360,
0x0000026794c60850, 0x0000026794c5c4f0, 0x0000026794c60380, 0x0000026794c5ce90,
0x0000026794c61b90, 0x0000026794c60d20, 0x0000026794c5ace0, 0x0000026794c5f040,
0x0000026794c5c9c0, 0x0000026794c5a340, 0x0000026794c5feb0, 0x0000026794c611f0,
0x0000026794c5d830, 0x0000026794c5a810, 0x0000026794c5dd00, 0x0000026794c5f510,
0x0000026794c5c020, 0x0000026794786860, 0x0000026794c5e1d0, 0x0000026794c5b680,
0x0000026794c5e6a0, 0x0000026794c5bb50, 0x0000026794c5f9e0, 0x0000026794c5eb70,
0x000002679c8d01f0, 0x000002679c8cb9c0, 0x000002679c8cf380, 0x0000026798724890,
0x0000026798723080, 0x000002679d3c5c10, 0x00000267987243c0, 0x00000267963bbb50,
0x0000026798723550, 0x0000026798723a20, 0x0000026798723ef0, 0x000002679e76d700
}

Java Threads: ( => current thread )
  0x00000267f8ff6c30 JavaThread "main" [_thread_blocked, id=20132, stack(0x000000898d500000,0x000000898d600000)]
  0x0000026793813260 JavaThread "Reference Handler" daemon [_thread_blocked, id=34404, stack(0x000000898dc00000,0x000000898dd00000)]
  0x0000026793814090 JavaThread "Finalizer" daemon [_thread_blocked, id=47500, stack(0x000000898dd00000,0x000000898de00000)]
  0x00000267ffe4f4c0 JavaThread "Signal Dispatcher" daemon [_thread_blocked, id=28168, stack(0x000000898de00000,0x000000898df00000)]
  0x00000267ffe4fe70 JavaThread "Attach Listener" daemon [_thread_blocked, id=5140, stack(0x000000898df00000,0x000000898e000000)]
  0x00000267ffe50820 JavaThread "Service Thread" daemon [_thread_blocked, id=24904, stack(0x000000898e000000,0x000000898e100000)]
  0x0000026793833010 JavaThread "Monitor Deflation Thread" daemon [_thread_blocked, id=33152, stack(0x000000898e100000,0x000000898e200000)]
  0x0000026793838b50 JavaThread "C2 CompilerThread0" daemon [_thread_in_native, id=34576, stack(0x000000898e200000,0x000000898e300000)]
  0x0000026793841a10 JavaThread "C1 CompilerThread0" daemon [_thread_blocked, id=18404, stack(0x000000898e300000,0x000000898e400000)]
  0x000002679384de00 JavaThread "Sweeper thread" daemon [_thread_blocked, id=34768, stack(0x000000898e400000,0x000000898e500000)]
  0x00000267939a1280 JavaThread "Common-Cleaner" daemon [_thread_blocked, id=28948, stack(0x000000898e500000,0x000000898e600000)]
  0x00000267939c0ab0 JavaThread "Notification Thread" daemon [_thread_blocked, id=31048, stack(0x000000898e600000,0x000000898e700000)]
  0x000002679531e1f0 JavaThread "Daemon health stats" [_thread_blocked, id=37468, stack(0x000000898ec00000,0x000000898ed00000)]
  0x00000267953cd4b0 JavaThread "Incoming local TCP Connector on port 65124" [_thread_in_native, id=47240, stack(0x000000898ed00000,0x000000898ee00000)]
  0x00000267946a6570 JavaThread "Daemon periodic checks" [_thread_blocked, id=18600, stack(0x000000898ee00000,0x000000898ef00000)]
  0x0000026794b8bb90 JavaThread "Daemon" [_thread_blocked, id=36628, stack(0x000000898ef00000,0x000000898f000000)]
  0x0000026796249010 JavaThread "Handler for socket connection from /127.0.0.1:65124 to /127.0.0.1:65125" [_thread_in_native, id=27180, stack(0x000000898f000000,0x000000898f100000)]
  0x0000026795df8460 JavaThread "Cancel handler" [_thread_blocked, id=34020, stack(0x000000898f100000,0x000000898f200000)]
  0x0000026796002020 JavaThread "Daemon worker" [_thread_blocked, id=18048, stack(0x000000898f200000,0x000000898f300000)]
  0x0000026794b85700 JavaThread "Asynchronous log dispatcher for DefaultDaemonConnection: socket connection from /127.0.0.1:65124 to /127.0.0.1:65125" [_thread_blocked, id=45764, stack(0x000000898f300000,0x000000898f400000)]
  0x000002679453ae50 JavaThread "Stdin handler" [_thread_blocked, id=18000, stack(0x000000898f400000,0x000000898f500000)]
  0x000002679453c190 JavaThread "Daemon client event forwarder" [_thread_blocked, id=49028, stack(0x000000898f500000,0x000000898f600000)]
  0x000002679453cb30 JavaThread "Cache worker for journal cache (C:\Users\Aishwary Kumar Rai\.gradle\caches\journal-1)" [_thread_blocked, id=6692, stack(0x000000898fa00000,0x000000898fb00000)]
  0x000002679453a980 JavaThread "File lock request listener" [_thread_in_native, id=40304, stack(0x000000898fb00000,0x000000898fc00000)]
  0x000002679453d000 JavaThread "Cache worker for file hash cache (C:\Users\Aishwary Kumar Rai\.gradle\caches\8.0\fileHashes)" [_thread_blocked, id=25880, stack(0x000000898fc00000,0x000000898fd00000)]
  0x000002679453b320 JavaThread "File watcher server" daemon [_thread_blocked, id=33164, stack(0x000000898fd00000,0x000000898fe00000)]
  0x0000026794539fe0 JavaThread "File watcher consumer" daemon [_thread_blocked, id=48000, stack(0x000000898fe00000,0x000000898ff00000)]
  0x0000026794539b10 JavaThread "Cache worker for checksums cache (C:\Users\Aishwary Kumar Rai\DocuMed\.gradle\8.0\checksums)" [_thread_blocked, id=39104, stack(0x000000898ff00000,0x0000008990000000)]
  0x000002679453a4b0 JavaThread "Cache worker for cache directory md-rule (C:\Users\Aishwary Kumar Rai\.gradle\caches\8.0\md-rule)" [_thread_blocked, id=47000, stack(0x0000008990000000,0x0000008990100000)]
  0x0000026794539640 JavaThread "Cache worker for file content cache (C:\Users\Aishwary Kumar Rai\.gradle\caches\8.0\fileContent)" [_thread_blocked, id=49080, stack(0x0000008990100000,0x0000008990200000)]
  0x000002679453b7f0 JavaThread "Cache worker for file hash cache (C:\Users\Aishwary Kumar Rai\DocuMed\.gradle\8.0\fileHashes)" [_thread_blocked, id=12668, stack(0x0000008990200000,0x0000008990300000)]
  0x000002679453bcc0 JavaThread "Cache worker for cache directory md-supplier (C:\Users\Aishwary Kumar Rai\.gradle\caches\8.0\md-supplier)" [_thread_blocked, id=18552, stack(0x0000008990300000,0x0000008990400000)]
  0x000002679453c660 JavaThread "Cache worker for execution history cache (C:\Users\Aishwary Kumar Rai\.gradle\caches\8.0\executionHistory)" [_thread_blocked, id=12896, stack(0x0000008990400000,0x0000008990500000)]
  0x0000026794676870 JavaThread "jar transforms" [_thread_blocked, id=46132, stack(0x0000008990500000,0x0000008990600000)]
  0x0000026794675ed0 JavaThread "jar transforms Thread 2" [_thread_blocked, id=47764, stack(0x0000008990600000,0x0000008990700000)]
  0x00000267946763a0 JavaThread "jar transforms Thread 3" [_thread_blocked, id=32964, stack(0x0000008990800000,0x0000008990900000)]
  0x0000026794678550 JavaThread "jar transforms Thread 4" [_thread_blocked, id=19052, stack(0x0000008990900000,0x0000008990a00000)]
  0x0000026794678080 JavaThread "Cache worker for dependencies-accessors (C:\Users\Aishwary Kumar Rai\DocuMed\.gradle\8.0\dependencies-accessors)" [_thread_blocked, id=47564, stack(0x0000008990a00000,0x0000008990b00000)]
  0x0000026794676d40 JavaThread "jar transforms Thread 5" [_thread_blocked, id=35164, stack(0x0000008990b00000,0x0000008990c00000)]
  0x0000026794678a20 JavaThread "Cache worker for Build Output Cleanup Cache (C:\Users\Aishwary Kumar Rai\DocuMed\.gradle\buildOutputCleanup)" [_thread_blocked, id=44940, stack(0x0000008990c00000,0x0000008990d00000)]
  0x0000026794677bb0 JavaThread "Unconstrained build operations" [_thread_blocked, id=35160, stack(0x0000008990d00000,0x0000008990e00000)]
  0x0000026797d089a0 JavaThread "Unconstrained build operations Thread 2" [_thread_blocked, id=22676, stack(0x0000008990e00000,0x0000008990f00000)]
  0x0000026797d07190 JavaThread "Unconstrained build operations Thread 3" [_thread_blocked, id=47228, stack(0x0000008990f00000,0x0000008991000000)]
  0x0000026797d09810 JavaThread "Unconstrained build operations Thread 4" [_thread_blocked, id=18296, stack(0x0000008991000000,0x0000008991100000)]
  0x0000026797d084d0 JavaThread "Unconstrained build operations Thread 5" [_thread_blocked, id=39024, stack(0x0000008991100000,0x0000008991200000)]
  0x0000026797d08000 JavaThread "Unconstrained build operations Thread 6" [_thread_blocked, id=34372, stack(0x0000008991200000,0x0000008991300000)]
  0x0000026797d08e70 JavaThread "Unconstrained build operations Thread 7" [_thread_blocked, id=21080, stack(0x0000008991300000,0x0000008991400000)]
  0x0000026797d07b30 JavaThread "Unconstrained build operations Thread 8" [_thread_blocked, id=24504, stack(0x0000008991400000,0x0000008991500000)]
  0x0000026797d07660 JavaThread "Unconstrained build operations Thread 9" [_thread_blocked, id=15552, stack(0x0000008991500000,0x0000008991600000)]
  0x0000026797d09340 JavaThread "Unconstrained build operations Thread 10" [_thread_blocked, id=19648, stack(0x0000008991600000,0x0000008991700000)]
  0x0000026797d05e50 JavaThread "Unconstrained build operations Thread 11" [_thread_blocked, id=33332, stack(0x0000008991700000,0x0000008991800000)]
  0x0000026797d06320 JavaThread "Unconstrained build operations Thread 12" [_thread_blocked, id=39868, stack(0x0000008991800000,0x0000008991900000)]
  0x0000026797d067f0 JavaThread "Unconstrained build operations Thread 13" [_thread_blocked, id=39956, stack(0x0000008991900000,0x0000008991a00000)]
  0x0000026797d06cc0 JavaThread "Unconstrained build operations Thread 14" [_thread_blocked, id=45648, stack(0x0000008991a00000,0x0000008991b00000)]
  0x0000026797f8d900 JavaThread "Unconstrained build operations Thread 15" [_thread_blocked, id=39320, stack(0x0000008991b00000,0x0000008991c00000)]
  0x0000026797f8c5c0 JavaThread "Unconstrained build operations Thread 16" [_thread_blocked, id=12184, stack(0x0000008991c00000,0x0000008991d00000)]
  0x0000026797f8a8e0 JavaThread "Unconstrained build operations Thread 17" [_thread_blocked, id=38092, stack(0x0000008991d00000,0x0000008991e00000)]
  0x0000026797f87d90 JavaThread "Unconstrained build operations Thread 18" [_thread_blocked, id=28068, stack(0x0000008991e00000,0x0000008991f00000)]
  0x0000026797f88260 JavaThread "Unconstrained build operations Thread 19" [_thread_blocked, id=28860, stack(0x0000008991f00000,0x0000008992000000)]
  0x0000026797f88730 JavaThread "Unconstrained build operations Thread 20" [_thread_blocked, id=31880, stack(0x0000008992000000,0x0000008992100000)]
  0x0000026797f88c00 JavaThread "Unconstrained build operations Thread 21" [_thread_blocked, id=47852, stack(0x0000008992100000,0x0000008992200000)]
  0x0000026797f89f40 JavaThread "Unconstrained build operations Thread 22" [_thread_blocked, id=33396, stack(0x0000008992200000,0x0000008992300000)]
  0x0000026797f8ddd0 JavaThread "Unconstrained build operations Thread 23" [_thread_blocked, id=30600, stack(0x0000008992300000,0x0000008992400000)]
  0x0000026797f8d430 JavaThread "Unconstrained build operations Thread 24" [_thread_blocked, id=33116, stack(0x0000008992400000,0x0000008992500000)]
  0x0000026797f8c0f0 JavaThread "Unconstrained build operations Thread 25" [_thread_blocked, id=2464, stack(0x0000008992500000,0x0000008992600000)]
  0x0000026797f8e2a0 JavaThread "Unconstrained build operations Thread 26" [_thread_blocked, id=42176, stack(0x0000008992600000,0x0000008992700000)]
  0x0000026797f895a0 JavaThread "Unconstrained build operations Thread 27" [_thread_blocked, id=37752, stack(0x0000008992700000,0x0000008992800000)]
  0x0000026797f890d0 JavaThread "Unconstrained build operations Thread 28" [_thread_blocked, id=17848, stack(0x0000008992800000,0x0000008992900000)]
  0x0000026797f8ca90 JavaThread "Unconstrained build operations Thread 29" [_thread_blocked, id=47404, stack(0x0000008992900000,0x0000008992a00000)]
  0x0000026797f89a70 JavaThread "Unconstrained build operations Thread 30" [_thread_blocked, id=37400, stack(0x0000008992a00000,0x0000008992b00000)]
  0x0000026797f8e770 JavaThread "Unconstrained build operations Thread 31" [_thread_blocked, id=39776, stack(0x0000008992b00000,0x0000008992c00000)]
  0x0000026797f8cf60 JavaThread "Unconstrained build operations Thread 32" [_thread_blocked, id=40856, stack(0x0000008992c00000,0x0000008992d00000)]
  0x0000026797f8a410 JavaThread "Unconstrained build operations Thread 33" [_thread_blocked, id=22032, stack(0x0000008992d00000,0x0000008992e00000)]
  0x0000026797f86f20 JavaThread "Unconstrained build operations Thread 34" [_thread_blocked, id=36700, stack(0x0000008992e00000,0x0000008992f00000)]
  0x0000026797f8b280 JavaThread "Unconstrained build operations Thread 35" [_thread_blocked, id=44844, stack(0x0000008992f00000,0x0000008993000000)]
  0x0000026797f8b750 JavaThread "Unconstrained build operations Thread 36" [_thread_blocked, id=15508, stack(0x0000008993000000,0x0000008993100000)]
  0x0000026797f8adb0 JavaThread "Unconstrained build operations Thread 37" [_thread_blocked, id=40776, stack(0x0000008993100000,0x0000008993200000)]
  0x0000026797f8bc20 JavaThread "Unconstrained build operations Thread 38" [_thread_blocked, id=23916, stack(0x0000008993200000,0x0000008993300000)]
  0x0000026797f873f0 JavaThread "Unconstrained build operations Thread 39" [_thread_blocked, id=10912, stack(0x0000008993300000,0x0000008993400000)]
  0x0000026797f878c0 JavaThread "Unconstrained build operations Thread 40" [_thread_blocked, id=30964, stack(0x0000008993400000,0x0000008993500000)]
  0x0000026797f9a1e0 JavaThread "Unconstrained build operations Thread 41" [_thread_blocked, id=16652, stack(0x0000008993500000,0x0000008993600000)]
  0x0000026797f9cd30 JavaThread "Unconstrained build operations Thread 42" [_thread_blocked, id=32164, stack(0x0000008993600000,0x0000008993700000)]
  0x0000026797f9ab80 JavaThread "Unconstrained build operations Thread 43" [_thread_blocked, id=38384, stack(0x0000008993700000,0x0000008993800000)]
  0x0000026797f9bec0 JavaThread "Unconstrained build operations Thread 44" [_thread_blocked, id=29992, stack(0x0000008993800000,0x0000008993900000)]
  0x0000026797f99840 JavaThread "Unconstrained build operations Thread 45" [_thread_blocked, id=45820, stack(0x0000008993900000,0x0000008993a00000)]
  0x0000026797f9c860 JavaThread "Unconstrained build operations Thread 46" [_thread_blocked, id=32652, stack(0x0000008993a00000,0x0000008993b00000)]
  0x0000026797f99d10 JavaThread "Unconstrained build operations Thread 47" [_thread_blocked, id=43284, stack(0x0000008993b00000,0x0000008993c00000)]
  0x0000026797f9e070 JavaThread "Unconstrained build operations Thread 48" [_thread_blocked, id=26820, stack(0x0000008993c00000,0x0000008993d00000)]
  0x0000026797f9d200 JavaThread "Unconstrained build operations Thread 49" [_thread_blocked, id=48468, stack(0x0000008993d00000,0x0000008993e00000)]
  0x0000026797f9ea10 JavaThread "Unconstrained build operations Thread 50" [_thread_blocked, id=45728, stack(0x0000008993e00000,0x0000008993f00000)]
  0x0000026797f9a6b0 JavaThread "Unconstrained build operations Thread 51" [_thread_blocked, id=14920, stack(0x0000008993f00000,0x0000008994000000)]
  0x0000026797f9b050 JavaThread "Unconstrained build operations Thread 52" [_thread_blocked, id=44744, stack(0x0000008994000000,0x0000008994100000)]
  0x0000026797f989d0 JavaThread "Unconstrained build operations Thread 53" [_thread_blocked, id=21716, stack(0x0000008994100000,0x0000008994200000)]
  0x0000026797f9b520 JavaThread "Unconstrained build operations Thread 54" [_thread_blocked, id=40420, stack(0x0000008994200000,0x0000008994300000)]
  0x0000026797f98ea0 JavaThread "Unconstrained build operations Thread 55" [_thread_blocked, id=43692, stack(0x0000008994300000,0x0000008994400000)]
  0x0000026797f98500 JavaThread "Unconstrained build operations Thread 56" [_thread_blocked, id=9724, stack(0x0000008994400000,0x0000008994500000)]
  0x0000026797f9c390 JavaThread "Unconstrained build operations Thread 57" [_thread_blocked, id=30956, stack(0x0000008994500000,0x0000008994600000)]
  0x0000026797f9d6d0 JavaThread "Unconstrained build operations Thread 58" [_thread_blocked, id=42356, stack(0x0000008994600000,0x0000008994700000)]
  0x0000026797f97b60 JavaThread "Unconstrained build operations Thread 59" [_thread_blocked, id=40964, stack(0x0000008994700000,0x0000008994800000)]
  0x0000026797f9b9f0 JavaThread "Unconstrained build operations Thread 60" [_thread_blocked, id=41276, stack(0x0000008994800000,0x0000008994900000)]
  0x0000026797f9e540 JavaThread "Unconstrained build operations Thread 61" [_thread_blocked, id=43880, stack(0x0000008994900000,0x0000008994a00000)]
  0x0000026797f9dba0 JavaThread "Unconstrained build operations Thread 62" [_thread_blocked, id=736, stack(0x0000008994a00000,0x0000008994b00000)]
  0x0000026797f9eee0 JavaThread "Unconstrained build operations Thread 63" [_thread_blocked, id=17996, stack(0x0000008994b00000,0x0000008994c00000)]
  0x0000026797f9f3b0 JavaThread "Unconstrained build operations Thread 64" [_thread_blocked, id=37512, stack(0x0000008994c00000,0x0000008994d00000)]
  0x0000026797f98030 JavaThread "Unconstrained build operations Thread 65" [_thread_blocked, id=47976, stack(0x0000008994d00000,0x0000008994e00000)]
  0x0000026797f99370 JavaThread "Unconstrained build operations Thread 66" [_thread_blocked, id=33068, stack(0x0000008994e00000,0x0000008994f00000)]
  0x0000026794c616c0 JavaThread "Unconstrained build operations Thread 67" [_thread_blocked, id=44216, stack(0x0000008994f00000,0x0000008995000000)]
  0x0000026794c5d360 JavaThread "Unconstrained build operations Thread 68" [_thread_blocked, id=46616, stack(0x0000008995000000,0x0000008995100000)]
  0x0000026794c60850 JavaThread "Unconstrained build operations Thread 69" [_thread_blocked, id=47284, stack(0x0000008995100000,0x0000008995200000)]
  0x0000026794c5c4f0 JavaThread "Unconstrained build operations Thread 70" [_thread_blocked, id=26812, stack(0x0000008995200000,0x0000008995300000)]
  0x0000026794c60380 JavaThread "Unconstrained build operations Thread 71" [_thread_blocked, id=48604, stack(0x0000008995300000,0x0000008995400000)]
  0x0000026794c5ce90 JavaThread "Unconstrained build operations Thread 72" [_thread_blocked, id=14348, stack(0x0000008995400000,0x0000008995500000)]
  0x0000026794c61b90 JavaThread "Unconstrained build operations Thread 73" [_thread_blocked, id=20240, stack(0x0000008995500000,0x0000008995600000)]
  0x0000026794c60d20 JavaThread "Unconstrained build operations Thread 74" [_thread_blocked, id=38212, stack(0x0000008995600000,0x0000008995700000)]
  0x0000026794c5ace0 JavaThread "Unconstrained build operations Thread 75" [_thread_blocked, id=18440, stack(0x0000008995700000,0x0000008995800000)]
  0x0000026794c5f040 JavaThread "Unconstrained build operations Thread 76" [_thread_blocked, id=46156, stack(0x0000008995800000,0x0000008995900000)]
  0x0000026794c5c9c0 JavaThread "Unconstrained build operations Thread 77" [_thread_blocked, id=27984, stack(0x0000008995900000,0x0000008995a00000)]
  0x0000026794c5a340 JavaThread "Unconstrained build operations Thread 78" [_thread_blocked, id=42136, stack(0x0000008995a00000,0x0000008995b00000)]
  0x0000026794c5feb0 JavaThread "Unconstrained build operations Thread 79" [_thread_blocked, id=24484, stack(0x0000008995b00000,0x0000008995c00000)]
  0x0000026794c611f0 JavaThread "Unconstrained build operations Thread 80" [_thread_blocked, id=9552, stack(0x0000008995c00000,0x0000008995d00000)]
  0x0000026794c5d830 JavaThread "jar transforms Thread 6" [_thread_blocked, id=37140, stack(0x0000008995d00000,0x0000008995e00000)]
  0x0000026794c5a810 JavaThread "jar transforms Thread 7" [_thread_blocked, id=39316, stack(0x0000008995e00000,0x0000008995f00000)]
  0x0000026794c5dd00 JavaThread "jar transforms Thread 8" [_thread_blocked, id=4380, stack(0x0000008995f00000,0x0000008996000000)]
  0x0000026794c5f510 JavaThread "build event listener" [_thread_blocked, id=48108, stack(0x0000008996000000,0x0000008996100000)]
  0x0000026794c5c020 JavaThread "Memory manager" [_thread_blocked, id=48428, stack(0x0000008996100000,0x0000008996200000)]
  0x0000026794786860 JavaThread "C2 CompilerThread1" daemon [_thread_blocked, id=37244, stack(0x0000008996200000,0x0000008996300000)]
  0x0000026794c5e1d0 JavaThread "included builds" [_thread_blocked, id=47936, stack(0x0000008996300000,0x0000008996400000)]
  0x0000026794c5b680 JavaThread "Execution worker" [_thread_blocked, id=45204, stack(0x0000008996400000,0x0000008996500000)]
  0x0000026794c5e6a0 JavaThread "Execution worker Thread 2" [_thread_blocked, id=17228, stack(0x0000008996500000,0x0000008996600000)]
  0x0000026794c5bb50 JavaThread "Execution worker Thread 3" [_thread_blocked, id=44728, stack(0x0000008996600000,0x0000008996700000)]
  0x0000026794c5f9e0 JavaThread "Execution worker Thread 4" [_thread_blocked, id=33536, stack(0x0000008996700000,0x0000008996800000)]
  0x0000026794c5eb70 JavaThread "Execution worker Thread 5" [_thread_blocked, id=45532, stack(0x0000008996800000,0x0000008996900000)]
  0x000002679c8d01f0 JavaThread "Execution worker Thread 6" [_thread_blocked, id=17916, stack(0x0000008996900000,0x0000008996a00000)]
  0x000002679c8cb9c0 JavaThread "Execution worker Thread 7" [_thread_blocked, id=34476, stack(0x0000008996a00000,0x0000008996b00000)]
  0x000002679c8cf380 JavaThread "Cache worker for execution history cache (C:\Users\Aishwary Kumar Rai\DocuMed\.gradle\8.0\executionHistory)" [_thread_blocked, id=48712, stack(0x0000008996b00000,0x0000008996c00000)]
  0x0000026798724890 JavaThread "WorkerExecutor Queue" [_thread_blocked, id=40572, stack(0x0000008996c00000,0x0000008996d00000)]
  0x0000026798723080 JavaThread "WorkerExecutor Queue Thread 2" [_thread_blocked, id=40104, stack(0x0000008996d00000,0x0000008996e00000)]
  0x000002679d3c5c10 JavaThread "WorkerExecutor Queue Thread 3" [_thread_blocked, id=11076, stack(0x0000008996e00000,0x0000008996f00000)]
  0x00000267987243c0 JavaThread "WorkerExecutor Queue Thread 4" [_thread_blocked, id=41932, stack(0x0000008996f00000,0x0000008997000000)]
  0x00000267963bbb50 JavaThread "WorkerExecutor Queue Thread 5" [_thread_blocked, id=22856, stack(0x0000008997000000,0x0000008997100000)]
  0x0000026798723550 JavaThread "WorkerExecutor Queue Thread 6" [_thread_blocked, id=40736, stack(0x0000008997100000,0x0000008997200000)]
  0x0000026798723a20 JavaThread "WorkerExecutor Queue Thread 7" [_thread_blocked, id=38828, stack(0x0000008997200000,0x0000008997300000)]
  0x0000026798723ef0 JavaThread "WorkerExecutor Queue Thread 8" [_thread_blocked, id=39516, stack(0x0000008997300000,0x0000008997400000)]
  0x000002679e76d700 JavaThread "WorkerExecutor Queue Thread 9" [_thread_blocked, id=15128, stack(0x0000008997400000,0x0000008997500000)]

Other Threads:
=>0x00000267ffe38a10 VMThread "VM Thread" [stack: 0x000000898db00000,0x000000898dc00000] [id=31284]
  0x00000267f9078030 WatcherThread [stack: 0x000000898e700000,0x000000898e800000] [id=35640]
  0x00000267f9052bd0 GCTaskThread "GC Thread#0" [stack: 0x000000898d600000,0x000000898d700000] [id=41892]
  0x0000026794b14da0 GCTaskThread "GC Thread#1" [stack: 0x000000898e800000,0x000000898e900000] [id=43268]
  0x00000267950e2d00 GCTaskThread "GC Thread#2" [stack: 0x000000898e900000,0x000000898ea00000] [id=41668]
  0x00000267948c3db0 GCTaskThread "GC Thread#3" [stack: 0x000000898ea00000,0x000000898eb00000] [id=18124]
  0x0000026794dd4080 GCTaskThread "GC Thread#4" [stack: 0x000000898eb00000,0x000000898ec00000] [id=46408]
  0x0000026795df5340 GCTaskThread "GC Thread#5" [stack: 0x000000898f600000,0x000000898f700000] [id=31400]
  0x0000026795f54490 GCTaskThread "GC Thread#6" [stack: 0x000000898f700000,0x000000898f800000] [id=37876]
  0x0000026796365990 GCTaskThread "GC Thread#7" [stack: 0x000000898f800000,0x000000898f900000] [id=38520]
  0x00000267f9064c80 ConcurrentGCThread "G1 Main Marker" [stack: 0x000000898d700000,0x000000898d800000] [id=22108]
  0x00000267f9065e30 ConcurrentGCThread "G1 Conc#0" [stack: 0x000000898d800000,0x000000898d900000] [id=31760]
  0x0000026796365c40 ConcurrentGCThread "G1 Conc#1" [stack: 0x000000898f900000,0x000000898fa00000] [id=45488]
  0x00000267f90a7880 ConcurrentGCThread "G1 Refine#0" [stack: 0x000000898d900000,0x000000898da00000] [id=39704]
  0x0000026797f2ed30 ConcurrentGCThread "G1 Refine#1" [stack: 0x0000008990700000,0x0000008990800000] [id=41208]
  0x00000267ffc932c0 ConcurrentGCThread "G1 Service" [stack: 0x000000898da00000,0x000000898db00000] [id=2656]

Threads with active compile tasks:
C2 CompilerThread0    24793 15985   !   4       java.nio.file.FileTreeWalker::next (144 bytes)
C2 CompilerThread1    24793 16144       4       org.gradle.internal.file.FileHierarchySet$Node::contains (101 bytes)

VM state: at safepoint (normal execution)

VM Mutex/Monitor currently owned by a thread:  ([mutex/lock_event])
[0x00000267f8ff16f0] Threads_lock - owner thread: 0x00000267ffe38a10
[0x00000267f8ff0f10] Heap_lock - owner thread: 0x00000267f9064c80

Heap address: 0x0000000080000000, size: 2048 MB, Compressed Oops mode: 32-bit

CDS archive(s) not mapped
Compressed class space mapped at: 0x0000000100000000-0x0000000140000000, reserved size: 1073741824
Narrow klass base: 0x0000000000000000, Narrow klass shift: 3, Narrow klass range: 0x140000000

GC Precious Log:
 CPUs: 8 total, 8 available
 Memory: 6020M
 Large Page Support: Disabled
 NUMA Support: Disabled
 Compressed Oops: Enabled (32-bit)
 Heap Region Size: 1M
 Heap Min Capacity: 8M
 Heap Initial Capacity: 96M
 Heap Max Capacity: 2G
 Pre-touch: Disabled
 Parallel Workers: 8
 Concurrent Workers: 2
 Concurrent Refinement Workers: 8
 Periodic GC: Disabled

Heap:
 garbage-first heap   total 239616K, used 178194K [0x0000000080000000, 0x0000000100000000)
  region size 1024K, 38 young (38912K), 9 survivors (9216K)
 Metaspace       used 111965K, committed 112704K, reserved 1146880K
  class space    used 15277K, committed 15616K, reserved 1048576K

Heap Regions: E=young(eden), S=young(survivor), O=old, HS=humongous(starts), HC=humongous(continues), CS=collection set, F=free, OA=open archive, CA=closed archive, TAMS=top-at-mark-start (previous, next)
|   0|0x0000000080000000, 0x0000000080100000, 0x0000000080100000|100%|HS|  |TAMS 0x0000000080100000, 0x0000000080000000| Complete 
|   1|0x0000000080100000, 0x0000000080200000, 0x0000000080200000|100%|HC|  |TAMS 0x0000000080200000, 0x0000000080100000| Complete 
|   2|0x0000000080200000, 0x0000000080300000, 0x0000000080300000|100%|HC|  |TAMS 0x0000000080300000, 0x0000000080200000| Complete 
|   3|0x0000000080300000, 0x0000000080400000, 0x0000000080400000|100%|HC|  |TAMS 0x0000000080400000, 0x0000000080300000| Complete 
|   4|0x0000000080400000, 0x0000000080500000, 0x0000000080500000|100%| O|  |TAMS 0x0000000080500000, 0x0000000080400000| Untracked 
|   5|0x0000000080500000, 0x0000000080600000, 0x0000000080600000|100%| O|  |TAMS 0x0000000080600000, 0x0000000080500000| Updating 
|   6|0x0000000080600000, 0x0000000080700000, 0x0000000080700000|100%| O|  |TAMS 0x0000000080700000, 0x0000000080600000| Untracked 
|   7|0x0000000080700000, 0x0000000080800000, 0x0000000080800000|100%| O|  |TAMS 0x0000000080800000, 0x0000000080700000| Updating 
|   8|0x0000000080800000, 0x0000000080900000, 0x0000000080900000|100%| O|  |TAMS 0x0000000080900000, 0x0000000080800000| Untracked 
|   9|0x0000000080900000, 0x0000000080a00000, 0x0000000080a00000|100%| O|  |TAMS 0x0000000080a00000, 0x0000000080900000| Updating 
|  10|0x0000000080a00000, 0x0000000080b00000, 0x0000000080b00000|100%| O|  |TAMS 0x0000000080b00000, 0x0000000080a00000| Untracked 
|  11|0x0000000080b00000, 0x0000000080c00000, 0x0000000080c00000|100%| O|  |TAMS 0x0000000080c00000, 0x0000000080b00000| Untracked 
|  12|0x0000000080c00000, 0x0000000080d00000, 0x0000000080d00000|100%| O|  |TAMS 0x0000000080d00000, 0x0000000080c00000| Untracked 
|  13|0x0000000080d00000, 0x0000000080e00000, 0x0000000080e00000|100%| O|  |TAMS 0x0000000080e00000, 0x0000000080d00000| Untracked 
|  14|0x0000000080e00000, 0x0000000080f00000, 0x0000000080f00000|100%| O|  |TAMS 0x0000000080f00000, 0x0000000080e00000| Updating 
|  15|0x0000000080f00000, 0x0000000081000000, 0x0000000081000000|100%| O|  |TAMS 0x0000000081000000, 0x0000000080f00000| Untracked 
|  16|0x0000000081000000, 0x0000000081100000, 0x0000000081100000|100%| O|  |TAMS 0x0000000081100000, 0x0000000081000000| Untracked 
|  17|0x0000000081100000, 0x0000000081200000, 0x0000000081200000|100%| O|  |TAMS 0x0000000081200000, 0x0000000081100000| Untracked 
|  18|0x0000000081200000, 0x0000000081300000, 0x0000000081300000|100%| O|  |TAMS 0x0000000081300000, 0x0000000081200000| Untracked 
|  19|0x0000000081300000, 0x0000000081400000, 0x0000000081400000|100%| O|  |TAMS 0x0000000081400000, 0x0000000081300000| Untracked 
|  20|0x0000000081400000, 0x0000000081500000, 0x0000000081500000|100%| O|  |TAMS 0x0000000081500000, 0x0000000081400000| Updating 
|  21|0x0000000081500000, 0x0000000081600000, 0x0000000081600000|100%| O|  |TAMS 0x0000000081600000, 0x0000000081500000| Untracked 
|  22|0x0000000081600000, 0x0000000081700000, 0x0000000081700000|100%| O|  |TAMS 0x0000000081700000, 0x0000000081600000| Updating 
|  23|0x0000000081700000, 0x0000000081800000, 0x0000000081800000|100%| O|  |TAMS 0x0000000081800000, 0x0000000081700000| Untracked 
|  24|0x0000000081800000, 0x0000000081900000, 0x0000000081900000|100%| O|  |TAMS 0x0000000081900000, 0x0000000081800000| Untracked 
|  25|0x0000000081900000, 0x0000000081a00000, 0x0000000081a00000|100%| O|  |TAMS 0x0000000081a00000, 0x0000000081900000| Untracked 
|  26|0x0000000081a00000, 0x0000000081b00000, 0x0000000081b00000|100%| O|  |TAMS 0x0000000081b00000, 0x0000000081a00000| Untracked 
|  27|0x0000000081b00000, 0x0000000081c00000, 0x0000000081c00000|100%| O|  |TAMS 0x0000000081c00000, 0x0000000081b00000| Updating 
|  28|0x0000000081c00000, 0x0000000081d00000, 0x0000000081d00000|100%| O|  |TAMS 0x0000000081d00000, 0x0000000081c00000| Untracked 
|  29|0x0000000081d00000, 0x0000000081e00000, 0x0000000081e00000|100%| O|  |TAMS 0x0000000081e00000, 0x0000000081d00000| Untracked 
|  30|0x0000000081e00000, 0x0000000081f00000, 0x0000000081f00000|100%| O|  |TAMS 0x0000000081f00000, 0x0000000081e00000| Untracked 
|  31|0x0000000081f00000, 0x0000000082000000, 0x0000000082000000|100%| O|  |TAMS 0x0000000082000000, 0x0000000081f00000| Untracked 
|  32|0x0000000082000000, 0x0000000082100000, 0x0000000082100000|100%| O|  |TAMS 0x0000000082100000, 0x0000000082000000| Updating 
|  33|0x0000000082100000, 0x0000000082200000, 0x0000000082200000|100%| O|  |TAMS 0x0000000082200000, 0x0000000082100000| Untracked 
|  34|0x0000000082200000, 0x0000000082300000, 0x0000000082300000|100%|HS|  |TAMS 0x0000000082300000, 0x0000000082200000| Complete 
|  35|0x0000000082300000, 0x0000000082400000, 0x0000000082400000|100%|HS|  |TAMS 0x0000000082400000, 0x0000000082300000| Complete 
|  36|0x0000000082400000, 0x0000000082500000, 0x0000000082500000|100%| O|  |TAMS 0x0000000082500000, 0x0000000082400000| Untracked 
|  37|0x0000000082500000, 0x0000000082600000, 0x0000000082600000|100%| O|  |TAMS 0x0000000082600000, 0x0000000082500000| Untracked 
|  38|0x0000000082600000, 0x0000000082700000, 0x0000000082700000|100%| O|  |TAMS 0x0000000082700000, 0x0000000082600000| Untracked 
|  39|0x0000000082700000, 0x0000000082800000, 0x0000000082800000|100%| O|  |TAMS 0x0000000082800000, 0x0000000082700000| Updating 
|  40|0x0000000082800000, 0x0000000082900000, 0x0000000082900000|100%| O|  |TAMS 0x0000000082900000, 0x0000000082800000| Updating 
|  41|0x0000000082900000, 0x0000000082a00000, 0x0000000082a00000|100%| O|  |TAMS 0x0000000082a00000, 0x0000000082900000| Untracked 
|  42|0x0000000082a00000, 0x0000000082b00000, 0x0000000082b00000|100%| O|  |TAMS 0x0000000082b00000, 0x0000000082a00000| Untracked 
|  43|0x0000000082b00000, 0x0000000082c00000, 0x0000000082c00000|100%| O|  |TAMS 0x0000000082c00000, 0x0000000082b00000| Untracked 
|  44|0x0000000082c00000, 0x0000000082d00000, 0x0000000082d00000|100%| O|  |TAMS 0x0000000082d00000, 0x0000000082c00000| Untracked 
|  45|0x0000000082d00000, 0x0000000082e00000, 0x0000000082e00000|100%| O|  |TAMS 0x0000000082e00000, 0x0000000082d00000| Untracked 
|  46|0x0000000082e00000, 0x0000000082f00000, 0x0000000082f00000|100%| O|  |TAMS 0x0000000082f00000, 0x0000000082e00000| Untracked 
|  47|0x0000000082f00000, 0x0000000083000000, 0x0000000083000000|100%| O|  |TAMS 0x0000000083000000, 0x0000000082f00000| Untracked 
|  48|0x0000000083000000, 0x0000000083100000, 0x0000000083100000|100%| O|  |TAMS 0x0000000083100000, 0x0000000083000000| Untracked 
|  49|0x0000000083100000, 0x0000000083200000, 0x0000000083200000|100%| O|  |TAMS 0x0000000083200000, 0x0000000083100000| Untracked 
|  50|0x0000000083200000, 0x0000000083300000, 0x0000000083300000|100%| O|  |TAMS 0x0000000083300000, 0x0000000083200000| Untracked 
|  51|0x0000000083300000, 0x0000000083400000, 0x0000000083400000|100%| O|  |TAMS 0x0000000083400000, 0x0000000083300000| Untracked 
|  52|0x0000000083400000, 0x0000000083500000, 0x0000000083500000|100%| O|  |TAMS 0x0000000083500000, 0x0000000083400000| Untracked 
|  53|0x0000000083500000, 0x0000000083600000, 0x0000000083600000|100%| O|  |TAMS 0x0000000083600000, 0x0000000083500000| Untracked 
|  54|0x0000000083600000, 0x0000000083700000, 0x0000000083700000|100%| O|  |TAMS 0x0000000083700000, 0x0000000083600000| Untracked 
|  55|0x0000000083700000, 0x0000000083800000, 0x0000000083800000|100%| O|  |TAMS 0x0000000083800000, 0x0000000083700000| Untracked 
|  56|0x0000000083800000, 0x0000000083900000, 0x0000000083900000|100%| O|  |TAMS 0x0000000083900000, 0x0000000083800000| Untracked 
|  57|0x0000000083900000, 0x0000000083a00000, 0x0000000083a00000|100%| O|  |TAMS 0x0000000083a00000, 0x0000000083900000| Untracked 
|  58|0x0000000083a00000, 0x0000000083b00000, 0x0000000083b00000|100%| O|  |TAMS 0x0000000083b00000, 0x0000000083a00000| Untracked 
|  59|0x0000000083b00000, 0x0000000083c00000, 0x0000000083c00000|100%| O|  |TAMS 0x0000000083c00000, 0x0000000083b00000| Untracked 
|  60|0x0000000083c00000, 0x0000000083d00000, 0x0000000083d00000|100%| O|  |TAMS 0x0000000083d00000, 0x0000000083c00000| Untracked 
|  61|0x0000000083d00000, 0x0000000083e00000, 0x0000000083e00000|100%| O|  |TAMS 0x0000000083e00000, 0x0000000083d00000| Untracked 
|  62|0x0000000083e00000, 0x0000000083f00000, 0x0000000083f00000|100%| O|  |TAMS 0x0000000083f00000, 0x0000000083e00000| Untracked 
|  63|0x0000000083f00000, 0x0000000084000000, 0x0000000084000000|100%| O|  |TAMS 0x0000000084000000, 0x0000000083f00000| Updating 
|  64|0x0000000084000000, 0x0000000084100000, 0x0000000084100000|100%| O|  |TAMS 0x0000000084100000, 0x0000000084000000| Untracked 
|  65|0x0000000084100000, 0x0000000084200000, 0x0000000084200000|100%| O|  |TAMS 0x0000000084200000, 0x0000000084100000| Untracked 
|  66|0x0000000084200000, 0x0000000084300000, 0x0000000084300000|100%| O|  |TAMS 0x0000000084300000, 0x0000000084200000| Updating 
|  67|0x0000000084300000, 0x0000000084400000, 0x0000000084400000|100%| O|  |TAMS 0x0000000084400000, 0x0000000084300000| Untracked 
|  68|0x0000000084400000, 0x0000000084500000, 0x0000000084500000|100%| O|  |TAMS 0x0000000084500000, 0x0000000084400000| Updating 
|  69|0x0000000084500000, 0x0000000084600000, 0x0000000084600000|100%| O|  |TAMS 0x0000000084600000, 0x0000000084500000| Untracked 
|  70|0x0000000084600000, 0x0000000084700000, 0x0000000084700000|100%| O|  |TAMS 0x0000000084700000, 0x0000000084600000| Untracked 
|  71|0x0000000084700000, 0x0000000084800000, 0x0000000084800000|100%| O|  |TAMS 0x0000000084800000, 0x0000000084700000| Untracked 
|  72|0x0000000084800000, 0x0000000084900000, 0x0000000084900000|100%| O|  |TAMS 0x0000000084900000, 0x0000000084800000| Untracked 
|  73|0x0000000084900000, 0x0000000084a00000, 0x0000000084a00000|100%| O|  |TAMS 0x0000000084a00000, 0x0000000084900000| Untracked 
|  74|0x0000000084a00000, 0x0000000084b00000, 0x0000000084b00000|100%| O|  |TAMS 0x0000000084b00000, 0x0000000084a00000| Untracked 
|  75|0x0000000084b00000, 0x0000000084c00000, 0x0000000084c00000|100%| O|  |TAMS 0x0000000084c00000, 0x0000000084b00000| Untracked 
|  76|0x0000000084c00000, 0x0000000084d00000, 0x0000000084d00000|100%| O|  |TAMS 0x0000000084d00000, 0x0000000084c00000| Updating 
|  77|0x0000000084d00000, 0x0000000084e00000, 0x0000000084e00000|100%| O|  |TAMS 0x0000000084e00000, 0x0000000084d00000| Untracked 
|  78|0x0000000084e00000, 0x0000000084f00000, 0x0000000084f00000|100%| O|  |TAMS 0x0000000084f00000, 0x0000000084e00000| Untracked 
|  79|0x0000000084f00000, 0x0000000085000000, 0x0000000085000000|100%| O|  |TAMS 0x0000000085000000, 0x0000000084f00000| Untracked 
|  80|0x0000000085000000, 0x0000000085100000, 0x0000000085100000|100%| O|  |TAMS 0x0000000085100000, 0x0000000085000000| Untracked 
|  81|0x0000000085100000, 0x0000000085200000, 0x0000000085200000|100%| O|  |TAMS 0x0000000085200000, 0x0000000085100000| Untracked 
|  82|0x0000000085200000, 0x0000000085300000, 0x0000000085300000|100%| O|  |TAMS 0x0000000085300000, 0x0000000085200000| Untracked 
|  83|0x0000000085300000, 0x0000000085400000, 0x0000000085400000|100%| O|  |TAMS 0x0000000085400000, 0x0000000085300000| Untracked 
|  84|0x0000000085400000, 0x0000000085500000, 0x0000000085500000|100%| O|  |TAMS 0x0000000085500000, 0x0000000085400000| Untracked 
|  85|0x0000000085500000, 0x0000000085600000, 0x0000000085600000|100%| O|  |TAMS 0x0000000085600000, 0x0000000085500000| Untracked 
|  86|0x0000000085600000, 0x0000000085700000, 0x0000000085700000|100%| O|  |TAMS 0x0000000085700000, 0x0000000085600000| Untracked 
|  87|0x0000000085700000, 0x0000000085800000, 0x0000000085800000|100%| O|  |TAMS 0x0000000085800000, 0x0000000085700000| Untracked 
|  88|0x0000000085800000, 0x0000000085900000, 0x0000000085900000|100%| O|  |TAMS 0x0000000085900000, 0x0000000085800000| Untracked 
|  89|0x0000000085900000, 0x0000000085a00000, 0x0000000085a00000|100%| O|  |TAMS 0x0000000085a00000, 0x0000000085900000| Untracked 
|  90|0x0000000085a00000, 0x0000000085b00000, 0x0000000085b00000|100%| O|  |TAMS 0x0000000085b00000, 0x0000000085a00000| Untracked 
|  91|0x0000000085b00000, 0x0000000085c00000, 0x0000000085c00000|100%| O|  |TAMS 0x0000000085c00000, 0x0000000085b00000| Updating 
|  92|0x0000000085c00000, 0x0000000085d00000, 0x0000000085d00000|100%|HS|  |TAMS 0x0000000085d00000, 0x0000000085c00000| Complete 
|  93|0x0000000085d00000, 0x0000000085e00000, 0x0000000085e00000|100%| O|  |TAMS 0x0000000085e00000, 0x0000000085d00000| Updating 
|  94|0x0000000085e00000, 0x0000000085f00000, 0x0000000085f00000|100%| O|  |TAMS 0x0000000085f00000, 0x0000000085e00000| Updating 
|  95|0x0000000085f00000, 0x0000000086000000, 0x0000000086000000|100%| O|  |TAMS 0x0000000086000000, 0x0000000085f00000| Updating 
|  96|0x0000000086000000, 0x0000000086100000, 0x0000000086100000|100%| O|  |TAMS 0x0000000086100000, 0x0000000086000000| Updating 
|  97|0x0000000086100000, 0x0000000086200000, 0x0000000086200000|100%| O|  |TAMS 0x0000000086200000, 0x0000000086100000| Updating 
|  98|0x0000000086200000, 0x0000000086300000, 0x0000000086300000|100%| O|  |TAMS 0x0000000086300000, 0x0000000086200000| Updating 
|  99|0x0000000086300000, 0x0000000086400000, 0x0000000086400000|100%| O|  |TAMS 0x0000000086400000, 0x0000000086300000| Updating 
| 100|0x0000000086400000, 0x0000000086500000, 0x0000000086500000|100%| O|  |TAMS 0x0000000086500000, 0x0000000086400000| Updating 
| 101|0x0000000086500000, 0x0000000086600000, 0x0000000086600000|100%| O|  |TAMS 0x0000000086600000, 0x0000000086500000| Updating 
| 102|0x0000000086600000, 0x0000000086700000, 0x0000000086700000|100%| O|  |TAMS 0x0000000086700000, 0x0000000086600000| Updating 
| 103|0x0000000086700000, 0x0000000086800000, 0x0000000086800000|100%| O|  |TAMS 0x0000000086800000, 0x0000000086700000| Updating 
| 104|0x0000000086800000, 0x00000000868ddc00, 0x0000000086900000| 86%| O|  |TAMS 0x00000000868ddc00, 0x0000000086800000| Updating 
| 105|0x0000000086900000, 0x0000000086a00000, 0x0000000086a00000|100%| O|  |TAMS 0x0000000086a00000, 0x0000000086900000| Updating 
| 106|0x0000000086a00000, 0x0000000086b00000, 0x0000000086b00000|100%|HS|  |TAMS 0x0000000086b00000, 0x0000000086a00000| Complete 
| 107|0x0000000086b00000, 0x0000000086c00000, 0x0000000086c00000|100%| O|  |TAMS 0x0000000086c00000, 0x0000000086b00000| Updating 
| 108|0x0000000086c00000, 0x0000000086d00000, 0x0000000086d00000|100%|HS|  |TAMS 0x0000000086d00000, 0x0000000086c00000| Complete 
| 109|0x0000000086d00000, 0x0000000086e00000, 0x0000000086e00000|100%|HC|  |TAMS 0x0000000086e00000, 0x0000000086d00000| Complete 
| 110|0x0000000086e00000, 0x0000000086f00000, 0x0000000086f00000|100%|HS|  |TAMS 0x0000000086f00000, 0x0000000086e00000| Complete 
| 111|0x0000000086f00000, 0x0000000087000000, 0x0000000087000000|100%|HS|  |TAMS 0x0000000087000000, 0x0000000086f00000| Complete 
| 112|0x0000000087000000, 0x0000000087100000, 0x0000000087100000|100%|HC|  |TAMS 0x0000000087100000, 0x0000000087000000| Complete 
| 113|0x0000000087100000, 0x0000000087200000, 0x0000000087200000|100%|HS|  |TAMS 0x0000000087200000, 0x0000000087100000| Complete 
| 114|0x0000000087200000, 0x0000000087300000, 0x0000000087300000|100%|HC|  |TAMS 0x0000000087300000, 0x0000000087200000| Complete 
| 115|0x0000000087300000, 0x0000000087400000, 0x0000000087400000|100%|HS|  |TAMS 0x0000000087300000, 0x0000000087300000| Complete 
| 116|0x0000000087400000, 0x0000000087500000, 0x0000000087500000|100%|HC|  |TAMS 0x0000000087400000, 0x0000000087400000| Complete 
| 117|0x0000000087500000, 0x0000000087600000, 0x0000000087600000|100%|HC|  |TAMS 0x0000000087500000, 0x0000000087500000| Complete 
| 118|0x0000000087600000, 0x0000000087700000, 0x0000000087700000|100%|HS|  |TAMS 0x0000000087600000, 0x0000000087600000| Complete 
| 119|0x0000000087700000, 0x0000000087800000, 0x0000000087800000|100%|HS|  |TAMS 0x0000000087700000, 0x0000000087700000| Complete 
| 120|0x0000000087800000, 0x0000000087900000, 0x0000000087900000|100%|HC|  |TAMS 0x0000000087800000, 0x0000000087800000| Complete 
| 121|0x0000000087900000, 0x0000000087a00000, 0x0000000087a00000|100%|HS|  |TAMS 0x0000000087900000, 0x0000000087900000| Complete 
| 122|0x0000000087a00000, 0x0000000087b00000, 0x0000000087b00000|100%|HC|  |TAMS 0x0000000087a00000, 0x0000000087a00000| Complete 
| 123|0x0000000087b00000, 0x0000000087c00000, 0x0000000087c00000|100%|HS|  |TAMS 0x0000000087b00000, 0x0000000087b00000| Complete 
| 124|0x0000000087c00000, 0x0000000087d00000, 0x0000000087d00000|100%|HS|  |TAMS 0x0000000087c00000, 0x0000000087c00000| Complete 
| 125|0x0000000087d00000, 0x0000000087e00000, 0x0000000087e00000|100%|HS|  |TAMS 0x0000000087d00000, 0x0000000087d00000| Complete 
| 126|0x0000000087e00000, 0x0000000087f00000, 0x0000000087f00000|100%|HS|  |TAMS 0x0000000087e00000, 0x0000000087e00000| Complete 
| 127|0x0000000087f00000, 0x0000000088000000, 0x0000000088000000|100%|HS|  |TAMS 0x0000000087f00000, 0x0000000087f00000| Complete 
| 128|0x0000000088000000, 0x0000000088100000, 0x0000000088100000|100%|HS|  |TAMS 0x0000000088000000, 0x0000000088000000| Complete 
| 129|0x0000000088100000, 0x0000000088200000, 0x0000000088200000|100%|HS|  |TAMS 0x0000000088100000, 0x0000000088100000| Complete 
| 130|0x0000000088200000, 0x0000000088300000, 0x0000000088300000|100%|HS|  |TAMS 0x0000000088200000, 0x0000000088200000| Complete 
| 131|0x0000000088300000, 0x0000000088400000, 0x0000000088400000|100%|HC|  |TAMS 0x0000000088300000, 0x0000000088300000| Complete 
| 132|0x0000000088400000, 0x0000000088500000, 0x0000000088500000|100%|HS|  |TAMS 0x0000000088400000, 0x0000000088400000| Complete 
| 133|0x0000000088500000, 0x0000000088600000, 0x0000000088600000|100%|HC|  |TAMS 0x0000000088500000, 0x0000000088500000| Complete 
| 134|0x0000000088600000, 0x0000000088626ca0, 0x0000000088700000| 15%| S|CS|TAMS 0x0000000088600000, 0x0000000088600000| Complete 
| 135|0x0000000088700000, 0x0000000088800000, 0x0000000088800000|100%| S|CS|TAMS 0x0000000088700000, 0x0000000088700000| Complete 
| 136|0x0000000088800000, 0x0000000088900000, 0x0000000088900000|100%| S|CS|TAMS 0x0000000088800000, 0x0000000088800000| Complete 
| 137|0x0000000088900000, 0x0000000088a00000, 0x0000000088a00000|100%| S|CS|TAMS 0x0000000088900000, 0x0000000088900000| Complete 
| 138|0x0000000088a00000, 0x0000000088b00000, 0x0000000088b00000|100%| S|CS|TAMS 0x0000000088a00000, 0x0000000088a00000| Complete 
| 139|0x0000000088b00000, 0x0000000088c00000, 0x0000000088c00000|100%| S|CS|TAMS 0x0000000088b00000, 0x0000000088b00000| Complete 
| 140|0x0000000088c00000, 0x0000000088d00000, 0x0000000088d00000|100%| S|CS|TAMS 0x0000000088c00000, 0x0000000088c00000| Complete 
| 141|0x0000000088d00000, 0x0000000088e00000, 0x0000000088e00000|100%| S|CS|TAMS 0x0000000088d00000, 0x0000000088d00000| Complete 
| 142|0x0000000088e00000, 0x0000000088f00000, 0x0000000088f00000|100%| S|CS|TAMS 0x0000000088e00000, 0x0000000088e00000| Complete 
| 143|0x0000000088f00000, 0x0000000089000000, 0x0000000089000000|100%|HS|  |TAMS 0x0000000088f00000, 0x0000000088f00000| Complete 
| 144|0x0000000089000000, 0x0000000089100000, 0x0000000089100000|100%|HS|  |TAMS 0x0000000089000000, 0x0000000089000000| Complete 
| 145|0x0000000089100000, 0x0000000089200000, 0x0000000089200000|100%|HC|  |TAMS 0x0000000089100000, 0x0000000089100000| Complete 
| 146|0x0000000089200000, 0x0000000089300000, 0x0000000089300000|100%|HS|  |TAMS 0x0000000089200000, 0x0000000089200000| Complete 
| 147|0x0000000089300000, 0x0000000089400000, 0x0000000089400000|100%|HC|  |TAMS 0x0000000089300000, 0x0000000089300000| Complete 
| 148|0x0000000089400000, 0x0000000089400000, 0x0000000089500000|  0%| F|  |TAMS 0x0000000089400000, 0x0000000089400000| Untracked 
| 149|0x0000000089500000, 0x0000000089500000, 0x0000000089600000|  0%| F|  |TAMS 0x0000000089500000, 0x0000000089500000| Untracked 
| 150|0x0000000089600000, 0x0000000089600000, 0x0000000089700000|  0%| F|  |TAMS 0x0000000089600000, 0x0000000089600000| Untracked 
| 151|0x0000000089700000, 0x0000000089700000, 0x0000000089800000|  0%| F|  |TAMS 0x0000000089700000, 0x0000000089700000| Untracked 
| 152|0x0000000089800000, 0x0000000089800000, 0x0000000089900000|  0%| F|  |TAMS 0x0000000089800000, 0x0000000089800000| Untracked 
| 153|0x0000000089900000, 0x0000000089900000, 0x0000000089a00000|  0%| F|  |TAMS 0x0000000089900000, 0x0000000089900000| Untracked 
| 154|0x0000000089a00000, 0x0000000089a00000, 0x0000000089b00000|  0%| F|  |TAMS 0x0000000089a00000, 0x0000000089a00000| Untracked 
| 155|0x0000000089b00000, 0x0000000089b00000, 0x0000000089c00000|  0%| F|  |TAMS 0x0000000089b00000, 0x0000000089b00000| Untracked 
| 156|0x0000000089c00000, 0x0000000089c00000, 0x0000000089d00000|  0%| F|  |TAMS 0x0000000089c00000, 0x0000000089c00000| Untracked 
| 157|0x0000000089d00000, 0x0000000089d00000, 0x0000000089e00000|  0%| F|  |TAMS 0x0000000089d00000, 0x0000000089d00000| Untracked 
| 158|0x0000000089e00000, 0x0000000089e00000, 0x0000000089f00000|  0%| F|  |TAMS 0x0000000089e00000, 0x0000000089e00000| Untracked 
| 159|0x0000000089f00000, 0x0000000089f00000, 0x000000008a000000|  0%| F|  |TAMS 0x0000000089f00000, 0x0000000089f00000| Untracked 
| 160|0x000000008a000000, 0x000000008a000000, 0x000000008a100000|  0%| F|  |TAMS 0x000000008a000000, 0x000000008a000000| Untracked 
| 161|0x000000008a100000, 0x000000008a100000, 0x000000008a200000|  0%| F|  |TAMS 0x000000008a100000, 0x000000008a100000| Untracked 
| 162|0x000000008a200000, 0x000000008a200000, 0x000000008a300000|  0%| F|  |TAMS 0x000000008a200000, 0x000000008a200000| Untracked 
| 163|0x000000008a300000, 0x000000008a300000, 0x000000008a400000|  0%| F|  |TAMS 0x000000008a300000, 0x000000008a300000| Untracked 
| 164|0x000000008a400000, 0x000000008a400000, 0x000000008a500000|  0%| F|  |TAMS 0x000000008a400000, 0x000000008a400000| Untracked 
| 165|0x000000008a500000, 0x000000008a500000, 0x000000008a600000|  0%| F|  |TAMS 0x000000008a500000, 0x000000008a500000| Untracked 
| 166|0x000000008a600000, 0x000000008a600000, 0x000000008a700000|  0%| F|  |TAMS 0x000000008a600000, 0x000000008a600000| Untracked 
| 167|0x000000008a700000, 0x000000008a700000, 0x000000008a800000|  0%| F|  |TAMS 0x000000008a700000, 0x000000008a700000| Untracked 
| 168|0x000000008a800000, 0x000000008a800000, 0x000000008a900000|  0%| F|  |TAMS 0x000000008a800000, 0x000000008a800000| Untracked 
| 169|0x000000008a900000, 0x000000008a900000, 0x000000008aa00000|  0%| F|  |TAMS 0x000000008a900000, 0x000000008a900000| Untracked 
| 170|0x000000008aa00000, 0x000000008aa00000, 0x000000008ab00000|  0%| F|  |TAMS 0x000000008aa00000, 0x000000008aa00000| Untracked 
| 171|0x000000008ab00000, 0x000000008ab00000, 0x000000008ac00000|  0%| F|  |TAMS 0x000000008ab00000, 0x000000008ab00000| Untracked 
| 172|0x000000008ac00000, 0x000000008ac00000, 0x000000008ad00000|  0%| F|  |TAMS 0x000000008ac00000, 0x000000008ac00000| Untracked 
| 173|0x000000008ad00000, 0x000000008ad00000, 0x000000008ae00000|  0%| F|  |TAMS 0x000000008ad00000, 0x000000008ad00000| Untracked 
| 174|0x000000008ae00000, 0x000000008ae00000, 0x000000008af00000|  0%| F|  |TAMS 0x000000008ae00000, 0x000000008ae00000| Untracked 
| 175|0x000000008af00000, 0x000000008af00000, 0x000000008b000000|  0%| F|  |TAMS 0x000000008af00000, 0x000000008af00000| Untracked 
| 176|0x000000008b000000, 0x000000008b000000, 0x000000008b100000|  0%| F|  |TAMS 0x000000008b000000, 0x000000008b000000| Untracked 
| 177|0x000000008b100000, 0x000000008b100000, 0x000000008b200000|  0%| F|  |TAMS 0x000000008b100000, 0x000000008b100000| Untracked 
| 178|0x000000008b200000, 0x000000008b200000, 0x000000008b300000|  0%| F|  |TAMS 0x000000008b200000, 0x000000008b200000| Untracked 
| 179|0x000000008b300000, 0x000000008b300000, 0x000000008b400000|  0%| F|  |TAMS 0x000000008b300000, 0x000000008b300000| Untracked 
| 180|0x000000008b400000, 0x000000008b400000, 0x000000008b500000|  0%| F|  |TAMS 0x000000008b400000, 0x000000008b400000| Untracked 
| 181|0x000000008b500000, 0x000000008b500000, 0x000000008b600000|  0%| F|  |TAMS 0x000000008b500000, 0x000000008b500000| Untracked 
| 182|0x000000008b600000, 0x000000008b600000, 0x000000008b700000|  0%| F|  |TAMS 0x000000008b600000, 0x000000008b600000| Untracked 
| 183|0x000000008b700000, 0x000000008b700000, 0x000000008b800000|  0%| F|  |TAMS 0x000000008b700000, 0x000000008b700000| Untracked 
| 184|0x000000008b800000, 0x000000008b800000, 0x000000008b900000|  0%| F|  |TAMS 0x000000008b800000, 0x000000008b800000| Untracked 
| 185|0x000000008b900000, 0x000000008b900000, 0x000000008ba00000|  0%| F|  |TAMS 0x000000008b900000, 0x000000008b900000| Untracked 
| 186|0x000000008ba00000, 0x000000008ba00000, 0x000000008bb00000|  0%| F|  |TAMS 0x000000008ba00000, 0x000000008ba00000| Untracked 
| 187|0x000000008bb00000, 0x000000008bb00000, 0x000000008bc00000|  0%| F|  |TAMS 0x000000008bb00000, 0x000000008bb00000| Untracked 
| 188|0x000000008bc00000, 0x000000008bc00000, 0x000000008bd00000|  0%| F|  |TAMS 0x000000008bc00000, 0x000000008bc00000| Untracked 
| 189|0x000000008bd00000, 0x000000008bd00000, 0x000000008be00000|  0%| F|  |TAMS 0x000000008bd00000, 0x000000008bd00000| Untracked 
| 190|0x000000008be00000, 0x000000008be00000, 0x000000008bf00000|  0%| F|  |TAMS 0x000000008be00000, 0x000000008be00000| Untracked 
| 191|0x000000008bf00000, 0x000000008bf00000, 0x000000008c000000|  0%| F|  |TAMS 0x000000008bf00000, 0x000000008bf00000| Untracked 
| 192|0x000000008c000000, 0x000000008c000000, 0x000000008c100000|  0%| F|  |TAMS 0x000000008c000000, 0x000000008c000000| Untracked 
| 193|0x000000008c100000, 0x000000008c100000, 0x000000008c200000|  0%| F|  |TAMS 0x000000008c100000, 0x000000008c100000| Untracked 
| 194|0x000000008c200000, 0x000000008c200000, 0x000000008c300000|  0%| F|  |TAMS 0x000000008c200000, 0x000000008c200000| Untracked 
| 195|0x000000008c300000, 0x000000008c300000, 0x000000008c400000|  0%| F|  |TAMS 0x000000008c300000, 0x000000008c300000| Untracked 
| 196|0x000000008c400000, 0x000000008c400000, 0x000000008c500000|  0%| F|  |TAMS 0x000000008c400000, 0x000000008c400000| Untracked 
| 197|0x000000008c500000, 0x000000008c500000, 0x000000008c600000|  0%| F|  |TAMS 0x000000008c500000, 0x000000008c500000| Untracked 
| 198|0x000000008c600000, 0x000000008c600000, 0x000000008c700000|  0%| F|  |TAMS 0x000000008c600000, 0x000000008c600000| Untracked 
| 199|0x000000008c700000, 0x000000008c700000, 0x000000008c800000|  0%| F|  |TAMS 0x000000008c700000, 0x000000008c700000| Untracked 
| 200|0x000000008c800000, 0x000000008c800000, 0x000000008c900000|  0%| F|  |TAMS 0x000000008c800000, 0x000000008c800000| Untracked 
| 201|0x000000008c900000, 0x000000008c900000, 0x000000008ca00000|  0%| F|  |TAMS 0x000000008c900000, 0x000000008c900000| Untracked 
| 202|0x000000008ca00000, 0x000000008ca00000, 0x000000008cb00000|  0%| F|  |TAMS 0x000000008ca00000, 0x000000008ca00000| Untracked 
| 203|0x000000008cb00000, 0x000000008cb00000, 0x000000008cc00000|  0%| F|  |TAMS 0x000000008cb00000, 0x000000008cb00000| Untracked 
| 204|0x000000008cc00000, 0x000000008cc00000, 0x000000008cd00000|  0%| F|  |TAMS 0x000000008cc00000, 0x000000008cc00000| Untracked 
| 205|0x000000008cd00000, 0x000000008cdd82f0, 0x000000008ce00000| 84%| E|  |TAMS 0x000000008cd00000, 0x000000008cd00000| Complete 
| 206|0x000000008ce00000, 0x000000008cf00000, 0x000000008cf00000|100%| E|  |TAMS 0x000000008ce00000, 0x000000008ce00000| Complete 
| 207|0x000000008cf00000, 0x000000008d000000, 0x000000008d000000|100%| E|CS|TAMS 0x000000008cf00000, 0x000000008cf00000| Complete 
| 208|0x000000008d000000, 0x000000008d100000, 0x000000008d100000|100%| E|CS|TAMS 0x000000008d000000, 0x000000008d000000| Complete 
| 209|0x000000008d100000, 0x000000008d200000, 0x000000008d200000|100%| E|CS|TAMS 0x000000008d100000, 0x000000008d100000| Complete 
| 210|0x000000008d200000, 0x000000008d300000, 0x000000008d300000|100%| E|CS|TAMS 0x000000008d200000, 0x000000008d200000| Complete 
| 211|0x000000008d300000, 0x000000008d400000, 0x000000008d400000|100%| E|CS|TAMS 0x000000008d300000, 0x000000008d300000| Complete 
| 212|0x000000008d400000, 0x000000008d500000, 0x000000008d500000|100%| E|CS|TAMS 0x000000008d400000, 0x000000008d400000| Complete 
| 213|0x000000008d500000, 0x000000008d600000, 0x000000008d600000|100%| E|CS|TAMS 0x000000008d500000, 0x000000008d500000| Complete 
| 214|0x000000008d600000, 0x000000008d700000, 0x000000008d700000|100%| E|CS|TAMS 0x000000008d600000, 0x000000008d600000| Complete 
| 215|0x000000008d700000, 0x000000008d800000, 0x000000008d800000|100%| E|CS|TAMS 0x000000008d700000, 0x000000008d700000| Complete 
| 216|0x000000008d800000, 0x000000008d900000, 0x000000008d900000|100%| E|CS|TAMS 0x000000008d800000, 0x000000008d800000| Complete 
| 217|0x000000008d900000, 0x000000008da00000, 0x000000008da00000|100%| E|CS|TAMS 0x000000008d900000, 0x000000008d900000| Complete 
| 218|0x000000008da00000, 0x000000008db00000, 0x000000008db00000|100%| E|CS|TAMS 0x000000008da00000, 0x000000008da00000| Complete 
| 219|0x000000008db00000, 0x000000008dc00000, 0x000000008dc00000|100%| E|CS|TAMS 0x000000008db00000, 0x000000008db00000| Complete 
| 220|0x000000008dc00000, 0x000000008dd00000, 0x000000008dd00000|100%| E|CS|TAMS 0x000000008dc00000, 0x000000008dc00000| Complete 
| 221|0x000000008dd00000, 0x000000008de00000, 0x000000008de00000|100%| E|CS|TAMS 0x000000008dd00000, 0x000000008dd00000| Complete 
| 222|0x000000008de00000, 0x000000008df00000, 0x000000008df00000|100%| E|CS|TAMS 0x000000008de00000, 0x000000008de00000| Complete 
| 223|0x000000008df00000, 0x000000008e000000, 0x000000008e000000|100%| E|CS|TAMS 0x000000008df00000, 0x000000008df00000| Complete 
| 224|0x000000008e000000, 0x000000008e100000, 0x000000008e100000|100%| E|CS|TAMS 0x000000008e000000, 0x000000008e000000| Complete 
| 225|0x000000008e100000, 0x000000008e200000, 0x000000008e200000|100%| E|CS|TAMS 0x000000008e100000, 0x000000008e100000| Complete 
| 226|0x000000008e200000, 0x000000008e300000, 0x000000008e300000|100%| E|CS|TAMS 0x000000008e200000, 0x000000008e200000| Complete 
| 227|0x000000008e300000, 0x000000008e400000, 0x000000008e400000|100%| E|CS|TAMS 0x000000008e300000, 0x000000008e300000| Complete 
| 228|0x000000008e400000, 0x000000008e500000, 0x000000008e500000|100%| E|CS|TAMS 0x000000008e400000, 0x000000008e400000| Complete 
| 229|0x000000008e500000, 0x000000008e600000, 0x000000008e600000|100%| E|CS|TAMS 0x000000008e500000, 0x000000008e500000| Complete 
| 230|0x000000008e600000, 0x000000008e700000, 0x000000008e700000|100%| E|CS|TAMS 0x000000008e600000, 0x000000008e600000| Complete 
| 231|0x000000008e700000, 0x000000008e800000, 0x000000008e800000|100%| E|CS|TAMS 0x000000008e700000, 0x000000008e700000| Complete 
| 232|0x000000008e800000, 0x000000008e900000, 0x000000008e900000|100%| E|CS|TAMS 0x000000008e800000, 0x000000008e800000| Complete 
| 233|0x000000008e900000, 0x000000008ea00000, 0x000000008ea00000|100%| E|CS|TAMS 0x000000008e900000, 0x000000008e900000| Complete 

Card table byte_map: [0x00000267fcbe0000,0x00000267fcfe0000] _byte_map_base: 0x00000267fc7e0000

Marking Bits (Prev, Next): (CMBitMap*) 0x00000267f9054230, (CMBitMap*) 0x00000267f90541f0
 Prev Bits: [0x000002678f000000, 0x0000026791000000)
 Next Bits: [0x00000267fd3e0000, 0x00000267ff3e0000)

Polling page: 0x00000267f87b0000

Metaspace:

Usage:
  Non-class:     94.42 MB used.
      Class:     14.92 MB used.
       Both:    109.34 MB used.

Virtual space:
  Non-class space:       96.00 MB reserved,      94.81 MB ( 99%) committed,  12 nodes.
      Class space:        1.00 GB reserved,      15.25 MB (  1%) committed,  1 nodes.
             Both:        1.09 GB reserved,     110.06 MB ( 10%) committed. 

Chunk freelists:
   Non-Class:  454.00 KB
       Class:  623.00 KB
        Both:  1.05 MB

MaxMetaspaceSize: unlimited
CompressedClassSpaceSize: 1.00 GB
Initial GC threshold: 21.00 MB
Current GC threshold: 172.75 MB
CDS: off
MetaspaceReclaimPolicy: balanced
 - commit_granule_bytes: 65536.
 - commit_granule_words: 8192.
 - virtual_space_node_default_size: 1048576.
 - enlarge_chunks_in_place: 1.
 - new_chunks_are_fully_committed: 0.
 - uncommit_free_chunks: 1.
 - use_allocation_guard: 0.
 - handle_deallocations: 1.


Internal statistics:

num_allocs_failed_limit: 18.
num_arena_births: 1074.
num_arena_deaths: 14.
num_vsnodes_births: 13.
num_vsnodes_deaths: 0.
num_space_committed: 1761.
num_space_uncommitted: 0.
num_chunks_returned_to_freelist: 36.
num_chunks_taken_from_freelist: 5276.
num_chunk_merges: 26.
num_chunk_splits: 3525.
num_chunks_enlarged: 2426.
num_purges: 2.
num_inconsistent_stats: 0.

CodeHeap 'non-profiled nmethods': size=120000Kb used=6332Kb max_used=6332Kb free=113667Kb
 bounds [0x0000026787ad0000, 0x0000026788100000, 0x000002678f000000]
CodeHeap 'profiled nmethods': size=120000Kb used=27773Kb max_used=27773Kb free=92226Kb
 bounds [0x0000026780000000, 0x0000026781b20000, 0x0000026787530000]
CodeHeap 'non-nmethods': size=5760Kb used=2414Kb max_used=2465Kb free=3345Kb
 bounds [0x0000026787530000, 0x00000267877b0000, 0x0000026787ad0000]
 total_blobs=15118 nmethods=14167 adapters=861
 compilation: enabled
              stopped_count=0, restarted_count=0
 full_count=0

Compilation events (20 events):
Event: 24.714 Thread 0x0000026793841a10 16197       2       java.nio.HeapByteBuffer::get (15 bytes)
Event: 24.714 Thread 0x0000026793841a10 nmethod 16197 0x0000026781b1c190 code [0x0000026781b1c320, 0x0000026781b1c478]
Event: 24.714 Thread 0x0000026793841a10 16198       2       com.android.tools.r8.dex.D::a (1 bytes)
Event: 24.715 Thread 0x0000026793841a10 nmethod 16198 0x0000026781b1c590 code [0x0000026781b1c720, 0x0000026781b1c818]
Event: 24.715 Thread 0x0000026793841a10 16199       2       com.android.tools.r8.internal.xp::<init> (7 bytes)
Event: 24.715 Thread 0x0000026793841a10 nmethod 16199 0x0000026781b1c890 code [0x0000026781b1ca20, 0x0000026781b1cb48]
Event: 24.715 Thread 0x0000026793841a10 16200       2       jdk.internal.reflect.ClassFileAssembler::<init> (30 bytes)
Event: 24.715 Thread 0x0000026793841a10 nmethod 16200 0x0000026781b1cc10 code [0x0000026781b1cda0, 0x0000026781b1cf18]
Event: 24.715 Thread 0x0000026793841a10 16201       2       jdk.internal.loader.NativeLibraries::jniNativeLibraries (9 bytes)
Event: 24.715 Thread 0x0000026793841a10 nmethod 16201 0x0000026781b1cf90 code [0x0000026781b1d120, 0x0000026781b1d288]
Event: 24.715 Thread 0x0000026793841a10 16202       2       jdk.internal.loader.NativeLibraries::<init> (53 bytes)
Event: 24.715 Thread 0x0000026793841a10 nmethod 16202 0x0000026781b1d390 code [0x0000026781b1d540, 0x0000026781b1d7f8]
Event: 24.717 Thread 0x0000026793841a10 16203 %     3       com.android.tools.r8.dex.B::j @ 35 (63 bytes)
Event: 24.718 Thread 0x0000026793841a10 nmethod 16203% 0x0000026781b1d890 code [0x0000026781b1daa0, 0x0000026781b1e2a8]
Event: 24.718 Thread 0x0000026793841a10 16205       2       com.android.tools.r8.dex.s::a (9 bytes)
Event: 24.718 Thread 0x0000026793841a10 nmethod 16205 0x0000026781b1e690 code [0x0000026781b1e820, 0x0000026781b1e948]
Event: 24.718 Thread 0x0000026793841a10 16204       1       com.android.tools.r8.utils.D0::a (5 bytes)
Event: 24.718 Thread 0x0000026793841a10 nmethod 16204 0x00000267880fed90 code [0x00000267880fef20, 0x00000267880feff8]
Event: 24.718 Thread 0x0000026793841a10 16206       3       com.android.tools.r8.dex.B::j (63 bytes)
Event: 24.719 Thread 0x0000026793841a10 nmethod 16206 0x0000026781b1ea10 code [0x0000026781b1ec20, 0x0000026781b1f388]

GC Heap History (20 events):
Event: 17.346 GC heap before
{Heap before GC invocations=33 (full 0):
 garbage-first heap   total 199680K, used 153600K [0x0000000080000000, 0x0000000100000000)
  region size 1024K, 74 young (75776K), 5 survivors (5120K)
 Metaspace       used 86040K, committed 86656K, reserved 1130496K
  class space    used 11814K, committed 12096K, reserved 1048576K
}
Event: 17.356 GC heap after
{Heap after GC invocations=34 (full 0):
 garbage-first heap   total 199680K, used 88061K [0x0000000080000000, 0x0000000100000000)
  region size 1024K, 9 young (9216K), 9 survivors (9216K)
 Metaspace       used 86040K, committed 86656K, reserved 1130496K
  class space    used 11814K, committed 12096K, reserved 1048576K
}
Event: 18.808 GC heap before
{Heap before GC invocations=34 (full 0):
 garbage-first heap   total 199680K, used 157693K [0x0000000080000000, 0x0000000100000000)
  region size 1024K, 78 young (79872K), 9 survivors (9216K)
 Metaspace       used 91770K, committed 92480K, reserved 1130496K
  class space    used 12545K, committed 12864K, reserved 1048576K
}
Event: 18.822 GC heap after
{Heap after GC invocations=35 (full 0):
 garbage-first heap   total 199680K, used 93596K [0x0000000080000000, 0x0000000100000000)
  region size 1024K, 10 young (10240K), 10 survivors (10240K)
 Metaspace       used 91770K, committed 92480K, reserved 1130496K
  class space    used 12545K, committed 12864K, reserved 1048576K
}
Event: 19.454 GC heap before
{Heap before GC invocations=35 (full 0):
 garbage-first heap   total 199680K, used 158108K [0x0000000080000000, 0x0000000100000000)
  region size 1024K, 74 young (75776K), 10 survivors (10240K)
 Metaspace       used 94060K, committed 94784K, reserved 1130496K
  class space    used 12831K, committed 13184K, reserved 1048576K
}
Event: 19.467 GC heap after
{Heap after GC invocations=36 (full 0):
 garbage-first heap   total 199680K, used 98494K [0x0000000080000000, 0x0000000100000000)
  region size 1024K, 5 young (5120K), 5 survivors (5120K)
 Metaspace       used 94060K, committed 94784K, reserved 1130496K
  class space    used 12831K, committed 13184K, reserved 1048576K
}
Event: 20.033 GC heap before
{Heap before GC invocations=36 (full 0):
 garbage-first heap   total 199680K, used 159934K [0x0000000080000000, 0x0000000100000000)
  region size 1024K, 66 young (67584K), 5 survivors (5120K)
 Metaspace       used 96627K, committed 97280K, reserved 1138688K
  class space    used 13180K, committed 13504K, reserved 1048576K
}
Event: 20.044 GC heap after
{Heap after GC invocations=37 (full 0):
 garbage-first heap   total 199680K, used 104448K [0x0000000080000000, 0x0000000100000000)
  region size 1024K, 9 young (9216K), 9 survivors (9216K)
 Metaspace       used 96627K, committed 97280K, reserved 1138688K
  class space    used 13180K, committed 13504K, reserved 1048576K
}
Event: 20.599 GC heap before
{Heap before GC invocations=37 (full 0):
 garbage-first heap   total 199680K, used 162816K [0x0000000080000000, 0x0000000100000000)
  region size 1024K, 66 young (67584K), 9 survivors (9216K)
 Metaspace       used 100545K, committed 101248K, reserved 1138688K
  class space    used 13758K, committed 14080K, reserved 1048576K
}
Event: 20.613 GC heap after
{Heap after GC invocations=38 (full 0):
 garbage-first heap   total 199680K, used 110861K [0x0000000080000000, 0x0000000100000000)
  region size 1024K, 6 young (6144K), 6 survivors (6144K)
 Metaspace       used 100545K, committed 101248K, reserved 1138688K
  class space    used 13758K, committed 14080K, reserved 1048576K
}
Event: 20.956 GC heap before
{Heap before GC invocations=38 (full 0):
 garbage-first heap   total 199680K, used 165133K [0x0000000080000000, 0x0000000100000000)
  region size 1024K, 58 young (59392K), 6 survivors (6144K)
 Metaspace       used 102781K, committed 103488K, reserved 1138688K
  class space    used 14019K, committed 14336K, reserved 1048576K
}
Event: 20.961 GC heap after
{Heap after GC invocations=39 (full 0):
 garbage-first heap   total 199680K, used 110127K [0x0000000080000000, 0x0000000100000000)
  region size 1024K, 2 young (2048K), 2 survivors (2048K)
 Metaspace       used 102781K, committed 103488K, reserved 1138688K
  class space    used 14019K, committed 14336K, reserved 1048576K
}
Event: 21.119 GC heap before
{Heap before GC invocations=39 (full 0):
 garbage-first heap   total 199680K, used 117295K [0x0000000080000000, 0x0000000100000000)
  region size 1024K, 10 young (10240K), 2 survivors (2048K)
 Metaspace       used 104278K, committed 104960K, reserved 1146880K
  class space    used 14279K, committed 14592K, reserved 1048576K
}
Event: 21.123 GC heap after
{Heap after GC invocations=40 (full 0):
 garbage-first heap   total 239616K, used 110260K [0x0000000080000000, 0x0000000100000000)
  region size 1024K, 3 young (3072K), 3 survivors (3072K)
 Metaspace       used 104278K, committed 104960K, reserved 1146880K
  class space    used 14279K, committed 14592K, reserved 1048576K
}
Event: 23.319 GC heap before
{Heap before GC invocations=41 (full 0):
 garbage-first heap   total 239616K, used 196276K [0x0000000080000000, 0x0000000100000000)
  region size 1024K, 88 young (90112K), 3 survivors (3072K)
 Metaspace       used 108380K, committed 109056K, reserved 1146880K
  class space    used 14803K, committed 15104K, reserved 1048576K
}
Event: 23.324 GC heap after
{Heap after GC invocations=42 (full 0):
 garbage-first heap   total 239616K, used 110915K [0x0000000080000000, 0x0000000100000000)
  region size 1024K, 3 young (3072K), 3 survivors (3072K)
 Metaspace       used 108380K, committed 109056K, reserved 1146880K
  class space    used 14803K, committed 15104K, reserved 1048576K
}
Event: 23.410 GC heap before
{Heap before GC invocations=42 (full 0):
 garbage-first heap   total 239616K, used 119107K [0x0000000080000000, 0x0000000100000000)
  region size 1024K, 11 young (11264K), 3 survivors (3072K)
 Metaspace       used 108423K, committed 109120K, reserved 1146880K
  class space    used 14803K, committed 15104K, reserved 1048576K
}
Event: 23.417 GC heap after
{Heap after GC invocations=43 (full 0):
 garbage-first heap   total 239616K, used 109491K [0x0000000080000000, 0x0000000100000000)
  region size 1024K, 2 young (2048K), 2 survivors (2048K)
 Metaspace       used 108423K, committed 109120K, reserved 1146880K
  class space    used 14803K, committed 15104K, reserved 1048576K
}
Event: 24.545 GC heap before
{Heap before GC invocations=43 (full 0):
 garbage-first heap   total 239616K, used 208819K [0x0000000080000000, 0x0000000100000000)
  region size 1024K, 91 young (93184K), 2 survivors (2048K)
 Metaspace       used 111379K, committed 112128K, reserved 1146880K
  class space    used 15196K, committed 15552K, reserved 1048576K
}
Event: 24.553 GC heap after
{Heap after GC invocations=44 (full 0):
 garbage-first heap   total 239616K, used 125970K [0x0000000080000000, 0x0000000100000000)
  region size 1024K, 9 young (9216K), 9 survivors (9216K)
 Metaspace       used 111379K, committed 112128K, reserved 1146880K
  class space    used 15196K, committed 15552K, reserved 1048576K
}

Dll operation events (2 events):
Event: 0.024 Loaded shared library C:\Program Files\Android\Android Studio1\jbr\bin\java.dll
Event: 0.624 Loaded shared library C:\Program Files\Android\Android Studio1\jbr\bin\verify.dll

Deoptimization events (20 events):
Event: 24.560 Thread 0x000002679453d000 DEOPT PACKING pc=0x0000026780718a31 sp=0x000000898fcfe950
Event: 24.560 Thread 0x000002679453d000 DEOPT UNPACKING pc=0x0000026787587143 sp=0x000000898fcfddf0 mode 0
Event: 24.568 Thread 0x000002679453d000 DEOPT PACKING pc=0x0000026780a282c3 sp=0x000000898fcfe890
Event: 24.568 Thread 0x000002679453d000 DEOPT UNPACKING pc=0x0000026787587143 sp=0x000000898fcfdd18 mode 0
Event: 24.583 Thread 0x000002679453d000 DEOPT PACKING pc=0x0000026780a282c3 sp=0x000000898fcfe890
Event: 24.583 Thread 0x000002679453d000 DEOPT UNPACKING pc=0x0000026787587143 sp=0x000000898fcfdd18 mode 0
Event: 24.614 Thread 0x000002679453d000 DEOPT PACKING pc=0x0000026780a282c3 sp=0x000000898fcfe890
Event: 24.614 Thread 0x000002679453d000 DEOPT UNPACKING pc=0x0000026787587143 sp=0x000000898fcfdd18 mode 0
Event: 24.678 Thread 0x0000026794c5b680 Uncommon trap: trap_request=0xffffffbe fr.pc=0x0000026787f92820 relative=0x0000000000003060
Event: 24.678 Thread 0x0000026794c5b680 Uncommon trap: reason=profile_predicate action=maybe_recompile pc=0x0000026787f92820 method=org.gradle.internal.snapshot.impl.AbstractValueProcessor.processValue(Ljava/lang/Object;Lorg/gradle/internal/snapshot/impl/AbstractValueProcessor$ValueVisitor;)Lja
Event: 24.678 Thread 0x0000026794c5b680 DEOPT PACKING pc=0x0000026787f92820 sp=0x00000089964f9f50
Event: 24.678 Thread 0x0000026794c5b680 DEOPT UNPACKING pc=0x00000267875869a3 sp=0x00000089964f9f40 mode 2
Event: 24.681 Thread 0x0000026794c5b680 Uncommon trap: trap_request=0xffffffbe fr.pc=0x0000026787f92820 relative=0x0000000000003060
Event: 24.681 Thread 0x0000026794c5b680 Uncommon trap: reason=profile_predicate action=maybe_recompile pc=0x0000026787f92820 method=org.gradle.internal.snapshot.impl.AbstractValueProcessor.processValue(Ljava/lang/Object;Lorg/gradle/internal/snapshot/impl/AbstractValueProcessor$ValueVisitor;)Lja
Event: 24.681 Thread 0x0000026794c5b680 DEOPT PACKING pc=0x0000026787f92820 sp=0x00000089964fa250
Event: 24.681 Thread 0x0000026794c5b680 DEOPT UNPACKING pc=0x00000267875869a3 sp=0x00000089964fa240 mode 2
Event: 24.682 Thread 0x0000026794c5b680 Uncommon trap: trap_request=0xffffffbe fr.pc=0x0000026787f92820 relative=0x0000000000003060
Event: 24.682 Thread 0x0000026794c5b680 Uncommon trap: reason=profile_predicate action=maybe_recompile pc=0x0000026787f92820 method=org.gradle.internal.snapshot.impl.AbstractValueProcessor.processValue(Ljava/lang/Object;Lorg/gradle/internal/snapshot/impl/AbstractValueProcessor$ValueVisitor;)Lja
Event: 24.682 Thread 0x0000026794c5b680 DEOPT PACKING pc=0x0000026787f92820 sp=0x00000089964fa250
Event: 24.682 Thread 0x0000026794c5b680 DEOPT UNPACKING pc=0x00000267875869a3 sp=0x00000089964fa240 mode 2

Classes unloaded (7 events):
Event: 21.369 Thread 0x00000267ffe38a10 Unloading class 0x0000000100ba9c00 'java/lang/invoke/LambdaForm$DMH+0x0000000100ba9c00'
Event: 21.369 Thread 0x00000267ffe38a10 Unloading class 0x0000000100ba9800 'java/lang/invoke/LambdaForm$DMH+0x0000000100ba9800'
Event: 21.369 Thread 0x00000267ffe38a10 Unloading class 0x0000000100ba9400 'java/lang/invoke/LambdaForm$DMH+0x0000000100ba9400'
Event: 21.369 Thread 0x00000267ffe38a10 Unloading class 0x0000000100ba8800 'java/lang/invoke/LambdaForm$DMH+0x0000000100ba8800'
Event: 21.369 Thread 0x00000267ffe38a10 Unloading class 0x0000000100ba8000 'java/lang/invoke/LambdaForm$DMH+0x0000000100ba8000'
Event: 21.369 Thread 0x00000267ffe38a10 Unloading class 0x0000000100ba8c00 'java/lang/invoke/LambdaForm$DMH+0x0000000100ba8c00'
Event: 21.369 Thread 0x00000267ffe38a10 Unloading class 0x0000000100ba9000 'java/lang/invoke/LambdaForm$DMH+0x0000000100ba9000'

Classes redefined (0 events):
No events

Internal exceptions (20 events):
Event: 24.658 Thread 0x0000026794c5b680 Exception <a 'sun/nio/fs/WindowsException'{0x000000008df96818}> (0x000000008df96818) 
thrown [s\src\hotspot\share\prims\jni.cpp, line 517]
Event: 24.658 Thread 0x0000026794c5b680 Exception <a 'sun/nio/fs/WindowsException'{0x000000008df96888}> (0x000000008df96888) 
thrown [s\src\hotspot\share\prims\jni.cpp, line 517]
Event: 24.658 Thread 0x0000026794c5b680 Exception <a 'sun/nio/fs/WindowsException'{0x000000008df96c78}> (0x000000008df96c78) 
thrown [s\src\hotspot\share\prims\jni.cpp, line 517]
Event: 24.659 Thread 0x0000026794c5b680 Exception <a 'sun/nio/fs/WindowsException'{0x000000008dffe7f0}> (0x000000008dffe7f0) 
thrown [s\src\hotspot\share\prims\jni.cpp, line 517]
Event: 24.660 Thread 0x0000026794c5b680 Exception <a 'sun/nio/fs/WindowsException'{0x000000008dfff678}> (0x000000008dfff678) 
thrown [s\src\hotspot\share\prims\jni.cpp, line 517]
Event: 24.660 Thread 0x0000026794c5b680 Exception <a 'sun/nio/fs/WindowsException'{0x000000008dfff6e8}> (0x000000008dfff6e8) 
thrown [s\src\hotspot\share\prims\jni.cpp, line 517]
Event: 24.661 Thread 0x0000026794c5b680 Exception <a 'sun/nio/fs/WindowsException'{0x000000008dfffa90}> (0x000000008dfffa90) 
thrown [s\src\hotspot\share\prims\jni.cpp, line 517]
Event: 24.661 Thread 0x0000026794c5b680 Exception <a 'sun/nio/fs/WindowsException'{0x000000008de21cb0}> (0x000000008de21cb0) 
thrown [s\src\hotspot\share\prims\jni.cpp, line 517]
Event: 24.661 Thread 0x0000026794c5b680 Exception <a 'sun/nio/fs/WindowsException'{0x000000008de22b50}> (0x000000008de22b50) 
thrown [s\src\hotspot\share\prims\jni.cpp, line 517]
Event: 24.661 Thread 0x0000026794c5b680 Exception <a 'sun/nio/fs/WindowsException'{0x000000008de22bc0}> (0x000000008de22bc0) 
thrown [s\src\hotspot\share\prims\jni.cpp, line 517]
Event: 24.661 Thread 0x0000026794c5b680 Exception <a 'sun/nio/fs/WindowsException'{0x000000008de22fa8}> (0x000000008de22fa8) 
thrown [s\src\hotspot\share\prims\jni.cpp, line 517]
Event: 24.662 Thread 0x0000026794c5b680 Exception <a 'sun/nio/fs/WindowsException'{0x000000008de24d58}> (0x000000008de24d58) 
thrown [s\src\hotspot\share\prims\jni.cpp, line 517]
Event: 24.662 Thread 0x0000026794c5b680 Exception <a 'sun/nio/fs/WindowsException'{0x000000008de25bc8}> (0x000000008de25bc8) 
thrown [s\src\hotspot\share\prims\jni.cpp, line 517]
Event: 24.662 Thread 0x0000026794c5b680 Exception <a 'sun/nio/fs/WindowsException'{0x000000008de25c38}> (0x000000008de25c38) 
thrown [s\src\hotspot\share\prims\jni.cpp, line 517]
Event: 24.662 Thread 0x0000026794c5b680 Exception <a 'sun/nio/fs/WindowsException'{0x000000008de25f90}> (0x000000008de25f90) 
thrown [s\src\hotspot\share\prims\jni.cpp, line 517]
Event: 24.663 Thread 0x0000026794c5b680 Exception <a 'sun/nio/fs/WindowsException'{0x000000008de27d48}> (0x000000008de27d48) 
thrown [s\src\hotspot\share\prims\jni.cpp, line 517]
Event: 24.679 Thread 0x0000026794c5b680 Exception <a 'java/lang/NoSuchMethodError'{0x000000008dd851c8}: static Lcom/android/builder/internal/aapt/AaptOptions;.<clinit>()V> (0x000000008dd851c8) 
thrown [s\src\hotspot\share\prims\jni.cpp, line 1108]
Event: 24.681 Thread 0x0000026794c5b680 Exception <a 'java/lang/NoSuchMethodError'{0x000000008ddb8810}: static Ljava/lang/Object;.<clinit>()V> (0x000000008ddb8810) 
thrown [s\src\hotspot\share\prims\jni.cpp, line 1108]
Event: 24.683 Thread 0x0000026794c5b680 Exception <a 'java/lang/NoSuchMethodError'{0x000000008ddfd198}: static Lcom/android/build/api/variant/impl/VariantOutputImpl$SerializedForm;.<clinit>()V> (0x000000008ddfd198) 
thrown [s\src\hotspot\share\prims\jni.cpp, line 1108]
Event: 24.684 Thread 0x0000026794c5b680 Exception <a 'java/lang/NoSuchMethodError'{0x000000008dc0fad0}: static Lcom/android/build/api/variant/impl/VariantOutputConfigurationImpl;.<clinit>()V> (0x000000008dc0fad0) 
thrown [s\src\hotspot\share\prims\jni.cpp, line 1108]

VM Operations (20 events):
Event: 24.046 Executing VM operation: ICBufferFull done
Event: 24.067 Executing VM operation: HandshakeAllThreads
Event: 24.067 Executing VM operation: HandshakeAllThreads done
Event: 24.091 Executing VM operation: HandshakeAllThreads
Event: 24.091 Executing VM operation: HandshakeAllThreads done
Event: 24.164 Executing VM operation: HandshakeAllThreads
Event: 24.164 Executing VM operation: HandshakeAllThreads done
Event: 24.238 Executing VM operation: ICBufferFull
Event: 24.251 Executing VM operation: ICBufferFull done
Event: 24.440 Executing VM operation: HandshakeAllThreads
Event: 24.441 Executing VM operation: HandshakeAllThreads done
Event: 24.443 Executing VM operation: HandshakeAllThreads
Event: 24.443 Executing VM operation: HandshakeAllThreads done
Event: 24.545 Executing VM operation: G1CollectForAllocation
Event: 24.554 Executing VM operation: G1CollectForAllocation done
Event: 24.692 Executing VM operation: HandshakeAllThreads
Event: 24.693 Executing VM operation: HandshakeAllThreads done
Event: 24.701 Executing VM operation: HandshakeAllThreads
Event: 24.701 Executing VM operation: HandshakeAllThreads done
Event: 24.721 Executing VM operation: G1Concurrent

Events (20 events):
Event: 24.118 loading class java/nio/ByteBufferAsShortBufferL done
Event: 24.162 loading class java/util/zip/Adler32
Event: 24.162 loading class java/util/zip/Adler32 done
Event: 24.173 loading class java/nio/channels/Channels$1
Event: 24.174 loading class java/nio/channels/Channels$1 done
Event: 24.238 Thread 0x000002679d3c5c10 Thread added: 0x000002679d3c5c10
Event: 24.266 Thread 0x00000267987243c0 Thread added: 0x00000267987243c0
Event: 24.267 loading class java/nio/file/FileTreeIterator
Event: 24.268 loading class java/nio/file/FileTreeIterator done
Event: 24.269 Thread 0x00000267963bbb50 Thread added: 0x00000267963bbb50
Event: 24.281 Thread 0x0000026798723550 Thread added: 0x0000026798723550
Event: 24.283 Thread 0x0000026798723a20 Thread added: 0x0000026798723a20
Event: 24.287 Thread 0x0000026798723ef0 Thread added: 0x0000026798723ef0
Event: 24.324 Thread 0x000002679e76d700 Thread added: 0x000002679e76d700
Event: 24.416 loading class java/util/concurrent/ConcurrentSkipListMap$KeySet
Event: 24.417 loading class java/util/concurrent/ConcurrentSkipListMap$KeySet done
Event: 24.417 loading class java/util/concurrent/ConcurrentSkipListMap$KeyIterator
Event: 24.417 loading class java/util/concurrent/ConcurrentSkipListMap$KeyIterator done
Event: 24.693 loading class java/nio/BufferUnderflowException
Event: 24.694 loading class java/nio/BufferUnderflowException done


Dynamic libraries:
0x00007ff795350000 - 0x00007ff79535a000 	C:\Program Files\Android\Android Studio1\jbr\bin\java.exe
0x00007ffe2f2b0000 - 0x00007ffe2f4c4000 	C:\WINDOWS\SYSTEM32\ntdll.dll
0x00007ffe2d380000 - 0x00007ffe2d443000 	C:\WINDOWS\System32\KERNEL32.DLL
0x00007ffe2c950000 - 0x00007ffe2ccec000 	C:\WINDOWS\System32\KERNELBASE.dll
0x00007ffe29b40000 - 0x00007ffe29bd7000 	C:\WINDOWS\SYSTEM32\apphelp.dll
0x00007ffe2c6f0000 - 0x00007ffe2c801000 	C:\WINDOWS\System32\ucrtbase.dll
0x00007ffe189e0000 - 0x00007ffe189f7000 	C:\Program Files\Android\Android Studio1\jbr\bin\jli.dll
0x00007ffe21540000 - 0x00007ffe2155b000 	C:\Program Files\Android\Android Studio1\jbr\bin\VCRUNTIME140.dll
0x00007ffe2efa0000 - 0x00007ffe2f14d000 	C:\WINDOWS\System32\USER32.dll
0x00007ffe2c920000 - 0x00007ffe2c946000 	C:\WINDOWS\System32\win32u.dll
0x00007ffe140b0000 - 0x00007ffe1433e000 	C:\WINDOWS\WinSxS\amd64_microsoft.windows.common-controls_6595b64144ccf1df_6.0.22621.436_none_a94247dbc10d8414\COMCTL32.dll
0x00007ffe2e980000 - 0x00007ffe2e9a9000 	C:\WINDOWS\System32\GDI32.dll
0x00007ffe2eb30000 - 0x00007ffe2ebd7000 	C:\WINDOWS\System32\msvcrt.dll
0x00007ffe2ccf0000 - 0x00007ffe2ce02000 	C:\WINDOWS\System32\gdi32full.dll
0x00007ffe2c810000 - 0x00007ffe2c8aa000 	C:\WINDOWS\System32\msvcp_win.dll
0x00007ffe2f150000 - 0x00007ffe2f182000 	C:\WINDOWS\System32\IMM32.DLL
0x00007ffe24090000 - 0x00007ffe2409c000 	C:\Program Files\Android\Android Studio1\jbr\bin\vcruntime140_1.dll
0x00007ffe026d0000 - 0x00007ffe0275d000 	C:\Program Files\Android\Android Studio1\jbr\bin\msvcp140.dll
0x00007ffdd7dc0000 - 0x00007ffdd8a2d000 	C:\Program Files\Android\Android Studio1\jbr\bin\server\jvm.dll
0x00007ffe2e450000 - 0x00007ffe2e4fe000 	C:\WINDOWS\System32\ADVAPI32.dll
0x00007ffe2ec30000 - 0x00007ffe2ecd4000 	C:\WINDOWS\System32\sechost.dll
0x00007ffe2e9b0000 - 0x00007ffe2eac5000 	C:\WINDOWS\System32\RPCRT4.dll
0x00007ffe255e0000 - 0x00007ffe255ea000 	C:\WINDOWS\SYSTEM32\VERSION.dll
0x00007ffe25da0000 - 0x00007ffe25dd4000 	C:\WINDOWS\SYSTEM32\WINMM.dll
0x00007ffe25e60000 - 0x00007ffe25e69000 	C:\WINDOWS\SYSTEM32\WSOCK32.dll
0x00007ffe2db00000 - 0x00007ffe2db71000 	C:\WINDOWS\System32\WS2_32.dll
0x00007ffe2b740000 - 0x00007ffe2b758000 	C:\WINDOWS\SYSTEM32\kernel.appcore.dll
0x00007ffe240c0000 - 0x00007ffe240ca000 	C:\Program Files\Android\Android Studio1\jbr\bin\jimage.dll
0x00007ffe20940000 - 0x00007ffe20b6e000 	C:\WINDOWS\SYSTEM32\DBGHELP.DLL
0x00007ffe2d540000 - 0x00007ffe2d8ca000 	C:\WINDOWS\System32\combase.dll
0x00007ffe2f190000 - 0x00007ffe2f267000 	C:\WINDOWS\System32\OLEAUT32.dll
0x00007ffe1e180000 - 0x00007ffe1e1b2000 	C:\WINDOWS\SYSTEM32\dbgcore.DLL
0x00007ffe2cf80000 - 0x00007ffe2cffb000 	C:\WINDOWS\System32\bcryptPrimitives.dll
0x00007ffe0af90000 - 0x00007ffe0afb5000 	C:\Program Files\Android\Android Studio1\jbr\bin\java.dll
0x00007ffe0af70000 - 0x00007ffe0af88000 	C:\Program Files\Android\Android Studio1\jbr\bin\zip.dll
0x00007ffe2dc00000 - 0x00007ffe2e3ef000 	C:\WINDOWS\System32\SHELL32.dll
0x00007ffe2a710000 - 0x00007ffe2afdc000 	C:\WINDOWS\SYSTEM32\windows.storage.dll
0x00007ffe2a5d0000 - 0x00007ffe2a70e000 	C:\WINDOWS\SYSTEM32\wintypes.dll
0x00007ffe2ece0000 - 0x00007ffe2edd1000 	C:\WINDOWS\System32\SHCORE.dll
0x00007ffe2d450000 - 0x00007ffe2d4ae000 	C:\WINDOWS\System32\shlwapi.dll
0x00007ffe2c620000 - 0x00007ffe2c641000 	C:\WINDOWS\SYSTEM32\profapi.dll
0x00007ffe0ae60000 - 0x00007ffe0ae79000 	C:\Program Files\Android\Android Studio1\jbr\bin\net.dll
0x00007ffe265c0000 - 0x00007ffe266ef000 	C:\WINDOWS\SYSTEM32\WINHTTP.dll
0x00007ffe2bbb0000 - 0x00007ffe2bc19000 	C:\WINDOWS\system32\mswsock.dll
0x00007ffe03380000 - 0x00007ffe03396000 	C:\Program Files\Android\Android Studio1\jbr\bin\nio.dll
0x00007ffe186a0000 - 0x00007ffe186b0000 	C:\Program Files\Android\Android Studio1\jbr\bin\verify.dll
0x00007ffe0f280000 - 0x00007ffe0f2a7000 	C:\Users\Aishwary Kumar Rai\.gradle\native\68d5fa5c4cc2d200863cafc0d521ce42e7d3e7ee720ec0a83991735586a16f82\windows-amd64\native-platform.dll
0x00007ffdefad0000 - 0x00007ffdefc14000 	C:\Users\Aishwary Kumar Rai\.gradle\native\e376f236ea51e6404a007f0833ffe2c6e607c4080706a723a18a27aeea778392\windows-amd64\native-platform-file-events.dll
0x00007ffe23880000 - 0x00007ffe23889000 	C:\Program Files\Android\Android Studio1\jbr\bin\management.dll
0x00007ffe21a70000 - 0x00007ffe21a7b000 	C:\Program Files\Android\Android Studio1\jbr\bin\management_ext.dll
0x00007ffe2d8d0000 - 0x00007ffe2d8d8000 	C:\WINDOWS\System32\PSAPI.DLL
0x00007ffe2be00000 - 0x00007ffe2be1b000 	C:\WINDOWS\SYSTEM32\CRYPTSP.dll
0x00007ffe2b6b0000 - 0x00007ffe2b6e5000 	C:\WINDOWS\system32\rsaenh.dll
0x00007ffe2bca0000 - 0x00007ffe2bcc8000 	C:\WINDOWS\SYSTEM32\USERENV.dll
0x00007ffe2bfc0000 - 0x00007ffe2bfe8000 	C:\WINDOWS\SYSTEM32\bcrypt.dll
0x00007ffe2be20000 - 0x00007ffe2be2c000 	C:\WINDOWS\SYSTEM32\CRYPTBASE.dll
0x00007ffe2b270000 - 0x00007ffe2b29d000 	C:\WINDOWS\SYSTEM32\IPHLPAPI.DLL
0x00007ffe2dae0000 - 0x00007ffe2dae9000 	C:\WINDOWS\System32\NSI.dll
0x00007ffe26190000 - 0x00007ffe261a9000 	C:\WINDOWS\SYSTEM32\dhcpcsvc6.DLL
0x00007ffe25de0000 - 0x00007ffe25dff000 	C:\WINDOWS\SYSTEM32\dhcpcsvc.DLL
0x00007ffe2b2a0000 - 0x00007ffe2b393000 	C:\WINDOWS\SYSTEM32\DNSAPI.dll
0x00007ffe11920000 - 0x00007ffe11928000 	C:\WINDOWS\system32\wshunix.dll

dbghelp: loaded successfully - version: 4.0.5 - missing functions: none
symbol engine: initialized successfully - sym options: 0x614 - pdb path: .;C:\Program Files\Android\Android Studio1\jbr\bin;C:\WINDOWS\SYSTEM32;C:\WINDOWS\WinSxS\amd64_microsoft.windows.common-controls_6595b64144ccf1df_6.0.22621.436_none_a94247dbc10d8414;C:\Program Files\Android\Android Studio1\jbr\bin\server;C:\Users\Aishwary Kumar Rai\.gradle\native\68d5fa5c4cc2d200863cafc0d521ce42e7d3e7ee720ec0a83991735586a16f82\windows-amd64;C:\Users\Aishwary Kumar Rai\.gradle\native\e376f236ea51e6404a007f0833ffe2c6e607c4080706a723a18a27aeea778392\windows-amd64

VM Arguments:
jvm_args: --add-opens=java.base/java.util=ALL-UNNAMED --add-opens=java.base/java.lang=ALL-UNNAMED --add-opens=java.base/java.lang.invoke=ALL-UNNAMED --add-opens=java.prefs/java.util.prefs=ALL-UNNAMED --add-opens=java.base/java.nio.charset=ALL-UNNAMED --add-opens=java.base/java.net=ALL-UNNAMED --add-opens=java.base/java.util.concurrent.atomic=ALL-UNNAMED -Xmx2048m -Dfile.encoding=UTF-8 -Duser.country=IN -Duser.language=en -Duser.variant 
java_command: org.gradle.launcher.daemon.bootstrap.GradleDaemon 8.0
java_class_path (initial): C:\Users\Aishwary Kumar Rai\.gradle\wrapper\dists\gradle-8.0-bin\ca5e32bp14vu59qr306oxotwh\gradle-8.0\lib\gradle-launcher-8.0.jar
Launcher Type: SUN_STANDARD

[Global flags]
     intx CICompilerCount                          = 4                                         {product} {ergonomic}
     uint ConcGCThreads                            = 2                                         {product} {ergonomic}
     uint G1ConcRefinementThreads                  = 8                                         {product} {ergonomic}
   size_t G1HeapRegionSize                         = 1048576                                   {product} {ergonomic}
    uintx GCDrainStackTargetSize                   = 64                                        {product} {ergonomic}
   size_t InitialHeapSize                          = 100663296                                 {product} {ergonomic}
   size_t MarkStackSize                            = 4194304                                   {product} {ergonomic}
   size_t MaxHeapSize                              = 2147483648                                {product} {command line}
   size_t MaxNewSize                               = 1287651328                                {product} {ergonomic}
   size_t MinHeapDeltaBytes                        = 1048576                                   {product} {ergonomic}
   size_t MinHeapSize                              = 8388608                                   {product} {ergonomic}
    uintx NonNMethodCodeHeapSize                   = 5839372                                {pd product} {ergonomic}
    uintx NonProfiledCodeHeapSize                  = 122909434                              {pd product} {ergonomic}
    uintx ProfiledCodeHeapSize                     = 122909434                              {pd product} {ergonomic}
    uintx ReservedCodeCacheSize                    = 251658240                              {pd product} {ergonomic}
     bool SegmentedCodeCache                       = true                                      {product} {ergonomic}
   size_t SoftMaxHeapSize                          = 2147483648                             {manageable} {ergonomic}
     bool UseCompressedClassPointers               = true                           {product lp64_product} {ergonomic}
     bool UseCompressedOops                        = true                           {product lp64_product} {ergonomic}
     bool UseG1GC                                  = true                                      {product} {ergonomic}
     bool UseLargePagesIndividualAllocation        = false                                  {pd product} {ergonomic}

Logging:
Log output configuration:
 #0: stdout all=warning uptime,level,tags
 #1: stderr all=off uptime,level,tags

Environment Variables:
PATH=C:\Program Files (x86)\Common Files\Oracle\Java\javapath;C:\oraclexe\app\oracle\product\10.2.0\server\bin;C:\WINDOWS\system32;C:\WINDOWS;C:\WINDOWS\System32\Wbem;C:\WINDOWS\System32\WindowsPowerShell\v1.0\;C:\WINDOWS\System32\OpenSSH\;C:\Program Files\Java\jdk1.8.0_172\bin;C:\Program Files\Java\jdk1.8.0_321\bin;C:\Program Files\Git\cmd;C:\Program Files\Java\jdk1.8.0_172\bin;C:\Users\Aishwary Kumar Rai\AppData\Local\Programs\Microsoft VS Code\bin;C:\Users\Aishwary Kumar Rai\AppData\Local\Microsoft\WindowsApps;
USERNAME=Aishwary Kumar Rai
OS=Windows_NT
PROCESSOR_IDENTIFIER=AMD64 Family 23 Model 24 Stepping 1, AuthenticAMD
TMP=C:\Users\AISHWA~1\AppData\Local\Temp
TEMP=C:\Users\AISHWA~1\AppData\Local\Temp



---------------  S Y S T E M  ---------------

OS:
 Windows 11 , 64 bit Build 22621 (10.0.22621.1245)
OS uptime: 25 days 17:22 hours

CPU: total 8 (initial active 8) (8 cores per cpu, 2 threads per core) family 23 model 24 stepping 1 microcode 0x0, cx8, cmov, fxsr, ht, mmx, 3dnowpref, sse, sse2, sse3, ssse3, sse4a, sse4.1, sse4.2, popcnt, lzcnt, tsc, tscinvbit, avx, avx2, aes, clmul, bmi1, bmi2, adx, sha, fma, vzeroupper, clflush, clflushopt

Memory: 4k page, system-wide physical 6020M (359M free)
TotalPageFile size 24452M (AvailPageFile size 26M)
current process WorkingSet (physical memory assigned to process): 457M, peak: 457M
current process commit charge ("private bytes"): 570M, peak: 628M

vm_info: OpenJDK 64-Bit Server VM (17.0.6+0-b2043.56-9586694) for windows-amd64 JRE (17.0.6+0-b2043.56-9586694), built on Feb  9 2023 20:06:20 by "androidbuild" with MS VC++ 16.10 / 16.11 (VS2019)

END.
