#
# There is insufficient memory for the Java Runtime Environment to continue.
# Native memory allocation (mmap) failed to map 23068672 bytes for G1 virtual space
# Possible reasons:
#   The system is out of physical RAM or swap space
#   The process is running with CompressedOops enabled, and the Java Heap may be blocking the growth of the native heap
# Possible solutions:
#   Reduce memory load on the system
#   Increase physical memory or swap space
#   Check if swap backing store is full
#   Decrease Java heap size (-Xmx/-Xms)
#   Decrease number of Java threads
#   Decrease Java thread stack sizes (-Xss)
#   Set larger code cache with -XX:ReservedCodeCacheSize=
#   JVM is running with Unscaled Compressed Oops mode in which the Java heap is
#     placed in the first 4GB address space. The Java Heap base address is the
#     maximum limit for the native heap growth. Please use -XX:HeapBaseMinAddress
#     to set the Java Heap base and to place the Java Heap above 4GB virtual address.
# This output file may be truncated or incomplete.
#
#  Out of Memory Error (os_windows.cpp:3769), pid=25492, tid=2700
#
# JRE version: OpenJDK Runtime Environment (17.0.6) (build 17.0.6+0-b2043.56-9586694)
# Java VM: OpenJDK 64-Bit Server VM (17.0.6+0-b2043.56-9586694, mixed mode, tiered, compressed oops, compressed class ptrs, g1 gc, windows-amd64)
# No core dump will be written. Minidumps are not enabled by default on client versions of Windows
#

---------------  S U M M A R Y ------------

Command Line: --add-opens=java.base/java.util=ALL-UNNAMED --add-opens=java.base/java.lang=ALL-UNNAMED --add-opens=java.base/java.lang.invoke=ALL-UNNAMED --add-opens=java.prefs/java.util.prefs=ALL-UNNAMED --add-opens=java.base/java.nio.charset=ALL-UNNAMED --add-opens=java.base/java.net=ALL-UNNAMED --add-opens=java.base/java.util.concurrent.atomic=ALL-UNNAMED -Xmx2048m -Dfile.encoding=UTF-8 -Duser.country=IN -Duser.language=en -Duser.variant org.gradle.launcher.daemon.bootstrap.GradleDaemon 8.0

Host: AMD Ryzen 5 3450U with Radeon Vega Mobile Gfx  , 8 cores, 5G,  Windows 11 , 64 bit Build 22621 (10.0.22621.1245)
Time: Mon Jun 12 17:27:48 2023 India Standard Time elapsed time: 16.905536 seconds (0d 0h 0m 16s)

---------------  T H R E A D  ---------------

Current thread (0x000001e77f9f8940):  VMThread "VM Thread" [stack: 0x000000a282600000,0x000000a282700000] [id=2700]

Stack: [0x000000a282600000,0x000000a282700000]
Native frames: (J=compiled Java code, j=interpreted, Vv=VM code, C=native code)
V  [jvm.dll+0x683b4a]
V  [jvm.dll+0x842654]
V  [jvm.dll+0x843dfe]
V  [jvm.dll+0x844463]
V  [jvm.dll+0x249b75]
V  [jvm.dll+0x680a19]
V  [jvm.dll+0x674f0a]
V  [jvm.dll+0x309acb]
V  [jvm.dll+0x310f86]
V  [jvm.dll+0x3608ee]
V  [jvm.dll+0x360b1f]
V  [jvm.dll+0x2dfbf8]
V  [jvm.dll+0x2e2ce6]
V  [jvm.dll+0x2ed478]
V  [jvm.dll+0x322150]
V  [jvm.dll+0x84893b]
V  [jvm.dll+0x849674]
V  [jvm.dll+0x849b8d]
V  [jvm.dll+0x849f64]
V  [jvm.dll+0x84a030]
V  [jvm.dll+0x7f25fa]
V  [jvm.dll+0x682985]
C  [ucrtbase.dll+0x29363]
C  [KERNEL32.DLL+0x126bd]
C  [ntdll.dll+0x5dfb8]

VM_Operation (0x000000a2822ff8f0): G1Concurrent, mode: safepoint, requested by thread 0x000001e76bc14df0


---------------  P R O C E S S  ---------------

Threads class SMR info:
_java_thread_list=0x000001e77fc33dd0, length=125, elements={
0x000001e76bba6e90, 0x000001e77fa1a260, 0x000001e77fa1ce20, 0x000001e77fa06440,
0x000001e77fa06df0, 0x000001e77fa077a0, 0x000001e77fa443f0, 0x000001e77fa4e430,
0x000001e77fa56ee0, 0x000001e77fa59cf0, 0x000001e77fbd7720, 0x000001e77fbe7ac0,
0x000001e7078e2fc0, 0x000001e707317050, 0x000001e707b779a0, 0x000001e707c7b4b0,
0x000001e708a212f0, 0x000001e7090bb030, 0x000001e7090bb500, 0x000001e7079dbda0,
0x000001e7079dcc10, 0x000001e7079dd0e0, 0x000001e7079ddf50, 0x000001e7079db8d0,
0x000001e7079db400, 0x000001e7079dd5b0, 0x000001e7079dda80, 0x000001e7079de420,
0x000001e7079dc270, 0x000001e7079de8f0, 0x000001e7079dedc0, 0x000001e709e6e4e0,
0x000001e709e72370, 0x000001e709e6e9b0, 0x000001e709e701c0, 0x000001e709e6ee80,
0x000001e709e72840, 0x000001e709e6db40, 0x000001e709e6fcf0, 0x000001e709e6f350,
0x000001e709e6ccd0, 0x000001e709e6c800, 0x000001e709e6d670, 0x000001e709e6e010,
0x000001e70d015da0, 0x000001e70d0140c0, 0x000001e70d014a60, 0x000001e70d016270,
0x000001e70d014f30, 0x000001e70d015400, 0x000001e70d016740, 0x000001e70d0158d0,
0x000001e70d016c10, 0x000001e70d0170e0, 0x000001e70d0175b0, 0x000001e70d013bf0,
0x000001e70d014590, 0x000001e70d0018e0, 0x000001e70d0035c0, 0x000001e70d0030f0,
0x000001e70d000a70, 0x000001e70d007920, 0x000001e70d0000d0, 0x000001e70d004900,
0x000001e70d002c20, 0x000001e70d004dd0, 0x000001e70d0052a0, 0x000001e70d0005a0,
0x000001e70d004430, 0x000001e70d006ab0, 0x000001e70d002750, 0x000001e70d000f40,
0x000001e70d001db0, 0x000001e70d003a90, 0x000001e70d002280, 0x000001e70d001410,
0x000001e70d006f80, 0x000001e70d005770, 0x000001e70d005c40, 0x000001e70d007450,
0x000001e70d003f60, 0x000001e70d0065e0, 0x000001e70d006110, 0x000001e70d038d70,
0x000001e70d03b8c0, 0x000001e70d037f00, 0x000001e70d03a580, 0x000001e70d03a0b0,
0x000001e70d03aa50, 0x000001e70d036bc0, 0x000001e70d0366f0, 0x000001e70d037090,
0x000001e70d034070, 0x000001e70d035d50, 0x000001e70d034540, 0x000001e70d034a10,
0x000001e70d037560, 0x000001e70d03af20, 0x000001e70d034ee0, 0x000001e70d0353b0,
0x000001e70d036220, 0x000001e70d037a30, 0x000001e70d0383d0, 0x000001e70d039240,
0x000001e70d0388a0, 0x000001e70d03b3f0, 0x000001e70d035880, 0x000001e70d039710,
0x000001e70d039be0, 0x000001e70ab21ba0, 0x000001e70ab21200, 0x000001e70ab216d0,
0x000001e70ab22070, 0x000001e70ab246f0, 0x000001e70ab233b0, 0x000001e70ab22540,
0x000001e70ab22a10, 0x000001e70ab24bc0, 0x000001e70ab22ee0, 0x000001e70ab23880,
0x000001e70ab24220, 0x000001e70ab23d50, 0x000001e70a8db550, 0x000001e70a8dc3c0,
0x000001e70db34d20
}

Java Threads: ( => current thread )
  0x000001e76bba6e90 JavaThread "main" [_thread_blocked, id=41068, stack(0x000000a282000000,0x000000a282100000)]
  0x000001e77fa1a260 JavaThread "Reference Handler" daemon [_thread_blocked, id=48064, stack(0x000000a282700000,0x000000a282800000)]
  0x000001e77fa1ce20 JavaThread "Finalizer" daemon [_thread_blocked, id=45720, stack(0x000000a282800000,0x000000a282900000)]
  0x000001e77fa06440 JavaThread "Signal Dispatcher" daemon [_thread_blocked, id=18008, stack(0x000000a282900000,0x000000a282a00000)]
  0x000001e77fa06df0 JavaThread "Attach Listener" daemon [_thread_blocked, id=42456, stack(0x000000a282a00000,0x000000a282b00000)]
  0x000001e77fa077a0 JavaThread "Service Thread" daemon [_thread_blocked, id=37164, stack(0x000000a282b00000,0x000000a282c00000)]
  0x000001e77fa443f0 JavaThread "Monitor Deflation Thread" daemon [_thread_blocked, id=4464, stack(0x000000a282c00000,0x000000a282d00000)]
  0x000001e77fa4e430 JavaThread "C2 CompilerThread0" daemon [_thread_in_native, id=23584, stack(0x000000a282d00000,0x000000a282e00000)]
  0x000001e77fa56ee0 JavaThread "C1 CompilerThread0" daemon [_thread_blocked, id=48808, stack(0x000000a282e00000,0x000000a282f00000)]
  0x000001e77fa59cf0 JavaThread "Sweeper thread" daemon [_thread_blocked, id=26132, stack(0x000000a282f00000,0x000000a283000000)]
  0x000001e77fbd7720 JavaThread "Common-Cleaner" daemon [_thread_blocked, id=35308, stack(0x000000a283000000,0x000000a283100000)]
  0x000001e77fbe7ac0 JavaThread "Notification Thread" daemon [_thread_blocked, id=25568, stack(0x000000a283100000,0x000000a283200000)]
  0x000001e7078e2fc0 JavaThread "Daemon health stats" [_thread_blocked, id=43484, stack(0x000000a283800000,0x000000a283900000)]
  0x000001e707317050 JavaThread "Incoming local TCP Connector on port 49192" [_thread_in_native, id=31844, stack(0x000000a283600000,0x000000a283700000)]
  0x000001e707b779a0 JavaThread "Daemon periodic checks" [_thread_blocked, id=44680, stack(0x000000a283900000,0x000000a283a00000)]
  0x000001e707c7b4b0 JavaThread "Daemon" [_thread_blocked, id=36884, stack(0x000000a283b00000,0x000000a283c00000)]
  0x000001e708a212f0 JavaThread "Handler for socket connection from /127.0.0.1:49192 to /127.0.0.1:49193" [_thread_in_native, id=37104, stack(0x000000a283c00000,0x000000a283d00000)]
  0x000001e7090bb030 JavaThread "Cancel handler" [_thread_blocked, id=2420, stack(0x000000a283d00000,0x000000a283e00000)]
  0x000001e7090bb500 JavaThread "Daemon worker" [_thread_blocked, id=43144, stack(0x000000a283e00000,0x000000a283f00000)]
  0x000001e7079dbda0 JavaThread "Asynchronous log dispatcher for DefaultDaemonConnection: socket connection from /127.0.0.1:49192 to /127.0.0.1:49193" [_thread_blocked, id=31268, stack(0x000000a283f00000,0x000000a284000000)]
  0x000001e7079dcc10 JavaThread "Stdin handler" [_thread_blocked, id=7760, stack(0x000000a284000000,0x000000a284100000)]
  0x000001e7079dd0e0 JavaThread "Daemon client event forwarder" [_thread_blocked, id=42760, stack(0x000000a284100000,0x000000a284200000)]
  0x000001e7079ddf50 JavaThread "Cache worker for journal cache (C:\Users\Aishwary Kumar Rai\.gradle\caches\journal-1)" [_thread_blocked, id=44052, stack(0x000000a283a00000,0x000000a283b00000)]
  0x000001e7079db8d0 JavaThread "File lock request listener" [_thread_in_native, id=2100, stack(0x000000a284600000,0x000000a284700000)]
  0x000001e7079db400 JavaThread "Cache worker for file hash cache (C:\Users\Aishwary Kumar Rai\.gradle\caches\8.0\fileHashes)" [_thread_blocked, id=40868, stack(0x000000a284700000,0x000000a284800000)]
  0x000001e7079dd5b0 JavaThread "File watcher server" daemon [_thread_in_native, id=32052, stack(0x000000a284800000,0x000000a284900000)]
  0x000001e7079dda80 JavaThread "File watcher consumer" daemon [_thread_blocked, id=34676, stack(0x000000a284900000,0x000000a284a00000)]
  0x000001e7079de420 JavaThread "jar transforms" [_thread_blocked, id=40160, stack(0x000000a284a00000,0x000000a284b00000)]
  0x000001e7079dc270 JavaThread "jar transforms Thread 2" [_thread_blocked, id=37868, stack(0x000000a284b00000,0x000000a284c00000)]
  0x000001e7079de8f0 JavaThread "jar transforms Thread 3" [_thread_blocked, id=18308, stack(0x000000a284c00000,0x000000a284d00000)]
  0x000001e7079dedc0 JavaThread "jar transforms Thread 4" [_thread_blocked, id=29000, stack(0x000000a284d00000,0x000000a284e00000)]
  0x000001e709e6e4e0 JavaThread "jar transforms Thread 5" [_thread_blocked, id=47076, stack(0x000000a284e00000,0x000000a284f00000)]
  0x000001e709e72370 JavaThread "jar transforms Thread 6" [_thread_blocked, id=39208, stack(0x000000a284f00000,0x000000a285000000)]
  0x000001e709e6e9b0 JavaThread "jar transforms Thread 7" [_thread_blocked, id=42736, stack(0x000000a285000000,0x000000a285100000)]
  0x000001e709e701c0 JavaThread "jar transforms Thread 8" [_thread_blocked, id=41308, stack(0x000000a285100000,0x000000a285200000)]
  0x000001e709e6ee80 JavaThread "Cache worker for checksums cache (C:\Users\Aishwary Kumar Rai\DocuMed\.gradle\8.0\checksums)" [_thread_blocked, id=44144, stack(0x000000a285200000,0x000000a285300000)]
  0x000001e709e72840 JavaThread "Cache worker for cache directory md-rule (C:\Users\Aishwary Kumar Rai\.gradle\caches\8.0\md-rule)" [_thread_blocked, id=43800, stack(0x000000a285300000,0x000000a285400000)]
  0x000001e709e6db40 JavaThread "Cache worker for file content cache (C:\Users\Aishwary Kumar Rai\.gradle\caches\8.0\fileContent)" [_thread_blocked, id=14960, stack(0x000000a285400000,0x000000a285500000)]
  0x000001e709e6fcf0 JavaThread "Cache worker for file hash cache (C:\Users\Aishwary Kumar Rai\DocuMed\.gradle\8.0\fileHashes)" [_thread_blocked, id=43196, stack(0x000000a285500000,0x000000a285600000)]
  0x000001e709e6f350 JavaThread "Cache worker for cache directory md-supplier (C:\Users\Aishwary Kumar Rai\.gradle\caches\8.0\md-supplier)" [_thread_blocked, id=29952, stack(0x000000a285600000,0x000000a285700000)]
  0x000001e709e6ccd0 JavaThread "Cache worker for execution history cache (C:\Users\Aishwary Kumar Rai\.gradle\caches\8.0\executionHistory)" [_thread_blocked, id=40632, stack(0x000000a285700000,0x000000a285800000)]
  0x000001e709e6c800 JavaThread "Cache worker for dependencies-accessors (C:\Users\Aishwary Kumar Rai\DocuMed\.gradle\8.0\dependencies-accessors)" [_thread_blocked, id=24892, stack(0x000000a285800000,0x000000a285900000)]
  0x000001e709e6d670 JavaThread "Cache worker for Build Output Cleanup Cache (C:\Users\Aishwary Kumar Rai\DocuMed\.gradle\buildOutputCleanup)" [_thread_blocked, id=42728, stack(0x000000a285a00000,0x000000a285b00000)]
  0x000001e709e6e010 JavaThread "Unconstrained build operations" [_thread_blocked, id=28604, stack(0x000000a285b00000,0x000000a285c00000)]
  0x000001e70d015da0 JavaThread "Unconstrained build operations Thread 2" [_thread_blocked, id=37984, stack(0x000000a285c00000,0x000000a285d00000)]
  0x000001e70d0140c0 JavaThread "Unconstrained build operations Thread 3" [_thread_blocked, id=46816, stack(0x000000a285d00000,0x000000a285e00000)]
  0x000001e70d014a60 JavaThread "Unconstrained build operations Thread 4" [_thread_blocked, id=35464, stack(0x000000a285e00000,0x000000a285f00000)]
  0x000001e70d016270 JavaThread "Unconstrained build operations Thread 5" [_thread_blocked, id=46960, stack(0x000000a285f00000,0x000000a286000000)]
  0x000001e70d014f30 JavaThread "Unconstrained build operations Thread 6" [_thread_blocked, id=39296, stack(0x000000a286000000,0x000000a286100000)]
  0x000001e70d015400 JavaThread "Unconstrained build operations Thread 7" [_thread_blocked, id=46700, stack(0x000000a286100000,0x000000a286200000)]
  0x000001e70d016740 JavaThread "Unconstrained build operations Thread 8" [_thread_blocked, id=13556, stack(0x000000a286200000,0x000000a286300000)]
  0x000001e70d0158d0 JavaThread "Unconstrained build operations Thread 9" [_thread_blocked, id=39160, stack(0x000000a286300000,0x000000a286400000)]
  0x000001e70d016c10 JavaThread "Unconstrained build operations Thread 10" [_thread_blocked, id=26208, stack(0x000000a286400000,0x000000a286500000)]
  0x000001e70d0170e0 JavaThread "Unconstrained build operations Thread 11" [_thread_blocked, id=21072, stack(0x000000a286500000,0x000000a286600000)]
  0x000001e70d0175b0 JavaThread "Unconstrained build operations Thread 12" [_thread_blocked, id=42832, stack(0x000000a286600000,0x000000a286700000)]
  0x000001e70d013bf0 JavaThread "Unconstrained build operations Thread 13" [_thread_blocked, id=20296, stack(0x000000a286700000,0x000000a286800000)]
  0x000001e70d014590 JavaThread "Unconstrained build operations Thread 14" [_thread_blocked, id=44424, stack(0x000000a286800000,0x000000a286900000)]
  0x000001e70d0018e0 JavaThread "Unconstrained build operations Thread 15" [_thread_blocked, id=44788, stack(0x000000a286900000,0x000000a286a00000)]
  0x000001e70d0035c0 JavaThread "Unconstrained build operations Thread 16" [_thread_blocked, id=34164, stack(0x000000a286a00000,0x000000a286b00000)]
  0x000001e70d0030f0 JavaThread "Unconstrained build operations Thread 17" [_thread_blocked, id=31072, stack(0x000000a286b00000,0x000000a286c00000)]
  0x000001e70d000a70 JavaThread "Unconstrained build operations Thread 18" [_thread_blocked, id=24248, stack(0x000000a286c00000,0x000000a286d00000)]
  0x000001e70d007920 JavaThread "Unconstrained build operations Thread 19" [_thread_blocked, id=30156, stack(0x000000a286d00000,0x000000a286e00000)]
  0x000001e70d0000d0 JavaThread "Unconstrained build operations Thread 20" [_thread_blocked, id=45952, stack(0x000000a286e00000,0x000000a286f00000)]
  0x000001e70d004900 JavaThread "Unconstrained build operations Thread 21" [_thread_blocked, id=48184, stack(0x000000a286f00000,0x000000a287000000)]
  0x000001e70d002c20 JavaThread "Unconstrained build operations Thread 22" [_thread_blocked, id=37152, stack(0x000000a287000000,0x000000a287100000)]
  0x000001e70d004dd0 JavaThread "Unconstrained build operations Thread 23" [_thread_blocked, id=47644, stack(0x000000a287100000,0x000000a287200000)]
  0x000001e70d0052a0 JavaThread "Unconstrained build operations Thread 24" [_thread_blocked, id=9776, stack(0x000000a287200000,0x000000a287300000)]
  0x000001e70d0005a0 JavaThread "Unconstrained build operations Thread 25" [_thread_blocked, id=46300, stack(0x000000a287300000,0x000000a287400000)]
  0x000001e70d004430 JavaThread "Unconstrained build operations Thread 26" [_thread_blocked, id=42024, stack(0x000000a287400000,0x000000a287500000)]
  0x000001e70d006ab0 JavaThread "Unconstrained build operations Thread 27" [_thread_blocked, id=34500, stack(0x000000a287500000,0x000000a287600000)]
  0x000001e70d002750 JavaThread "Unconstrained build operations Thread 28" [_thread_blocked, id=46052, stack(0x000000a287600000,0x000000a287700000)]
  0x000001e70d000f40 JavaThread "Unconstrained build operations Thread 29" [_thread_blocked, id=16204, stack(0x000000a287700000,0x000000a287800000)]
  0x000001e70d001db0 JavaThread "Unconstrained build operations Thread 30" [_thread_blocked, id=40128, stack(0x000000a287800000,0x000000a287900000)]
  0x000001e70d003a90 JavaThread "Unconstrained build operations Thread 31" [_thread_blocked, id=45772, stack(0x000000a287900000,0x000000a287a00000)]
  0x000001e70d002280 JavaThread "Unconstrained build operations Thread 32" [_thread_blocked, id=44520, stack(0x000000a287a00000,0x000000a287b00000)]
  0x000001e70d001410 JavaThread "Unconstrained build operations Thread 33" [_thread_blocked, id=30932, stack(0x000000a287b00000,0x000000a287c00000)]
  0x000001e70d006f80 JavaThread "Unconstrained build operations Thread 34" [_thread_blocked, id=43172, stack(0x000000a287c00000,0x000000a287d00000)]
  0x000001e70d005770 JavaThread "Unconstrained build operations Thread 35" [_thread_blocked, id=29784, stack(0x000000a287d00000,0x000000a287e00000)]
  0x000001e70d005c40 JavaThread "Unconstrained build operations Thread 36" [_thread_blocked, id=28728, stack(0x000000a287e00000,0x000000a287f00000)]
  0x000001e70d007450 JavaThread "Unconstrained build operations Thread 37" [_thread_blocked, id=38448, stack(0x000000a287f00000,0x000000a288000000)]
  0x000001e70d003f60 JavaThread "Unconstrained build operations Thread 38" [_thread_blocked, id=46356, stack(0x000000a288000000,0x000000a288100000)]
  0x000001e70d0065e0 JavaThread "Unconstrained build operations Thread 39" [_thread_blocked, id=1744, stack(0x000000a288100000,0x000000a288200000)]
  0x000001e70d006110 JavaThread "Unconstrained build operations Thread 40" [_thread_blocked, id=39156, stack(0x000000a288200000,0x000000a288300000)]
  0x000001e70d038d70 JavaThread "Unconstrained build operations Thread 41" [_thread_blocked, id=38328, stack(0x000000a288300000,0x000000a288400000)]
  0x000001e70d03b8c0 JavaThread "Unconstrained build operations Thread 42" [_thread_blocked, id=23332, stack(0x000000a288400000,0x000000a288500000)]
  0x000001e70d037f00 JavaThread "Unconstrained build operations Thread 43" [_thread_blocked, id=27060, stack(0x000000a288500000,0x000000a288600000)]
  0x000001e70d03a580 JavaThread "Unconstrained build operations Thread 44" [_thread_blocked, id=40884, stack(0x000000a288600000,0x000000a288700000)]
  0x000001e70d03a0b0 JavaThread "Unconstrained build operations Thread 45" [_thread_blocked, id=32592, stack(0x000000a288700000,0x000000a288800000)]
  0x000001e70d03aa50 JavaThread "Unconstrained build operations Thread 46" [_thread_blocked, id=32324, stack(0x000000a288800000,0x000000a288900000)]
  0x000001e70d036bc0 JavaThread "Unconstrained build operations Thread 47" [_thread_blocked, id=15388, stack(0x000000a288900000,0x000000a288a00000)]
  0x000001e70d0366f0 JavaThread "Unconstrained build operations Thread 48" [_thread_blocked, id=43516, stack(0x000000a288a00000,0x000000a288b00000)]
  0x000001e70d037090 JavaThread "Unconstrained build operations Thread 49" [_thread_blocked, id=18532, stack(0x000000a288b00000,0x000000a288c00000)]
  0x000001e70d034070 JavaThread "Unconstrained build operations Thread 50" [_thread_blocked, id=12236, stack(0x000000a288c00000,0x000000a288d00000)]
  0x000001e70d035d50 JavaThread "Unconstrained build operations Thread 51" [_thread_blocked, id=1800, stack(0x000000a288d00000,0x000000a288e00000)]
  0x000001e70d034540 JavaThread "Unconstrained build operations Thread 52" [_thread_blocked, id=40024, stack(0x000000a288e00000,0x000000a288f00000)]
  0x000001e70d034a10 JavaThread "Unconstrained build operations Thread 53" [_thread_blocked, id=33860, stack(0x000000a288f00000,0x000000a289000000)]
  0x000001e70d037560 JavaThread "Unconstrained build operations Thread 54" [_thread_blocked, id=2648, stack(0x000000a289000000,0x000000a289100000)]
  0x000001e70d03af20 JavaThread "Unconstrained build operations Thread 55" [_thread_blocked, id=46936, stack(0x000000a289100000,0x000000a289200000)]
  0x000001e70d034ee0 JavaThread "Unconstrained build operations Thread 56" [_thread_blocked, id=26660, stack(0x000000a289200000,0x000000a289300000)]
  0x000001e70d0353b0 JavaThread "Unconstrained build operations Thread 57" [_thread_blocked, id=32664, stack(0x000000a289300000,0x000000a289400000)]
  0x000001e70d036220 JavaThread "Unconstrained build operations Thread 58" [_thread_blocked, id=19180, stack(0x000000a289400000,0x000000a289500000)]
  0x000001e70d037a30 JavaThread "Unconstrained build operations Thread 59" [_thread_blocked, id=45776, stack(0x000000a289500000,0x000000a289600000)]
  0x000001e70d0383d0 JavaThread "Unconstrained build operations Thread 60" [_thread_blocked, id=48844, stack(0x000000a289600000,0x000000a289700000)]
  0x000001e70d039240 JavaThread "Unconstrained build operations Thread 61" [_thread_blocked, id=48832, stack(0x000000a289700000,0x000000a289800000)]
  0x000001e70d0388a0 JavaThread "Unconstrained build operations Thread 62" [_thread_blocked, id=31524, stack(0x000000a289800000,0x000000a289900000)]
  0x000001e70d03b3f0 JavaThread "Unconstrained build operations Thread 63" [_thread_blocked, id=47480, stack(0x000000a289900000,0x000000a289a00000)]
  0x000001e70d035880 JavaThread "Unconstrained build operations Thread 64" [_thread_blocked, id=33648, stack(0x000000a289a00000,0x000000a289b00000)]
  0x000001e70d039710 JavaThread "Unconstrained build operations Thread 65" [_thread_blocked, id=48700, stack(0x000000a289b00000,0x000000a289c00000)]
  0x000001e70d039be0 JavaThread "Unconstrained build operations Thread 66" [_thread_blocked, id=40616, stack(0x000000a289c00000,0x000000a289d00000)]
  0x000001e70ab21ba0 JavaThread "Unconstrained build operations Thread 67" [_thread_blocked, id=46020, stack(0x000000a289d00000,0x000000a289e00000)]
  0x000001e70ab21200 JavaThread "Unconstrained build operations Thread 68" [_thread_blocked, id=22136, stack(0x000000a289e00000,0x000000a289f00000)]
  0x000001e70ab216d0 JavaThread "Unconstrained build operations Thread 69" [_thread_blocked, id=1032, stack(0x000000a289f00000,0x000000a28a000000)]
  0x000001e70ab22070 JavaThread "Unconstrained build operations Thread 70" [_thread_blocked, id=30888, stack(0x000000a28a000000,0x000000a28a100000)]
  0x000001e70ab246f0 JavaThread "Unconstrained build operations Thread 71" [_thread_blocked, id=29156, stack(0x000000a28a100000,0x000000a28a200000)]
  0x000001e70ab233b0 JavaThread "Unconstrained build operations Thread 72" [_thread_blocked, id=44016, stack(0x000000a28a200000,0x000000a28a300000)]
  0x000001e70ab22540 JavaThread "Unconstrained build operations Thread 73" [_thread_blocked, id=40072, stack(0x000000a28a300000,0x000000a28a400000)]
  0x000001e70ab22a10 JavaThread "Unconstrained build operations Thread 74" [_thread_blocked, id=23712, stack(0x000000a28a400000,0x000000a28a500000)]
  0x000001e70ab24bc0 JavaThread "Unconstrained build operations Thread 75" [_thread_blocked, id=29836, stack(0x000000a28a500000,0x000000a28a600000)]
  0x000001e70ab22ee0 JavaThread "Unconstrained build operations Thread 76" [_thread_blocked, id=21840, stack(0x000000a28a600000,0x000000a28a700000)]
  0x000001e70ab23880 JavaThread "Unconstrained build operations Thread 77" [_thread_blocked, id=38184, stack(0x000000a28a700000,0x000000a28a800000)]
  0x000001e70ab24220 JavaThread "Unconstrained build operations Thread 78" [_thread_blocked, id=30568, stack(0x000000a28a800000,0x000000a28a900000)]
  0x000001e70ab23d50 JavaThread "Unconstrained build operations Thread 79" [_thread_blocked, id=48752, stack(0x000000a28a900000,0x000000a28aa00000)]
  0x000001e70a8db550 JavaThread "Unconstrained build operations Thread 80" [_thread_blocked, id=48840, stack(0x000000a28aa00000,0x000000a28ab00000)]
  0x000001e70a8dc3c0 JavaThread "Memory manager" [_thread_blocked, id=39604, stack(0x000000a28ac00000,0x000000a28ad00000)]
  0x000001e70db34d20 JavaThread "C2 CompilerThread1" daemon [_thread_blocked, id=37560, stack(0x000000a285900000,0x000000a285a00000)]

Other Threads:
=>0x000001e77f9f8940 VMThread "VM Thread" [stack: 0x000000a282600000,0x000000a282700000] [id=2700]
  0x000001e77fbeafb0 WatcherThread [stack: 0x000000a283200000,0x000000a283300000] [id=19852]
  0x000001e76bc02d40 GCTaskThread "GC Thread#0" [stack: 0x000000a282100000,0x000000a282200000] [id=41376]
  0x000001e7070fa9e0 GCTaskThread "GC Thread#1" [stack: 0x000000a283300000,0x000000a283400000] [id=20348]
  0x000001e70704fdc0 GCTaskThread "GC Thread#2" [stack: 0x000000a283400000,0x000000a283500000] [id=11012]
  0x000001e7073e8be0 GCTaskThread "GC Thread#3" [stack: 0x000000a283500000,0x000000a283600000] [id=19236]
  0x000001e7073a0270 GCTaskThread "GC Thread#4" [stack: 0x000000a283700000,0x000000a283800000] [id=1816]
  0x000001e709338040 GCTaskThread "GC Thread#5" [stack: 0x000000a284200000,0x000000a284300000] [id=40700]
  0x000001e707b2b430 GCTaskThread "GC Thread#6" [stack: 0x000000a284300000,0x000000a284400000] [id=17484]
  0x000001e708b21030 GCTaskThread "GC Thread#7" [stack: 0x000000a284400000,0x000000a284500000] [id=44688]
  0x000001e76bc14df0 ConcurrentGCThread "G1 Main Marker" [stack: 0x000000a282200000,0x000000a282300000] [id=35072]
  0x000001e76bc16e50 ConcurrentGCThread "G1 Conc#0" [stack: 0x000000a282300000,0x000000a282400000] [id=38900]
  0x000001e707e4bfa0 ConcurrentGCThread "G1 Conc#1" [stack: 0x000000a284500000,0x000000a284600000] [id=37496]
  0x000001e76bc57050 ConcurrentGCThread "G1 Refine#0" [stack: 0x000000a282400000,0x000000a282500000] [id=11060]
  0x000001e76bc57910 ConcurrentGCThread "G1 Service" [stack: 0x000000a282500000,0x000000a282600000] [id=3772]

Threads with active compile tasks:
C2 CompilerThread0    16959 8681       4       java.beans.MethodRef::set (58 bytes)
C1 CompilerThread0    16960 9075       3       jdk.internal.reflect.AccessorGenerator::emitMethod (276 bytes)

VM state: at safepoint (normal execution)

VM Mutex/Monitor currently owned by a thread:  ([mutex/lock_event])
[0x000001e76bba3da0] Threads_lock - owner thread: 0x000001e77f9f8940
[0x000001e76bba2de0] Heap_lock - owner thread: 0x000001e76bc14df0

Heap address: 0x0000000080000000, size: 2048 MB, Compressed Oops mode: 32-bit

CDS archive(s) not mapped
Compressed class space mapped at: 0x0000000100000000-0x0000000140000000, reserved size: 1073741824
Narrow klass base: 0x0000000000000000, Narrow klass shift: 3, Narrow klass range: 0x140000000

GC Precious Log:
 CPUs: 8 total, 8 available
 Memory: 6020M
 Large Page Support: Disabled
 NUMA Support: Disabled
 Compressed Oops: Enabled (32-bit)
 Heap Region Size: 1M
 Heap Min Capacity: 8M
 Heap Initial Capacity: 96M
 Heap Max Capacity: 2G
 Pre-touch: Disabled
 Parallel Workers: 8
 Concurrent Workers: 2
 Concurrent Refinement Workers: 8
 Periodic GC: Disabled

Heap:
 garbage-first heap   total 261120K, used 166480K [0x0000000080000000, 0x0000000100000000)
  region size 1024K, 6 young (6144K), 3 survivors (3072K)
 Metaspace       used 83405K, committed 84160K, reserved 1122304K
  class space    used 11398K, committed 11712K, reserved 1048576K

Heap Regions: E=young(eden), S=young(survivor), O=old, HS=humongous(starts), HC=humongous(continues), CS=collection set, F=free, OA=open archive, CA=closed archive, TAMS=top-at-mark-start (previous, next)
|   0|0x0000000080000000, 0x0000000080100000, 0x0000000080100000|100%|HS|  |TAMS 0x0000000080100000, 0x0000000080000000| Complete 
|   1|0x0000000080100000, 0x0000000080200000, 0x0000000080200000|100%|HC|  |TAMS 0x0000000080200000, 0x0000000080100000| Complete 
|   2|0x0000000080200000, 0x0000000080300000, 0x0000000080300000|100%|HC|  |TAMS 0x0000000080300000, 0x0000000080200000| Complete 
|   3|0x0000000080300000, 0x0000000080400000, 0x0000000080400000|100%|HC|  |TAMS 0x0000000080400000, 0x0000000080300000| Complete 
|   4|0x0000000080400000, 0x0000000080500000, 0x0000000080500000|100%| O|  |TAMS 0x0000000080500000, 0x0000000080400000| Untracked 
|   5|0x0000000080500000, 0x0000000080600000, 0x0000000080600000|100%| O|  |TAMS 0x0000000080600000, 0x0000000080500000| Untracked 
|   6|0x0000000080600000, 0x0000000080700000, 0x0000000080700000|100%| O|  |TAMS 0x0000000080700000, 0x0000000080600000| Untracked 
|   7|0x0000000080700000, 0x0000000080800000, 0x0000000080800000|100%|HS|  |TAMS 0x0000000080800000, 0x0000000080700000| Complete 
|   8|0x0000000080800000, 0x0000000080900000, 0x0000000080900000|100%| O|  |TAMS 0x0000000080900000, 0x0000000080800000| Untracked 
|   9|0x0000000080900000, 0x0000000080a00000, 0x0000000080a00000|100%| O|  |TAMS 0x0000000080a00000, 0x0000000080900000| Updating 
|  10|0x0000000080a00000, 0x0000000080b00000, 0x0000000080b00000|100%| O|  |TAMS 0x0000000080b00000, 0x0000000080a00000| Untracked 
|  11|0x0000000080b00000, 0x0000000080c00000, 0x0000000080c00000|100%| O|  |TAMS 0x0000000080c00000, 0x0000000080b00000| Updating 
|  12|0x0000000080c00000, 0x0000000080d00000, 0x0000000080d00000|100%| O|  |TAMS 0x0000000080d00000, 0x0000000080c00000| Untracked 
|  13|0x0000000080d00000, 0x0000000080e00000, 0x0000000080e00000|100%| O|  |TAMS 0x0000000080e00000, 0x0000000080d00000| Untracked 
|  14|0x0000000080e00000, 0x0000000080f00000, 0x0000000080f00000|100%| O|  |TAMS 0x0000000080f00000, 0x0000000080e00000| Untracked 
|  15|0x0000000080f00000, 0x0000000081000000, 0x0000000081000000|100%| O|  |TAMS 0x0000000081000000, 0x0000000080f00000| Untracked 
|  16|0x0000000081000000, 0x0000000081100000, 0x0000000081100000|100%| O|  |TAMS 0x0000000081100000, 0x0000000081000000| Untracked 
|  17|0x0000000081100000, 0x0000000081200000, 0x0000000081200000|100%| O|  |TAMS 0x0000000081200000, 0x0000000081100000| Untracked 
|  18|0x0000000081200000, 0x0000000081300000, 0x0000000081300000|100%| O|  |TAMS 0x0000000081300000, 0x0000000081200000| Untracked 
|  19|0x0000000081300000, 0x0000000081400000, 0x0000000081400000|100%|HS|  |TAMS 0x0000000081400000, 0x0000000081300000| Complete 
|  20|0x0000000081400000, 0x0000000081500000, 0x0000000081500000|100%|HC|  |TAMS 0x0000000081500000, 0x0000000081400000| Complete 
|  21|0x0000000081500000, 0x0000000081600000, 0x0000000081600000|100%|HS|  |TAMS 0x0000000081600000, 0x0000000081500000| Complete 
|  22|0x0000000081600000, 0x0000000081700000, 0x0000000081700000|100%|HC|  |TAMS 0x0000000081700000, 0x0000000081600000| Complete 
|  23|0x0000000081700000, 0x0000000081800000, 0x0000000081800000|100%|HC|  |TAMS 0x0000000081800000, 0x0000000081700000| Complete 
|  24|0x0000000081800000, 0x0000000081900000, 0x0000000081900000|100%| O|  |TAMS 0x0000000081900000, 0x0000000081800000| Updating 
|  25|0x0000000081900000, 0x0000000081a00000, 0x0000000081a00000|100%| O|  |TAMS 0x0000000081a00000, 0x0000000081900000| Untracked 
|  26|0x0000000081a00000, 0x0000000081b00000, 0x0000000081b00000|100%| O|  |TAMS 0x0000000081b00000, 0x0000000081a00000| Untracked 
|  27|0x0000000081b00000, 0x0000000081c00000, 0x0000000081c00000|100%|HS|  |TAMS 0x0000000081c00000, 0x0000000081b00000| Complete 
|  28|0x0000000081c00000, 0x0000000081d00000, 0x0000000081d00000|100%|HC|  |TAMS 0x0000000081d00000, 0x0000000081c00000| Complete 
|  29|0x0000000081d00000, 0x0000000081e00000, 0x0000000081e00000|100%|HC|  |TAMS 0x0000000081e00000, 0x0000000081d00000| Complete 
|  30|0x0000000081e00000, 0x0000000081f00000, 0x0000000081f00000|100%|HS|  |TAMS 0x0000000081f00000, 0x0000000081e00000| Complete 
|  31|0x0000000081f00000, 0x0000000082000000, 0x0000000082000000|100%|HC|  |TAMS 0x0000000082000000, 0x0000000081f00000| Complete 
|  32|0x0000000082000000, 0x0000000082100000, 0x0000000082100000|100%| O|  |TAMS 0x0000000082100000, 0x0000000082000000| Untracked 
|  33|0x0000000082100000, 0x0000000082200000, 0x0000000082200000|100%| O|  |TAMS 0x0000000082200000, 0x0000000082100000| Updating 
|  34|0x0000000082200000, 0x0000000082300000, 0x0000000082300000|100%| O|  |TAMS 0x0000000082300000, 0x0000000082200000| Updating 
|  35|0x0000000082300000, 0x0000000082400000, 0x0000000082400000|100%| O|  |TAMS 0x0000000082400000, 0x0000000082300000| Untracked 
|  36|0x0000000082400000, 0x0000000082500000, 0x0000000082500000|100%|HS|  |TAMS 0x0000000082500000, 0x0000000082400000| Complete 
|  37|0x0000000082500000, 0x0000000082600000, 0x0000000082600000|100%|HC|  |TAMS 0x0000000082600000, 0x0000000082500000| Complete 
|  38|0x0000000082600000, 0x0000000082700000, 0x0000000082700000|100%|HS|  |TAMS 0x0000000082700000, 0x0000000082600000| Complete 
|  39|0x0000000082700000, 0x0000000082800000, 0x0000000082800000|100%|HC|  |TAMS 0x0000000082800000, 0x0000000082700000| Complete 
|  40|0x0000000082800000, 0x0000000082900000, 0x0000000082900000|100%|HC|  |TAMS 0x0000000082900000, 0x0000000082800000| Complete 
|  41|0x0000000082900000, 0x0000000082a00000, 0x0000000082a00000|100%|HC|  |TAMS 0x0000000082a00000, 0x0000000082900000| Complete 
|  42|0x0000000082a00000, 0x0000000082b00000, 0x0000000082b00000|100%|HC|  |TAMS 0x0000000082b00000, 0x0000000082a00000| Complete 
|  43|0x0000000082b00000, 0x0000000082c00000, 0x0000000082c00000|100%|HC|  |TAMS 0x0000000082c00000, 0x0000000082b00000| Complete 
|  44|0x0000000082c00000, 0x0000000082d00000, 0x0000000082d00000|100%|HS|  |TAMS 0x0000000082d00000, 0x0000000082c00000| Complete 
|  45|0x0000000082d00000, 0x0000000082e00000, 0x0000000082e00000|100%| O|  |TAMS 0x0000000082e00000, 0x0000000082d00000| Untracked 
|  46|0x0000000082e00000, 0x0000000082f00000, 0x0000000082f00000|100%|HS|  |TAMS 0x0000000082f00000, 0x0000000082e00000| Complete 
|  47|0x0000000082f00000, 0x0000000083000000, 0x0000000083000000|100%|HC|  |TAMS 0x0000000083000000, 0x0000000082f00000| Complete 
|  48|0x0000000083000000, 0x0000000083100000, 0x0000000083100000|100%|HC|  |TAMS 0x0000000083100000, 0x0000000083000000| Complete 
|  49|0x0000000083100000, 0x0000000083200000, 0x0000000083200000|100%|HC|  |TAMS 0x0000000083200000, 0x0000000083100000| Complete 
|  50|0x0000000083200000, 0x0000000083300000, 0x0000000083300000|100%|HC|  |TAMS 0x0000000083300000, 0x0000000083200000| Complete 
|  51|0x0000000083300000, 0x0000000083400000, 0x0000000083400000|100%|HC|  |TAMS 0x0000000083400000, 0x0000000083300000| Complete 
|  52|0x0000000083400000, 0x0000000083500000, 0x0000000083500000|100%|HC|  |TAMS 0x0000000083500000, 0x0000000083400000| Complete 
|  53|0x0000000083500000, 0x0000000083600000, 0x0000000083600000|100%|HC|  |TAMS 0x0000000083600000, 0x0000000083500000| Complete 
|  54|0x0000000083600000, 0x0000000083700000, 0x0000000083700000|100%|HC|  |TAMS 0x0000000083700000, 0x0000000083600000| Complete 
|  55|0x0000000083700000, 0x0000000083800000, 0x0000000083800000|100%|HC|  |TAMS 0x0000000083800000, 0x0000000083700000| Complete 
|  56|0x0000000083800000, 0x0000000083900000, 0x0000000083900000|100%| O|  |TAMS 0x0000000083900000, 0x0000000083800000| Untracked 
|  57|0x0000000083900000, 0x0000000083a00000, 0x0000000083a00000|100%| O|  |TAMS 0x0000000083a00000, 0x0000000083900000| Untracked 
|  58|0x0000000083a00000, 0x0000000083b00000, 0x0000000083b00000|100%| O|  |TAMS 0x0000000083b00000, 0x0000000083a00000| Untracked 
|  59|0x0000000083b00000, 0x0000000083c00000, 0x0000000083c00000|100%| O|  |TAMS 0x0000000083c00000, 0x0000000083b00000| Untracked 
|  60|0x0000000083c00000, 0x0000000083d00000, 0x0000000083d00000|100%| O|  |TAMS 0x0000000083d00000, 0x0000000083c00000| Untracked 
|  61|0x0000000083d00000, 0x0000000083e00000, 0x0000000083e00000|100%| O|  |TAMS 0x0000000083e00000, 0x0000000083d00000| Updating 
|  62|0x0000000083e00000, 0x0000000083f00000, 0x0000000083f00000|100%|HS|  |TAMS 0x0000000083f00000, 0x0000000083e00000| Complete 
|  63|0x0000000083f00000, 0x0000000084000000, 0x0000000084000000|100%|HC|  |TAMS 0x0000000084000000, 0x0000000083f00000| Complete 
|  64|0x0000000084000000, 0x0000000084100000, 0x0000000084100000|100%|HC|  |TAMS 0x0000000084100000, 0x0000000084000000| Complete 
|  65|0x0000000084100000, 0x0000000084200000, 0x0000000084200000|100%|HS|  |TAMS 0x0000000084200000, 0x0000000084100000| Complete 
|  66|0x0000000084200000, 0x0000000084300000, 0x0000000084300000|100%|HC|  |TAMS 0x0000000084300000, 0x0000000084200000| Complete 
|  67|0x0000000084300000, 0x0000000084400000, 0x0000000084400000|100%|HS|  |TAMS 0x0000000084400000, 0x0000000084300000| Complete 
|  68|0x0000000084400000, 0x0000000084500000, 0x0000000084500000|100%|HC|  |TAMS 0x0000000084500000, 0x0000000084400000| Complete 
|  69|0x0000000084500000, 0x0000000084600000, 0x0000000084600000|100%|HC|  |TAMS 0x0000000084600000, 0x0000000084500000| Complete 
|  70|0x0000000084600000, 0x0000000084700000, 0x0000000084700000|100%|HC|  |TAMS 0x0000000084700000, 0x0000000084600000| Complete 
|  71|0x0000000084700000, 0x0000000084800000, 0x0000000084800000|100%|HC|  |TAMS 0x0000000084800000, 0x0000000084700000| Complete 
|  72|0x0000000084800000, 0x0000000084900000, 0x0000000084900000|100%|HC|  |TAMS 0x0000000084900000, 0x0000000084800000| Complete 
|  73|0x0000000084900000, 0x0000000084a00000, 0x0000000084a00000|100%|HC|  |TAMS 0x0000000084a00000, 0x0000000084900000| Complete 
|  74|0x0000000084a00000, 0x0000000084b00000, 0x0000000084b00000|100%|HC|  |TAMS 0x0000000084b00000, 0x0000000084a00000| Complete 
|  75|0x0000000084b00000, 0x0000000084c00000, 0x0000000084c00000|100%|HC|  |TAMS 0x0000000084c00000, 0x0000000084b00000| Complete 
|  76|0x0000000084c00000, 0x0000000084d00000, 0x0000000084d00000|100%|HC|  |TAMS 0x0000000084d00000, 0x0000000084c00000| Complete 
|  77|0x0000000084d00000, 0x0000000084e00000, 0x0000000084e00000|100%|HC|  |TAMS 0x0000000084e00000, 0x0000000084d00000| Complete 
|  78|0x0000000084e00000, 0x0000000084f00000, 0x0000000084f00000|100%| O|  |TAMS 0x0000000084f00000, 0x0000000084e00000| Untracked 
|  79|0x0000000084f00000, 0x0000000085000000, 0x0000000085000000|100%|HS|  |TAMS 0x0000000085000000, 0x0000000084f00000| Complete 
|  80|0x0000000085000000, 0x0000000085100000, 0x0000000085100000|100%|HC|  |TAMS 0x0000000085100000, 0x0000000085000000| Complete 
|  81|0x0000000085100000, 0x0000000085200000, 0x0000000085200000|100%|HS|  |TAMS 0x0000000085200000, 0x0000000085100000| Complete 
|  82|0x0000000085200000, 0x0000000085300000, 0x0000000085300000|100%|HC|  |TAMS 0x0000000085300000, 0x0000000085200000| Complete 
|  83|0x0000000085300000, 0x0000000085400000, 0x0000000085400000|100%|HC|  |TAMS 0x0000000085400000, 0x0000000085300000| Complete 
|  84|0x0000000085400000, 0x0000000085500000, 0x0000000085500000|100%|HS|  |TAMS 0x0000000085500000, 0x0000000085400000| Complete 
|  85|0x0000000085500000, 0x0000000085600000, 0x0000000085600000|100%| O|  |TAMS 0x0000000085600000, 0x0000000085500000| Untracked 
|  86|0x0000000085600000, 0x0000000085700000, 0x0000000085700000|100%| O|  |TAMS 0x0000000085700000, 0x0000000085600000| Untracked 
|  87|0x0000000085700000, 0x0000000085800000, 0x0000000085800000|100%| O|  |TAMS 0x0000000085800000, 0x0000000085700000| Untracked 
|  88|0x0000000085800000, 0x0000000085900000, 0x0000000085900000|100%| O|  |TAMS 0x0000000085900000, 0x0000000085800000| Untracked 
|  89|0x0000000085900000, 0x0000000085a00000, 0x0000000085a00000|100%| O|  |TAMS 0x0000000085a00000, 0x0000000085900000| Untracked 
|  90|0x0000000085a00000, 0x0000000085b00000, 0x0000000085b00000|100%| O|  |TAMS 0x0000000085b00000, 0x0000000085a00000| Untracked 
|  91|0x0000000085b00000, 0x0000000085c00000, 0x0000000085c00000|100%|HS|  |TAMS 0x0000000085c00000, 0x0000000085b00000| Complete 
|  92|0x0000000085c00000, 0x0000000085d00000, 0x0000000085d00000|100%|HC|  |TAMS 0x0000000085d00000, 0x0000000085c00000| Complete 
|  93|0x0000000085d00000, 0x0000000085e00000, 0x0000000085e00000|100%|HC|  |TAMS 0x0000000085e00000, 0x0000000085d00000| Complete 
|  94|0x0000000085e00000, 0x0000000085f00000, 0x0000000085f00000|100%|HC|  |TAMS 0x0000000085f00000, 0x0000000085e00000| Complete 
|  95|0x0000000085f00000, 0x0000000086000000, 0x0000000086000000|100%|HC|  |TAMS 0x0000000086000000, 0x0000000085f00000| Complete 
|  96|0x0000000086000000, 0x0000000086100000, 0x0000000086100000|100%|HC|  |TAMS 0x0000000086100000, 0x0000000086000000| Complete 
|  97|0x0000000086100000, 0x0000000086200000, 0x0000000086200000|100%| O|  |TAMS 0x0000000086200000, 0x0000000086100000| Untracked 
|  98|0x0000000086200000, 0x0000000086300000, 0x0000000086300000|100%| O|  |TAMS 0x0000000086300000, 0x0000000086200000| Untracked 
|  99|0x0000000086300000, 0x0000000086400000, 0x0000000086400000|100%| O|  |TAMS 0x0000000086400000, 0x0000000086300000| Untracked 
| 100|0x0000000086400000, 0x0000000086500000, 0x0000000086500000|100%| O|  |TAMS 0x0000000086500000, 0x0000000086400000| Untracked 
| 101|0x0000000086500000, 0x0000000086600000, 0x0000000086600000|100%| O|  |TAMS 0x0000000086600000, 0x0000000086500000| Updating 
| 102|0x0000000086600000, 0x0000000086700000, 0x0000000086700000|100%| O|  |TAMS 0x0000000086700000, 0x0000000086600000| Untracked 
| 103|0x0000000086700000, 0x0000000086800000, 0x0000000086800000|100%| O|  |TAMS 0x0000000086800000, 0x0000000086700000| Untracked 
| 104|0x0000000086800000, 0x0000000086900000, 0x0000000086900000|100%| O|  |TAMS 0x0000000086900000, 0x0000000086800000| Untracked 
| 105|0x0000000086900000, 0x0000000086a00000, 0x0000000086a00000|100%|HS|  |TAMS 0x0000000086a00000, 0x0000000086900000| Complete 
| 106|0x0000000086a00000, 0x0000000086b00000, 0x0000000086b00000|100%| O|  |TAMS 0x0000000086b00000, 0x0000000086a00000| Untracked 
| 107|0x0000000086b00000, 0x0000000086c00000, 0x0000000086c00000|100%| O|  |TAMS 0x0000000086c00000, 0x0000000086b00000| Updating 
| 108|0x0000000086c00000, 0x0000000086d00000, 0x0000000086d00000|100%| O|  |TAMS 0x0000000086d00000, 0x0000000086c00000| Untracked 
| 109|0x0000000086d00000, 0x0000000086e00000, 0x0000000086e00000|100%| O|  |TAMS 0x0000000086e00000, 0x0000000086d00000| Untracked 
| 110|0x0000000086e00000, 0x0000000086f00000, 0x0000000086f00000|100%| O|  |TAMS 0x0000000086f00000, 0x0000000086e00000| Untracked 
| 111|0x0000000086f00000, 0x0000000087000000, 0x0000000087000000|100%| O|  |TAMS 0x0000000087000000, 0x0000000086f00000| Untracked 
| 112|0x0000000087000000, 0x0000000087100000, 0x0000000087100000|100%| O|  |TAMS 0x0000000087100000, 0x0000000087000000| Untracked 
| 113|0x0000000087100000, 0x0000000087200000, 0x0000000087200000|100%| O|  |TAMS 0x0000000087200000, 0x0000000087100000| Untracked 
| 114|0x0000000087200000, 0x0000000087300000, 0x0000000087300000|100%| O|  |TAMS 0x0000000087300000, 0x0000000087200000| Untracked 
| 115|0x0000000087300000, 0x0000000087400000, 0x0000000087400000|100%| O|  |TAMS 0x0000000087400000, 0x0000000087300000| Untracked 
| 116|0x0000000087400000, 0x0000000087500000, 0x0000000087500000|100%| O|  |TAMS 0x0000000087500000, 0x0000000087400000| Untracked 
| 117|0x0000000087500000, 0x0000000087600000, 0x0000000087600000|100%| O|  |TAMS 0x0000000087600000, 0x0000000087500000| Untracked 
| 118|0x0000000087600000, 0x0000000087700000, 0x0000000087700000|100%| O|  |TAMS 0x0000000087700000, 0x0000000087600000| Untracked 
| 119|0x0000000087700000, 0x0000000087800000, 0x0000000087800000|100%| O|  |TAMS 0x0000000087800000, 0x0000000087700000| Untracked 
| 120|0x0000000087800000, 0x0000000087900000, 0x0000000087900000|100%| O|  |TAMS 0x0000000087900000, 0x0000000087800000| Untracked 
| 121|0x0000000087900000, 0x0000000087a00000, 0x0000000087a00000|100%| O|  |TAMS 0x0000000087a00000, 0x0000000087900000| Untracked 
| 122|0x0000000087a00000, 0x0000000087b00000, 0x0000000087b00000|100%| O|  |TAMS 0x0000000087b00000, 0x0000000087a00000| Untracked 
| 123|0x0000000087b00000, 0x0000000087c00000, 0x0000000087c00000|100%| O|  |TAMS 0x0000000087c00000, 0x0000000087b00000| Untracked 
| 124|0x0000000087c00000, 0x0000000087d00000, 0x0000000087d00000|100%| O|  |TAMS 0x0000000087d00000, 0x0000000087c00000| Untracked 
| 125|0x0000000087d00000, 0x0000000087e00000, 0x0000000087e00000|100%| O|  |TAMS 0x0000000087e00000, 0x0000000087d00000| Untracked 
| 126|0x0000000087e00000, 0x0000000087f00000, 0x0000000087f00000|100%| O|  |TAMS 0x0000000087f00000, 0x0000000087e00000| Untracked 
| 127|0x0000000087f00000, 0x0000000088000000, 0x0000000088000000|100%| O|  |TAMS 0x0000000087fafa00, 0x0000000087f00000| Updating 
| 128|0x0000000088000000, 0x0000000088100000, 0x0000000088100000|100%|HS|  |TAMS 0x0000000088100000, 0x0000000088000000| Complete 
| 129|0x0000000088100000, 0x0000000088200000, 0x0000000088200000|100%|HC|  |TAMS 0x0000000088200000, 0x0000000088100000| Complete 
| 130|0x0000000088200000, 0x0000000088300000, 0x0000000088300000|100%|HS|  |TAMS 0x0000000088300000, 0x0000000088200000| Complete 
| 131|0x0000000088300000, 0x0000000088400000, 0x0000000088400000|100%|HC|  |TAMS 0x0000000088400000, 0x0000000088300000| Complete 
| 132|0x0000000088400000, 0x0000000088500000, 0x0000000088500000|100%|HC|  |TAMS 0x0000000088500000, 0x0000000088400000| Complete 
| 133|0x0000000088500000, 0x0000000088600000, 0x0000000088600000|100%|HS|  |TAMS 0x0000000088600000, 0x0000000088500000| Complete 
| 134|0x0000000088600000, 0x0000000088700000, 0x0000000088700000|100%|HC|  |TAMS 0x0000000088700000, 0x0000000088600000| Complete 
| 135|0x0000000088700000, 0x0000000088800000, 0x0000000088800000|100%|HC|  |TAMS 0x0000000088800000, 0x0000000088700000| Complete 
| 136|0x0000000088800000, 0x0000000088900000, 0x0000000088900000|100%|HS|  |TAMS 0x0000000088900000, 0x0000000088800000| Complete 
| 137|0x0000000088900000, 0x0000000088a00000, 0x0000000088a00000|100%|HC|  |TAMS 0x0000000088a00000, 0x0000000088900000| Complete 
| 138|0x0000000088a00000, 0x0000000088b00000, 0x0000000088b00000|100%|HS|  |TAMS 0x0000000088b00000, 0x0000000088a00000| Complete 
| 139|0x0000000088b00000, 0x0000000088c00000, 0x0000000088c00000|100%|HC|  |TAMS 0x0000000088c00000, 0x0000000088b00000| Complete 
| 140|0x0000000088c00000, 0x0000000088d00000, 0x0000000088d00000|100%|HC|  |TAMS 0x0000000088d00000, 0x0000000088c00000| Complete 
| 141|0x0000000088d00000, 0x0000000088e00000, 0x0000000088e00000|100%|HC|  |TAMS 0x0000000088e00000, 0x0000000088d00000| Complete 
| 142|0x0000000088e00000, 0x0000000088f00000, 0x0000000088f00000|100%|HC|  |TAMS 0x0000000088f00000, 0x0000000088e00000| Complete 
| 143|0x0000000088f00000, 0x0000000089000000, 0x0000000089000000|100%|HC|  |TAMS 0x0000000089000000, 0x0000000088f00000| Complete 
| 144|0x0000000089000000, 0x0000000089100000, 0x0000000089100000|100%|HC|  |TAMS 0x0000000089100000, 0x0000000089000000| Complete 
| 145|0x0000000089100000, 0x0000000089200000, 0x0000000089200000|100%|HC|  |TAMS 0x0000000089200000, 0x0000000089100000| Complete 
| 146|0x0000000089200000, 0x0000000089300000, 0x0000000089300000|100%|HC|  |TAMS 0x0000000089300000, 0x0000000089200000| Complete 
| 147|0x0000000089300000, 0x0000000089400000, 0x0000000089400000|100%|HC|  |TAMS 0x0000000089400000, 0x0000000089300000| Complete 
| 148|0x0000000089400000, 0x0000000089500000, 0x0000000089500000|100%|HS|  |TAMS 0x0000000089500000, 0x0000000089400000| Complete 
| 149|0x0000000089500000, 0x0000000089600000, 0x0000000089600000|100%|HC|  |TAMS 0x0000000089600000, 0x0000000089500000| Complete 
| 150|0x0000000089600000, 0x0000000089700000, 0x0000000089700000|100%|HS|  |TAMS 0x0000000089700000, 0x0000000089600000| Complete 
| 151|0x0000000089700000, 0x0000000089800000, 0x0000000089800000|100%|HC|  |TAMS 0x0000000089800000, 0x0000000089700000| Complete 
| 152|0x0000000089800000, 0x0000000089900000, 0x0000000089900000|100%|HC|  |TAMS 0x0000000089900000, 0x0000000089800000| Complete 
| 153|0x0000000089900000, 0x0000000089a00000, 0x0000000089a00000|100%|HC|  |TAMS 0x0000000089a00000, 0x0000000089900000| Complete 
| 154|0x0000000089a00000, 0x0000000089b00000, 0x0000000089b00000|100%|HC|  |TAMS 0x0000000089b00000, 0x0000000089a00000| Complete 
| 155|0x0000000089b00000, 0x0000000089c00000, 0x0000000089c00000|100%|HC|  |TAMS 0x0000000089c00000, 0x0000000089b00000| Complete 
| 156|0x0000000089c00000, 0x0000000089d00000, 0x0000000089d00000|100%| O|  |TAMS 0x0000000089c00000, 0x0000000089c00000| Untracked 
| 157|0x0000000089d00000, 0x0000000089e00000, 0x0000000089e00000|100%| O|  |TAMS 0x0000000089d00000, 0x0000000089d00000| Untracked 
| 158|0x0000000089e00000, 0x0000000089e0f200, 0x0000000089f00000|  5%| O|  |TAMS 0x0000000089e00000, 0x0000000089e00000| Updating 
| 159|0x0000000089f00000, 0x000000008a000000, 0x000000008a000000|100%|HS|  |TAMS 0x0000000089f00000, 0x0000000089f00000| Complete 
| 160|0x000000008a000000, 0x000000008a000000, 0x000000008a100000|  0%| F|  |TAMS 0x000000008a000000, 0x000000008a000000| Untracked 
| 161|0x000000008a100000, 0x000000008a100000, 0x000000008a200000|  0%| F|  |TAMS 0x000000008a100000, 0x000000008a100000| Untracked 
| 162|0x000000008a200000, 0x000000008a200000, 0x000000008a300000|  0%| F|  |TAMS 0x000000008a200000, 0x000000008a200000| Untracked 
| 163|0x000000008a300000, 0x000000008a300000, 0x000000008a400000|  0%| F|  |TAMS 0x000000008a300000, 0x000000008a300000| Untracked 
| 164|0x000000008a400000, 0x000000008a400000, 0x000000008a500000|  0%| F|  |TAMS 0x000000008a400000, 0x000000008a400000| Untracked 
| 165|0x000000008a500000, 0x000000008a500000, 0x000000008a600000|  0%| F|  |TAMS 0x000000008a500000, 0x000000008a500000| Untracked 
| 166|0x000000008a600000, 0x000000008a600000, 0x000000008a700000|  0%| F|  |TAMS 0x000000008a600000, 0x000000008a600000| Untracked 
| 167|0x000000008a700000, 0x000000008a700000, 0x000000008a800000|  0%| F|  |TAMS 0x000000008a700000, 0x000000008a700000| Untracked 
| 168|0x000000008a800000, 0x000000008a800000, 0x000000008a900000|  0%| F|  |TAMS 0x000000008a800000, 0x000000008a800000| Untracked 
| 169|0x000000008a900000, 0x000000008a900000, 0x000000008aa00000|  0%| F|  |TAMS 0x000000008a900000, 0x000000008a900000| Untracked 
| 170|0x000000008aa00000, 0x000000008aa00000, 0x000000008ab00000|  0%| F|  |TAMS 0x000000008aa00000, 0x000000008aa00000| Untracked 
| 171|0x000000008ab00000, 0x000000008ab00000, 0x000000008ac00000|  0%| F|  |TAMS 0x000000008ab00000, 0x000000008ab00000| Untracked 
| 172|0x000000008ac00000, 0x000000008ac00000, 0x000000008ad00000|  0%| F|  |TAMS 0x000000008ac00000, 0x000000008ac00000| Untracked 
| 173|0x000000008ad00000, 0x000000008ad00000, 0x000000008ae00000|  0%| F|  |TAMS 0x000000008ad00000, 0x000000008ad00000| Untracked 
| 174|0x000000008ae00000, 0x000000008ae00000, 0x000000008af00000|  0%| F|  |TAMS 0x000000008ae00000, 0x000000008ae00000| Untracked 
| 175|0x000000008af00000, 0x000000008af00000, 0x000000008b000000|  0%| F|  |TAMS 0x000000008af00000, 0x000000008af00000| Untracked 
| 176|0x000000008b000000, 0x000000008b000000, 0x000000008b100000|  0%| F|  |TAMS 0x000000008b000000, 0x000000008b000000| Untracked 
| 177|0x000000008b100000, 0x000000008b100000, 0x000000008b200000|  0%| F|  |TAMS 0x000000008b100000, 0x000000008b100000| Untracked 
| 178|0x000000008b200000, 0x000000008b200000, 0x000000008b300000|  0%| F|  |TAMS 0x000000008b200000, 0x000000008b200000| Untracked 
| 179|0x000000008b300000, 0x000000008b300000, 0x000000008b400000|  0%| F|  |TAMS 0x000000008b300000, 0x000000008b300000| Untracked 
| 180|0x000000008b400000, 0x000000008b400000, 0x000000008b500000|  0%| F|  |TAMS 0x000000008b400000, 0x000000008b400000| Untracked 
| 181|0x000000008b500000, 0x000000008b500000, 0x000000008b600000|  0%| F|  |TAMS 0x000000008b500000, 0x000000008b500000| Untracked 
| 182|0x000000008b600000, 0x000000008b600000, 0x000000008b700000|  0%| F|  |TAMS 0x000000008b600000, 0x000000008b600000| Untracked 
| 183|0x000000008b700000, 0x000000008b700000, 0x000000008b800000|  0%| F|  |TAMS 0x000000008b700000, 0x000000008b700000| Untracked 
| 184|0x000000008b800000, 0x000000008b800000, 0x000000008b900000|  0%| F|  |TAMS 0x000000008b800000, 0x000000008b800000| Untracked 
| 185|0x000000008b900000, 0x000000008b900000, 0x000000008ba00000|  0%| F|  |TAMS 0x000000008b900000, 0x000000008b900000| Untracked 
| 186|0x000000008ba00000, 0x000000008ba00000, 0x000000008bb00000|  0%| F|  |TAMS 0x000000008ba00000, 0x000000008ba00000| Untracked 
| 187|0x000000008bb00000, 0x000000008bb00000, 0x000000008bc00000|  0%| F|  |TAMS 0x000000008bb00000, 0x000000008bb00000| Untracked 
| 188|0x000000008bc00000, 0x000000008bc00000, 0x000000008bd00000|  0%| F|  |TAMS 0x000000008bc00000, 0x000000008bc00000| Untracked 
| 189|0x000000008bd00000, 0x000000008bd00000, 0x000000008be00000|  0%| F|  |TAMS 0x000000008bd00000, 0x000000008bd00000| Untracked 
| 190|0x000000008be00000, 0x000000008be00000, 0x000000008bf00000|  0%| F|  |TAMS 0x000000008be00000, 0x000000008be00000| Untracked 
| 191|0x000000008bf00000, 0x000000008bf00000, 0x000000008c000000|  0%| F|  |TAMS 0x000000008bf00000, 0x000000008bf00000| Untracked 
| 192|0x000000008c000000, 0x000000008c000000, 0x000000008c100000|  0%| F|  |TAMS 0x000000008c000000, 0x000000008c000000| Untracked 
| 193|0x000000008c100000, 0x000000008c100000, 0x000000008c200000|  0%| F|  |TAMS 0x000000008c100000, 0x000000008c100000| Untracked 
| 194|0x000000008c200000, 0x000000008c200000, 0x000000008c300000|  0%| F|  |TAMS 0x000000008c200000, 0x000000008c200000| Untracked 
| 195|0x000000008c300000, 0x000000008c300000, 0x000000008c400000|  0%| F|  |TAMS 0x000000008c300000, 0x000000008c300000| Untracked 
| 196|0x000000008c400000, 0x000000008c400000, 0x000000008c500000|  0%| F|  |TAMS 0x000000008c400000, 0x000000008c400000| Untracked 
| 197|0x000000008c500000, 0x000000008c500000, 0x000000008c600000|  0%| F|  |TAMS 0x000000008c500000, 0x000000008c500000| Untracked 
| 198|0x000000008c600000, 0x000000008c600000, 0x000000008c700000|  0%| F|  |TAMS 0x000000008c600000, 0x000000008c600000| Untracked 
| 199|0x000000008c700000, 0x000000008c700000, 0x000000008c800000|  0%| F|  |TAMS 0x000000008c700000, 0x000000008c700000| Untracked 
| 200|0x000000008c800000, 0x000000008c800000, 0x000000008c900000|  0%| F|  |TAMS 0x000000008c800000, 0x000000008c800000| Untracked 
| 201|0x000000008c900000, 0x000000008c900000, 0x000000008ca00000|  0%| F|  |TAMS 0x000000008c900000, 0x000000008c900000| Untracked 
| 202|0x000000008ca00000, 0x000000008ca00000, 0x000000008cb00000|  0%| F|  |TAMS 0x000000008ca00000, 0x000000008ca00000| Untracked 
| 203|0x000000008cb00000, 0x000000008cb00000, 0x000000008cc00000|  0%| F|  |TAMS 0x000000008cb00000, 0x000000008cb00000| Untracked 
| 204|0x000000008cc00000, 0x000000008cc00000, 0x000000008cd00000|  0%| F|  |TAMS 0x000000008cc00000, 0x000000008cc00000| Untracked 
| 205|0x000000008cd00000, 0x000000008cd00000, 0x000000008ce00000|  0%| F|  |TAMS 0x000000008cd00000, 0x000000008cd00000| Untracked 
| 206|0x000000008ce00000, 0x000000008ce00000, 0x000000008cf00000|  0%| F|  |TAMS 0x000000008ce00000, 0x000000008ce00000| Untracked 
| 207|0x000000008cf00000, 0x000000008cf00000, 0x000000008d000000|  0%| F|  |TAMS 0x000000008cf00000, 0x000000008cf00000| Untracked 
| 208|0x000000008d000000, 0x000000008d000000, 0x000000008d100000|  0%| F|  |TAMS 0x000000008d000000, 0x000000008d000000| Untracked 
| 209|0x000000008d100000, 0x000000008d100000, 0x000000008d200000|  0%| F|  |TAMS 0x000000008d100000, 0x000000008d100000| Untracked 
| 210|0x000000008d200000, 0x000000008d200000, 0x000000008d300000|  0%| F|  |TAMS 0x000000008d200000, 0x000000008d200000| Untracked 
| 211|0x000000008d300000, 0x000000008d300000, 0x000000008d400000|  0%| F|  |TAMS 0x000000008d300000, 0x000000008d300000| Untracked 
| 212|0x000000008d400000, 0x000000008d400000, 0x000000008d500000|  0%| F|  |TAMS 0x000000008d400000, 0x000000008d400000| Untracked 
| 213|0x000000008d500000, 0x000000008d500000, 0x000000008d600000|  0%| F|  |TAMS 0x000000008d500000, 0x000000008d500000| Untracked 
| 214|0x000000008d600000, 0x000000008d600000, 0x000000008d700000|  0%| F|  |TAMS 0x000000008d600000, 0x000000008d600000| Untracked 
| 215|0x000000008d700000, 0x000000008d700000, 0x000000008d800000|  0%| F|  |TAMS 0x000000008d700000, 0x000000008d700000| Untracked 
| 216|0x000000008d800000, 0x000000008d800000, 0x000000008d900000|  0%| F|  |TAMS 0x000000008d800000, 0x000000008d800000| Untracked 
| 217|0x000000008d900000, 0x000000008d900000, 0x000000008da00000|  0%| F|  |TAMS 0x000000008d900000, 0x000000008d900000| Untracked 
| 218|0x000000008da00000, 0x000000008da00000, 0x000000008db00000|  0%| F|  |TAMS 0x000000008da00000, 0x000000008da00000| Untracked 
| 219|0x000000008db00000, 0x000000008db00000, 0x000000008dc00000|  0%| F|  |TAMS 0x000000008db00000, 0x000000008db00000| Untracked 
| 220|0x000000008dc00000, 0x000000008dc00000, 0x000000008dd00000|  0%| F|  |TAMS 0x000000008dc00000, 0x000000008dc00000| Untracked 
| 221|0x000000008dd00000, 0x000000008dd00000, 0x000000008de00000|  0%| F|  |TAMS 0x000000008dd00000, 0x000000008dd00000| Untracked 
| 222|0x000000008de00000, 0x000000008de00000, 0x000000008df00000|  0%| F|  |TAMS 0x000000008de00000, 0x000000008de00000| Untracked 
| 223|0x000000008df00000, 0x000000008df00000, 0x000000008e000000|  0%| F|  |TAMS 0x000000008df00000, 0x000000008df00000| Untracked 
| 224|0x000000008e000000, 0x000000008e000000, 0x000000008e100000|  0%| F|  |TAMS 0x000000008e000000, 0x000000008e000000| Untracked 
| 225|0x000000008e100000, 0x000000008e100000, 0x000000008e200000|  0%| F|  |TAMS 0x000000008e100000, 0x000000008e100000| Untracked 
| 226|0x000000008e200000, 0x000000008e200000, 0x000000008e300000|  0%| F|  |TAMS 0x000000008e200000, 0x000000008e200000| Untracked 
| 227|0x000000008e300000, 0x000000008e300000, 0x000000008e400000|  0%| F|  |TAMS 0x000000008e300000, 0x000000008e300000| Untracked 
| 228|0x000000008e400000, 0x000000008e400000, 0x000000008e500000|  0%| F|  |TAMS 0x000000008e400000, 0x000000008e400000| Untracked 
| 229|0x000000008e500000, 0x000000008e500000, 0x000000008e600000|  0%| F|  |TAMS 0x000000008e500000, 0x000000008e500000| Untracked 
| 230|0x000000008e600000, 0x000000008e600000, 0x000000008e700000|  0%| F|  |TAMS 0x000000008e600000, 0x000000008e600000| Untracked 
| 231|0x000000008e700000, 0x000000008e700000, 0x000000008e800000|  0%| F|  |TAMS 0x000000008e700000, 0x000000008e700000| Untracked 
| 232|0x000000008e800000, 0x000000008e800000, 0x000000008e900000|  0%| F|  |TAMS 0x000000008e800000, 0x000000008e800000| Untracked 
| 233|0x000000008e900000, 0x000000008e900000, 0x000000008ea00000|  0%| F|  |TAMS 0x000000008e900000, 0x000000008e900000| Untracked 
| 234|0x000000008ea00000, 0x000000008ea00000, 0x000000008eb00000|  0%| F|  |TAMS 0x000000008ea00000, 0x000000008ea00000| Untracked 
| 235|0x000000008eb00000, 0x000000008eb00000, 0x000000008ec00000|  0%| F|  |TAMS 0x000000008eb00000, 0x000000008eb00000| Untracked 
| 236|0x000000008ec00000, 0x000000008ec00000, 0x000000008ed00000|  0%| F|  |TAMS 0x000000008ec00000, 0x000000008ec00000| Untracked 
| 237|0x000000008ed00000, 0x000000008ed00000, 0x000000008ee00000|  0%| F|  |TAMS 0x000000008ed00000, 0x000000008ed00000| Untracked 
| 238|0x000000008ee00000, 0x000000008ee00000, 0x000000008ef00000|  0%| F|  |TAMS 0x000000008ee00000, 0x000000008ee00000| Untracked 
| 239|0x000000008ef00000, 0x000000008ef00000, 0x000000008f000000|  0%| F|  |TAMS 0x000000008ef00000, 0x000000008ef00000| Untracked 
| 240|0x000000008f000000, 0x000000008f000000, 0x000000008f100000|  0%| F|  |TAMS 0x000000008f000000, 0x000000008f000000| Untracked 
| 241|0x000000008f100000, 0x000000008f100000, 0x000000008f200000|  0%| F|  |TAMS 0x000000008f100000, 0x000000008f100000| Untracked 
| 242|0x000000008f200000, 0x000000008f200000, 0x000000008f300000|  0%| F|  |TAMS 0x000000008f200000, 0x000000008f200000| Untracked 
| 243|0x000000008f300000, 0x000000008f300000, 0x000000008f400000|  0%| F|  |TAMS 0x000000008f300000, 0x000000008f300000| Untracked 
| 244|0x000000008f400000, 0x000000008f400000, 0x000000008f500000|  0%| F|  |TAMS 0x000000008f400000, 0x000000008f400000| Untracked 
| 245|0x000000008f500000, 0x000000008f500000, 0x000000008f600000|  0%| F|  |TAMS 0x000000008f500000, 0x000000008f500000| Untracked 
| 246|0x000000008f600000, 0x000000008f684e60, 0x000000008f700000| 51%| S|CS|TAMS 0x000000008f600000, 0x000000008f600000| Complete 
| 247|0x000000008f700000, 0x000000008f800000, 0x000000008f800000|100%| S|CS|TAMS 0x000000008f700000, 0x000000008f700000| Complete 
| 248|0x000000008f800000, 0x000000008f900000, 0x000000008f900000|100%| S|CS|TAMS 0x000000008f800000, 0x000000008f800000| Complete 
| 249|0x000000008f900000, 0x000000008f900000, 0x000000008fa00000|  0%| F|  |TAMS 0x000000008f900000, 0x000000008f900000| Untracked 
| 250|0x000000008fa00000, 0x000000008fa00000, 0x000000008fb00000|  0%| F|  |TAMS 0x000000008fa00000, 0x000000008fa00000| Untracked 
| 251|0x000000008fb00000, 0x000000008fb00000, 0x000000008fc00000|  0%| F|  |TAMS 0x000000008fb00000, 0x000000008fb00000| Untracked 
| 252|0x000000008fc00000, 0x000000008fd00000, 0x000000008fd00000|100%| E|  |TAMS 0x000000008fc00000, 0x000000008fc00000| Complete 
| 253|0x000000008fd00000, 0x000000008fe00000, 0x000000008fe00000|100%| E|CS|TAMS 0x000000008fd00000, 0x000000008fd00000| Complete 
| 254|0x000000008fe00000, 0x000000008ff00000, 0x000000008ff00000|100%| E|  |TAMS 0x000000008fe00000, 0x000000008fe00000| Complete 

Card table byte_map: [0x000001e77e790000,0x000001e77eb90000] _byte_map_base: 0x000001e77e390000

Marking Bits (Prev, Next): (CMBitMap*) 0x000001e76bc043a0, (CMBitMap*) 0x000001e76bc04360
 Prev Bits: [0x000001e702000000, 0x000001e704000000)
 Next Bits: [0x000001e700000000, 0x000001e702000000)

Polling page: 0x000001e769b10000

Metaspace:

Usage:
  Non-class:     70.32 MB used.
      Class:     11.13 MB used.
       Both:     81.45 MB used.

Virtual space:
  Non-class space:       72.00 MB reserved,      70.75 MB ( 98%) committed,  9 nodes.
      Class space:        1.00 GB reserved,      11.44 MB (  1%) committed,  1 nodes.
             Both:        1.07 GB reserved,      82.19 MB (  7%) committed. 

Chunk freelists:
   Non-Class:  608.00 KB
       Class:  577.00 KB
        Both:  1.16 MB

MaxMetaspaceSize: unlimited
CompressedClassSpaceSize: 1.00 GB
Initial GC threshold: 21.00 MB
Current GC threshold: 136.81 MB
CDS: off
MetaspaceReclaimPolicy: balanced
 - commit_granule_bytes: 65536.
 - commit_granule_words: 8192.
 - virtual_space_node_default_size: 1048576.
 - enlarge_chunks_in_place: 1.
 - new_chunks_are_fully_committed: 0.
 - uncommit_free_chunks: 1.
 - use_allocation_guard: 0.
 - handle_deallocations: 1.


Internal statistics:

num_allocs_failed_limit: 3.
num_arena_births: 814.
num_arena_deaths: 4.
num_vsnodes_births: 10.
num_vsnodes_deaths: 0.
num_space_committed: 1315.
num_space_uncommitted: 0.
num_chunks_returned_to_freelist: 11.
num_chunks_taken_from_freelist: 3807.
num_chunk_merges: 3.
num_chunk_splits: 2508.
num_chunks_enlarged: 1699.
num_purges: 4.
num_inconsistent_stats: 0.

CodeHeap 'non-profiled nmethods': size=120000Kb used=4953Kb max_used=4953Kb free=115046Kb
 bounds [0x000001e776b30000, 0x000001e777010000, 0x000001e77e060000]
CodeHeap 'profiled nmethods': size=120000Kb used=16145Kb max_used=16145Kb free=103854Kb
 bounds [0x000001e76f060000, 0x000001e770030000, 0x000001e776590000]
CodeHeap 'non-nmethods': size=5760Kb used=2376Kb max_used=2425Kb free=3383Kb
 bounds [0x000001e776590000, 0x000001e776800000, 0x000001e776b30000]
 total_blobs=9066 nmethods=8156 adapters=822
 compilation: enabled
              stopped_count=0, restarted_count=0
 full_count=0

Compilation events (20 events):
Event: 16.880 Thread 0x000001e77fa56ee0 nmethod 9064 0x000001e777005d90 code [0x000001e777005f20, 0x000001e777005ff8]
Event: 16.886 Thread 0x000001e77fa56ee0 9065       3       jdk.internal.reflect.ClassFileAssembler::emitConstantPoolClass (23 bytes)
Event: 16.887 Thread 0x000001e77fa56ee0 nmethod 9065 0x000001e770020190 code [0x000001e770020380, 0x000001e7700207c8]
Event: 16.890 Thread 0x000001e77fa56ee0 9066       1       java.io.ObjectStreamClass::getPrimDataSize (5 bytes)
Event: 16.890 Thread 0x000001e77fa56ee0 nmethod 9066 0x000001e777006090 code [0x000001e777006220, 0x000001e7770062f8]
Event: 16.890 Thread 0x000001e77fa56ee0 9067       1       java.io.ObjectStreamClass::getNumObjFields (5 bytes)
Event: 16.890 Thread 0x000001e77fa56ee0 nmethod 9067 0x000001e777006390 code [0x000001e777006520, 0x000001e7770065f8]
Event: 16.891 Thread 0x000001e77fa56ee0 9068   !   3       jdk.internal.misc.ScopedMemoryAccess::copyMemory (31 bytes)
Event: 16.892 Thread 0x000001e77fa56ee0 nmethod 9068 0x000001e770020a10 code [0x000001e770020c20, 0x000001e7700212b8]
Event: 16.892 Thread 0x000001e77fa56ee0 9069   !   3       jdk.internal.misc.ScopedMemoryAccess::copyMemoryInternal (60 bytes)
Event: 16.892 Thread 0x000001e77fa56ee0 nmethod 9069 0x000001e770021690 code [0x000001e770021880, 0x000001e770021da8]
Event: 16.892 Thread 0x000001e77fa56ee0 9070       3       java.io.ObjectStreamField::getTypeCode (9 bytes)
Event: 16.893 Thread 0x000001e77fa56ee0 nmethod 9070 0x000001e770022090 code [0x000001e7700222a0, 0x000001e770022888]
Event: 16.894 Thread 0x000001e77fa56ee0 9071       3       org.gradle.internal.io.StreamByteBuffer$StreamByteBufferOutputStream::write (115 bytes)
Event: 16.895 Thread 0x000001e77fa56ee0 nmethod 9071 0x000001e770022b10 code [0x000001e770022d20, 0x000001e7700233d8]
Event: 16.895 Thread 0x000001e77fa56ee0 9072       3       org.gradle.internal.io.StreamByteBuffer$StreamByteBufferChunk::write (25 bytes)
Event: 16.895 Thread 0x000001e77fa56ee0 nmethod 9072 0x000001e770023690 code [0x000001e770023840, 0x000001e770023a28]
Event: 16.896 Thread 0x000001e77fa56ee0 9073       3       jdk.internal.reflect.ClassFileAssembler::opc_sipush (16 bytes)
Event: 16.897 Thread 0x000001e77fa56ee0 nmethod 9073 0x000001e770023b10 code [0x000001e770023d20, 0x000001e770024268]
Event: 16.897 Thread 0x000001e77fa56ee0 9075       3       jdk.internal.reflect.AccessorGenerator::emitMethod (276 bytes)

GC Heap History (20 events):
Event: 12.619 GC heap before
{Heap before GC invocations=37 (full 0):
 garbage-first heap   total 218112K, used 120197K [0x0000000080000000, 0x0000000100000000)
  region size 1024K, 10 young (10240K), 6 survivors (6144K)
 Metaspace       used 65418K, committed 66048K, reserved 1114112K
  class space    used 8751K, committed 9024K, reserved 1048576K
}
Event: 12.623 GC heap after
{Heap after GC invocations=38 (full 0):
 garbage-first heap   total 218112K, used 115608K [0x0000000080000000, 0x0000000100000000)
  region size 1024K, 1 young (1024K), 1 survivors (1024K)
 Metaspace       used 65418K, committed 66048K, reserved 1114112K
  class space    used 8751K, committed 9024K, reserved 1048576K
}
Event: 13.508 GC heap before
{Heap before GC invocations=38 (full 0):
 garbage-first heap   total 218112K, used 161688K [0x0000000080000000, 0x0000000100000000)
  region size 1024K, 40 young (40960K), 1 survivors (1024K)
 Metaspace       used 70375K, committed 71104K, reserved 1114112K
  class space    used 9424K, committed 9728K, reserved 1048576K
}
Event: 13.513 GC heap after
{Heap after GC invocations=39 (full 0):
 garbage-first heap   total 218112K, used 119427K [0x0000000080000000, 0x0000000100000000)
  region size 1024K, 5 young (5120K), 5 survivors (5120K)
 Metaspace       used 70375K, committed 71104K, reserved 1114112K
  class space    used 9424K, committed 9728K, reserved 1048576K
}
Event: 14.294 GC heap before
{Heap before GC invocations=39 (full 0):
 garbage-first heap   total 218112K, used 158339K [0x0000000080000000, 0x0000000100000000)
  region size 1024K, 44 young (45056K), 5 survivors (5120K)
 Metaspace       used 74156K, committed 74816K, reserved 1122304K
  class space    used 9889K, committed 10176K, reserved 1048576K
}
Event: 14.301 GC heap after
{Heap after GC invocations=40 (full 0):
 garbage-first heap   total 218112K, used 122630K [0x0000000080000000, 0x0000000100000000)
  region size 1024K, 4 young (4096K), 4 survivors (4096K)
 Metaspace       used 74156K, committed 74816K, reserved 1122304K
  class space    used 9889K, committed 10176K, reserved 1048576K
}
Event: 14.883 GC heap before
{Heap before GC invocations=41 (full 0):
 garbage-first heap   total 218112K, used 165638K [0x0000000080000000, 0x0000000100000000)
  region size 1024K, 45 young (46080K), 4 survivors (4096K)
 Metaspace       used 75307K, committed 75968K, reserved 1122304K
  class space    used 10061K, committed 10304K, reserved 1048576K
}
Event: 14.887 GC heap after
{Heap after GC invocations=42 (full 0):
 garbage-first heap   total 218112K, used 123766K [0x0000000080000000, 0x0000000100000000)
  region size 1024K, 5 young (5120K), 5 survivors (5120K)
 Metaspace       used 75307K, committed 75968K, reserved 1122304K
  class space    used 10061K, committed 10304K, reserved 1048576K
}
Event: 14.924 GC heap before
{Heap before GC invocations=42 (full 0):
 garbage-first heap   total 218112K, used 128886K [0x0000000080000000, 0x0000000100000000)
  region size 1024K, 10 young (10240K), 5 survivors (5120K)
 Metaspace       used 75307K, committed 75968K, reserved 1122304K
  class space    used 10061K, committed 10304K, reserved 1048576K
}
Event: 14.927 GC heap after
{Heap after GC invocations=43 (full 0):
 garbage-first heap   total 218112K, used 124158K [0x0000000080000000, 0x0000000100000000)
  region size 1024K, 1 young (1024K), 1 survivors (1024K)
 Metaspace       used 75307K, committed 75968K, reserved 1122304K
  class space    used 10061K, committed 10304K, reserved 1048576K
}
Event: 15.546 GC heap before
{Heap before GC invocations=43 (full 0):
 garbage-first heap   total 218112K, used 170238K [0x0000000080000000, 0x0000000100000000)
  region size 1024K, 46 young (47104K), 1 survivors (1024K)
 Metaspace       used 77965K, committed 78592K, reserved 1122304K
  class space    used 10496K, committed 10752K, reserved 1048576K
}
Event: 15.551 GC heap after
{Heap after GC invocations=44 (full 0):
 garbage-first heap   total 218112K, used 127138K [0x0000000080000000, 0x0000000100000000)
  region size 1024K, 4 young (4096K), 4 survivors (4096K)
 Metaspace       used 77965K, committed 78592K, reserved 1122304K
  class space    used 10496K, committed 10752K, reserved 1048576K
}
Event: 16.217 GC heap before
{Heap before GC invocations=44 (full 0):
 garbage-first heap   total 218112K, used 172194K [0x0000000080000000, 0x0000000100000000)
  region size 1024K, 48 young (49152K), 4 survivors (4096K)
 Metaspace       used 81419K, committed 82048K, reserved 1122304K
  class space    used 11122K, committed 11392K, reserved 1048576K
}
Event: 16.224 GC heap after
{Heap after GC invocations=45 (full 0):
 garbage-first heap   total 218112K, used 130874K [0x0000000080000000, 0x0000000100000000)
  region size 1024K, 4 young (4096K), 4 survivors (4096K)
 Metaspace       used 81419K, committed 82048K, reserved 1122304K
  class space    used 11122K, committed 11392K, reserved 1048576K
}
Event: 16.692 GC heap before
{Heap before GC invocations=45 (full 0):
 garbage-first heap   total 218112K, used 156474K [0x0000000080000000, 0x0000000100000000)
  region size 1024K, 30 young (30720K), 4 survivors (4096K)
 Metaspace       used 83249K, committed 84032K, reserved 1122304K
  class space    used 11375K, committed 11712K, reserved 1048576K
}
Event: 16.698 GC heap after
{Heap after GC invocations=46 (full 0):
 garbage-first heap   total 218112K, used 133449K [0x0000000080000000, 0x0000000100000000)
  region size 1024K, 3 young (3072K), 3 survivors (3072K)
 Metaspace       used 83249K, committed 84032K, reserved 1122304K
  class space    used 11375K, committed 11712K, reserved 1048576K
}
Event: 16.809 GC heap before
{Heap before GC invocations=47 (full 0):
 garbage-first heap   total 261120K, used 157001K [0x0000000080000000, 0x0000000100000000)
  region size 1024K, 6 young (6144K), 3 survivors (3072K)
 Metaspace       used 83216K, committed 84032K, reserved 1122304K
  class space    used 11366K, committed 11712K, reserved 1048576K
}
Event: 16.814 GC heap after
{Heap after GC invocations=48 (full 0):
 garbage-first heap   total 261120K, used 158216K [0x0000000080000000, 0x0000000100000000)
  region size 1024K, 5 young (5120K), 5 survivors (5120K)
 Metaspace       used 83216K, committed 84032K, reserved 1122304K
  class space    used 11366K, committed 11712K, reserved 1048576K
}
Event: 16.822 GC heap before
{Heap before GC invocations=48 (full 0):
 garbage-first heap   total 261120K, used 164360K [0x0000000080000000, 0x0000000100000000)
  region size 1024K, 6 young (6144K), 5 survivors (5120K)
 Metaspace       used 83216K, committed 84032K, reserved 1122304K
  class space    used 11366K, committed 11712K, reserved 1048576K
}
Event: 16.825 GC heap after
{Heap after GC invocations=49 (full 0):
 garbage-first heap   total 261120K, used 164432K [0x0000000080000000, 0x0000000100000000)
  region size 1024K, 3 young (3072K), 3 survivors (3072K)
 Metaspace       used 83216K, committed 84032K, reserved 1122304K
  class space    used 11366K, committed 11712K, reserved 1048576K
}

Dll operation events (2 events):
Event: 0.020 Loaded shared library C:\Program Files\Android\Android Studio1\jbr\bin\java.dll
Event: 0.664 Loaded shared library C:\Program Files\Android\Android Studio1\jbr\bin\verify.dll

Deoptimization events (20 events):
Event: 16.497 Thread 0x000001e7090bb500 Uncommon trap: trap_request=0xffffff45 fr.pc=0x000001e776e00b24 relative=0x00000000000001e4
Event: 16.497 Thread 0x000001e7090bb500 Uncommon trap: reason=unstable_if action=reinterpret pc=0x000001e776e00b24 method=com.esotericsoftware.kryo.io.Input.readVarInt(Z)I @ 42 c2
Event: 16.497 Thread 0x000001e7090bb500 DEOPT PACKING pc=0x000001e776e00b24 sp=0x000000a283ef86a0
Event: 16.497 Thread 0x000001e7090bb500 DEOPT UNPACKING pc=0x000001e7765e69a3 sp=0x000000a283ef8648 mode 2
Event: 16.515 Thread 0x000001e7090bb500 Uncommon trap: trap_request=0xfffffff4 fr.pc=0x000001e776de8790 relative=0x0000000000000730
Event: 16.515 Thread 0x000001e7090bb500 Uncommon trap: reason=null_check action=make_not_entrant pc=0x000001e776de8790 method=org.gradle.util.internal.SimpleMapInterner.intern(Ljava/lang/Object;)Ljava/lang/Object; @ 2 c2
Event: 16.515 Thread 0x000001e7090bb500 DEOPT PACKING pc=0x000001e776de8790 sp=0x000000a283ef8ab0
Event: 16.515 Thread 0x000001e7090bb500 DEOPT UNPACKING pc=0x000001e7765e69a3 sp=0x000000a283ef8a78 mode 2
Event: 16.515 Thread 0x000001e7090bb500 Uncommon trap: trap_request=0xffffff45 fr.pc=0x000001e776df51fc relative=0x000000000000071c
Event: 16.515 Thread 0x000001e7090bb500 Uncommon trap: reason=unstable_if action=reinterpret pc=0x000001e776df51fc method=org.gradle.util.internal.SimpleMapInterner.intern(Ljava/lang/String;)Ljava/lang/String; @ 1 c2
Event: 16.515 Thread 0x000001e7090bb500 DEOPT PACKING pc=0x000001e776df51fc sp=0x000000a283ef8a40
Event: 16.515 Thread 0x000001e7090bb500 DEOPT UNPACKING pc=0x000001e7765e69a3 sp=0x000000a283ef8a08 mode 2
Event: 16.589 Thread 0x000001e7090bb500 Uncommon trap: trap_request=0xffffff45 fr.pc=0x000001e776cb5aac relative=0x000000000000076c
Event: 16.590 Thread 0x000001e7090bb500 Uncommon trap: reason=unstable_if action=reinterpret pc=0x000001e776cb5aac method=java.lang.Integer.stringSize(I)I @ 3 c2
Event: 16.590 Thread 0x000001e7090bb500 DEOPT PACKING pc=0x000001e776cb5aac sp=0x000000a283efc890
Event: 16.590 Thread 0x000001e7090bb500 DEOPT UNPACKING pc=0x000001e7765e69a3 sp=0x000000a283efc7e0 mode 2
Event: 16.632 Thread 0x000001e7090bb500 Uncommon trap: trap_request=0xffffff45 fr.pc=0x000001e776c65270 relative=0x0000000000001190
Event: 16.632 Thread 0x000001e7090bb500 Uncommon trap: reason=unstable_if action=reinterpret pc=0x000001e776c65270 method=jdk.internal.org.objectweb.asm.Frame.getAbstractTypeFromDescriptor(Ljdk/internal/org/objectweb/asm/SymbolTable;Ljava/lang/String;I)I @ 189 c2
Event: 16.632 Thread 0x000001e7090bb500 DEOPT PACKING pc=0x000001e776c65270 sp=0x000000a283efbee0
Event: 16.632 Thread 0x000001e7090bb500 DEOPT UNPACKING pc=0x000001e7765e69a3 sp=0x000000a283efbea0 mode 2

Classes unloaded (10 events):
Event: 14.370 Thread 0x000001e77f9f8940 Unloading class 0x0000000100828560 '_BuildScript_$_run_closure1'
Event: 14.370 Thread 0x000001e77f9f8940 Unloading class 0x0000000100828000 '_BuildScript_'
Event: 16.761 Thread 0x000001e77f9f8940 Unloading class 0x0000000100a13040 '_BuildScript_$_run_closure2'
Event: 16.761 Thread 0x000001e77f9f8940 Unloading class 0x0000000100a12c30 '_BuildScript_$_run_closure1$_closure6'
Event: 16.761 Thread 0x000001e77f9f8940 Unloading class 0x0000000100a12820 '_BuildScript_$_run_closure1$_closure5'
Event: 16.761 Thread 0x000001e77f9f8940 Unloading class 0x0000000100a12410 '_BuildScript_$_run_closure1$_closure4$_closure7'
Event: 16.761 Thread 0x000001e77f9f8940 Unloading class 0x0000000100a12000 '_BuildScript_$_run_closure1$_closure4'
Event: 16.761 Thread 0x000001e77f9f8940 Unloading class 0x0000000100a11970 '_BuildScript_$_run_closure1$_closure3'
Event: 16.761 Thread 0x000001e77f9f8940 Unloading class 0x0000000100a11560 '_BuildScript_$_run_closure1'
Event: 16.761 Thread 0x000001e77f9f8940 Unloading class 0x0000000100a11000 '_BuildScript_'

Classes redefined (0 events):
No events

Internal exceptions (20 events):
Event: 16.326 Thread 0x000001e7090bb500 Exception <a 'java/lang/ClassNotFoundException'{0x000000008cdea3e0}: org/gradle/api/internal/artifacts/configurations/DefaultConfigurationContainer_DecoratedBeanInfo> (0x000000008cdea3e0) 
thrown [s\src\hotspot\share\classfile\systemDictionary.cpp, line 256]
Event: 16.327 Thread 0x000001e7090bb500 Exception <a 'java/lang/ClassNotFoundException'{0x000000008cdf89b8}: org/gradle/api/internal/artifacts/configurations/DefaultConfigurationContainerBeanInfo> (0x000000008cdf89b8) 
thrown [s\src\hotspot\share\classfile\systemDictionary.cpp, line 256]
Event: 16.327 Thread 0x000001e7090bb500 Exception <a 'java/lang/ClassNotFoundException'{0x000000008cc04908}: org/gradle/api/internal/AbstractValidatingNamedDomainObjectContainerBeanInfo> (0x000000008cc04908) 
thrown [s\src\hotspot\share\classfile\systemDictionary.cpp, line 256]
Event: 16.328 Thread 0x000001e7090bb500 Exception <a 'java/lang/ClassNotFoundException'{0x000000008cc10250}: org/gradle/api/internal/AbstractValidatingNamedDomainObjectContainerCustomizer> (0x000000008cc10250) 
thrown [s\src\hotspot\share\classfile\systemDictionary.cpp, line 256]
Event: 16.329 Thread 0x000001e7090bb500 Exception <a 'java/lang/ClassNotFoundException'{0x000000008cc29788}: org/gradle/api/internal/artifacts/configurations/DefaultConfigurationContainerCustomizer> (0x000000008cc29788) 
thrown [s\src\hotspot\share\classfile\systemDictionary.cpp, line 256]
Event: 16.330 Thread 0x000001e7090bb500 Exception <a 'java/lang/ClassNotFoundException'{0x000000008cc4bec8}: org/gradle/api/internal/artifacts/configurations/DefaultConfigurationContainer_DecoratedCustomizer> (0x000000008cc4bec8) 
thrown [s\src\hotspot\share\classfile\systemDictionary.cpp, line 256]
Event: 16.340 Thread 0x000001e7090bb500 Exception <a 'java/lang/ClassNotFoundException'{0x000000008cac38b0}: org/gradle/api/internal/artifacts/configurations/DefaultConfiguration_DecoratedBeanInfo> (0x000000008cac38b0) 
thrown [s\src\hotspot\share\classfile\systemDictionary.cpp, line 256]
Event: 16.341 Thread 0x000001e7090bb500 Exception <a 'java/lang/ClassNotFoundException'{0x000000008cad3278}: org/gradle/api/internal/artifacts/configurations/DefaultConfigurationBeanInfo> (0x000000008cad3278) 
thrown [s\src\hotspot\share\classfile\systemDictionary.cpp, line 256]
Event: 16.341 Thread 0x000001e7090bb500 Exception <a 'java/lang/ClassNotFoundException'{0x000000008cadfe80}: org/gradle/api/internal/file/AbstractFileCollectionBeanInfo> (0x000000008cadfe80) 
thrown [s\src\hotspot\share\classfile\systemDictionary.cpp, line 256]
Event: 16.342 Thread 0x000001e7090bb500 Exception <a 'java/lang/ClassNotFoundException'{0x000000008caeca58}: org/gradle/api/internal/file/AbstractFileCollectionCustomizer> (0x000000008caeca58) 
thrown [s\src\hotspot\share\classfile\systemDictionary.cpp, line 256]
Event: 16.343 Thread 0x000001e7090bb500 Exception <a 'java/lang/ClassNotFoundException'{0x000000008c90ecd0}: org/gradle/api/internal/artifacts/configurations/DefaultConfigurationCustomizer> (0x000000008c90ecd0) 
thrown [s\src\hotspot\share\classfile\systemDictionary.cpp, line 256]
Event: 16.346 Thread 0x000001e7090bb500 Exception <a 'java/lang/ClassNotFoundException'{0x000000008c97b7a8}: org/gradle/api/internal/artifacts/configurations/DefaultConfiguration_DecoratedCustomizer> (0x000000008c97b7a8) 
thrown [s\src\hotspot\share\classfile\systemDictionary.cpp, line 256]
Event: 16.358 Thread 0x000001e7090bb500 Exception <a 'java/lang/ClassNotFoundException'{0x000000008c7fce40}: org/codehaus/groovy/runtime/MethodClosureBeanInfo> (0x000000008c7fce40) 
thrown [s\src\hotspot\share\classfile\systemDictionary.cpp, line 256]
Event: 16.363 Thread 0x000001e7090bb500 Exception <a 'java/lang/ClassNotFoundException'{0x000000008c5ca3a8}: org/codehaus/groovy/runtime/MethodClosureCustomizer> (0x000000008c5ca3a8) 
thrown [s\src\hotspot\share\classfile\systemDictionary.cpp, line 256]
Event: 16.369 Thread 0x000001e7090bb500 Exception <a 'java/lang/ClassNotFoundException'{0x000000008c4012d0}: org/gradle/api/internal/artifacts/configurations/DefaultConfiguration$ConfigurationResolvableDependencies_DecoratedBeanInfo> (0x000000008c4012d0) 
thrown [s\src\hotspot\share\classfile\systemDictionary.cpp, line 256]
Event: 16.371 Thread 0x000001e7090bb500 Exception <a 'java/lang/ClassNotFoundException'{0x000000008c4112b0}: org/gradle/api/internal/artifacts/configurations/DefaultConfiguration$ConfigurationResolvableDependenciesBeanInfo> (0x000000008c4112b0) 
thrown [s\src\hotspot\share\classfile\systemDictionary.cpp, line 256]
Event: 16.373 Thread 0x000001e7090bb500 Exception <a 'java/lang/ClassNotFoundException'{0x000000008c421278}: org/gradle/api/internal/artifacts/configurations/DefaultConfiguration$ConfigurationResolvableDependenciesCustomizer> (0x000000008c421278) 
thrown [s\src\hotspot\share\classfile\systemDictionary.cpp, line 256]
Event: 16.375 Thread 0x000001e7090bb500 Exception <a 'java/lang/ClassNotFoundException'{0x000000008c4410e0}: org/gradle/api/internal/artifacts/configurations/DefaultConfiguration$ConfigurationResolvableDependencies_DecoratedCustomizer> (0x000000008c4410e0) 
thrown [s\src\hotspot\share\classfile\systemDictionary.cpp, line 256]
Event: 16.515 Thread 0x000001e7090bb500 Implicit null exception at 0x000001e776de8092 to 0x000001e776de8780
Event: 16.515 Thread 0x000001e7090bb500 Implicit null exception at 0x000001e776df4b14 to 0x000001e776df51e4

VM Operations (20 events):
Event: 15.164 Executing VM operation: HandshakeAllThreads done
Event: 15.546 Executing VM operation: G1CollectForAllocation
Event: 15.551 Executing VM operation: G1CollectForAllocation done
Event: 16.103 Executing VM operation: ICBufferFull
Event: 16.104 Executing VM operation: ICBufferFull done
Event: 16.185 Executing VM operation: HandshakeAllThreads
Event: 16.185 Executing VM operation: HandshakeAllThreads done
Event: 16.217 Executing VM operation: G1CollectForAllocation
Event: 16.224 Executing VM operation: G1CollectForAllocation done
Event: 16.692 Executing VM operation: G1TryInitiateConcMark
Event: 16.698 Executing VM operation: G1TryInitiateConcMark done
Event: 16.760 Executing VM operation: G1Concurrent
Event: 16.768 Executing VM operation: G1Concurrent done
Event: 16.801 Executing VM operation: G1Concurrent
Event: 16.801 Executing VM operation: G1Concurrent done
Event: 16.809 Executing VM operation: G1TryInitiateConcMark
Event: 16.814 Executing VM operation: G1TryInitiateConcMark done
Event: 16.822 Executing VM operation: G1TryInitiateConcMark
Event: 16.825 Executing VM operation: G1TryInitiateConcMark done
Event: 16.897 Executing VM operation: G1Concurrent

Events (20 events):
Event: 16.882 loading class java/io/ObjectOutputStream$HandleTable
Event: 16.882 loading class java/io/ObjectOutputStream$HandleTable done
Event: 16.882 loading class java/io/ObjectOutputStream$ReplaceTable
Event: 16.882 loading class java/io/ObjectOutputStream$ReplaceTable done
Event: 16.893 loading class java/util/function/ToDoubleBiFunction
Event: 16.893 loading class java/util/function/ToDoubleBiFunction done
Event: 16.893 loading class java/util/function/DoubleBinaryOperator
Event: 16.893 loading class java/util/function/DoubleBinaryOperator done
Event: 16.893 loading class java/util/function/ToLongBiFunction
Event: 16.893 loading class java/util/function/ToLongBiFunction done
Event: 16.893 loading class java/util/function/LongBinaryOperator
Event: 16.893 loading class java/util/function/LongBinaryOperator done
Event: 16.893 loading class java/util/function/ToIntBiFunction
Event: 16.893 loading class java/util/function/ToIntBiFunction done
Event: 16.893 loading class java/util/function/IntBinaryOperator
Event: 16.893 loading class java/util/function/IntBinaryOperator done
Event: 16.894 loading class java/io/ObjectOutputStream$PutFieldImpl
Event: 16.894 loading class java/io/ObjectOutputStream$PutField
Event: 16.894 loading class java/io/ObjectOutputStream$PutField done
Event: 16.894 loading class java/io/ObjectOutputStream$PutFieldImpl done


Dynamic libraries:
0x00007ff74c690000 - 0x00007ff74c69a000 	C:\Program Files\Android\Android Studio1\jbr\bin\java.exe
0x00007ffe2f2b0000 - 0x00007ffe2f4c4000 	C:\WINDOWS\SYSTEM32\ntdll.dll
0x00007ffe2d380000 - 0x00007ffe2d443000 	C:\WINDOWS\System32\KERNEL32.DLL
0x00007ffe2c950000 - 0x00007ffe2ccec000 	C:\WINDOWS\System32\KERNELBASE.dll
0x00007ffe29b40000 - 0x00007ffe29bd7000 	C:\WINDOWS\SYSTEM32\apphelp.dll
0x00007ffe2c6f0000 - 0x00007ffe2c801000 	C:\WINDOWS\System32\ucrtbase.dll
0x00007ffe189e0000 - 0x00007ffe189f7000 	C:\Program Files\Android\Android Studio1\jbr\bin\jli.dll
0x00007ffe18740000 - 0x00007ffe1875b000 	C:\Program Files\Android\Android Studio1\jbr\bin\VCRUNTIME140.dll
0x00007ffe2efa0000 - 0x00007ffe2f14d000 	C:\WINDOWS\System32\USER32.dll
0x00007ffe2c920000 - 0x00007ffe2c946000 	C:\WINDOWS\System32\win32u.dll
0x00007ffe140b0000 - 0x00007ffe1433e000 	C:\WINDOWS\WinSxS\amd64_microsoft.windows.common-controls_6595b64144ccf1df_6.0.22621.436_none_a94247dbc10d8414\COMCTL32.dll
0x00007ffe2eb30000 - 0x00007ffe2ebd7000 	C:\WINDOWS\System32\msvcrt.dll
0x00007ffe2e980000 - 0x00007ffe2e9a9000 	C:\WINDOWS\System32\GDI32.dll
0x00007ffe2ccf0000 - 0x00007ffe2ce02000 	C:\WINDOWS\System32\gdi32full.dll
0x00007ffe2c810000 - 0x00007ffe2c8aa000 	C:\WINDOWS\System32\msvcp_win.dll
0x00007ffe2f150000 - 0x00007ffe2f182000 	C:\WINDOWS\System32\IMM32.DLL
0x00007ffe24090000 - 0x00007ffe2409c000 	C:\Program Files\Android\Android Studio1\jbr\bin\vcruntime140_1.dll
0x00007ffdf2b30000 - 0x00007ffdf2bbd000 	C:\Program Files\Android\Android Studio1\jbr\bin\msvcp140.dll
0x00007ffdd7dc0000 - 0x00007ffdd8a2d000 	C:\Program Files\Android\Android Studio1\jbr\bin\server\jvm.dll
0x00007ffe2e450000 - 0x00007ffe2e4fe000 	C:\WINDOWS\System32\ADVAPI32.dll
0x00007ffe2ec30000 - 0x00007ffe2ecd4000 	C:\WINDOWS\System32\sechost.dll
0x00007ffe2e9b0000 - 0x00007ffe2eac5000 	C:\WINDOWS\System32\RPCRT4.dll
0x00007ffe25e60000 - 0x00007ffe25e69000 	C:\WINDOWS\SYSTEM32\WSOCK32.dll
0x00007ffe2db00000 - 0x00007ffe2db71000 	C:\WINDOWS\System32\WS2_32.dll
0x00007ffe25da0000 - 0x00007ffe25dd4000 	C:\WINDOWS\SYSTEM32\WINMM.dll
0x00007ffe255e0000 - 0x00007ffe255ea000 	C:\WINDOWS\SYSTEM32\VERSION.dll
0x00007ffe2b740000 - 0x00007ffe2b758000 	C:\WINDOWS\SYSTEM32\kernel.appcore.dll
0x00007ffe240c0000 - 0x00007ffe240ca000 	C:\Program Files\Android\Android Studio1\jbr\bin\jimage.dll
0x00007ffe20940000 - 0x00007ffe20b6e000 	C:\WINDOWS\SYSTEM32\DBGHELP.DLL
0x00007ffe2d540000 - 0x00007ffe2d8ca000 	C:\WINDOWS\System32\combase.dll
0x00007ffe2f190000 - 0x00007ffe2f267000 	C:\WINDOWS\System32\OLEAUT32.dll
0x00007ffe1e180000 - 0x00007ffe1e1b2000 	C:\WINDOWS\SYSTEM32\dbgcore.DLL
0x00007ffe2cf80000 - 0x00007ffe2cffb000 	C:\WINDOWS\System32\bcryptPrimitives.dll
0x00007ffe0af90000 - 0x00007ffe0afb5000 	C:\Program Files\Android\Android Studio1\jbr\bin\java.dll
0x00007ffe0af70000 - 0x00007ffe0af88000 	C:\Program Files\Android\Android Studio1\jbr\bin\zip.dll
0x00007ffe2dc00000 - 0x00007ffe2e3ef000 	C:\WINDOWS\System32\SHELL32.dll
0x00007ffe2a710000 - 0x00007ffe2afdc000 	C:\WINDOWS\SYSTEM32\windows.storage.dll
0x00007ffe2a5d0000 - 0x00007ffe2a70e000 	C:\WINDOWS\SYSTEM32\wintypes.dll
0x00007ffe2ece0000 - 0x00007ffe2edd1000 	C:\WINDOWS\System32\SHCORE.dll
0x00007ffe2d450000 - 0x00007ffe2d4ae000 	C:\WINDOWS\System32\shlwapi.dll
0x00007ffe2c620000 - 0x00007ffe2c641000 	C:\WINDOWS\SYSTEM32\profapi.dll
0x00007ffe0ae60000 - 0x00007ffe0ae79000 	C:\Program Files\Android\Android Studio1\jbr\bin\net.dll
0x00007ffe265c0000 - 0x00007ffe266ef000 	C:\WINDOWS\SYSTEM32\WINHTTP.dll
0x00007ffe2bbb0000 - 0x00007ffe2bc19000 	C:\WINDOWS\system32\mswsock.dll
0x00007ffe03380000 - 0x00007ffe03396000 	C:\Program Files\Android\Android Studio1\jbr\bin\nio.dll
0x00007ffe186a0000 - 0x00007ffe186b0000 	C:\Program Files\Android\Android Studio1\jbr\bin\verify.dll
0x00007ffe0f280000 - 0x00007ffe0f2a7000 	C:\Users\Aishwary Kumar Rai\.gradle\native\68d5fa5c4cc2d200863cafc0d521ce42e7d3e7ee720ec0a83991735586a16f82\windows-amd64\native-platform.dll
0x00007ffdf0fb0000 - 0x00007ffdf10f4000 	C:\Users\Aishwary Kumar Rai\.gradle\native\e376f236ea51e6404a007f0833ffe2c6e607c4080706a723a18a27aeea778392\windows-amd64\native-platform-file-events.dll
0x00007ffe23880000 - 0x00007ffe23889000 	C:\Program Files\Android\Android Studio1\jbr\bin\management.dll
0x00007ffe21a70000 - 0x00007ffe21a7b000 	C:\Program Files\Android\Android Studio1\jbr\bin\management_ext.dll
0x00007ffe2d8d0000 - 0x00007ffe2d8d8000 	C:\WINDOWS\System32\PSAPI.DLL
0x00007ffe2be00000 - 0x00007ffe2be1b000 	C:\WINDOWS\SYSTEM32\CRYPTSP.dll
0x00007ffe2b6b0000 - 0x00007ffe2b6e5000 	C:\WINDOWS\system32\rsaenh.dll
0x00007ffe2bca0000 - 0x00007ffe2bcc8000 	C:\WINDOWS\SYSTEM32\USERENV.dll
0x00007ffe2bfc0000 - 0x00007ffe2bfe8000 	C:\WINDOWS\SYSTEM32\bcrypt.dll
0x00007ffe2be20000 - 0x00007ffe2be2c000 	C:\WINDOWS\SYSTEM32\CRYPTBASE.dll
0x00007ffe2b270000 - 0x00007ffe2b29d000 	C:\WINDOWS\SYSTEM32\IPHLPAPI.DLL
0x00007ffe2dae0000 - 0x00007ffe2dae9000 	C:\WINDOWS\System32\NSI.dll
0x00007ffe26190000 - 0x00007ffe261a9000 	C:\WINDOWS\SYSTEM32\dhcpcsvc6.DLL
0x00007ffe25de0000 - 0x00007ffe25dff000 	C:\WINDOWS\SYSTEM32\dhcpcsvc.DLL
0x00007ffe2b2a0000 - 0x00007ffe2b393000 	C:\WINDOWS\SYSTEM32\DNSAPI.dll
0x00007ffe11920000 - 0x00007ffe11928000 	C:\WINDOWS\system32\wshunix.dll

dbghelp: loaded successfully - version: 4.0.5 - missing functions: none
symbol engine: initialized successfully - sym options: 0x614 - pdb path: .;C:\Program Files\Android\Android Studio1\jbr\bin;C:\WINDOWS\SYSTEM32;C:\WINDOWS\WinSxS\amd64_microsoft.windows.common-controls_6595b64144ccf1df_6.0.22621.436_none_a94247dbc10d8414;C:\Program Files\Android\Android Studio1\jbr\bin\server;C:\Users\Aishwary Kumar Rai\.gradle\native\68d5fa5c4cc2d200863cafc0d521ce42e7d3e7ee720ec0a83991735586a16f82\windows-amd64;C:\Users\Aishwary Kumar Rai\.gradle\native\e376f236ea51e6404a007f0833ffe2c6e607c4080706a723a18a27aeea778392\windows-amd64

VM Arguments:
jvm_args: --add-opens=java.base/java.util=ALL-UNNAMED --add-opens=java.base/java.lang=ALL-UNNAMED --add-opens=java.base/java.lang.invoke=ALL-UNNAMED --add-opens=java.prefs/java.util.prefs=ALL-UNNAMED --add-opens=java.base/java.nio.charset=ALL-UNNAMED --add-opens=java.base/java.net=ALL-UNNAMED --add-opens=java.base/java.util.concurrent.atomic=ALL-UNNAMED -Xmx2048m -Dfile.encoding=UTF-8 -Duser.country=IN -Duser.language=en -Duser.variant 
java_command: org.gradle.launcher.daemon.bootstrap.GradleDaemon 8.0
java_class_path (initial): C:\Users\Aishwary Kumar Rai\.gradle\wrapper\dists\gradle-8.0-bin\ca5e32bp14vu59qr306oxotwh\gradle-8.0\lib\gradle-launcher-8.0.jar
Launcher Type: SUN_STANDARD

[Global flags]
     intx CICompilerCount                          = 4                                         {product} {ergonomic}
     uint ConcGCThreads                            = 2                                         {product} {ergonomic}
     uint G1ConcRefinementThreads                  = 8                                         {product} {ergonomic}
   size_t G1HeapRegionSize                         = 1048576                                   {product} {ergonomic}
    uintx GCDrainStackTargetSize                   = 64                                        {product} {ergonomic}
   size_t InitialHeapSize                          = 100663296                                 {product} {ergonomic}
   size_t MarkStackSize                            = 4194304                                   {product} {ergonomic}
   size_t MaxHeapSize                              = 2147483648                                {product} {command line}
   size_t MaxNewSize                               = 1287651328                                {product} {ergonomic}
   size_t MinHeapDeltaBytes                        = 1048576                                   {product} {ergonomic}
   size_t MinHeapSize                              = 8388608                                   {product} {ergonomic}
    uintx NonNMethodCodeHeapSize                   = 5839372                                {pd product} {ergonomic}
    uintx NonProfiledCodeHeapSize                  = 122909434                              {pd product} {ergonomic}
    uintx ProfiledCodeHeapSize                     = 122909434                              {pd product} {ergonomic}
    uintx ReservedCodeCacheSize                    = 251658240                              {pd product} {ergonomic}
     bool SegmentedCodeCache                       = true                                      {product} {ergonomic}
   size_t SoftMaxHeapSize                          = 2147483648                             {manageable} {ergonomic}
     bool UseCompressedClassPointers               = true                           {product lp64_product} {ergonomic}
     bool UseCompressedOops                        = true                           {product lp64_product} {ergonomic}
     bool UseG1GC                                  = true                                      {product} {ergonomic}
     bool UseLargePagesIndividualAllocation        = false                                  {pd product} {ergonomic}

Logging:
Log output configuration:
 #0: stdout all=warning uptime,level,tags
 #1: stderr all=off uptime,level,tags

Environment Variables:
PATH=C:\Program Files (x86)\Common Files\Oracle\Java\javapath;C:\oraclexe\app\oracle\product\10.2.0\server\bin;C:\WINDOWS\system32;C:\WINDOWS;C:\WINDOWS\System32\Wbem;C:\WINDOWS\System32\WindowsPowerShell\v1.0\;C:\WINDOWS\System32\OpenSSH\;C:\Program Files\Java\jdk1.8.0_172\bin;C:\Program Files\Java\jdk1.8.0_321\bin;C:\Program Files\Git\cmd;C:\Program Files\Java\jdk1.8.0_172\bin;C:\Users\Aishwary Kumar Rai\AppData\Local\Programs\Microsoft VS Code\bin;C:\Users\Aishwary Kumar Rai\AppData\Local\Microsoft\WindowsApps;
USERNAME=Aishwary Kumar Rai
OS=Windows_NT
PROCESSOR_IDENTIFIER=AMD64 Family 23 Model 24 Stepping 1, AuthenticAMD
TMP=C:\Users\AISHWA~1\AppData\Local\Temp
TEMP=C:\Users\AISHWA~1\AppData\Local\Temp



---------------  S Y S T E M  ---------------

OS:
 Windows 11 , 64 bit Build 22621 (10.0.22621.1245)
OS uptime: 25 days 17:29 hours

CPU: total 8 (initial active 8) (8 cores per cpu, 2 threads per core) family 23 model 24 stepping 1 microcode 0x0, cx8, cmov, fxsr, ht, mmx, 3dnowpref, sse, sse2, sse3, ssse3, sse4a, sse4.1, sse4.2, popcnt, lzcnt, tsc, tscinvbit, avx, avx2, aes, clmul, bmi1, bmi2, adx, sha, fma, vzeroupper, clflush, clflushopt

Memory: 4k page, system-wide physical 6020M (755M free)
TotalPageFile size 24452M (AvailPageFile size 19M)
current process WorkingSet (physical memory assigned to process): 464M, peak: 464M
current process commit charge ("private bytes"): 536M, peak: 555M

vm_info: OpenJDK 64-Bit Server VM (17.0.6+0-b2043.56-9586694) for windows-amd64 JRE (17.0.6+0-b2043.56-9586694), built on Feb  9 2023 20:06:20 by "androidbuild" with MS VC++ 16.10 / 16.11 (VS2019)

END.
