#
# There is insufficient memory for the Java Runtime Environment to continue.
# Native memory allocation (mmap) failed to map 165675008 bytes for G1 virtual space
# Possible reasons:
#   The system is out of physical RAM or swap space
#   The process is running with CompressedOops enabled, and the Java Heap may be blocking the growth of the native heap
# Possible solutions:
#   Reduce memory load on the system
#   Increase physical memory or swap space
#   Check if swap backing store is full
#   Decrease Java heap size (-Xmx/-Xms)
#   Decrease number of Java threads
#   Decrease Java thread stack sizes (-Xss)
#   Set larger code cache with -XX:ReservedCodeCacheSize=
#   JVM is running with Unscaled Compressed Oops mode in which the Java heap is
#     placed in the first 4GB address space. The Java Heap base address is the
#     maximum limit for the native heap growth. Please use -XX:HeapBaseMinAddress
#     to set the Java Heap base and to place the Java Heap above 4GB virtual address.
# This output file may be truncated or incomplete.
#
#  Out of Memory Error (os_windows.cpp:3769), pid=1448, tid=26740
#
# JRE version: OpenJDK Runtime Environment (17.0.6) (build 17.0.6+0-b2043.56-9586694)
# Java VM: OpenJDK 64-Bit Server VM (17.0.6+0-b2043.56-9586694, mixed mode, tiered, compressed oops, compressed class ptrs, g1 gc, windows-amd64)
# No core dump will be written. Minidumps are not enabled by default on client versions of Windows
#

---------------  S U M M A R Y ------------

Command Line: --add-opens=java.base/java.util=ALL-UNNAMED --add-opens=java.base/java.lang=ALL-UNNAMED --add-opens=java.base/java.lang.invoke=ALL-UNNAMED --add-opens=java.prefs/java.util.prefs=ALL-UNNAMED --add-opens=java.base/java.nio.charset=ALL-UNNAMED --add-opens=java.base/java.net=ALL-UNNAMED --add-opens=java.base/java.util.concurrent.atomic=ALL-UNNAMED -Xmx2048m -Dfile.encoding=UTF-8 -Duser.country=IN -Duser.language=en -Duser.variant org.gradle.launcher.daemon.bootstrap.GradleDaemon 8.0

Host: AMD Ryzen 5 3450U with Radeon Vega Mobile Gfx  , 8 cores, 5G,  Windows 11 , 64 bit Build 22621 (10.0.22621.1245)
Time: Mon Jun 12 16:56:20 2023 India Standard Time elapsed time: 28.793137 seconds (0d 0h 0m 28s)

---------------  T H R E A D  ---------------

Current thread (0x0000024fd901fa10):  VMThread "VM Thread" [stack: 0x0000007c6a500000,0x0000007c6a600000] [id=26740]

Stack: [0x0000007c6a500000,0x0000007c6a600000]
Native frames: (J=compiled Java code, j=interpreted, Vv=VM code, C=native code)
V  [jvm.dll+0x683b4a]
V  [jvm.dll+0x842654]
V  [jvm.dll+0x843dfe]
V  [jvm.dll+0x844463]
V  [jvm.dll+0x249b75]
V  [jvm.dll+0x680a19]
V  [jvm.dll+0x674f0a]
V  [jvm.dll+0x309acb]
V  [jvm.dll+0x310f86]
V  [jvm.dll+0x3608ee]
V  [jvm.dll+0x360b1f]
V  [jvm.dll+0x2dfbf8]
V  [jvm.dll+0x2ddec4]
V  [jvm.dll+0x2dd4cc]
V  [jvm.dll+0x322261]
V  [jvm.dll+0x84893b]
V  [jvm.dll+0x849674]
V  [jvm.dll+0x849b8d]
V  [jvm.dll+0x849f64]
V  [jvm.dll+0x84a030]
V  [jvm.dll+0x7f25fa]
V  [jvm.dll+0x682985]
C  [ucrtbase.dll+0x29363]
C  [KERNEL32.DLL+0x126bd]
C  [ntdll.dll+0x5dfb8]

VM_Operation (0x0000007c6bcfb580): G1TryInitiateConcMark, mode: safepoint, requested by thread 0x0000024fda6b8eb0


---------------  P R O C E S S  ---------------

Threads class SMR info:
_java_thread_list=0x0000024fe0d9a760, length=124, elements={
0x0000024fbe70ac70, 0x0000024fd9033260, 0x0000024fd9034cd0, 0x0000024fd7efd290,
0x0000024fd7efdb50, 0x0000024fd7efe410, 0x0000024fd7eff470, 0x0000024fd7f04550,
0x0000024fd905f010, 0x0000024fd9061d10, 0x0000024fd91ca5c0, 0x0000024fd91f0c90,
0x0000024fda51ec60, 0x0000024fda649810, 0x0000024fda487160, 0x0000024fda94d460,
0x0000024fdaaea410, 0x0000024fda6b3c30, 0x0000024fda6b8eb0, 0x0000024fda577a30,
0x0000024fda57b3f0, 0x0000024fda577f00, 0x0000024fda5783d0, 0x0000024fda5788a0,
0x0000024fda578d70, 0x0000024fda57a0b0, 0x0000024fda579240, 0x0000024fda57af20,
0x0000024fda579710, 0x0000024fda579be0, 0x0000024fda57a580, 0x0000024fda57aa50,
0x0000024fdb425630, 0x0000024fdb42a330, 0x0000024fdb426e40, 0x0000024fdb425fd0,
0x0000024fdb4264a0, 0x0000024fdb42b670, 0x0000024fdb428b20, 0x0000024fdb4242f0,
0x0000024fdb42a800, 0x0000024fdb42acd0, 0x0000024fdb4247c0, 0x0000024fdb424c90,
0x0000024fdb427cb0, 0x0000024fdb428180, 0x0000024fdb428650, 0x0000024fdb428ff0,
0x0000024fdb425b00, 0x0000024fdb42b1a0, 0x0000024fdb42bb40, 0x0000024fdb4294c0,
0x0000024fdb429990, 0x0000024fdb429e60, 0x0000024fdddaf370, 0x0000024fdddb1ec0,
0x0000024fdddb2d30, 0x0000024fdddb3200, 0x0000024fdddae030, 0x0000024fdddafd10,
0x0000024fdddae9d0, 0x0000024fdddb36d0, 0x0000024fdddae500, 0x0000024fdddb0b80,
0x0000024fdddb2390, 0x0000024fdddaeea0, 0x0000024fdddb2860, 0x0000024fdddb3ba0,
0x0000024fdddb4070, 0x0000024fdddac820, 0x0000024fdddaccf0, 0x0000024fdddad1c0,
0x0000024fdddaf840, 0x0000024fdddb01e0, 0x0000024fdddadb60, 0x0000024fdddb1050,
0x0000024fdddad690, 0x0000024fdddb06b0, 0x0000024fdddb1520, 0x0000024fdddb19f0,
0x0000024fddcf6540, 0x0000024fddcf6a10, 0x0000024fddcf6ee0, 0x0000024fddcf3520,
0x0000024fddcf73b0, 0x0000024fddcf5ba0, 0x0000024fddcf5200, 0x0000024fddcf4860,
0x0000024fddcfa8a0, 0x0000024fddcf9f00, 0x0000024fddcf9560, 0x0000024fddcf4d30,
0x0000024fddcf86f0, 0x0000024fddcf56d0, 0x0000024fddcf8220, 0x0000024fddcf3ec0,
0x0000024fddcf4390, 0x0000024fddcf7880, 0x0000024fddcf9a30, 0x0000024fddcf7d50,
0x0000024fddcf39f0, 0x0000024fddcf8bc0, 0x0000024fddcf9090, 0x0000024fddcfa3d0,
0x0000024fddcf3050, 0x0000024fddcf6070, 0x0000024fdd34e800, 0x0000024fdd34de60,
0x0000024fdd34c650, 0x0000024fdd34e330, 0x0000024fdd347950, 0x0000024fdd3487c0,
0x0000024fdd34b310, 0x0000024fdd347e20, 0x0000024fdd34ae40, 0x0000024fdd34a970,
0x0000024fdd3482f0, 0x0000024fdd34b7e0, 0x0000024fdd34bcb0, 0x0000024fdd348c90,
0x0000024fdd34cff0, 0x0000024fdd34d4c0, 0x0000024fdd34ecd0, 0x0000024fdd34f1a0
}

Java Threads: ( => current thread )
  0x0000024fbe70ac70 JavaThread "main" [_thread_blocked, id=5736, stack(0x0000007c69f00000,0x0000007c6a000000)]
  0x0000024fd9033260 JavaThread "Reference Handler" daemon [_thread_blocked, id=37668, stack(0x0000007c6a600000,0x0000007c6a700000)]
  0x0000024fd9034cd0 JavaThread "Finalizer" daemon [_thread_blocked, id=14664, stack(0x0000007c6a700000,0x0000007c6a800000)]
  0x0000024fd7efd290 JavaThread "Signal Dispatcher" daemon [_thread_blocked, id=1688, stack(0x0000007c6a800000,0x0000007c6a900000)]
  0x0000024fd7efdb50 JavaThread "Attach Listener" daemon [_thread_blocked, id=2180, stack(0x0000007c6a900000,0x0000007c6aa00000)]
  0x0000024fd7efe410 JavaThread "Service Thread" daemon [_thread_blocked, id=15884, stack(0x0000007c6aa00000,0x0000007c6ab00000)]
  0x0000024fd7eff470 JavaThread "Monitor Deflation Thread" daemon [_thread_blocked, id=33848, stack(0x0000007c6ab00000,0x0000007c6ac00000)]
  0x0000024fd7f04550 JavaThread "C2 CompilerThread0" daemon [_thread_in_native, id=24192, stack(0x0000007c6ac00000,0x0000007c6ad00000)]
  0x0000024fd905f010 JavaThread "C1 CompilerThread0" daemon [_thread_blocked, id=36856, stack(0x0000007c6ad00000,0x0000007c6ae00000)]
  0x0000024fd9061d10 JavaThread "Sweeper thread" daemon [_thread_blocked, id=5920, stack(0x0000007c6ae00000,0x0000007c6af00000)]
  0x0000024fd91ca5c0 JavaThread "Common-Cleaner" daemon [_thread_blocked, id=22516, stack(0x0000007c6af00000,0x0000007c6b000000)]
  0x0000024fd91f0c90 JavaThread "Notification Thread" daemon [_thread_blocked, id=29032, stack(0x0000007c6b000000,0x0000007c6b100000)]
  0x0000024fda51ec60 JavaThread "Daemon health stats" [_thread_blocked, id=45728, stack(0x0000007c6b600000,0x0000007c6b700000)]
  0x0000024fda649810 JavaThread "Incoming local TCP Connector on port 64759" [_thread_in_native, id=43216, stack(0x0000007c6b700000,0x0000007c6b800000)]
  0x0000024fda487160 JavaThread "Daemon periodic checks" [_thread_blocked, id=14588, stack(0x0000007c6b800000,0x0000007c6b900000)]
  0x0000024fda94d460 JavaThread "Daemon" [_thread_blocked, id=34772, stack(0x0000007c6b900000,0x0000007c6ba00000)]
  0x0000024fdaaea410 JavaThread "Handler for socket connection from /127.0.0.1:64759 to /127.0.0.1:64760" [_thread_in_native, id=16032, stack(0x0000007c6ba00000,0x0000007c6bb00000)]
  0x0000024fda6b3c30 JavaThread "Cancel handler" [_thread_blocked, id=47812, stack(0x0000007c6bb00000,0x0000007c6bc00000)]
  0x0000024fda6b8eb0 JavaThread "Daemon worker" [_thread_blocked, id=39180, stack(0x0000007c6bc00000,0x0000007c6bd00000)]
  0x0000024fda577a30 JavaThread "Asynchronous log dispatcher for DefaultDaemonConnection: socket connection from /127.0.0.1:64759 to /127.0.0.1:64760" [_thread_blocked, id=44872, stack(0x0000007c6bd00000,0x0000007c6be00000)]
  0x0000024fda57b3f0 JavaThread "Stdin handler" [_thread_blocked, id=26864, stack(0x0000007c6be00000,0x0000007c6bf00000)]
  0x0000024fda577f00 JavaThread "Daemon client event forwarder" [_thread_blocked, id=34144, stack(0x0000007c6bf00000,0x0000007c6c000000)]
  0x0000024fda5783d0 JavaThread "Cache worker for journal cache (C:\Users\Aishwary Kumar Rai\.gradle\caches\journal-1)" [_thread_blocked, id=25320, stack(0x0000007c6c400000,0x0000007c6c500000)]
  0x0000024fda5788a0 JavaThread "File lock request listener" [_thread_in_native, id=48064, stack(0x0000007c6c500000,0x0000007c6c600000)]
  0x0000024fda578d70 JavaThread "Cache worker for file hash cache (C:\Users\Aishwary Kumar Rai\.gradle\caches\8.0\fileHashes)" [_thread_blocked, id=26684, stack(0x0000007c6c600000,0x0000007c6c700000)]
  0x0000024fda57a0b0 JavaThread "File watcher server" daemon [_thread_in_native, id=29684, stack(0x0000007c6c700000,0x0000007c6c800000)]
  0x0000024fda579240 JavaThread "File watcher consumer" daemon [_thread_blocked, id=46772, stack(0x0000007c6c800000,0x0000007c6c900000)]
  0x0000024fda57af20 JavaThread "jar transforms" [_thread_blocked, id=40252, stack(0x0000007c6c900000,0x0000007c6ca00000)]
  0x0000024fda579710 JavaThread "jar transforms Thread 2" [_thread_blocked, id=14960, stack(0x0000007c6ca00000,0x0000007c6cb00000)]
  0x0000024fda579be0 JavaThread "jar transforms Thread 3" [_thread_blocked, id=45816, stack(0x0000007c6cb00000,0x0000007c6cc00000)]
  0x0000024fda57a580 JavaThread "jar transforms Thread 4" [_thread_blocked, id=36040, stack(0x0000007c6cc00000,0x0000007c6cd00000)]
  0x0000024fda57aa50 JavaThread "jar transforms Thread 5" [_thread_blocked, id=47608, stack(0x0000007c6cd00000,0x0000007c6ce00000)]
  0x0000024fdb425630 JavaThread "jar transforms Thread 6" [_thread_blocked, id=46800, stack(0x0000007c6ce00000,0x0000007c6cf00000)]
  0x0000024fdb42a330 JavaThread "jar transforms Thread 7" [_thread_blocked, id=39300, stack(0x0000007c6cf00000,0x0000007c6d000000)]
  0x0000024fdb426e40 JavaThread "jar transforms Thread 8" [_thread_blocked, id=27716, stack(0x0000007c6d000000,0x0000007c6d100000)]
  0x0000024fdb425fd0 JavaThread "Cache worker for checksums cache (C:\Users\Aishwary Kumar Rai\DocuMed\.gradle\8.0\checksums)" [_thread_blocked, id=28912, stack(0x0000007c6d100000,0x0000007c6d200000)]
  0x0000024fdb4264a0 JavaThread "Cache worker for cache directory md-rule (C:\Users\Aishwary Kumar Rai\.gradle\caches\8.0\md-rule)" [_thread_blocked, id=41016, stack(0x0000007c6d200000,0x0000007c6d300000)]
  0x0000024fdb42b670 JavaThread "Cache worker for file content cache (C:\Users\Aishwary Kumar Rai\.gradle\caches\8.0\fileContent)" [_thread_blocked, id=45484, stack(0x0000007c6d300000,0x0000007c6d400000)]
  0x0000024fdb428b20 JavaThread "Cache worker for file hash cache (C:\Users\Aishwary Kumar Rai\DocuMed\.gradle\8.0\fileHashes)" [_thread_blocked, id=45944, stack(0x0000007c6d400000,0x0000007c6d500000)]
  0x0000024fdb4242f0 JavaThread "Cache worker for cache directory md-supplier (C:\Users\Aishwary Kumar Rai\.gradle\caches\8.0\md-supplier)" [_thread_blocked, id=43628, stack(0x0000007c6d500000,0x0000007c6d600000)]
  0x0000024fdb42a800 JavaThread "Cache worker for execution history cache (C:\Users\Aishwary Kumar Rai\.gradle\caches\8.0\executionHistory)" [_thread_blocked, id=37580, stack(0x0000007c6d600000,0x0000007c6d700000)]
  0x0000024fdb42acd0 JavaThread "Cache worker for dependencies-accessors (C:\Users\Aishwary Kumar Rai\DocuMed\.gradle\8.0\dependencies-accessors)" [_thread_blocked, id=42792, stack(0x0000007c6d700000,0x0000007c6d800000)]
  0x0000024fdb4247c0 JavaThread "Cache worker for Build Output Cleanup Cache (C:\Users\Aishwary Kumar Rai\DocuMed\.gradle\buildOutputCleanup)" [_thread_blocked, id=1892, stack(0x0000007c6d800000,0x0000007c6d900000)]
  0x0000024fdb424c90 JavaThread "Unconstrained build operations" [_thread_blocked, id=48868, stack(0x0000007c6da00000,0x0000007c6db00000)]
  0x0000024fdb427cb0 JavaThread "Unconstrained build operations Thread 2" [_thread_blocked, id=46272, stack(0x0000007c6db00000,0x0000007c6dc00000)]
  0x0000024fdb428180 JavaThread "Unconstrained build operations Thread 3" [_thread_blocked, id=14944, stack(0x0000007c6dc00000,0x0000007c6dd00000)]
  0x0000024fdb428650 JavaThread "Unconstrained build operations Thread 4" [_thread_blocked, id=23368, stack(0x0000007c6dd00000,0x0000007c6de00000)]
  0x0000024fdb428ff0 JavaThread "Unconstrained build operations Thread 5" [_thread_blocked, id=29168, stack(0x0000007c6de00000,0x0000007c6df00000)]
  0x0000024fdb425b00 JavaThread "Unconstrained build operations Thread 6" [_thread_blocked, id=46380, stack(0x0000007c6df00000,0x0000007c6e000000)]
  0x0000024fdb42b1a0 JavaThread "Unconstrained build operations Thread 7" [_thread_blocked, id=24196, stack(0x0000007c6e000000,0x0000007c6e100000)]
  0x0000024fdb42bb40 JavaThread "Unconstrained build operations Thread 8" [_thread_blocked, id=44484, stack(0x0000007c6e100000,0x0000007c6e200000)]
  0x0000024fdb4294c0 JavaThread "Unconstrained build operations Thread 9" [_thread_blocked, id=30012, stack(0x0000007c6e200000,0x0000007c6e300000)]
  0x0000024fdb429990 JavaThread "Unconstrained build operations Thread 10" [_thread_blocked, id=35200, stack(0x0000007c6e300000,0x0000007c6e400000)]
  0x0000024fdb429e60 JavaThread "Unconstrained build operations Thread 11" [_thread_blocked, id=44752, stack(0x0000007c6e400000,0x0000007c6e500000)]
  0x0000024fdddaf370 JavaThread "Unconstrained build operations Thread 12" [_thread_blocked, id=41600, stack(0x0000007c6e500000,0x0000007c6e600000)]
  0x0000024fdddb1ec0 JavaThread "Unconstrained build operations Thread 13" [_thread_blocked, id=38364, stack(0x0000007c6e600000,0x0000007c6e700000)]
  0x0000024fdddb2d30 JavaThread "Unconstrained build operations Thread 14" [_thread_blocked, id=35072, stack(0x0000007c6e700000,0x0000007c6e800000)]
  0x0000024fdddb3200 JavaThread "Unconstrained build operations Thread 15" [_thread_blocked, id=13480, stack(0x0000007c6e800000,0x0000007c6e900000)]
  0x0000024fdddae030 JavaThread "Unconstrained build operations Thread 16" [_thread_blocked, id=38856, stack(0x0000007c6e900000,0x0000007c6ea00000)]
  0x0000024fdddafd10 JavaThread "Unconstrained build operations Thread 17" [_thread_blocked, id=9884, stack(0x0000007c6ea00000,0x0000007c6eb00000)]
  0x0000024fdddae9d0 JavaThread "Unconstrained build operations Thread 18" [_thread_blocked, id=11764, stack(0x0000007c6eb00000,0x0000007c6ec00000)]
  0x0000024fdddb36d0 JavaThread "Unconstrained build operations Thread 19" [_thread_blocked, id=22376, stack(0x0000007c6ec00000,0x0000007c6ed00000)]
  0x0000024fdddae500 JavaThread "Unconstrained build operations Thread 20" [_thread_blocked, id=2704, stack(0x0000007c6ed00000,0x0000007c6ee00000)]
  0x0000024fdddb0b80 JavaThread "Unconstrained build operations Thread 21" [_thread_blocked, id=42988, stack(0x0000007c6ee00000,0x0000007c6ef00000)]
  0x0000024fdddb2390 JavaThread "Unconstrained build operations Thread 22" [_thread_blocked, id=36632, stack(0x0000007c6ef00000,0x0000007c6f000000)]
  0x0000024fdddaeea0 JavaThread "Unconstrained build operations Thread 23" [_thread_blocked, id=48588, stack(0x0000007c6f000000,0x0000007c6f100000)]
  0x0000024fdddb2860 JavaThread "Unconstrained build operations Thread 24" [_thread_blocked, id=47400, stack(0x0000007c6f100000,0x0000007c6f200000)]
  0x0000024fdddb3ba0 JavaThread "Unconstrained build operations Thread 25" [_thread_blocked, id=31284, stack(0x0000007c6f200000,0x0000007c6f300000)]
  0x0000024fdddb4070 JavaThread "Unconstrained build operations Thread 26" [_thread_blocked, id=43380, stack(0x0000007c6f300000,0x0000007c6f400000)]
  0x0000024fdddac820 JavaThread "Unconstrained build operations Thread 27" [_thread_blocked, id=41376, stack(0x0000007c6f400000,0x0000007c6f500000)]
  0x0000024fdddaccf0 JavaThread "Unconstrained build operations Thread 28" [_thread_blocked, id=37532, stack(0x0000007c6f500000,0x0000007c6f600000)]
  0x0000024fdddad1c0 JavaThread "Unconstrained build operations Thread 29" [_thread_blocked, id=40164, stack(0x0000007c6f600000,0x0000007c6f700000)]
  0x0000024fdddaf840 JavaThread "Unconstrained build operations Thread 30" [_thread_blocked, id=26040, stack(0x0000007c6f700000,0x0000007c6f800000)]
  0x0000024fdddb01e0 JavaThread "Unconstrained build operations Thread 31" [_thread_blocked, id=38524, stack(0x0000007c6f800000,0x0000007c6f900000)]
  0x0000024fdddadb60 JavaThread "Unconstrained build operations Thread 32" [_thread_blocked, id=44036, stack(0x0000007c6f900000,0x0000007c6fa00000)]
  0x0000024fdddb1050 JavaThread "Unconstrained build operations Thread 33" [_thread_blocked, id=44316, stack(0x0000007c6fa00000,0x0000007c6fb00000)]
  0x0000024fdddad690 JavaThread "Unconstrained build operations Thread 34" [_thread_blocked, id=38724, stack(0x0000007c6fb00000,0x0000007c6fc00000)]
  0x0000024fdddb06b0 JavaThread "Unconstrained build operations Thread 35" [_thread_blocked, id=26320, stack(0x0000007c6fc00000,0x0000007c6fd00000)]
  0x0000024fdddb1520 JavaThread "Unconstrained build operations Thread 36" [_thread_blocked, id=32452, stack(0x0000007c6fd00000,0x0000007c6fe00000)]
  0x0000024fdddb19f0 JavaThread "Unconstrained build operations Thread 37" [_thread_blocked, id=31028, stack(0x0000007c6fe00000,0x0000007c6ff00000)]
  0x0000024fddcf6540 JavaThread "Unconstrained build operations Thread 38" [_thread_blocked, id=6272, stack(0x0000007c6ff00000,0x0000007c70000000)]
  0x0000024fddcf6a10 JavaThread "Unconstrained build operations Thread 39" [_thread_blocked, id=28516, stack(0x0000007c70000000,0x0000007c70100000)]
  0x0000024fddcf6ee0 JavaThread "Unconstrained build operations Thread 40" [_thread_blocked, id=10348, stack(0x0000007c70100000,0x0000007c70200000)]
  0x0000024fddcf3520 JavaThread "Unconstrained build operations Thread 41" [_thread_blocked, id=41044, stack(0x0000007c70200000,0x0000007c70300000)]
  0x0000024fddcf73b0 JavaThread "Unconstrained build operations Thread 42" [_thread_blocked, id=48532, stack(0x0000007c70300000,0x0000007c70400000)]
  0x0000024fddcf5ba0 JavaThread "Unconstrained build operations Thread 43" [_thread_blocked, id=28640, stack(0x0000007c70400000,0x0000007c70500000)]
  0x0000024fddcf5200 JavaThread "Unconstrained build operations Thread 44" [_thread_blocked, id=33752, stack(0x0000007c70500000,0x0000007c70600000)]
  0x0000024fddcf4860 JavaThread "Unconstrained build operations Thread 45" [_thread_blocked, id=41256, stack(0x0000007c70600000,0x0000007c70700000)]
  0x0000024fddcfa8a0 JavaThread "Unconstrained build operations Thread 46" [_thread_blocked, id=27520, stack(0x0000007c70800000,0x0000007c70900000)]
  0x0000024fddcf9f00 JavaThread "Unconstrained build operations Thread 47" [_thread_blocked, id=34836, stack(0x0000007c70900000,0x0000007c70a00000)]
  0x0000024fddcf9560 JavaThread "Unconstrained build operations Thread 48" [_thread_blocked, id=47080, stack(0x0000007c70a00000,0x0000007c70b00000)]
  0x0000024fddcf4d30 JavaThread "Unconstrained build operations Thread 49" [_thread_blocked, id=47628, stack(0x0000007c70b00000,0x0000007c70c00000)]
  0x0000024fddcf86f0 JavaThread "Unconstrained build operations Thread 50" [_thread_blocked, id=27724, stack(0x0000007c70c00000,0x0000007c70d00000)]
  0x0000024fddcf56d0 JavaThread "Unconstrained build operations Thread 51" [_thread_blocked, id=43344, stack(0x0000007c70d00000,0x0000007c70e00000)]
  0x0000024fddcf8220 JavaThread "Unconstrained build operations Thread 52" [_thread_blocked, id=45020, stack(0x0000007c70e00000,0x0000007c70f00000)]
  0x0000024fddcf3ec0 JavaThread "Unconstrained build operations Thread 53" [_thread_blocked, id=304, stack(0x0000007c70f00000,0x0000007c71000000)]
  0x0000024fddcf4390 JavaThread "Unconstrained build operations Thread 54" [_thread_blocked, id=1816, stack(0x0000007c71000000,0x0000007c71100000)]
  0x0000024fddcf7880 JavaThread "Unconstrained build operations Thread 55" [_thread_blocked, id=41188, stack(0x0000007c71100000,0x0000007c71200000)]
  0x0000024fddcf9a30 JavaThread "Unconstrained build operations Thread 56" [_thread_blocked, id=42156, stack(0x0000007c71200000,0x0000007c71300000)]
  0x0000024fddcf7d50 JavaThread "Unconstrained build operations Thread 57" [_thread_blocked, id=35664, stack(0x0000007c71300000,0x0000007c71400000)]
  0x0000024fddcf39f0 JavaThread "Unconstrained build operations Thread 58" [_thread_blocked, id=41380, stack(0x0000007c71400000,0x0000007c71500000)]
  0x0000024fddcf8bc0 JavaThread "Unconstrained build operations Thread 59" [_thread_blocked, id=48112, stack(0x0000007c71500000,0x0000007c71600000)]
  0x0000024fddcf9090 JavaThread "Unconstrained build operations Thread 60" [_thread_blocked, id=48836, stack(0x0000007c71600000,0x0000007c71700000)]
  0x0000024fddcfa3d0 JavaThread "Unconstrained build operations Thread 61" [_thread_blocked, id=41660, stack(0x0000007c71700000,0x0000007c71800000)]
  0x0000024fddcf3050 JavaThread "Unconstrained build operations Thread 62" [_thread_blocked, id=12776, stack(0x0000007c71800000,0x0000007c71900000)]
  0x0000024fddcf6070 JavaThread "Unconstrained build operations Thread 63" [_thread_blocked, id=41940, stack(0x0000007c71900000,0x0000007c71a00000)]
  0x0000024fdd34e800 JavaThread "Unconstrained build operations Thread 64" [_thread_blocked, id=37440, stack(0x0000007c71a00000,0x0000007c71b00000)]
  0x0000024fdd34de60 JavaThread "Unconstrained build operations Thread 65" [_thread_blocked, id=42604, stack(0x0000007c71b00000,0x0000007c71c00000)]
  0x0000024fdd34c650 JavaThread "Unconstrained build operations Thread 66" [_thread_blocked, id=21652, stack(0x0000007c71c00000,0x0000007c71d00000)]
  0x0000024fdd34e330 JavaThread "Unconstrained build operations Thread 67" [_thread_blocked, id=43652, stack(0x0000007c71d00000,0x0000007c71e00000)]
  0x0000024fdd347950 JavaThread "Unconstrained build operations Thread 68" [_thread_blocked, id=12780, stack(0x0000007c71e00000,0x0000007c71f00000)]
  0x0000024fdd3487c0 JavaThread "Unconstrained build operations Thread 69" [_thread_blocked, id=19772, stack(0x0000007c71f00000,0x0000007c72000000)]
  0x0000024fdd34b310 JavaThread "Unconstrained build operations Thread 70" [_thread_blocked, id=48668, stack(0x0000007c72000000,0x0000007c72100000)]
  0x0000024fdd347e20 JavaThread "Unconstrained build operations Thread 71" [_thread_blocked, id=18192, stack(0x0000007c72100000,0x0000007c72200000)]
  0x0000024fdd34ae40 JavaThread "Unconstrained build operations Thread 72" [_thread_blocked, id=42964, stack(0x0000007c72200000,0x0000007c72300000)]
  0x0000024fdd34a970 JavaThread "Unconstrained build operations Thread 73" [_thread_blocked, id=2700, stack(0x0000007c72300000,0x0000007c72400000)]
  0x0000024fdd3482f0 JavaThread "Unconstrained build operations Thread 74" [_thread_blocked, id=33332, stack(0x0000007c72400000,0x0000007c72500000)]
  0x0000024fdd34b7e0 JavaThread "Unconstrained build operations Thread 75" [_thread_blocked, id=37984, stack(0x0000007c72500000,0x0000007c72600000)]
  0x0000024fdd34bcb0 JavaThread "Unconstrained build operations Thread 76" [_thread_blocked, id=43824, stack(0x0000007c72600000,0x0000007c72700000)]
  0x0000024fdd348c90 JavaThread "Unconstrained build operations Thread 77" [_thread_blocked, id=47028, stack(0x0000007c72700000,0x0000007c72800000)]
  0x0000024fdd34cff0 JavaThread "Unconstrained build operations Thread 78" [_thread_blocked, id=13052, stack(0x0000007c72800000,0x0000007c72900000)]
  0x0000024fdd34d4c0 JavaThread "Unconstrained build operations Thread 79" [_thread_blocked, id=48252, stack(0x0000007c72900000,0x0000007c72a00000)]
  0x0000024fdd34ecd0 JavaThread "Unconstrained build operations Thread 80" [_thread_blocked, id=35764, stack(0x0000007c72a00000,0x0000007c72b00000)]
  0x0000024fdd34f1a0 JavaThread "Memory manager" [_thread_blocked, id=40260, stack(0x0000007c72b00000,0x0000007c72c00000)]

Other Threads:
=>0x0000024fd901fa10 VMThread "VM Thread" [stack: 0x0000007c6a500000,0x0000007c6a600000] [id=26740]
  0x0000024fd91c6280 WatcherThread [stack: 0x0000007c6b100000,0x0000007c6b200000] [id=48224]
  0x0000024fbe764cf0 GCTaskThread "GC Thread#0" [stack: 0x0000007c6a000000,0x0000007c6a100000] [id=16572]
  0x0000024fd9dbdb00 GCTaskThread "GC Thread#1" [stack: 0x0000007c6b200000,0x0000007c6b300000] [id=11012]
  0x0000024fd96adfa0 GCTaskThread "GC Thread#2" [stack: 0x0000007c6b300000,0x0000007c6b400000] [id=48704]
  0x0000024fda097bf0 GCTaskThread "GC Thread#3" [stack: 0x0000007c6b400000,0x0000007c6b500000] [id=46732]
  0x0000024fd9f2d0e0 GCTaskThread "GC Thread#4" [stack: 0x0000007c6b500000,0x0000007c6b600000] [id=39956]
  0x0000024fdb57d760 GCTaskThread "GC Thread#5" [stack: 0x0000007c6c000000,0x0000007c6c100000] [id=45720]
  0x0000024fdb4330e0 GCTaskThread "GC Thread#6" [stack: 0x0000007c6c100000,0x0000007c6c200000] [id=39528]
  0x0000024fda6b4be0 GCTaskThread "GC Thread#7" [stack: 0x0000007c6c200000,0x0000007c6c300000] [id=42480]
  0x0000024fbe776cb0 ConcurrentGCThread "G1 Main Marker" [stack: 0x0000007c6a100000,0x0000007c6a200000] [id=39876]
  0x0000024fbe777d70 ConcurrentGCThread "G1 Conc#0" [stack: 0x0000007c6a200000,0x0000007c6a300000] [id=48108]
  0x0000024fda6b4100 ConcurrentGCThread "G1 Conc#1" [stack: 0x0000007c6c300000,0x0000007c6c400000] [id=30368]
  0x0000024fd7d63f50 ConcurrentGCThread "G1 Refine#0" [stack: 0x0000007c6a300000,0x0000007c6a400000] [id=19944]
  0x0000024fdd966e00 ConcurrentGCThread "G1 Refine#1" [stack: 0x0000007c70700000,0x0000007c70800000] [id=19984]
  0x0000024fd7d64720 ConcurrentGCThread "G1 Service" [stack: 0x0000007c6a400000,0x0000007c6a500000] [id=27004]

Threads with active compile tasks:
C2 CompilerThread0    28874 9007 %     4       groovy.lang.MetaClassImpl::inheritInterfaceNewMetaMethods @ 100 (195 bytes)

VM state: at safepoint (normal execution)

VM Mutex/Monitor currently owned by a thread:  ([mutex/lock_event])
[0x0000024fbe706620] Threads_lock - owner thread: 0x0000024fd901fa10
[0x0000024fbe706860] Heap_lock - owner thread: 0x0000024fda6b8eb0

Heap address: 0x0000000080000000, size: 2048 MB, Compressed Oops mode: 32-bit

CDS archive(s) not mapped
Compressed class space mapped at: 0x0000000100000000-0x0000000140000000, reserved size: 1073741824
Narrow klass base: 0x0000000000000000, Narrow klass shift: 3, Narrow klass range: 0x140000000

GC Precious Log:
 CPUs: 8 total, 8 available
 Memory: 6020M
 Large Page Support: Disabled
 NUMA Support: Disabled
 Compressed Oops: Enabled (32-bit)
 Heap Region Size: 1M
 Heap Min Capacity: 8M
 Heap Initial Capacity: 96M
 Heap Max Capacity: 2G
 Pre-touch: Disabled
 Parallel Workers: 8
 Concurrent Workers: 2
 Concurrent Refinement Workers: 8
 Periodic GC: Disabled

Heap:
 garbage-first heap   total 224256K, used 135723K [0x0000000080000000, 0x0000000100000000)
  region size 1024K, 3 young (3072K), 3 survivors (3072K)
 Metaspace       used 88684K, committed 89472K, reserved 1130496K
  class space    used 12062K, committed 12416K, reserved 1048576K

Heap Regions: E=young(eden), S=young(survivor), O=old, HS=humongous(starts), HC=humongous(continues), CS=collection set, F=free, OA=open archive, CA=closed archive, TAMS=top-at-mark-start (previous, next)
|   0|0x0000000080000000, 0x0000000080100000, 0x0000000080100000|100%|HS|  |TAMS 0x0000000080100000, 0x0000000080100000| Complete 
|   1|0x0000000080100000, 0x0000000080200000, 0x0000000080200000|100%|HC|  |TAMS 0x0000000080200000, 0x0000000080200000| Complete 
|   2|0x0000000080200000, 0x0000000080300000, 0x0000000080300000|100%|HC|  |TAMS 0x0000000080300000, 0x0000000080300000| Complete 
|   3|0x0000000080300000, 0x0000000080400000, 0x0000000080400000|100%|HC|  |TAMS 0x0000000080400000, 0x0000000080400000| Complete 
|   4|0x0000000080400000, 0x0000000080500000, 0x0000000080500000|100%| O|  |TAMS 0x0000000080500000, 0x0000000080500000| Untracked 
|   5|0x0000000080500000, 0x0000000080600000, 0x0000000080600000|100%| O|  |TAMS 0x0000000080600000, 0x0000000080600000| Untracked 
|   6|0x0000000080600000, 0x0000000080700000, 0x0000000080700000|100%| O|  |TAMS 0x0000000080700000, 0x0000000080700000| Untracked 
|   7|0x0000000080700000, 0x00000000807d0600, 0x0000000080800000| 81%| O|  |TAMS 0x00000000807d0600, 0x00000000807d0600| Untracked 
|   8|0x0000000080800000, 0x0000000080900000, 0x0000000080900000|100%| O|  |TAMS 0x0000000080900000, 0x0000000080900000| Untracked 
|   9|0x0000000080900000, 0x0000000080a00000, 0x0000000080a00000|100%| O|  |TAMS 0x0000000080a00000, 0x0000000080a00000| Untracked 
|  10|0x0000000080a00000, 0x0000000080b00000, 0x0000000080b00000|100%| O|  |TAMS 0x0000000080b00000, 0x0000000080b00000| Untracked 
|  11|0x0000000080b00000, 0x0000000080c00000, 0x0000000080c00000|100%| O|  |TAMS 0x0000000080c00000, 0x0000000080c00000| Untracked 
|  12|0x0000000080c00000, 0x0000000080d00000, 0x0000000080d00000|100%| O|  |TAMS 0x0000000080d00000, 0x0000000080d00000| Untracked 
|  13|0x0000000080d00000, 0x0000000080e00000, 0x0000000080e00000|100%| O|  |TAMS 0x0000000080e00000, 0x0000000080e00000| Untracked 
|  14|0x0000000080e00000, 0x0000000080f00000, 0x0000000080f00000|100%| O|  |TAMS 0x0000000080f00000, 0x0000000080f00000| Untracked 
|  15|0x0000000080f00000, 0x0000000081000000, 0x0000000081000000|100%| O|  |TAMS 0x0000000080f00000, 0x0000000081000000| Untracked 
|  16|0x0000000081000000, 0x0000000081100000, 0x0000000081100000|100%| O|  |TAMS 0x0000000081100000, 0x0000000081100000| Untracked 
|  17|0x0000000081100000, 0x0000000081200000, 0x0000000081200000|100%| O|  |TAMS 0x0000000081200000, 0x0000000081200000| Untracked 
|  18|0x0000000081200000, 0x0000000081300000, 0x0000000081300000|100%| O|  |TAMS 0x0000000081300000, 0x0000000081300000| Untracked 
|  19|0x0000000081300000, 0x0000000081400000, 0x0000000081400000|100%|HS|  |TAMS 0x0000000081400000, 0x0000000081400000| Complete 
|  20|0x0000000081400000, 0x0000000081500000, 0x0000000081500000|100%|HC|  |TAMS 0x0000000081500000, 0x0000000081500000| Complete 
|  21|0x0000000081500000, 0x0000000081600000, 0x0000000081600000|100%|HS|  |TAMS 0x0000000081600000, 0x0000000081600000| Complete 
|  22|0x0000000081600000, 0x0000000081700000, 0x0000000081700000|100%|HC|  |TAMS 0x0000000081700000, 0x0000000081700000| Complete 
|  23|0x0000000081700000, 0x0000000081800000, 0x0000000081800000|100%|HS|  |TAMS 0x0000000081800000, 0x0000000081800000| Complete 
|  24|0x0000000081800000, 0x0000000081900000, 0x0000000081900000|100%|HC|  |TAMS 0x0000000081900000, 0x0000000081900000| Complete 
|  25|0x0000000081900000, 0x0000000081a00000, 0x0000000081a00000|100%| O|  |TAMS 0x0000000081a00000, 0x0000000081a00000| Untracked 
|  26|0x0000000081a00000, 0x0000000081b00000, 0x0000000081b00000|100%|HS|  |TAMS 0x0000000081b00000, 0x0000000081b00000| Complete 
|  27|0x0000000081b00000, 0x0000000081c00000, 0x0000000081c00000|100%|HC|  |TAMS 0x0000000081c00000, 0x0000000081c00000| Complete 
|  28|0x0000000081c00000, 0x0000000081d00000, 0x0000000081d00000|100%|HC|  |TAMS 0x0000000081d00000, 0x0000000081d00000| Complete 
|  29|0x0000000081d00000, 0x0000000081e00000, 0x0000000081e00000|100%|HS|  |TAMS 0x0000000081e00000, 0x0000000081e00000| Complete 
|  30|0x0000000081e00000, 0x0000000081f00000, 0x0000000081f00000|100%|HC|  |TAMS 0x0000000081f00000, 0x0000000081f00000| Complete 
|  31|0x0000000081f00000, 0x0000000082000000, 0x0000000082000000|100%|HC|  |TAMS 0x0000000082000000, 0x0000000082000000| Complete 
|  32|0x0000000082000000, 0x0000000082100000, 0x0000000082100000|100%| O|  |TAMS 0x0000000082100000, 0x0000000082100000| Untracked 
|  33|0x0000000082100000, 0x0000000082200000, 0x0000000082200000|100%| O|  |TAMS 0x0000000082200000, 0x0000000082200000| Untracked 
|  34|0x0000000082200000, 0x0000000082300000, 0x0000000082300000|100%| O|  |TAMS 0x0000000082300000, 0x0000000082300000| Untracked 
|  35|0x0000000082300000, 0x0000000082400000, 0x0000000082400000|100%| O|  |TAMS 0x0000000082400000, 0x0000000082400000| Untracked 
|  36|0x0000000082400000, 0x0000000082500000, 0x0000000082500000|100%| O|  |TAMS 0x0000000082500000, 0x0000000082500000| Untracked 
|  37|0x0000000082500000, 0x0000000082600000, 0x0000000082600000|100%|HS|  |TAMS 0x0000000082600000, 0x0000000082600000| Complete 
|  38|0x0000000082600000, 0x0000000082700000, 0x0000000082700000|100%| O|  |TAMS 0x0000000082700000, 0x0000000082700000| Untracked 
|  39|0x0000000082700000, 0x0000000082800000, 0x0000000082800000|100%| O|  |TAMS 0x0000000082800000, 0x0000000082800000| Untracked 
|  40|0x0000000082800000, 0x0000000082900000, 0x0000000082900000|100%| O|  |TAMS 0x0000000082900000, 0x0000000082900000| Untracked 
|  41|0x0000000082900000, 0x0000000082a00000, 0x0000000082a00000|100%|HS|  |TAMS 0x0000000082a00000, 0x0000000082a00000| Complete 
|  42|0x0000000082a00000, 0x0000000082b00000, 0x0000000082b00000|100%|HC|  |TAMS 0x0000000082b00000, 0x0000000082b00000| Complete 
|  43|0x0000000082b00000, 0x0000000082c00000, 0x0000000082c00000|100%|HC|  |TAMS 0x0000000082c00000, 0x0000000082c00000| Complete 
|  44|0x0000000082c00000, 0x0000000082d00000, 0x0000000082d00000|100%|HC|  |TAMS 0x0000000082d00000, 0x0000000082d00000| Complete 
|  45|0x0000000082d00000, 0x0000000082e00000, 0x0000000082e00000|100%|HC|  |TAMS 0x0000000082e00000, 0x0000000082e00000| Complete 
|  46|0x0000000082e00000, 0x0000000082f00000, 0x0000000082f00000|100%|HC|  |TAMS 0x0000000082f00000, 0x0000000082f00000| Complete 
|  47|0x0000000082f00000, 0x0000000083000000, 0x0000000083000000|100%|HC|  |TAMS 0x0000000083000000, 0x0000000083000000| Complete 
|  48|0x0000000083000000, 0x0000000083100000, 0x0000000083100000|100%|HC|  |TAMS 0x0000000083100000, 0x0000000083100000| Complete 
|  49|0x0000000083100000, 0x0000000083200000, 0x0000000083200000|100%|HC|  |TAMS 0x0000000083200000, 0x0000000083200000| Complete 
|  50|0x0000000083200000, 0x0000000083300000, 0x0000000083300000|100%|HC|  |TAMS 0x0000000083300000, 0x0000000083300000| Complete 
|  51|0x0000000083300000, 0x0000000083400000, 0x0000000083400000|100%|HS|  |TAMS 0x0000000083400000, 0x0000000083400000| Complete 
|  52|0x0000000083400000, 0x0000000083500000, 0x0000000083500000|100%|HC|  |TAMS 0x0000000083500000, 0x0000000083500000| Complete 
|  53|0x0000000083500000, 0x0000000083600000, 0x0000000083600000|100%|HC|  |TAMS 0x0000000083600000, 0x0000000083600000| Complete 
|  54|0x0000000083600000, 0x0000000083700000, 0x0000000083700000|100%|HC|  |TAMS 0x0000000083700000, 0x0000000083700000| Complete 
|  55|0x0000000083700000, 0x0000000083800000, 0x0000000083800000|100%|HC|  |TAMS 0x0000000083800000, 0x0000000083800000| Complete 
|  56|0x0000000083800000, 0x0000000083900000, 0x0000000083900000|100%|HC|  |TAMS 0x0000000083900000, 0x0000000083900000| Complete 
|  57|0x0000000083900000, 0x0000000083a00000, 0x0000000083a00000|100%| O|  |TAMS 0x0000000083a00000, 0x0000000083a00000| Untracked 
|  58|0x0000000083a00000, 0x0000000083b00000, 0x0000000083b00000|100%| O|  |TAMS 0x0000000083b00000, 0x0000000083b00000| Untracked 
|  59|0x0000000083b00000, 0x0000000083c00000, 0x0000000083c00000|100%| O|  |TAMS 0x0000000083c00000, 0x0000000083c00000| Untracked 
|  60|0x0000000083c00000, 0x0000000083d00000, 0x0000000083d00000|100%| O|  |TAMS 0x0000000083d00000, 0x0000000083d00000| Untracked 
|  61|0x0000000083d00000, 0x0000000083e00000, 0x0000000083e00000|100%| O|  |TAMS 0x0000000083e00000, 0x0000000083e00000| Untracked 
|  62|0x0000000083e00000, 0x0000000083f00000, 0x0000000083f00000|100%| O|  |TAMS 0x0000000083f00000, 0x0000000083f00000| Untracked 
|  63|0x0000000083f00000, 0x0000000084000000, 0x0000000084000000|100%| O|  |TAMS 0x0000000084000000, 0x0000000084000000| Untracked 
|  64|0x0000000084000000, 0x0000000084100000, 0x0000000084100000|100%|HS|  |TAMS 0x0000000084100000, 0x0000000084100000| Complete 
|  65|0x0000000084100000, 0x0000000084200000, 0x0000000084200000|100%|HC|  |TAMS 0x0000000084200000, 0x0000000084200000| Complete 
|  66|0x0000000084200000, 0x0000000084300000, 0x0000000084300000|100%|HC|  |TAMS 0x0000000084300000, 0x0000000084300000| Complete 
|  67|0x0000000084300000, 0x0000000084400000, 0x0000000084400000|100%|HS|  |TAMS 0x0000000084400000, 0x0000000084400000| Complete 
|  68|0x0000000084400000, 0x0000000084500000, 0x0000000084500000|100%|HC|  |TAMS 0x0000000084500000, 0x0000000084500000| Complete 
|  69|0x0000000084500000, 0x0000000084600000, 0x0000000084600000|100%|HS|  |TAMS 0x0000000084600000, 0x0000000084600000| Complete 
|  70|0x0000000084600000, 0x0000000084700000, 0x0000000084700000|100%|HC|  |TAMS 0x0000000084700000, 0x0000000084700000| Complete 
|  71|0x0000000084700000, 0x0000000084800000, 0x0000000084800000|100%|HC|  |TAMS 0x0000000084800000, 0x0000000084800000| Complete 
|  72|0x0000000084800000, 0x0000000084900000, 0x0000000084900000|100%|HC|  |TAMS 0x0000000084900000, 0x0000000084900000| Complete 
|  73|0x0000000084900000, 0x0000000084a00000, 0x0000000084a00000|100%|HC|  |TAMS 0x0000000084a00000, 0x0000000084a00000| Complete 
|  74|0x0000000084a00000, 0x0000000084b00000, 0x0000000084b00000|100%|HC|  |TAMS 0x0000000084b00000, 0x0000000084b00000| Complete 
|  75|0x0000000084b00000, 0x0000000084c00000, 0x0000000084c00000|100%|HC|  |TAMS 0x0000000084c00000, 0x0000000084c00000| Complete 
|  76|0x0000000084c00000, 0x0000000084d00000, 0x0000000084d00000|100%|HC|  |TAMS 0x0000000084d00000, 0x0000000084d00000| Complete 
|  77|0x0000000084d00000, 0x0000000084e00000, 0x0000000084e00000|100%|HC|  |TAMS 0x0000000084e00000, 0x0000000084e00000| Complete 
|  78|0x0000000084e00000, 0x0000000084f00000, 0x0000000084f00000|100%|HC|  |TAMS 0x0000000084f00000, 0x0000000084f00000| Complete 
|  79|0x0000000084f00000, 0x0000000085000000, 0x0000000085000000|100%|HC|  |TAMS 0x0000000085000000, 0x0000000085000000| Complete 
|  80|0x0000000085000000, 0x0000000085100000, 0x0000000085100000|100%|HS|  |TAMS 0x0000000085100000, 0x0000000085100000| Complete 
|  81|0x0000000085100000, 0x0000000085200000, 0x0000000085200000|100%|HC|  |TAMS 0x0000000085200000, 0x0000000085200000| Complete 
|  82|0x0000000085200000, 0x0000000085300000, 0x0000000085300000|100%|HS|  |TAMS 0x0000000085300000, 0x0000000085300000| Complete 
|  83|0x0000000085300000, 0x0000000085400000, 0x0000000085400000|100%|HC|  |TAMS 0x0000000085400000, 0x0000000085400000| Complete 
|  84|0x0000000085400000, 0x0000000085500000, 0x0000000085500000|100%|HC|  |TAMS 0x0000000085500000, 0x0000000085500000| Complete 
|  85|0x0000000085500000, 0x0000000085600000, 0x0000000085600000|100%| O|  |TAMS 0x0000000085600000, 0x0000000085600000| Untracked 
|  86|0x0000000085600000, 0x0000000085700000, 0x0000000085700000|100%| O|  |TAMS 0x0000000085700000, 0x0000000085700000| Untracked 
|  87|0x0000000085700000, 0x0000000085800000, 0x0000000085800000|100%| O|  |TAMS 0x0000000085800000, 0x0000000085800000| Untracked 
|  88|0x0000000085800000, 0x0000000085900000, 0x0000000085900000|100%| O|  |TAMS 0x0000000085900000, 0x0000000085900000| Untracked 
|  89|0x0000000085900000, 0x0000000085a00000, 0x0000000085a00000|100%| O|  |TAMS 0x0000000085a00000, 0x0000000085a00000| Untracked 
|  90|0x0000000085a00000, 0x0000000085b00000, 0x0000000085b00000|100%| O|  |TAMS 0x0000000085b00000, 0x0000000085b00000| Untracked 
|  91|0x0000000085b00000, 0x0000000085c00000, 0x0000000085c00000|100%|HS|  |TAMS 0x0000000085c00000, 0x0000000085c00000| Complete 
|  92|0x0000000085c00000, 0x0000000085d00000, 0x0000000085d00000|100%|HC|  |TAMS 0x0000000085d00000, 0x0000000085d00000| Complete 
|  93|0x0000000085d00000, 0x0000000085e00000, 0x0000000085e00000|100%|HC|  |TAMS 0x0000000085e00000, 0x0000000085e00000| Complete 
|  94|0x0000000085e00000, 0x0000000085f00000, 0x0000000085f00000|100%|HC|  |TAMS 0x0000000085f00000, 0x0000000085f00000| Complete 
|  95|0x0000000085f00000, 0x0000000086000000, 0x0000000086000000|100%|HC|  |TAMS 0x0000000086000000, 0x0000000086000000| Complete 
|  96|0x0000000086000000, 0x0000000086100000, 0x0000000086100000|100%|HC|  |TAMS 0x0000000086100000, 0x0000000086100000| Complete 
|  97|0x0000000086100000, 0x0000000086200000, 0x0000000086200000|100%|HS|  |TAMS 0x0000000086200000, 0x0000000086200000| Complete 
|  98|0x0000000086200000, 0x0000000086300000, 0x0000000086300000|100%| O|  |TAMS 0x0000000086300000, 0x0000000086300000| Untracked 
|  99|0x0000000086300000, 0x0000000086400000, 0x0000000086400000|100%| O|  |TAMS 0x0000000086400000, 0x0000000086400000| Untracked 
| 100|0x0000000086400000, 0x0000000086500000, 0x0000000086500000|100%| O|  |TAMS 0x0000000086500000, 0x0000000086500000| Untracked 
| 101|0x0000000086500000, 0x0000000086600000, 0x0000000086600000|100%| O|  |TAMS 0x0000000086600000, 0x0000000086600000| Untracked 
| 102|0x0000000086600000, 0x0000000086700000, 0x0000000086700000|100%| O|  |TAMS 0x0000000086700000, 0x0000000086700000| Untracked 
| 103|0x0000000086700000, 0x0000000086800000, 0x0000000086800000|100%| O|  |TAMS 0x0000000086800000, 0x0000000086800000| Untracked 
| 104|0x0000000086800000, 0x0000000086900000, 0x0000000086900000|100%|HS|  |TAMS 0x0000000086900000, 0x0000000086900000| Complete 
| 105|0x0000000086900000, 0x0000000086a00000, 0x0000000086a00000|100%|HS|  |TAMS 0x0000000086a00000, 0x0000000086a00000| Complete 
| 106|0x0000000086a00000, 0x0000000086b00000, 0x0000000086b00000|100%| O|  |TAMS 0x0000000086b00000, 0x0000000086b00000| Untracked 
| 107|0x0000000086b00000, 0x0000000086c00000, 0x0000000086c00000|100%| O|  |TAMS 0x0000000086c00000, 0x0000000086c00000| Untracked 
| 108|0x0000000086c00000, 0x0000000086d00000, 0x0000000086d00000|100%| O|  |TAMS 0x0000000086d00000, 0x0000000086d00000| Untracked 
| 109|0x0000000086d00000, 0x0000000086e00000, 0x0000000086e00000|100%| O|  |TAMS 0x0000000086e00000, 0x0000000086e00000| Untracked 
| 110|0x0000000086e00000, 0x0000000086f00000, 0x0000000086f00000|100%| O|  |TAMS 0x0000000086f00000, 0x0000000086f00000| Untracked 
| 111|0x0000000086f00000, 0x0000000087000000, 0x0000000087000000|100%| O|  |TAMS 0x0000000087000000, 0x0000000087000000| Untracked 
| 112|0x0000000087000000, 0x0000000087000000, 0x0000000087100000|  0%| F|  |TAMS 0x0000000087000000, 0x0000000087000000| Untracked 
| 113|0x0000000087100000, 0x0000000087200000, 0x0000000087200000|100%| O|  |TAMS 0x0000000087200000, 0x0000000087200000| Untracked 
| 114|0x0000000087200000, 0x0000000087300000, 0x0000000087300000|100%| O|  |TAMS 0x0000000087300000, 0x0000000087300000| Untracked 
| 115|0x0000000087300000, 0x0000000087400000, 0x0000000087400000|100%| O|  |TAMS 0x0000000087400000, 0x0000000087400000| Untracked 
| 116|0x0000000087400000, 0x0000000087500000, 0x0000000087500000|100%| O|  |TAMS 0x0000000087500000, 0x0000000087500000| Untracked 
| 117|0x0000000087500000, 0x0000000087600000, 0x0000000087600000|100%| O|  |TAMS 0x0000000087600000, 0x0000000087600000| Untracked 
| 118|0x0000000087600000, 0x0000000087700000, 0x0000000087700000|100%| O|  |TAMS 0x0000000087700000, 0x0000000087700000| Untracked 
| 119|0x0000000087700000, 0x0000000087800000, 0x0000000087800000|100%| O|  |TAMS 0x0000000087800000, 0x0000000087800000| Untracked 
| 120|0x0000000087800000, 0x0000000087900000, 0x0000000087900000|100%| O|  |TAMS 0x0000000087900000, 0x0000000087900000| Untracked 
| 121|0x0000000087900000, 0x0000000087a00000, 0x0000000087a00000|100%| O|  |TAMS 0x0000000087a00000, 0x0000000087a00000| Untracked 
| 122|0x0000000087a00000, 0x0000000087b00000, 0x0000000087b00000|100%| O|  |TAMS 0x0000000087b00000, 0x0000000087b00000| Untracked 
| 123|0x0000000087b00000, 0x0000000087c00000, 0x0000000087c00000|100%| O|  |TAMS 0x0000000087b67a00, 0x0000000087c00000| Untracked 
| 124|0x0000000087c00000, 0x0000000087d00000, 0x0000000087d00000|100%| O|  |TAMS 0x0000000087c00000, 0x0000000087d00000| Untracked 
| 125|0x0000000087d00000, 0x0000000087e00000, 0x0000000087e00000|100%| O|  |TAMS 0x0000000087d00000, 0x0000000087e00000| Untracked 
| 126|0x0000000087e00000, 0x0000000087f00000, 0x0000000087f00000|100%| O|  |TAMS 0x0000000087e00000, 0x0000000087f00000| Untracked 
| 127|0x0000000087f00000, 0x0000000088000000, 0x0000000088000000|100%| O|  |TAMS 0x0000000087f00000, 0x0000000088000000| Untracked 
| 128|0x0000000088000000, 0x0000000088100000, 0x0000000088100000|100%| O|  |TAMS 0x0000000088000000, 0x0000000088100000| Untracked 
| 129|0x0000000088100000, 0x0000000088200000, 0x0000000088200000|100%| O|  |TAMS 0x0000000088100000, 0x0000000088200000| Untracked 
| 130|0x0000000088200000, 0x0000000088300000, 0x0000000088300000|100%| O|  |TAMS 0x0000000088200000, 0x0000000088300000| Untracked 
| 131|0x0000000088300000, 0x00000000883a3600, 0x0000000088400000| 63%| O|  |TAMS 0x0000000088300000, 0x00000000883a3600| Untracked 
| 132|0x0000000088400000, 0x0000000088400000, 0x0000000088500000|  0%| F|  |TAMS 0x0000000088400000, 0x0000000088400000| Untracked 
| 133|0x0000000088500000, 0x0000000088500000, 0x0000000088600000|  0%| F|  |TAMS 0x0000000088500000, 0x0000000088500000| Untracked 
| 134|0x0000000088600000, 0x0000000088600000, 0x0000000088700000|  0%| F|  |TAMS 0x0000000088600000, 0x0000000088600000| Untracked 
| 135|0x0000000088700000, 0x0000000088700000, 0x0000000088800000|  0%| F|  |TAMS 0x0000000088700000, 0x0000000088700000| Untracked 
| 136|0x0000000088800000, 0x0000000088800000, 0x0000000088900000|  0%| F|  |TAMS 0x0000000088800000, 0x0000000088800000| Untracked 
| 137|0x0000000088900000, 0x0000000088900000, 0x0000000088a00000|  0%| F|  |TAMS 0x0000000088900000, 0x0000000088900000| Untracked 
| 138|0x0000000088a00000, 0x0000000088a00000, 0x0000000088b00000|  0%| F|  |TAMS 0x0000000088a00000, 0x0000000088a00000| Untracked 
| 139|0x0000000088b00000, 0x0000000088b00000, 0x0000000088c00000|  0%| F|  |TAMS 0x0000000088b00000, 0x0000000088b00000| Untracked 
| 140|0x0000000088c00000, 0x0000000088c00000, 0x0000000088d00000|  0%| F|  |TAMS 0x0000000088c00000, 0x0000000088c00000| Untracked 
| 141|0x0000000088d00000, 0x0000000088d00000, 0x0000000088e00000|  0%| F|  |TAMS 0x0000000088d00000, 0x0000000088d00000| Untracked 
| 142|0x0000000088e00000, 0x0000000088e00000, 0x0000000088f00000|  0%| F|  |TAMS 0x0000000088e00000, 0x0000000088e00000| Untracked 
| 143|0x0000000088f00000, 0x0000000088f00000, 0x0000000089000000|  0%| F|  |TAMS 0x0000000088f00000, 0x0000000088f00000| Untracked 
| 144|0x0000000089000000, 0x0000000089000000, 0x0000000089100000|  0%| F|  |TAMS 0x0000000089000000, 0x0000000089000000| Untracked 
| 145|0x0000000089100000, 0x0000000089100000, 0x0000000089200000|  0%| F|  |TAMS 0x0000000089100000, 0x0000000089100000| Untracked 
| 146|0x0000000089200000, 0x0000000089200000, 0x0000000089300000|  0%| F|  |TAMS 0x0000000089200000, 0x0000000089200000| Untracked 
| 147|0x0000000089300000, 0x0000000089300000, 0x0000000089400000|  0%| F|  |TAMS 0x0000000089300000, 0x0000000089300000| Untracked 
| 148|0x0000000089400000, 0x0000000089400000, 0x0000000089500000|  0%| F|  |TAMS 0x0000000089400000, 0x0000000089400000| Untracked 
| 149|0x0000000089500000, 0x0000000089500000, 0x0000000089600000|  0%| F|  |TAMS 0x0000000089500000, 0x0000000089500000| Untracked 
| 150|0x0000000089600000, 0x0000000089600000, 0x0000000089700000|  0%| F|  |TAMS 0x0000000089600000, 0x0000000089600000| Untracked 
| 151|0x0000000089700000, 0x0000000089700000, 0x0000000089800000|  0%| F|  |TAMS 0x0000000089700000, 0x0000000089700000| Untracked 
| 152|0x0000000089800000, 0x0000000089800000, 0x0000000089900000|  0%| F|  |TAMS 0x0000000089800000, 0x0000000089800000| Untracked 
| 153|0x0000000089900000, 0x0000000089900000, 0x0000000089a00000|  0%| F|  |TAMS 0x0000000089900000, 0x0000000089900000| Untracked 
| 154|0x0000000089a00000, 0x0000000089a00000, 0x0000000089b00000|  0%| F|  |TAMS 0x0000000089a00000, 0x0000000089a00000| Untracked 
| 155|0x0000000089b00000, 0x0000000089b00000, 0x0000000089c00000|  0%| F|  |TAMS 0x0000000089b00000, 0x0000000089b00000| Untracked 
| 156|0x0000000089c00000, 0x0000000089c00000, 0x0000000089d00000|  0%| F|  |TAMS 0x0000000089c00000, 0x0000000089c00000| Untracked 
| 157|0x0000000089d00000, 0x0000000089d00000, 0x0000000089e00000|  0%| F|  |TAMS 0x0000000089d00000, 0x0000000089d00000| Untracked 
| 158|0x0000000089e00000, 0x0000000089e00000, 0x0000000089f00000|  0%| F|  |TAMS 0x0000000089e00000, 0x0000000089e00000| Untracked 
| 159|0x0000000089f00000, 0x0000000089f00000, 0x000000008a000000|  0%| F|  |TAMS 0x0000000089f00000, 0x0000000089f00000| Untracked 
| 160|0x000000008a000000, 0x000000008a000000, 0x000000008a100000|  0%| F|  |TAMS 0x000000008a000000, 0x000000008a000000| Untracked 
| 161|0x000000008a100000, 0x000000008a100000, 0x000000008a200000|  0%| F|  |TAMS 0x000000008a100000, 0x000000008a100000| Untracked 
| 162|0x000000008a200000, 0x000000008a200000, 0x000000008a300000|  0%| F|  |TAMS 0x000000008a200000, 0x000000008a200000| Untracked 
| 163|0x000000008a300000, 0x000000008a300000, 0x000000008a400000|  0%| F|  |TAMS 0x000000008a300000, 0x000000008a300000| Untracked 
| 164|0x000000008a400000, 0x000000008a400000, 0x000000008a500000|  0%| F|  |TAMS 0x000000008a400000, 0x000000008a400000| Untracked 
| 165|0x000000008a500000, 0x000000008a500000, 0x000000008a600000|  0%| F|  |TAMS 0x000000008a500000, 0x000000008a500000| Untracked 
| 166|0x000000008a600000, 0x000000008a600000, 0x000000008a700000|  0%| F|  |TAMS 0x000000008a600000, 0x000000008a600000| Untracked 
| 167|0x000000008a700000, 0x000000008a700000, 0x000000008a800000|  0%| F|  |TAMS 0x000000008a700000, 0x000000008a700000| Untracked 
| 168|0x000000008a800000, 0x000000008a800000, 0x000000008a900000|  0%| F|  |TAMS 0x000000008a800000, 0x000000008a800000| Untracked 
| 169|0x000000008a900000, 0x000000008a900000, 0x000000008aa00000|  0%| F|  |TAMS 0x000000008a900000, 0x000000008a900000| Untracked 
| 170|0x000000008aa00000, 0x000000008aa00000, 0x000000008ab00000|  0%| F|  |TAMS 0x000000008aa00000, 0x000000008aa00000| Untracked 
| 171|0x000000008ab00000, 0x000000008ab00000, 0x000000008ac00000|  0%| F|  |TAMS 0x000000008ab00000, 0x000000008ab00000| Untracked 
| 172|0x000000008ac00000, 0x000000008ac00000, 0x000000008ad00000|  0%| F|  |TAMS 0x000000008ac00000, 0x000000008ac00000| Untracked 
| 173|0x000000008ad00000, 0x000000008ad00000, 0x000000008ae00000|  0%| F|  |TAMS 0x000000008ad00000, 0x000000008ad00000| Untracked 
| 174|0x000000008ae00000, 0x000000008ae00000, 0x000000008af00000|  0%| F|  |TAMS 0x000000008ae00000, 0x000000008ae00000| Untracked 
| 175|0x000000008af00000, 0x000000008af00000, 0x000000008b000000|  0%| F|  |TAMS 0x000000008af00000, 0x000000008af00000| Untracked 
| 176|0x000000008b000000, 0x000000008b000000, 0x000000008b100000|  0%| F|  |TAMS 0x000000008b000000, 0x000000008b000000| Untracked 
| 177|0x000000008b100000, 0x000000008b100000, 0x000000008b200000|  0%| F|  |TAMS 0x000000008b100000, 0x000000008b100000| Untracked 
| 178|0x000000008b200000, 0x000000008b200000, 0x000000008b300000|  0%| F|  |TAMS 0x000000008b200000, 0x000000008b200000| Untracked 
| 179|0x000000008b300000, 0x000000008b300000, 0x000000008b400000|  0%| F|  |TAMS 0x000000008b300000, 0x000000008b300000| Untracked 
| 180|0x000000008b400000, 0x000000008b400000, 0x000000008b500000|  0%| F|  |TAMS 0x000000008b400000, 0x000000008b400000| Untracked 
| 181|0x000000008b500000, 0x000000008b500000, 0x000000008b600000|  0%| F|  |TAMS 0x000000008b500000, 0x000000008b500000| Untracked 
| 182|0x000000008b600000, 0x000000008b600000, 0x000000008b700000|  0%| F|  |TAMS 0x000000008b600000, 0x000000008b600000| Untracked 
| 183|0x000000008b700000, 0x000000008b700000, 0x000000008b800000|  0%| F|  |TAMS 0x000000008b700000, 0x000000008b700000| Untracked 
| 184|0x000000008b800000, 0x000000008b800000, 0x000000008b900000|  0%| F|  |TAMS 0x000000008b800000, 0x000000008b800000| Untracked 
| 185|0x000000008b900000, 0x000000008b900000, 0x000000008ba00000|  0%| F|  |TAMS 0x000000008b900000, 0x000000008b900000| Untracked 
| 186|0x000000008ba00000, 0x000000008ba00000, 0x000000008bb00000|  0%| F|  |TAMS 0x000000008ba00000, 0x000000008ba00000| Untracked 
| 187|0x000000008bb00000, 0x000000008bb00000, 0x000000008bc00000|  0%| F|  |TAMS 0x000000008bb00000, 0x000000008bb00000| Untracked 
| 188|0x000000008bc00000, 0x000000008bc00000, 0x000000008bd00000|  0%| F|  |TAMS 0x000000008bc00000, 0x000000008bc00000| Untracked 
| 189|0x000000008bd00000, 0x000000008bd00000, 0x000000008be00000|  0%| F|  |TAMS 0x000000008bd00000, 0x000000008bd00000| Untracked 
| 190|0x000000008be00000, 0x000000008be00000, 0x000000008bf00000|  0%| F|  |TAMS 0x000000008be00000, 0x000000008be00000| Untracked 
| 191|0x000000008bf00000, 0x000000008bf00000, 0x000000008c000000|  0%| F|  |TAMS 0x000000008bf00000, 0x000000008bf00000| Untracked 
| 192|0x000000008c000000, 0x000000008c000000, 0x000000008c100000|  0%| F|  |TAMS 0x000000008c000000, 0x000000008c000000| Untracked 
| 193|0x000000008c100000, 0x000000008c100000, 0x000000008c200000|  0%| F|  |TAMS 0x000000008c100000, 0x000000008c100000| Untracked 
| 194|0x000000008c200000, 0x000000008c200000, 0x000000008c300000|  0%| F|  |TAMS 0x000000008c200000, 0x000000008c200000| Untracked 
| 195|0x000000008c300000, 0x000000008c300000, 0x000000008c400000|  0%| F|  |TAMS 0x000000008c300000, 0x000000008c300000| Untracked 
| 196|0x000000008c400000, 0x000000008c400000, 0x000000008c500000|  0%| F|  |TAMS 0x000000008c400000, 0x000000008c400000| Untracked 
| 197|0x000000008c500000, 0x000000008c500000, 0x000000008c600000|  0%| F|  |TAMS 0x000000008c500000, 0x000000008c500000| Untracked 
| 198|0x000000008c600000, 0x000000008c600000, 0x000000008c700000|  0%| F|  |TAMS 0x000000008c600000, 0x000000008c600000| Untracked 
| 199|0x000000008c700000, 0x000000008c700000, 0x000000008c800000|  0%| F|  |TAMS 0x000000008c700000, 0x000000008c700000| Untracked 
| 200|0x000000008c800000, 0x000000008c800000, 0x000000008c900000|  0%| F|  |TAMS 0x000000008c800000, 0x000000008c800000| Untracked 
| 201|0x000000008c900000, 0x000000008c900000, 0x000000008ca00000|  0%| F|  |TAMS 0x000000008c900000, 0x000000008c900000| Untracked 
| 202|0x000000008ca00000, 0x000000008ca00000, 0x000000008cb00000|  0%| F|  |TAMS 0x000000008ca00000, 0x000000008ca00000| Untracked 
| 203|0x000000008cb00000, 0x000000008cb00000, 0x000000008cc00000|  0%| F|  |TAMS 0x000000008cb00000, 0x000000008cb00000| Untracked 
| 204|0x000000008cc00000, 0x000000008cc00000, 0x000000008cd00000|  0%| F|  |TAMS 0x000000008cc00000, 0x000000008cc00000| Untracked 
| 205|0x000000008cd00000, 0x000000008cd00000, 0x000000008ce00000|  0%| F|  |TAMS 0x000000008cd00000, 0x000000008cd00000| Untracked 
| 206|0x000000008ce00000, 0x000000008ce00000, 0x000000008cf00000|  0%| F|  |TAMS 0x000000008ce00000, 0x000000008ce00000| Untracked 
| 207|0x000000008cf00000, 0x000000008cf00000, 0x000000008d000000|  0%| F|  |TAMS 0x000000008cf00000, 0x000000008cf00000| Untracked 
| 208|0x000000008d000000, 0x000000008d000000, 0x000000008d100000|  0%| F|  |TAMS 0x000000008d000000, 0x000000008d000000| Untracked 
| 209|0x000000008d100000, 0x000000008d1172c0, 0x000000008d200000|  9%| S|CS|TAMS 0x000000008d100000, 0x000000008d100000| Complete 
| 210|0x000000008d200000, 0x000000008d300000, 0x000000008d300000|100%| S|CS|TAMS 0x000000008d200000, 0x000000008d200000| Complete 
| 211|0x000000008d300000, 0x000000008d400000, 0x000000008d400000|100%| S|CS|TAMS 0x000000008d300000, 0x000000008d300000| Complete 
| 212|0x000000008d400000, 0x000000008d400000, 0x000000008d500000|  0%| F|  |TAMS 0x000000008d400000, 0x000000008d400000| Untracked 
| 213|0x000000008d500000, 0x000000008d500000, 0x000000008d600000|  0%| F|  |TAMS 0x000000008d500000, 0x000000008d500000| Untracked 
| 214|0x000000008d600000, 0x000000008d600000, 0x000000008d700000|  0%| F|  |TAMS 0x000000008d600000, 0x000000008d600000| Untracked 
| 215|0x000000008d700000, 0x000000008d700000, 0x000000008d800000|  0%| F|  |TAMS 0x000000008d700000, 0x000000008d700000| Untracked 
| 216|0x000000008d800000, 0x000000008d800000, 0x000000008d900000|  0%| F|  |TAMS 0x000000008d800000, 0x000000008d800000| Untracked 
| 217|0x000000008d900000, 0x000000008d900000, 0x000000008da00000|  0%| F|  |TAMS 0x000000008d900000, 0x000000008d900000| Untracked 
| 218|0x000000008da00000, 0x000000008da00000, 0x000000008db00000|  0%| F|  |TAMS 0x000000008da00000, 0x000000008da00000| Untracked 

Card table byte_map: [0x0000024fd12f0000,0x0000024fd16f0000] _byte_map_base: 0x0000024fd0ef0000

Marking Bits (Prev, Next): (CMBitMap*) 0x0000024fbe766220, (CMBitMap*) 0x0000024fbe766260
 Prev Bits: [0x0000024fd1af0000, 0x0000024fd3af0000)
 Next Bits: [0x0000024fd3af0000, 0x0000024fd5af0000)

Polling page: 0x0000024fbdec0000

Metaspace:

Usage:
  Non-class:     74.83 MB used.
      Class:     11.78 MB used.
       Both:     86.61 MB used.

Virtual space:
  Non-class space:       80.00 MB reserved,      75.25 MB ( 94%) committed,  10 nodes.
      Class space:        1.00 GB reserved,      12.12 MB (  1%) committed,  1 nodes.
             Both:        1.08 GB reserved,      87.38 MB (  8%) committed. 

Chunk freelists:
   Non-Class:  624.00 KB
       Class:  3.91 MB
        Both:  4.52 MB

MaxMetaspaceSize: unlimited
CompressedClassSpaceSize: 1.00 GB
Initial GC threshold: 21.00 MB
Current GC threshold: 140.56 MB
CDS: off
MetaspaceReclaimPolicy: balanced
 - commit_granule_bytes: 65536.
 - commit_granule_words: 8192.
 - virtual_space_node_default_size: 1048576.
 - enlarge_chunks_in_place: 1.
 - new_chunks_are_fully_committed: 0.
 - uncommit_free_chunks: 1.
 - use_allocation_guard: 0.
 - handle_deallocations: 1.


Internal statistics:

num_allocs_failed_limit: 3.
num_arena_births: 792.
num_arena_deaths: 4.
num_vsnodes_births: 11.
num_vsnodes_deaths: 0.
num_space_committed: 1398.
num_space_uncommitted: 0.
num_chunks_returned_to_freelist: 13.
num_chunks_taken_from_freelist: 3851.
num_chunk_merges: 4.
num_chunk_splits: 2561.
num_chunks_enlarged: 1739.
num_purges: 4.
num_inconsistent_stats: 0.

CodeHeap 'non-profiled nmethods': size=120000Kb used=3626Kb max_used=3626Kb free=116373Kb
 bounds [0x0000024fc9690000, 0x0000024fc9a20000, 0x0000024fd0bc0000]
CodeHeap 'profiled nmethods': size=120000Kb used=15961Kb max_used=15961Kb free=104038Kb
 bounds [0x0000024fc1bc0000, 0x0000024fc2b60000, 0x0000024fc90f0000]
CodeHeap 'non-nmethods': size=5760Kb used=2415Kb max_used=2465Kb free=3345Kb
 bounds [0x0000024fc90f0000, 0x0000024fc9370000, 0x0000024fc9690000]
 total_blobs=9126 nmethods=8176 adapters=861
 compilation: enabled
              stopped_count=0, restarted_count=0
 full_count=0

Compilation events (20 events):
Event: 28.548 Thread 0x0000024fd905f010 9295       2       kotlin.reflect.jvm.internal.impl.name.FqName::<init> (18 bytes)
Event: 28.548 Thread 0x0000024fd905f010 nmethod 9295 0x0000024fc2b53810 code [0x0000024fc2b539a0, 0x0000024fc2b53b28]
Event: 28.548 Thread 0x0000024fd905f010 9296       2       groovy.lang.MetaClassImpl::checkInitalised (58 bytes)
Event: 28.549 Thread 0x0000024fd905f010 nmethod 9296 0x0000024fc2b53c10 code [0x0000024fc2b53e40, 0x0000024fc2b54298]
Event: 28.550 Thread 0x0000024fd905f010 9297       1       org.gradle.internal.logging.events.ProgressStartEvent::getProgressOperationId (5 bytes)
Event: 28.551 Thread 0x0000024fd905f010 nmethod 9297 0x0000024fc9a1a510 code [0x0000024fc9a1a6a0, 0x0000024fc9a1a778]
Event: 28.587 Thread 0x0000024fd905f010 9298       1       java.util.concurrent.locks.ReentrantReadWriteLock::writeLock (5 bytes)
Event: 28.587 Thread 0x0000024fd905f010 nmethod 9298 0x0000024fc9a1a810 code [0x0000024fc9a1a9a0, 0x0000024fc9a1aa78]
Event: 28.588 Thread 0x0000024fd905f010 9299       2       java.util.concurrent.locks.ReentrantReadWriteLock$NonfairSync::readerShouldBlock (5 bytes)
Event: 28.588 Thread 0x0000024fd905f010 nmethod 9299 0x0000024fc2b54510 code [0x0000024fc2b546a0, 0x0000024fc2b547c8]
Event: 28.589 Thread 0x0000024fd905f010 9300       2       java.util.concurrent.locks.AbstractQueuedSynchronizer::apparentlyFirstQueuedIsExclusive (38 bytes)
Event: 28.589 Thread 0x0000024fd905f010 nmethod 9300 0x0000024fc2b54890 code [0x0000024fc2b54a20, 0x0000024fc2b54bb8]
Event: 28.611 Thread 0x0000024fd905f010 9301       2       jdk.internal.module.Resources::toPackageName (39 bytes)
Event: 28.612 Thread 0x0000024fd905f010 nmethod 9301 0x0000024fc2b54c90 code [0x0000024fc2b54e60, 0x0000024fc2b55098]
Event: 28.623 Thread 0x0000024fd905f010 9302       2       sun.net.www.protocol.file.FileURLConnection::<init> (38 bytes)
Event: 28.624 Thread 0x0000024fd905f010 nmethod 9302 0x0000024fc2b55290 code [0x0000024fc2b55440, 0x0000024fc2b556f8]
Event: 28.692 Thread 0x0000024fd905f010 9303       2       java.net.URLStreamHandler::sameFile (136 bytes)
Event: 28.693 Thread 0x0000024fd905f010 nmethod 9303 0x0000024fc2b55810 code [0x0000024fc2b55a00, 0x0000024fc2b55d48]
Event: 28.693 Thread 0x0000024fd905f010 9304       2       java.io.BufferedReader::fill (170 bytes)
Event: 28.694 Thread 0x0000024fd905f010 nmethod 9304 0x0000024fc2b55f10 code [0x0000024fc2b560e0, 0x0000024fc2b56588]

GC Heap History (20 events):
Event: 22.703 GC heap after
{Heap after GC invocations=33 (full 0):
 garbage-first heap   total 186368K, used 117730K [0x0000000080000000, 0x0000000100000000)
  region size 1024K, 1 young (1024K), 1 survivors (1024K)
 Metaspace       used 70823K, committed 71424K, reserved 1114112K
  class space    used 9411K, committed 9664K, reserved 1048576K
}
Event: 23.721 GC heap before
{Heap before GC invocations=33 (full 0):
 garbage-first heap   total 186368K, used 148450K [0x0000000080000000, 0x0000000100000000)
  region size 1024K, 32 young (32768K), 1 survivors (1024K)
 Metaspace       used 75444K, committed 76160K, reserved 1122304K
  class space    used 10068K, committed 10368K, reserved 1048576K
}
Event: 23.728 GC heap after
{Heap after GC invocations=34 (full 0):
 garbage-first heap   total 186368K, used 119681K [0x0000000080000000, 0x0000000100000000)
  region size 1024K, 3 young (3072K), 3 survivors (3072K)
 Metaspace       used 75444K, committed 76160K, reserved 1122304K
  class space    used 10068K, committed 10368K, reserved 1048576K
}
Event: 24.582 GC heap before
{Heap before GC invocations=35 (full 0):
 garbage-first heap   total 219136K, used 159617K [0x0000000080000000, 0x0000000100000000)
  region size 1024K, 36 young (36864K), 3 survivors (3072K)
 Metaspace       used 77776K, committed 78400K, reserved 1122304K
  class space    used 10372K, committed 10624K, reserved 1048576K
}
Event: 24.591 GC heap after
{Heap after GC invocations=36 (full 0):
 garbage-first heap   total 219136K, used 122506K [0x0000000080000000, 0x0000000100000000)
  region size 1024K, 5 young (5120K), 5 survivors (5120K)
 Metaspace       used 77776K, committed 78400K, reserved 1122304K
  class space    used 10372K, committed 10624K, reserved 1048576K
}
Event: 24.691 GC heap before
{Heap before GC invocations=36 (full 0):
 garbage-first heap   total 219136K, used 127626K [0x0000000080000000, 0x0000000100000000)
  region size 1024K, 10 young (10240K), 5 survivors (5120K)
 Metaspace       used 78134K, committed 78784K, reserved 1122304K
  class space    used 10415K, committed 10688K, reserved 1048576K
}
Event: 24.699 GC heap after
{Heap after GC invocations=37 (full 0):
 garbage-first heap   total 219136K, used 122898K [0x0000000080000000, 0x0000000100000000)
  region size 1024K, 1 young (1024K), 1 survivors (1024K)
 Metaspace       used 78134K, committed 78784K, reserved 1122304K
  class space    used 10415K, committed 10688K, reserved 1048576K
}
Event: 25.023 GC heap before
{Heap before GC invocations=37 (full 0):
 garbage-first heap   total 219136K, used 137234K [0x0000000080000000, 0x0000000100000000)
  region size 1024K, 16 young (16384K), 1 survivors (1024K)
 Metaspace       used 79539K, committed 80192K, reserved 1122304K
  class space    used 10581K, committed 10880K, reserved 1048576K
}
Event: 25.028 GC heap after
{Heap after GC invocations=38 (full 0):
 garbage-first heap   total 219136K, used 123802K [0x0000000080000000, 0x0000000100000000)
  region size 1024K, 2 young (2048K), 2 survivors (2048K)
 Metaspace       used 79539K, committed 80192K, reserved 1122304K
  class space    used 10581K, committed 10880K, reserved 1048576K
}
Event: 25.931 GC heap before
{Heap before GC invocations=39 (full 0):
 garbage-first heap   total 219136K, used 173978K [0x0000000080000000, 0x0000000100000000)
  region size 1024K, 50 young (51200K), 2 survivors (2048K)
 Metaspace       used 80743K, committed 81344K, reserved 1122304K
  class space    used 10757K, committed 11008K, reserved 1048576K
}
Event: 25.936 GC heap after
{Heap after GC invocations=40 (full 0):
 garbage-first heap   total 219136K, used 125362K [0x0000000080000000, 0x0000000100000000)
  region size 1024K, 4 young (4096K), 4 survivors (4096K)
 Metaspace       used 80743K, committed 81344K, reserved 1122304K
  class space    used 10757K, committed 11008K, reserved 1048576K
}
Event: 25.993 GC heap before
{Heap before GC invocations=40 (full 0):
 garbage-first heap   total 219136K, used 131506K [0x0000000080000000, 0x0000000100000000)
  region size 1024K, 10 young (10240K), 4 survivors (4096K)
 Metaspace       used 80773K, committed 81408K, reserved 1122304K
  class space    used 10760K, committed 11008K, reserved 1048576K
}
Event: 25.999 GC heap after
{Heap after GC invocations=41 (full 0):
 garbage-first heap   total 219136K, used 126176K [0x0000000080000000, 0x0000000100000000)
  region size 1024K, 1 young (1024K), 1 survivors (1024K)
 Metaspace       used 80773K, committed 81408K, reserved 1122304K
  class space    used 10760K, committed 11008K, reserved 1048576K
}
Event: 27.587 GC heap before
{Heap before GC invocations=41 (full 0):
 garbage-first heap   total 219136K, used 179424K [0x0000000080000000, 0x0000000100000000)
  region size 1024K, 53 young (54272K), 1 survivors (1024K)
 Metaspace       used 85373K, committed 86016K, reserved 1130496K
  class space    used 11601K, committed 11904K, reserved 1048576K
}
Event: 27.594 GC heap after
{Heap after GC invocations=42 (full 0):
 garbage-first heap   total 219136K, used 129571K [0x0000000080000000, 0x0000000100000000)
  region size 1024K, 5 young (5120K), 5 survivors (5120K)
 Metaspace       used 85373K, committed 86016K, reserved 1130496K
  class space    used 11601K, committed 11904K, reserved 1048576K
}
Event: 28.414 GC heap before
{Heap before GC invocations=43 (full 0):
 garbage-first heap   total 224256K, used 180771K [0x0000000080000000, 0x0000000100000000)
  region size 1024K, 55 young (56320K), 5 survivors (5120K)
 Metaspace       used 87511K, committed 88128K, reserved 1130496K
  class space    used 11901K, committed 12160K, reserved 1048576K
}
Event: 28.425 GC heap after
{Heap after GC invocations=44 (full 0):
 garbage-first heap   total 224256K, used 133742K [0x0000000080000000, 0x0000000100000000)
  region size 1024K, 7 young (7168K), 7 survivors (7168K)
 Metaspace       used 87511K, committed 88128K, reserved 1130496K
  class space    used 11901K, committed 12160K, reserved 1048576K
}
Event: 28.554 GC heap before
{Heap before GC invocations=44 (full 0):
 garbage-first heap   total 224256K, used 135790K [0x0000000080000000, 0x0000000100000000)
  region size 1024K, 10 young (10240K), 7 survivors (7168K)
 Metaspace       used 87954K, committed 88640K, reserved 1130496K
  class space    used 11962K, committed 12224K, reserved 1048576K
}
Event: 28.563 GC heap after
{Heap after GC invocations=45 (full 0):
 garbage-first heap   total 224256K, used 134919K [0x0000000080000000, 0x0000000100000000)
  region size 1024K, 2 young (2048K), 2 survivors (2048K)
 Metaspace       used 87954K, committed 88640K, reserved 1130496K
  class space    used 11962K, committed 12224K, reserved 1048576K
}
Event: 28.780 GC heap before
{Heap before GC invocations=45 (full 0):
 garbage-first heap   total 224256K, used 139015K [0x0000000080000000, 0x0000000100000000)
  region size 1024K, 7 young (7168K), 2 survivors (2048K)
 Metaspace       used 88684K, committed 89472K, reserved 1130496K
  class space    used 12062K, committed 12416K, reserved 1048576K
}

Dll operation events (2 events):
Event: 0.052 Loaded shared library C:\Program Files\Android\Android Studio1\jbr\bin\java.dll
Event: 1.268 Loaded shared library C:\Program Files\Android\Android Studio1\jbr\bin\verify.dll

Deoptimization events (20 events):
Event: 28.429 Thread 0x0000024fda6b8eb0 Uncommon trap: trap_request=0xffffff45 fr.pc=0x0000024fc98e9bd8 relative=0x00000000000001b8
Event: 28.429 Thread 0x0000024fda6b8eb0 Uncommon trap: reason=unstable_if action=reinterpret pc=0x0000024fc98e9bd8 method=com.esotericsoftware.kryo.io.Input.require(I)I @ 65 c2
Event: 28.429 Thread 0x0000024fda6b8eb0 DEOPT PACKING pc=0x0000024fc98e9bd8 sp=0x0000007c6bcf86f0
Event: 28.429 Thread 0x0000024fda6b8eb0 DEOPT UNPACKING pc=0x0000024fc91469a3 sp=0x0000007c6bcf86b0 mode 2
Event: 28.434 Thread 0x0000024fda6b8eb0 Uncommon trap: trap_request=0xffffff45 fr.pc=0x0000024fc9913624 relative=0x00000000000001e4
Event: 28.434 Thread 0x0000024fda6b8eb0 Uncommon trap: reason=unstable_if action=reinterpret pc=0x0000024fc9913624 method=com.esotericsoftware.kryo.io.Input.readVarInt(Z)I @ 42 c2
Event: 28.434 Thread 0x0000024fda6b8eb0 DEOPT PACKING pc=0x0000024fc9913624 sp=0x0000007c6bcf8680
Event: 28.434 Thread 0x0000024fda6b8eb0 DEOPT UNPACKING pc=0x0000024fc91469a3 sp=0x0000007c6bcf8628 mode 2
Event: 28.457 Thread 0x0000024fda6b8eb0 Uncommon trap: trap_request=0xfffffff4 fr.pc=0x0000024fc99048a0 relative=0x0000000000000740
Event: 28.457 Thread 0x0000024fda6b8eb0 Uncommon trap: reason=null_check action=make_not_entrant pc=0x0000024fc99048a0 method=org.gradle.util.internal.SimpleMapInterner.intern(Ljava/lang/Object;)Ljava/lang/Object; @ 2 c2
Event: 28.457 Thread 0x0000024fda6b8eb0 DEOPT PACKING pc=0x0000024fc99048a0 sp=0x0000007c6bcf8a90
Event: 28.457 Thread 0x0000024fda6b8eb0 DEOPT UNPACKING pc=0x0000024fc91469a3 sp=0x0000007c6bcf8a58 mode 2
Event: 28.457 Thread 0x0000024fda6b8eb0 Uncommon trap: trap_request=0xffffff45 fr.pc=0x0000024fc9906140 relative=0x00000000000006e0
Event: 28.457 Thread 0x0000024fda6b8eb0 Uncommon trap: reason=unstable_if action=reinterpret pc=0x0000024fc9906140 method=org.gradle.util.internal.SimpleMapInterner.intern(Ljava/lang/String;)Ljava/lang/String; @ 1 c2
Event: 28.457 Thread 0x0000024fda6b8eb0 DEOPT PACKING pc=0x0000024fc9906140 sp=0x0000007c6bcf8a20
Event: 28.457 Thread 0x0000024fda6b8eb0 DEOPT UNPACKING pc=0x0000024fc91469a3 sp=0x0000007c6bcf89e8 mode 2
Event: 28.593 Thread 0x0000024fda6b8eb0 Uncommon trap: trap_request=0xffffff45 fr.pc=0x0000024fc97ef22c relative=0x000000000000076c
Event: 28.593 Thread 0x0000024fda6b8eb0 Uncommon trap: reason=unstable_if action=reinterpret pc=0x0000024fc97ef22c method=java.lang.Integer.stringSize(I)I @ 3 c2
Event: 28.593 Thread 0x0000024fda6b8eb0 DEOPT PACKING pc=0x0000024fc97ef22c sp=0x0000007c6bcfc870
Event: 28.593 Thread 0x0000024fda6b8eb0 DEOPT UNPACKING pc=0x0000024fc91469a3 sp=0x0000007c6bcfc7c0 mode 2

Classes unloaded (10 events):
Event: 23.821 Thread 0x0000024fd901fa10 Unloading class 0x00000001008fc000 '_BuildScript_$_run_closure1'
Event: 23.821 Thread 0x0000024fd901fa10 Unloading class 0x00000001008f0800 '_BuildScript_'
Event: 27.692 Thread 0x0000024fd901fa10 Unloading class 0x0000000100ac3040 '_BuildScript_$_run_closure2'
Event: 27.692 Thread 0x0000024fd901fa10 Unloading class 0x0000000100ac2c30 '_BuildScript_$_run_closure1$_closure6'
Event: 27.692 Thread 0x0000024fd901fa10 Unloading class 0x0000000100ac2820 '_BuildScript_$_run_closure1$_closure5'
Event: 27.692 Thread 0x0000024fd901fa10 Unloading class 0x0000000100ac2410 '_BuildScript_$_run_closure1$_closure4$_closure7'
Event: 27.692 Thread 0x0000024fd901fa10 Unloading class 0x0000000100ac2000 '_BuildScript_$_run_closure1$_closure4'
Event: 27.692 Thread 0x0000024fd901fa10 Unloading class 0x0000000100ac1970 '_BuildScript_$_run_closure1$_closure3'
Event: 27.692 Thread 0x0000024fd901fa10 Unloading class 0x0000000100ac1560 '_BuildScript_$_run_closure1'
Event: 27.692 Thread 0x0000024fd901fa10 Unloading class 0x0000000100ac1000 '_BuildScript_'

Classes redefined (0 events):
No events

Internal exceptions (20 events):
Event: 28.214 Thread 0x0000024fda6b8eb0 Exception <a 'java/lang/ClassNotFoundException'{0x000000008b487430}: org/gradle/api/internal/artifacts/configurations/DefaultConfigurationContainer_DecoratedBeanInfo> (0x000000008b487430) 
thrown [s\src\hotspot\share\classfile\systemDictionary.cpp, line 256]
Event: 28.214 Thread 0x0000024fda6b8eb0 Exception <a 'java/lang/ClassNotFoundException'{0x000000008b495990}: org/gradle/api/internal/artifacts/configurations/DefaultConfigurationContainerBeanInfo> (0x000000008b495990) 
thrown [s\src\hotspot\share\classfile\systemDictionary.cpp, line 256]
Event: 28.215 Thread 0x0000024fda6b8eb0 Exception <a 'java/lang/ClassNotFoundException'{0x000000008b4a1298}: org/gradle/api/internal/AbstractValidatingNamedDomainObjectContainerBeanInfo> (0x000000008b4a1298) 
thrown [s\src\hotspot\share\classfile\systemDictionary.cpp, line 256]
Event: 28.215 Thread 0x0000024fda6b8eb0 Exception <a 'java/lang/ClassNotFoundException'{0x000000008b4acb80}: org/gradle/api/internal/AbstractValidatingNamedDomainObjectContainerCustomizer> (0x000000008b4acb80) 
thrown [s\src\hotspot\share\classfile\systemDictionary.cpp, line 256]
Event: 28.218 Thread 0x0000024fda6b8eb0 Exception <a 'java/lang/ClassNotFoundException'{0x000000008b4c6040}: org/gradle/api/internal/artifacts/configurations/DefaultConfigurationContainerCustomizer> (0x000000008b4c6040) 
thrown [s\src\hotspot\share\classfile\systemDictionary.cpp, line 256]
Event: 28.220 Thread 0x0000024fda6b8eb0 Exception <a 'java/lang/ClassNotFoundException'{0x000000008b4e8708}: org/gradle/api/internal/artifacts/configurations/DefaultConfigurationContainer_DecoratedCustomizer> (0x000000008b4e8708) 
thrown [s\src\hotspot\share\classfile\systemDictionary.cpp, line 256]
Event: 28.234 Thread 0x0000024fda6b8eb0 Exception <a 'java/lang/ClassNotFoundException'{0x000000008b160068}: org/gradle/api/internal/artifacts/configurations/DefaultConfiguration_DecoratedBeanInfo> (0x000000008b160068) 
thrown [s\src\hotspot\share\classfile\systemDictionary.cpp, line 256]
Event: 28.235 Thread 0x0000024fda6b8eb0 Exception <a 'java/lang/ClassNotFoundException'{0x000000008b16f9b8}: org/gradle/api/internal/artifacts/configurations/DefaultConfigurationBeanInfo> (0x000000008b16f9b8) 
thrown [s\src\hotspot\share\classfile\systemDictionary.cpp, line 256]
Event: 28.236 Thread 0x0000024fda6b8eb0 Exception <a 'java/lang/ClassNotFoundException'{0x000000008b17c560}: org/gradle/api/internal/file/AbstractFileCollectionBeanInfo> (0x000000008b17c560) 
thrown [s\src\hotspot\share\classfile\systemDictionary.cpp, line 256]
Event: 28.237 Thread 0x0000024fda6b8eb0 Exception <a 'java/lang/ClassNotFoundException'{0x000000008b189398}: org/gradle/api/internal/file/AbstractFileCollectionCustomizer> (0x000000008b189398) 
thrown [s\src\hotspot\share\classfile\systemDictionary.cpp, line 256]
Event: 28.239 Thread 0x0000024fda6b8eb0 Exception <a 'java/lang/ClassNotFoundException'{0x000000008b1ab0c0}: org/gradle/api/internal/artifacts/configurations/DefaultConfigurationCustomizer> (0x000000008b1ab0c0) 
thrown [s\src\hotspot\share\classfile\systemDictionary.cpp, line 256]
Event: 28.245 Thread 0x0000024fda6b8eb0 Exception <a 'java/lang/ClassNotFoundException'{0x000000008b0181a8}: org/gradle/api/internal/artifacts/configurations/DefaultConfiguration_DecoratedCustomizer> (0x000000008b0181a8) 
thrown [s\src\hotspot\share\classfile\systemDictionary.cpp, line 256]
Event: 28.263 Thread 0x0000024fda6b8eb0 Exception <a 'java/lang/ClassNotFoundException'{0x000000008ae98cc0}: org/codehaus/groovy/runtime/MethodClosureBeanInfo> (0x000000008ae98cc0) 
thrown [s\src\hotspot\share\classfile\systemDictionary.cpp, line 256]
Event: 28.269 Thread 0x0000024fda6b8eb0 Exception <a 'java/lang/ClassNotFoundException'{0x000000008ac65ed0}: org/codehaus/groovy/runtime/MethodClosureCustomizer> (0x000000008ac65ed0) 
thrown [s\src\hotspot\share\classfile\systemDictionary.cpp, line 256]
Event: 28.277 Thread 0x0000024fda6b8eb0 Exception <a 'java/lang/ClassNotFoundException'{0x000000008ac9ca50}: org/gradle/api/internal/artifacts/configurations/DefaultConfiguration$ConfigurationResolvableDependencies_DecoratedBeanInfo> (0x000000008ac9ca50) 
thrown [s\src\hotspot\share\classfile\systemDictionary.cpp, line 256]
Event: 28.278 Thread 0x0000024fda6b8eb0 Exception <a 'java/lang/ClassNotFoundException'{0x000000008acac9b8}: org/gradle/api/internal/artifacts/configurations/DefaultConfiguration$ConfigurationResolvableDependenciesBeanInfo> (0x000000008acac9b8) 
thrown [s\src\hotspot\share\classfile\systemDictionary.cpp, line 256]
Event: 28.279 Thread 0x0000024fda6b8eb0 Exception <a 'java/lang/ClassNotFoundException'{0x000000008acbc908}: org/gradle/api/internal/artifacts/configurations/DefaultConfiguration$ConfigurationResolvableDependenciesCustomizer> (0x000000008acbc908) 
thrown [s\src\hotspot\share\classfile\systemDictionary.cpp, line 256]
Event: 28.281 Thread 0x0000024fda6b8eb0 Exception <a 'java/lang/ClassNotFoundException'{0x000000008acdc6f8}: org/gradle/api/internal/artifacts/configurations/DefaultConfiguration$ConfigurationResolvableDependencies_DecoratedCustomizer> (0x000000008acdc6f8) 
thrown [s\src\hotspot\share\classfile\systemDictionary.cpp, line 256]
Event: 28.457 Thread 0x0000024fda6b8eb0 Implicit null exception at 0x0000024fc990418f to 0x0000024fc9904890
Event: 28.457 Thread 0x0000024fda6b8eb0 Implicit null exception at 0x0000024fc9905a94 to 0x0000024fc9906128

VM Operations (20 events):
Event: 25.936 Executing VM operation: G1CollectForAllocation done
Event: 25.992 Executing VM operation: G1CollectForAllocation
Event: 25.999 Executing VM operation: G1CollectForAllocation done
Event: 26.279 Executing VM operation: HandshakeAllThreads
Event: 26.280 Executing VM operation: HandshakeAllThreads done
Event: 27.281 Executing VM operation: Cleanup
Event: 27.282 Executing VM operation: Cleanup done
Event: 27.587 Executing VM operation: G1CollectForAllocation
Event: 27.594 Executing VM operation: G1CollectForAllocation done
Event: 27.692 Executing VM operation: G1Concurrent
Event: 27.703 Executing VM operation: G1Concurrent done
Event: 27.740 Executing VM operation: G1Concurrent
Event: 27.740 Executing VM operation: G1Concurrent done
Event: 28.019 Executing VM operation: HandshakeAllThreads
Event: 28.019 Executing VM operation: HandshakeAllThreads done
Event: 28.413 Executing VM operation: G1CollectForAllocation
Event: 28.425 Executing VM operation: G1CollectForAllocation done
Event: 28.554 Executing VM operation: G1CollectForAllocation
Event: 28.563 Executing VM operation: G1CollectForAllocation done
Event: 28.779 Executing VM operation: G1TryInitiateConcMark

Events (20 events):
Event: 28.023 loading class java/util/stream/DistinctOps$1$2
Event: 28.023 loading class java/util/stream/DistinctOps$1$2 done
Event: 28.056 loading class java/util/Collections$SingletonListBeanInfo
Event: 28.056 loading class java/util/Collections$SingletonListBeanInfo done
Event: 28.056 loading class java/util/Collections$SingletonListBeanInfo
Event: 28.056 loading class java/util/Collections$SingletonListBeanInfo done
Event: 28.057 loading class java/util/Collections$SingletonListCustomizer
Event: 28.057 loading class java/util/Collections$SingletonListCustomizer done
Event: 28.057 loading class java/util/Collections$SingletonListCustomizer
Event: 28.057 loading class java/util/Collections$SingletonListCustomizer done
Event: 28.101 loading class java/io/CharArrayWriter
Event: 28.101 loading class java/io/CharArrayWriter done
Event: 28.169 loading class java/util/AbstractList$RandomAccessSubList
Event: 28.170 loading class java/util/AbstractList$SubList
Event: 28.170 loading class java/util/AbstractList$SubList done
Event: 28.170 loading class java/util/AbstractList$RandomAccessSubList done
Event: 28.171 loading class java/util/AbstractList$SubList$1
Event: 28.171 loading class java/util/AbstractList$SubList$1 done
Event: 28.609 loading class java/io/NotSerializableException
Event: 28.610 loading class java/io/NotSerializableException done


Dynamic libraries:
0x00007ff6e6780000 - 0x00007ff6e678a000 	C:\Program Files\Android\Android Studio1\jbr\bin\java.exe
0x00007ffe2f2b0000 - 0x00007ffe2f4c4000 	C:\WINDOWS\SYSTEM32\ntdll.dll
0x00007ffe2d380000 - 0x00007ffe2d443000 	C:\WINDOWS\System32\KERNEL32.DLL
0x00007ffe2c950000 - 0x00007ffe2ccec000 	C:\WINDOWS\System32\KERNELBASE.dll
0x00007ffe29b40000 - 0x00007ffe29bd7000 	C:\WINDOWS\SYSTEM32\apphelp.dll
0x00007ffe2c6f0000 - 0x00007ffe2c801000 	C:\WINDOWS\System32\ucrtbase.dll
0x00007ffe189e0000 - 0x00007ffe189fb000 	C:\Program Files\Android\Android Studio1\jbr\bin\VCRUNTIME140.dll
0x00007ffe18740000 - 0x00007ffe18757000 	C:\Program Files\Android\Android Studio1\jbr\bin\jli.dll
0x00007ffe2efa0000 - 0x00007ffe2f14d000 	C:\WINDOWS\System32\USER32.dll
0x00007ffe2c920000 - 0x00007ffe2c946000 	C:\WINDOWS\System32\win32u.dll
0x00007ffe2e980000 - 0x00007ffe2e9a9000 	C:\WINDOWS\System32\GDI32.dll
0x00007ffe2ccf0000 - 0x00007ffe2ce02000 	C:\WINDOWS\System32\gdi32full.dll
0x00007ffe140b0000 - 0x00007ffe1433e000 	C:\WINDOWS\WinSxS\amd64_microsoft.windows.common-controls_6595b64144ccf1df_6.0.22621.436_none_a94247dbc10d8414\COMCTL32.dll
0x00007ffe2eb30000 - 0x00007ffe2ebd7000 	C:\WINDOWS\System32\msvcrt.dll
0x00007ffe2c810000 - 0x00007ffe2c8aa000 	C:\WINDOWS\System32\msvcp_win.dll
0x00007ffe2f150000 - 0x00007ffe2f182000 	C:\WINDOWS\System32\IMM32.DLL
0x00007ffe24090000 - 0x00007ffe2409c000 	C:\Program Files\Android\Android Studio1\jbr\bin\vcruntime140_1.dll
0x00007ffe03080000 - 0x00007ffe0310d000 	C:\Program Files\Android\Android Studio1\jbr\bin\msvcp140.dll
0x00007ffdd7dc0000 - 0x00007ffdd8a2d000 	C:\Program Files\Android\Android Studio1\jbr\bin\server\jvm.dll
0x00007ffe2e450000 - 0x00007ffe2e4fe000 	C:\WINDOWS\System32\ADVAPI32.dll
0x00007ffe2ec30000 - 0x00007ffe2ecd4000 	C:\WINDOWS\System32\sechost.dll
0x00007ffe2e9b0000 - 0x00007ffe2eac5000 	C:\WINDOWS\System32\RPCRT4.dll
0x00007ffe255e0000 - 0x00007ffe255ea000 	C:\WINDOWS\SYSTEM32\VERSION.dll
0x00007ffe25da0000 - 0x00007ffe25dd4000 	C:\WINDOWS\SYSTEM32\WINMM.dll
0x00007ffe25e60000 - 0x00007ffe25e69000 	C:\WINDOWS\SYSTEM32\WSOCK32.dll
0x00007ffe2db00000 - 0x00007ffe2db71000 	C:\WINDOWS\System32\WS2_32.dll
0x00007ffe2b740000 - 0x00007ffe2b758000 	C:\WINDOWS\SYSTEM32\kernel.appcore.dll
0x00007ffe240c0000 - 0x00007ffe240ca000 	C:\Program Files\Android\Android Studio1\jbr\bin\jimage.dll
0x00007ffe20940000 - 0x00007ffe20b6e000 	C:\WINDOWS\SYSTEM32\DBGHELP.DLL
0x00007ffe2d540000 - 0x00007ffe2d8ca000 	C:\WINDOWS\System32\combase.dll
0x00007ffe2f190000 - 0x00007ffe2f267000 	C:\WINDOWS\System32\OLEAUT32.dll
0x00007ffe1e180000 - 0x00007ffe1e1b2000 	C:\WINDOWS\SYSTEM32\dbgcore.DLL
0x00007ffe2cf80000 - 0x00007ffe2cffb000 	C:\WINDOWS\System32\bcryptPrimitives.dll
0x00007ffe0af90000 - 0x00007ffe0afb5000 	C:\Program Files\Android\Android Studio1\jbr\bin\java.dll
0x00007ffe0af70000 - 0x00007ffe0af88000 	C:\Program Files\Android\Android Studio1\jbr\bin\zip.dll
0x00007ffe2dc00000 - 0x00007ffe2e3ef000 	C:\WINDOWS\System32\SHELL32.dll
0x00007ffe2a710000 - 0x00007ffe2afdc000 	C:\WINDOWS\SYSTEM32\windows.storage.dll
0x00007ffe2a5d0000 - 0x00007ffe2a70e000 	C:\WINDOWS\SYSTEM32\wintypes.dll
0x00007ffe2ece0000 - 0x00007ffe2edd1000 	C:\WINDOWS\System32\SHCORE.dll
0x00007ffe2d450000 - 0x00007ffe2d4ae000 	C:\WINDOWS\System32\shlwapi.dll
0x00007ffe2c620000 - 0x00007ffe2c641000 	C:\WINDOWS\SYSTEM32\profapi.dll
0x00007ffe0ae60000 - 0x00007ffe0ae79000 	C:\Program Files\Android\Android Studio1\jbr\bin\net.dll
0x00007ffe265c0000 - 0x00007ffe266ef000 	C:\WINDOWS\SYSTEM32\WINHTTP.dll
0x00007ffe2bbb0000 - 0x00007ffe2bc19000 	C:\WINDOWS\system32\mswsock.dll
0x00007ffe03380000 - 0x00007ffe03396000 	C:\Program Files\Android\Android Studio1\jbr\bin\nio.dll
0x00007ffe186a0000 - 0x00007ffe186b0000 	C:\Program Files\Android\Android Studio1\jbr\bin\verify.dll
0x00007ffe0f280000 - 0x00007ffe0f2a7000 	C:\Users\Aishwary Kumar Rai\.gradle\native\68d5fa5c4cc2d200863cafc0d521ce42e7d3e7ee720ec0a83991735586a16f82\windows-amd64\native-platform.dll
0x00007ffdee180000 - 0x00007ffdee2c4000 	C:\Users\Aishwary Kumar Rai\.gradle\native\e376f236ea51e6404a007f0833ffe2c6e607c4080706a723a18a27aeea778392\windows-amd64\native-platform-file-events.dll
0x00007ffe23880000 - 0x00007ffe23889000 	C:\Program Files\Android\Android Studio1\jbr\bin\management.dll
0x00007ffe21a70000 - 0x00007ffe21a7b000 	C:\Program Files\Android\Android Studio1\jbr\bin\management_ext.dll
0x00007ffe2d8d0000 - 0x00007ffe2d8d8000 	C:\WINDOWS\System32\PSAPI.DLL
0x00007ffe2be00000 - 0x00007ffe2be1b000 	C:\WINDOWS\SYSTEM32\CRYPTSP.dll
0x00007ffe2b6b0000 - 0x00007ffe2b6e5000 	C:\WINDOWS\system32\rsaenh.dll
0x00007ffe2bca0000 - 0x00007ffe2bcc8000 	C:\WINDOWS\SYSTEM32\USERENV.dll
0x00007ffe2bfc0000 - 0x00007ffe2bfe8000 	C:\WINDOWS\SYSTEM32\bcrypt.dll
0x00007ffe2be20000 - 0x00007ffe2be2c000 	C:\WINDOWS\SYSTEM32\CRYPTBASE.dll
0x00007ffe2b270000 - 0x00007ffe2b29d000 	C:\WINDOWS\SYSTEM32\IPHLPAPI.DLL
0x00007ffe2dae0000 - 0x00007ffe2dae9000 	C:\WINDOWS\System32\NSI.dll
0x00007ffe26190000 - 0x00007ffe261a9000 	C:\WINDOWS\SYSTEM32\dhcpcsvc6.DLL
0x00007ffe25de0000 - 0x00007ffe25dff000 	C:\WINDOWS\SYSTEM32\dhcpcsvc.DLL
0x00007ffe2b2a0000 - 0x00007ffe2b393000 	C:\WINDOWS\SYSTEM32\DNSAPI.dll
0x00007ffe11920000 - 0x00007ffe11928000 	C:\WINDOWS\system32\wshunix.dll
0x00007ffe21a20000 - 0x00007ffe21a2a000 	C:\Windows\System32\rasadhlp.dll
0x00007ffe254a0000 - 0x00007ffe25523000 	C:\WINDOWS\System32\fwpuclnt.dll

dbghelp: loaded successfully - version: 4.0.5 - missing functions: none
symbol engine: initialized successfully - sym options: 0x614 - pdb path: .;C:\Program Files\Android\Android Studio1\jbr\bin;C:\WINDOWS\SYSTEM32;C:\WINDOWS\WinSxS\amd64_microsoft.windows.common-controls_6595b64144ccf1df_6.0.22621.436_none_a94247dbc10d8414;C:\Program Files\Android\Android Studio1\jbr\bin\server;C:\Users\Aishwary Kumar Rai\.gradle\native\68d5fa5c4cc2d200863cafc0d521ce42e7d3e7ee720ec0a83991735586a16f82\windows-amd64;C:\Users\Aishwary Kumar Rai\.gradle\native\e376f236ea51e6404a007f0833ffe2c6e607c4080706a723a18a27aeea778392\windows-amd64

VM Arguments:
jvm_args: --add-opens=java.base/java.util=ALL-UNNAMED --add-opens=java.base/java.lang=ALL-UNNAMED --add-opens=java.base/java.lang.invoke=ALL-UNNAMED --add-opens=java.prefs/java.util.prefs=ALL-UNNAMED --add-opens=java.base/java.nio.charset=ALL-UNNAMED --add-opens=java.base/java.net=ALL-UNNAMED --add-opens=java.base/java.util.concurrent.atomic=ALL-UNNAMED -Xmx2048m -Dfile.encoding=UTF-8 -Duser.country=IN -Duser.language=en -Duser.variant 
java_command: org.gradle.launcher.daemon.bootstrap.GradleDaemon 8.0
java_class_path (initial): C:\Users\Aishwary Kumar Rai\.gradle\wrapper\dists\gradle-8.0-bin\ca5e32bp14vu59qr306oxotwh\gradle-8.0\lib\gradle-launcher-8.0.jar
Launcher Type: SUN_STANDARD

[Global flags]
     intx CICompilerCount                          = 4                                         {product} {ergonomic}
     uint ConcGCThreads                            = 2                                         {product} {ergonomic}
     uint G1ConcRefinementThreads                  = 8                                         {product} {ergonomic}
   size_t G1HeapRegionSize                         = 1048576                                   {product} {ergonomic}
    uintx GCDrainStackTargetSize                   = 64                                        {product} {ergonomic}
   size_t InitialHeapSize                          = 100663296                                 {product} {ergonomic}
   size_t MarkStackSize                            = 4194304                                   {product} {ergonomic}
   size_t MaxHeapSize                              = 2147483648                                {product} {command line}
   size_t MaxNewSize                               = 1287651328                                {product} {ergonomic}
   size_t MinHeapDeltaBytes                        = 1048576                                   {product} {ergonomic}
   size_t MinHeapSize                              = 8388608                                   {product} {ergonomic}
    uintx NonNMethodCodeHeapSize                   = 5839372                                {pd product} {ergonomic}
    uintx NonProfiledCodeHeapSize                  = 122909434                              {pd product} {ergonomic}
    uintx ProfiledCodeHeapSize                     = 122909434                              {pd product} {ergonomic}
    uintx ReservedCodeCacheSize                    = 251658240                              {pd product} {ergonomic}
     bool SegmentedCodeCache                       = true                                      {product} {ergonomic}
   size_t SoftMaxHeapSize                          = 2147483648                             {manageable} {ergonomic}
     bool UseCompressedClassPointers               = true                           {product lp64_product} {ergonomic}
     bool UseCompressedOops                        = true                           {product lp64_product} {ergonomic}
     bool UseG1GC                                  = true                                      {product} {ergonomic}
     bool UseLargePagesIndividualAllocation        = false                                  {pd product} {ergonomic}

Logging:
Log output configuration:
 #0: stdout all=warning uptime,level,tags
 #1: stderr all=off uptime,level,tags

Environment Variables:
PATH=C:\Program Files (x86)\Common Files\Oracle\Java\javapath;C:\oraclexe\app\oracle\product\10.2.0\server\bin;C:\WINDOWS\system32;C:\WINDOWS;C:\WINDOWS\System32\Wbem;C:\WINDOWS\System32\WindowsPowerShell\v1.0\;C:\WINDOWS\System32\OpenSSH\;C:\Program Files\Java\jdk1.8.0_172\bin;C:\Program Files\Java\jdk1.8.0_321\bin;C:\Program Files\Git\cmd;C:\Program Files\Java\jdk1.8.0_172\bin;C:\Users\Aishwary Kumar Rai\AppData\Local\Programs\Microsoft VS Code\bin;C:\Users\Aishwary Kumar Rai\AppData\Local\Microsoft\WindowsApps;
USERNAME=Aishwary Kumar Rai
OS=Windows_NT
PROCESSOR_IDENTIFIER=AMD64 Family 23 Model 24 Stepping 1, AuthenticAMD
TMP=C:\Users\AISHWA~1\AppData\Local\Temp
TEMP=C:\Users\AISHWA~1\AppData\Local\Temp



---------------  S Y S T E M  ---------------

OS:
 Windows 11 , 64 bit Build 22621 (10.0.22621.1245)
OS uptime: 25 days 16:57 hours

CPU: total 8 (initial active 8) (8 cores per cpu, 2 threads per core) family 23 model 24 stepping 1 microcode 0x0, cx8, cmov, fxsr, ht, mmx, 3dnowpref, sse, sse2, sse3, ssse3, sse4a, sse4.1, sse4.2, popcnt, lzcnt, tsc, tscinvbit, avx, avx2, aes, clmul, bmi1, bmi2, adx, sha, fma, vzeroupper, clflush, clflushopt

Memory: 4k page, system-wide physical 6020M (231M free)
TotalPageFile size 24452M (AvailPageFile size 134M)
current process WorkingSet (physical memory assigned to process): 418M, peak: 420M
current process commit charge ("private bytes"): 491M, peak: 649M

vm_info: OpenJDK 64-Bit Server VM (17.0.6+0-b2043.56-9586694) for windows-amd64 JRE (17.0.6+0-b2043.56-9586694), built on Feb  9 2023 20:06:20 by "androidbuild" with MS VC++ 16.10 / 16.11 (VS2019)

END.
